PAGE:   1                                             PT. ALTO NETWORK                                   DATE: 25/05/22
REPORT ID: DNLDT04A                                   DAILY TRANSFER DESCRIPTION LISTING AS ACQUIRER             TIME: 04:36:33

SETTLEMENT DATE        : 24/05/22
ISSUER F.I. NO.        : (1092) TELKOM
BENEFICIARY F.I. NO.   : (1003) Permata

   TERMINAL  TRACE NUMBER     CARD ACCOUNT         RCPT  RCPT      RCPT      TRANS   FROM           TO                  AMOUNT                  INTERCHANGE       REFERENCE           NOTES
   NO.       ACQ / SWT        NUMBER               NBR   DATE      TIME      TYPE    ACCOUNT        ACCOUNT             TRANSFER                FEE DUE FR.       NUMBER
   --------  ---------------  -------------------  ----  --------  --------  ------  -------------  ------------------  --------------------  ----------------  ------------------  ------------------
    T-MONEY  023812 / 002116  0006376865100444579  2430  24/05/22  07:49:27  PMT SA     5100444579          4129626246          10,000,000             3,800                                            
    T-MONEY  023817 / 002175  0006376865100444579  9683  24/05/22  07:50:23  PMT SA     5100444579          4129626246           7,566,000             3,800                                            
    T-MONEY  023900 / 007156  0006376865101365023  3831  24/05/22  09:06:19  PMT SA     5101365023    8528082275394133              25,880             3,800                                            
    T-MONEY  024241 / 027491  0006376865188917141  5044  24/05/22  13:30:53  PMT SA     5188917141          3770008793           4,844,500             3,800                                            
   --------  ---------------  -------------------  ----  --------  --------  ------  -------------  ------------------  --------------------  ----------------  ------------------  ------------------
                                                                                            4 TRANSACTIONS, PAGE TOTAL          22,436,380            15,200
                                                                                            4 TRANSACTIONS, BANK TOTAL          22,436,380            15,200

PAGE:   2                                             PT. ALTO NETWORK                                   DATE: 25/05/22
REPORT ID: DNLDT04A                                   DAILY TRANSFER DESCRIPTION LISTING AS ACQUIRER             TIME: 04:36:33

SETTLEMENT DATE        : 24/05/22
ISSUER F.I. NO.        : (1092) TELKOM
BENEFICIARY F.I. NO.   : (1062) SeaBank

   TERMINAL  TRACE NUMBER     CARD ACCOUNT         RCPT  RCPT      RCPT      TRANS   FROM           TO                  AMOUNT                  INTERCHANGE       REFERENCE           NOTES
   NO.       ACQ / SWT        NUMBER               NBR   DATE      TIME      TYPE    ACCOUNT        ACCOUNT             TRANSFER                FEE DUE FR.       NUMBER
   --------  ---------------  -------------------  ----  --------  --------  ------  -------------  ------------------  --------------------  ----------------  ------------------  ------------------
    T-MONEY  024160 / 029119  0006376865100444579  9899  24/05/22  12:16:38  PMT SA     5100444579        901406654055             232,000             3,800                                            
    T-MONEY  024700 / 020358  0006376865100444579  1234  24/05/22  19:06:44  PMT SA     5100444579        901406654055             377,000             3,800                                            
   --------  ---------------  -------------------  ----  --------  --------  ------  -------------  ------------------  --------------------  ----------------  ------------------  ------------------
                                                                                            2 TRANSACTIONS, PAGE TOTAL             609,000             7,600
                                                                                            2 TRANSACTIONS, BANK TOTAL             609,000             7,600

PAGE:   3                                             PT. ALTO NETWORK                                   DATE: 25/05/22
REPORT ID: DNLDT04A                                   DAILY TRANSFER DESCRIPTION LISTING AS ACQUIRER             TIME: 04:36:33

SETTLEMENT DATE        : 24/05/22
ISSUER F.I. NO.        : (1092) TELKOM
BENEFICIARY F.I. NO.   : (1065) BTN

   TERMINAL  TRACE NUMBER     CARD ACCOUNT         RCPT  RCPT      RCPT      TRANS   FROM           TO                  AMOUNT                  INTERCHANGE       REFERENCE           NOTES
   NO.       ACQ / SWT        NUMBER               NBR   DATE      TIME      TYPE    ACCOUNT        ACCOUNT             TRANSFER                FEE DUE FR.       NUMBER
   --------  ---------------  -------------------  ----  --------  --------  ------  -------------  ------------------  --------------------  ----------------  ------------------  ------------------
    T-MONEY  024130 / 027686  0006376865290906062  2587  24/05/22  11:50:13  PMT SA     5290906062    0006701500152820              74,000             3,800                                            
   --------  ---------------  -------------------  ----  --------  --------  ------  -------------  ------------------  --------------------  ----------------  ------------------  ------------------
                                                                                            1 TRANSACTIONS, PAGE TOTAL              74,000             3,800
                                                                                            1 TRANSACTIONS, BANK TOTAL              74,000             3,800

PAGE:   4                                             PT. ALTO NETWORK                                   DATE: 25/05/22
REPORT ID: DNLDT04A                                   DAILY TRANSFER DESCRIPTION LISTING AS ACQUIRER             TIME: 04:36:33

SETTLEMENT DATE        : 24/05/22
ISSUER F.I. NO.        : (1092) TELKOM
BENEFICIARY F.I. NO.   : (1068) Rintis

   TERMINAL  TRACE NUMBER     CARD ACCOUNT         RCPT  RCPT      RCPT      TRANS   FROM           TO                  AMOUNT                  INTERCHANGE       REFERENCE           NOTES
   NO.       ACQ / SWT        NUMBER               NBR   DATE      TIME      TYPE    ACCOUNT        ACCOUNT             TRANSFER                FEE DUE FR.       NUMBER
   --------  ---------------  -------------------  ----  --------  --------  ------  -------------  ------------------  --------------------  ----------------  ------------------  ------------------
    T-MONEY  023620 / 028671  0006376865238221912  4308  24/05/22  00:32:21  PMT SA     5238221912          1127384565             100,000             3,500                        TRX TO Bank Syariah 
    T-MONEY  023798 / 009759  0006376865100444579  5164  24/05/22  07:27:37  PMT SA     5100444579      29002040275095           5,897,000             3,500                        TRX TO Bank SUMUT   
    T-MONEY  023854 / 018550  0006376865101098119  7789  24/05/22  08:38:09  PMT SA     5101098119          7629815200             169,000             3,500                        TRX TO Bank Syariah 
    T-MONEY  023947 / 028604  0006376865155368087  8445  24/05/22  09:37:15  PMT SA     5155368087          7193514221           4,000,000             3,500                        TRX TO Bank Syariah 
    T-MONEY  023991 / 000824  0006376865140602392  1277  24/05/22  10:03:10  PMT SA     5140602392          1173354841           2,000,000             3,500                        TRX TO Bank Syariah 
    T-MONEY  024069 / 013957  0006376865162258632  0636  24/05/22  11:10:52  PMT SA     5162258632          7052232656           2,000,000             3,500                        TRX TO Bank Syariah 
    T-MONEY  024099 / 017179  0006376865100444579  1416  24/05/22  11:27:17  PMT SA     5100444579      12302040060310             243,000             3,500                        TRX TO Bank SUMUT   
    T-MONEY  024166 / 027993  0006376865100444579  2930  24/05/22  12:25:55  PMT SA     5100444579      27002050030535             105,000             3,500                        TRX TO Bank SUMUT   
    T-MONEY  024168 / 028453  0006376865192754522  4144  24/05/22  12:28:38  PMT SA     5192754522          7106074897             600,000             3,500                        TRX TO Bank Syariah 
    T-MONEY  024201 / 000013  0006376865100444579  4439  24/05/22  12:52:29  PMT SA     5100444579      22202040102270             293,100             3,500                        TRX TO Bank SUMUT   
    T-MONEY  024292 / 015119  0006376865151547735  6133  24/05/22  14:17:39  PMT SA     5151547735          7106900846           5,000,000             3,500                        TRX TO Bank Syariah 
    T-MONEY  024367 / 023166  0006376865100444579  6457  24/05/22  15:05:06  PMT SA     5100444579          6211212930             100,000             3,500                        TRX TO Bank Syariah 
    T-MONEY  024374 / 023742  0006376865100444579  4902  24/05/22  15:08:45  PMT SA     5100444579          6211212930              10,000             3,500                        TRX TO Bank Syariah 
    T-MONEY  024452 / 004116  0006376865164616989  0065  24/05/22  16:26:31  PMT SA     5164616989          2593373930           4,860,000             3,500                        TRX TO Bank Syariah 
    T-MONEY  024548 / 013015  0006376865100444579  8003  24/05/22  17:21:19  PMT SA     5100444579      25302040015981           4,270,000             3,500                        TRX TO Bank SUMUT   
    T-MONEY  024565 / 014426  0006376865100444579  9996  24/05/22  17:30:58  PMT SA     5100444579      10302040068062              57,000             3,500                        TRX TO Bank SUMUT   
    T-MONEY  024568 / 014586  0006376865293861869  8490  24/05/22  17:32:03  PMT SA     5293861869          7120129222             185,500             3,500                        TRX TO Bank Syariah 
    T-MONEY  024619 / 018699  0006376865238221912  0272  24/05/22  17:57:37  PMT SA     5238221912          7144920567             175,000             3,500                        TRX TO Bank Syariah 
    T-MONEY  024708 / 031464  0006376865238221912  2417  24/05/22  19:20:51  PMT SA     5238221912          1051023605              35,000             3,500                        TRX TO Bank Syariah 
    T-MONEY  024714 / 031657  0006376865168569720  8308  24/05/22  19:22:16  PMT SA     5168569720          7147446262           7,874,500             3,500                        TRX TO Bank Syariah 
    T-MONEY  024736 / 002979  0006376865259352926  3547  24/05/22  19:50:39  PMT SA     5259352926          9739301980             375,000             3,500                        TRX TO Bank Syariah 
    T-MONEY  024806 / 011270  0006376865119739964  5198  24/05/22  20:45:32  PMT SA     5119739964          7994169740             900,000             3,500                        TRX TO Bank Syariah 
   --------  ---------------  -------------------  ----  --------  --------  ------  -------------  ------------------  --------------------  ----------------  ------------------  ------------------
                                                                                           22 TRANSACTIONS, PAGE TOTAL          39,249,100            77,000
                                                                                           22 TRANSACTIONS, BANK TOTAL          39,249,100            77,000

PAGE:   5                                             PT. ALTO NETWORK                                   DATE: 25/05/22
REPORT ID: DNLDT04A                                   DAILY TRANSFER DESCRIPTION LISTING AS ACQUIRER             TIME: 04:36:33

SETTLEMENT DATE        : 24/05/22
ISSUER F.I. NO.        : (1092) TELKOM
BENEFICIARY F.I. NO.   : (1069) ArtaJasa

   TERMINAL  TRACE NUMBER     CARD ACCOUNT         RCPT  RCPT      RCPT      TRANS   FROM           TO                  AMOUNT                  INTERCHANGE       REFERENCE           NOTES
   NO.       ACQ / SWT        NUMBER               NBR   DATE      TIME      TYPE    ACCOUNT        ACCOUNT             TRANSFER                FEE DUE FR.       NUMBER
   --------  ---------------  -------------------  ----  --------  --------  ------  -------------  ------------------  --------------------  ----------------  ------------------  ------------------
    T-MONEY  023655 / 002843  0006376865242957226  3110  24/05/22  02:08:47  PMT SA     5242957226       1400020150653             219,000             3,500                        TRX TO Bank Mandiri 
    T-MONEY  023670 / 004690  0006376865101434185  2602  24/05/22  03:06:11  PMT SA     5101434185        081388041106              48,000             3,500                        TRX TO TELKOMSEL (TC
    T-MONEY  023710 / 007160  0006376865221654939  6383  24/05/22  05:10:36  PMT SA     5221654939     034001115449507             194,500             3,500                        TRX TO Bank BRI     
    T-MONEY  023725 / 011602  0006376865101370465  1224  24/05/22  05:34:12  PMT SA     5101370465     672801001462532              77,000             3,500                        TRX TO Bank BRI     
    T-MONEY  023728 / 010123  0006376865101501009  7217  24/05/22  05:37:50  PMT SA     5101501009       9000014463658              38,000             3,500                        TRX TO Bank Mandiri 
    T-MONEY  023734 / 010310  0006376865247238030  6212  24/05/22  05:40:34  PMT SA     5247238030       1380017038113              30,000             3,500                        TRX TO Bank Mandiri 
    T-MONEY  023738 / 010965  0006376865176889615  7193  24/05/22  05:49:30  PMT SA     5176889615       1150006314795             560,000             3,500                        TRX TO Bank Mandiri 
    T-MONEY  023744 / 011883  0006376865175888598  0626  24/05/22  06:00:34  PMT SA     5175888598       1570002689512           1,000,000             3,500                        TRX TO Bank Mandiri 
    T-MONEY  023761 / 016789  0006376865140784847  2119  24/05/22  06:41:58  PMT SA     5140784847       1350002015012             500,000             3,500                        TRX TO Bank Mandiri 
    T-MONEY  023767 / 017690  0006376865264632784  8652  24/05/22  06:49:14  PMT SA     5264632784       1820003634284              92,000             3,500                        TRX TO Bank Mandiri 
    T-MONEY  023770 / 018645  0006376865278401643  8365  24/05/22  06:56:21  PMT SA     5278401643       1330022713101             120,000             3,500                        TRX TO Bank Mandiri 
    T-MONEY  023774 / 019774  0006376865100444579  9778  24/05/22  07:03:47  PMT SA     5100444579          2146062132             250,000             3,500                        TRX TO Bank Jateng  
    T-MONEY  023779 / 019955  0006376865100444579  7563  24/05/22  07:04:52  PMT SA     5100444579          2020268428             150,000             3,500                        TRX TO Bank Jateng  
    T-MONEY  023785 / 021457  0006376865192500922  6955  24/05/22  07:14:00  PMT SA     5192500922       1030090202132           6,000,000             3,500                        TRX TO Bank Mandiri 
    T-MONEY  023800 / 024557  0006376865234035813  3717  24/05/22  07:31:03  PMT SA     5234035813       1630005311272             200,000             3,500                        TRX TO Bank Mandiri 
    T-MONEY  023807 / 025487  0006376865259034509  0710  24/05/22  07:35:55  PMT SA     5259034509       9000036400068             350,000             3,500                        TRX TO Bank Mandiri 
    T-MONEY  023831 / 031935  0006376865273053585  7208  24/05/22  08:05:58  PMT SA     5273053585        081315817239              30,000             3,500                        TRX TO TELKOMSEL (TC
    T-MONEY  023833 / 032533  0006376865214206580  5648  24/05/22  08:11:18  PMT SA     5214206580     446901011371533              25,000             3,500                        TRX TO Bank BRI     
    T-MONEY  023843 / 002087  0006376865192978780  0877  24/05/22  08:17:17  PMT SA     5192978780       1370092022330             450,000             3,500                        TRX TO Bank Mandiri 
    T-MONEY  023849 / 005377  0006376865101434185  8020  24/05/22  08:29:29  PMT SA     5101434185        081388041106              48,000             3,500                        TRX TO TELKOMSEL (TC
    T-MONEY  023850 / 017402  0006376865242139808  3691  24/05/22  08:29:31  PMT SA     5242139808     722201009595502              26,000             3,500                        TRX TO Bank BRI     
    T-MONEY  023856 / 008435  0006376865238090225  0677  24/05/22  08:40:12  PMT SA     5238090225        085103747773              20,000             3,500                        TRX TO TELKOMSEL (TC
    T-MONEY  023862 / 009606  0006376865242795737  5294  24/05/22  08:44:04  PMT SA     5242795737        085101938822              42,000             3,500                        TRX TO TELKOMSEL (TC
    T-MONEY  023867 / 011065  0006376865127101879  5875  24/05/22  08:48:34  PMT SA     5127101879       1420012121355           1,380,000             3,500                        TRX TO Bank Mandiri 
    T-MONEY  023869 / 011255  0006376865101589650  4073  24/05/22  08:49:08  PMT SA     5101589650       9000011999712              50,000             3,500                        TRX TO Bank Mandiri 
    T-MONEY  023874 / 011958  0006376865100444579  3771  24/05/22  08:51:23  PMT SA     5100444579          2033299187             350,000             3,500                        TRX TO Bank Jateng  
    T-MONEY  023880 / 008967  0006376865100444579  5210  24/05/22  08:52:47  PMT SA     5100444579     484301036449533             497,000             3,500                        TRX TO Bank BRI     
    T-MONEY  023891 / 014838  0006376865291080945  1401  24/05/22  09:00:09  PMT SA     5291080945        085220286260              50,000             3,500                        TRX TO TELKOMSEL (TC
    T-MONEY  023904 / 017179  0006376865100444579  8738  24/05/22  09:07:18  PMT SA     5100444579        043211001015           7,000,000             3,500                        TRX TO Bank BPD DIY 
    T-MONEY  023913 / 019803  0006376865167364328  1140  24/05/22  09:14:58  PMT SA     5167364328       1310006074621           1,400,000             3,500                        TRX TO Bank Mandiri 
    T-MONEY  023916 / 020076  0006376865100444579  6640  24/05/22  09:15:45  PMT SA     5100444579          2033267943           1,200,000             3,500                        TRX TO Bank Jateng  
    T-MONEY  023932 / 020271  0006376865282470263  4576  24/05/22  09:31:23  PMT SA     5282470263     529401023224536              57,000             3,500                        TRX TO Bank BRI     
    T-MONEY  023939 / 026758  0006376865212933244  5824  24/05/22  09:34:42  PMT SA     5212933244       1630003544429             162,000             3,500                        TRX TO Bank Mandiri 
    T-MONEY  023943 / 027385  0006376865158435486  8905  24/05/22  09:36:30  PMT SA     5158435486       0700004537507           3,200,000             3,500                        TRX TO Bank Mandiri 
    T-MONEY  023949 / 027898  0006376865260319586  1187  24/05/22  09:37:59  PMT SA     5260319586     041901028509506             400,000             3,500                        TRX TO Bank BRI     
    T-MONEY  023954 / 029403  0006376865101582444  2199  24/05/22  09:42:26  PMT SA     5101582444       0060006866846             150,000             3,500                        TRX TO Bank Mandiri 
    T-MONEY  023965 / 031800  0006376865255037471  8958  24/05/22  09:49:01  PMT SA     5255037471         90010459669             159,400             3,500                        TRX TO Bank BTP     
    T-MONEY  023973 / 032425  0006376865100729761  1303  24/05/22  09:50:51  PMT SA     5100729761        310006190691           1,574,707             3,500                        TRX TO Bank Mandiri 
    T-MONEY  023975 / 032446  0006376865288879435  2075  24/05/22  09:50:56  PMT SA     5288879435       1340006698400             850,000             3,500                        TRX TO Bank Mandiri 
    T-MONEY  023990 / 004066  0006376865142795991  2961  24/05/22  10:03:07  PMT SA     5142795991       0700004329400           3,900,000             3,500                        TRX TO Bank Mandiri 
    T-MONEY  024007 / 008184  0006376865100444579  2378  24/05/22  10:15:42  PMT SA     5100444579     030301045506500             300,000             3,500                        TRX TO Bank BRI     
    T-MONEY  024010 / 009842  0006376865111542854  7348  24/05/22  10:19:10  PMT SA     5111542854       0700004117896           9,384,800             3,500                        TRX TO Bank Mandiri 
    T-MONEY  024029 / 011557  0006376865157405628  8169  24/05/22  10:23:57  PMT SA     5157405628       1100005531030           2,170,000             3,500                        TRX TO Bank Mandiri 
    T-MONEY  024037 / 029363  0006376865246038363  1089  24/05/22  10:32:51  PMT SA     5246038363     356901034494531             128,000             3,500                        TRX TO Bank BRI     
    T-MONEY  024045 / 016861  0006376865195419020  7478  24/05/22  10:38:14  PMT SA     5195419020        700010334253           4,704,500             3,500                        TRX TO Bank Mandiri 
    T-MONEY  024049 / 010564  0006376865101597985  3175  24/05/22  10:43:57  PMT SA     5101597985     170901001519536              82,000             3,500                        TRX TO Bank BRI     
    T-MONEY  024060 / 026125  0006376865190959778  8727  24/05/22  11:03:31  PMT SA     5190959778       1190091089332             400,000             3,500                        TRX TO Bank Mandiri 
    T-MONEY  024067 / 027251  0006376865105780295  5447  24/05/22  11:06:17  PMT SA     5105780295        700007534667           6,000,000             3,500                        TRX TO Bank Mandiri 
   --------  ---------------  -------------------  ----  --------  --------  ------  -------------  ------------------  --------------------  ----------------  ------------------  ------------------
                                                                                           48 TRANSACTIONS, PAGE TOTAL          56,018,907           168,000

PAGE:   6                                             PT. ALTO NETWORK                                   DATE: 25/05/22
REPORT ID: DNLDT04A                                   DAILY TRANSFER DESCRIPTION LISTING AS ACQUIRER             TIME: 04:36:33

SETTLEMENT DATE        : 24/05/22
ISSUER F.I. NO.        : (1092) TELKOM
BENEFICIARY F.I. NO.   : (1069) ArtaJasa

   TERMINAL  TRACE NUMBER     CARD ACCOUNT         RCPT  RCPT      RCPT      TRANS   FROM           TO                  AMOUNT                  INTERCHANGE       REFERENCE           NOTES
   NO.       ACQ / SWT        NUMBER               NBR   DATE      TIME      TYPE    ACCOUNT        ACCOUNT             TRANSFER                FEE DUE FR.       NUMBER
   --------  ---------------  -------------------  ----  --------  --------  ------  -------------  ------------------  --------------------  ----------------  ------------------  ------------------
    T-MONEY  024074 / 029538  0006376865165411439  8444  24/05/22  11:12:17  PMT SA     5165411439       0700004356171           5,394,500             3,500                        TRX TO Bank Mandiri 
    T-MONEY  024081 / 032655  0006376865135564671  4852  24/05/22  11:20:44  PMT SA     5135564671       0700002142748           7,544,500             3,500                        TRX TO Bank Mandiri 
    T-MONEY  024083 / 000230  0006376865146485523  0738  24/05/22  11:21:35  PMT SA     5146485523       1310005927787           4,730,000             3,500                        TRX TO Bank Mandiri 
    T-MONEY  024088 / 000890  0006376865266745840  3920  24/05/22  11:23:17  PMT SA     5266745840       1480018417033              35,000             3,500                        TRX TO Bank Mandiri 
    T-MONEY  024089 / 000931  0006376865100444579  5554  24/05/22  11:23:23  PMT SA     5100444579       1410022116370           2,388,000             3,500                        TRX TO Bank Mandiri 
    T-MONEY  024093 / 001760  0006376865143184718  9417  24/05/22  11:25:34  PMT SA     5143184718       1030005975103           4,500,000             3,500                        TRX TO Bank Mandiri 
    T-MONEY  024101 / 003053  0006376865100444579  5679  24/05/22  11:29:06  PMT SA     5100444579       0320301021465             300,000             3,500                        TRX TO BPD Kalsel   
    T-MONEY  024103 / 003205  0006376865212041129  9141  24/05/22  11:29:28  PMT SA     5212041129       1300017705370              50,000             3,500                        TRX TO Bank Mandiri 
    T-MONEY  024121 / 008359  0006376865258412707  1065  24/05/22  11:43:40  PMT SA     5258412707       1780004069262             109,500             3,500                        TRX TO Bank Mandiri 
    T-MONEY  024132 / 011250  0006376865101586131  5389  24/05/22  11:52:02  PMT SA     5101586131       1300015520136              80,000             3,500                        TRX TO Bank Mandiri 
    T-MONEY  024140 / 012086  0006376865148213658  0198  24/05/22  11:54:23  PMT SA     5148213658       1130003022963             150,000             3,500                        TRX TO Bank Mandiri 
    T-MONEY  024150 / 013701  0006376865274728157  9399  24/05/22  12:06:27  PMT SA     5274728157     442801008455504             900,000             3,500                        TRX TO Bank BRI     
    T-MONEY  024155 / 018890  0006376865226330545  9982  24/05/22  12:14:13  PMT SA     5226330545       1460007313567             260,000             3,500                        TRX TO Bank Mandiri 
    T-MONEY  024156 / 018958  0006376865266882935  3930  24/05/22  12:14:26  PMT SA     5266882935       1120010874936             200,000             3,500                        TRX TO Bank Mandiri 
    T-MONEY  024171 / 024041  0006376865296538674  6953  24/05/22  12:29:22  PMT SA     5296538674       1730007050447              13,900             3,500                        TRX TO Bank Mandiri 
    T-MONEY  024175 / 024184  0006376865246076967  4010  24/05/22  12:29:47  PMT SA     5246076967       1550010685876             140,000             3,500                        TRX TO Bank Mandiri 
    T-MONEY  024203 / 031754  0006376865193473027  9677  24/05/22  12:52:50  PMT SA     5193473027        081363608090             100,000             3,500                        TRX TO TELKOMSEL (TC
    T-MONEY  024206 / 000444  0006376865253541234  1163  24/05/22  12:57:13  PMT SA     5253541234       1340014360761             220,000             3,500                        TRX TO Bank Mandiri 
    T-MONEY  024214 / 031153  0006376865222126930  5349  24/05/22  13:15:23  PMT SA     5222126930     361201027046538             300,000             3,500                        TRX TO Bank BRI     
    T-MONEY  024216 / 006918  0006376865102101539  2997  24/05/22  13:16:30  PMT SA     5102101539       1480017477079             260,000             3,500                        TRX TO Bank Mandiri 
    T-MONEY  024225 / 004995  0006376865102338345  4903  24/05/22  13:20:42  PMT SA     5102338345     373801054490536             500,000             3,500                        TRX TO Bank BRI     
    T-MONEY  024227 / 008501  0006376865101305774  8463  24/05/22  13:21:03  PMT SA     5101305774       1420015179624             430,000             3,500                        TRX TO Bank Mandiri 
    T-MONEY  024251 / 015006  0006376865102512957  1047  24/05/22  13:40:30  PMT SA     5102512957       1800004196202             110,000             3,500                        TRX TO Bank Mandiri 
    T-MONEY  024261 / 019831  0006376865101495656  3674  24/05/22  13:54:39  PMT SA     5101495656       9000028992700              33,000             3,500                        TRX TO Bank Mandiri 
    T-MONEY  024275 / 023347  0006376865121879082  1914  24/05/22  14:04:46  PMT SA     5121879082       1030055444455           1,000,000             3,500                        TRX TO Bank Mandiri 
    T-MONEY  024287 / 026715  0006376865294363013  2045  24/05/22  14:14:59  PMT SA     5294363013       1360019513081              28,500             3,500                        TRX TO Bank Mandiri 
    T-MONEY  024306 / 017736  0006376865218317612  4286  24/05/22  14:27:57  PMT SA     5218317612     010901078360507           3,754,220             3,500                        TRX TO Bank BRI     
    T-MONEY  024307 / 017770  0006376865230789375  6758  24/05/22  14:27:59  PMT SA     5230789375     576501005165533             994,000             3,500                        TRX TO Bank BRI     
    T-MONEY  024313 / 023387  0006376865248875267  8671  24/05/22  14:32:50  PMT SA     5248875267     432101006549539             500,000             3,500                        TRX TO Bank BRI     
    T-MONEY  024317 / 001621  0006376865155905458  4334  24/05/22  14:37:53  PMT SA     5155905458       1030007080910           3,000,000             3,500                        TRX TO Bank Mandiri 
    T-MONEY  024322 / 002436  0006376865285444538  0525  24/05/22  14:40:24  PMT SA     5285444538       1480016531488              12,730             3,500                        TRX TO Bank Mandiri 
    T-MONEY  024332 / 003923  0006376865293196101  3185  24/05/22  14:44:56  PMT SA     5293196101       1730006620869              24,000             3,500                        TRX TO Bank Mandiri 
    T-MONEY  024348 / 005720  0006376865100444579  1622  24/05/22  14:50:16  PMT SA     5100444579       1370016458370             750,000             3,500                        TRX TO Bank Mandiri 
    T-MONEY  024351 / 012150  0006376865185678377  9768  24/05/22  14:51:25  PMT SA     5185678377     370301000942508              50,000             3,500                        TRX TO Bank BRI     
    T-MONEY  024354 / 017738  0006376865257872346  7442  24/05/22  14:56:09  PMT SA     5257872346     024901011558533             585,370             3,500                        TRX TO Bank BRI     
    T-MONEY  024361 / 023035  0006376865243410397  3200  24/05/22  15:00:50  PMT SA     5243410397     042001019913503              35,000             3,500                        TRX TO Bank BRI     
    T-MONEY  024378 / 002735  0006376865231544196  5996  24/05/22  15:11:41  PMT SA     5231544196     448701012877530             160,000             3,500                        TRX TO Bank BRI     
    T-MONEY  024382 / 005407  0006376865271633652  4280  24/05/22  15:13:55  PMT SA     5271633652     647001002552509             746,250             3,500                        TRX TO Bank BRI     
    T-MONEY  024390 / 015061  0006376865288548021  8213  24/05/22  15:19:26  PMT SA     5288548021       1480018583081              50,000             3,500                        TRX TO Bank Mandiri 
    T-MONEY  024392 / 014431  0006376865247521594  5678  24/05/22  15:22:04  PMT SA     5247521594     377401035029508           4,980,000             3,500                        TRX TO Bank BRI     
    T-MONEY  024414 / 022422  0006376865100728911  1573  24/05/22  15:43:23  PMT SA     5100728911       1380018653712              60,000             3,500                        TRX TO Bank Mandiri 
    T-MONEY  024425 / 020318  0006376865100444579  3887  24/05/22  15:56:11  PMT SA     5100444579     606001018456534             150,000             3,500                        TRX TO Bank BRI     
    T-MONEY  024429 / 029439  0006376865100444579  1129  24/05/22  16:06:31  PMT SA     5100444579    0402010000317490              51,000             3,500                        TRX TO Bank Sulselba
    T-MONEY  024434 / 002540  0006376865267408477  9345  24/05/22  16:09:06  PMT SA     5267408477     490401045585538              50,000             3,500                        TRX TO Bank BRI     
    T-MONEY  024438 / 004850  0006376865100444579  6825  24/05/22  16:11:14  PMT SA     5100444579     643001027370532              16,000             3,500                        TRX TO Bank BRI     
    T-MONEY  024458 / 004353  0006376865100444579  9061  24/05/22  16:31:09  PMT SA     5100444579          3017077855           1,500,000             3,500                        TRX TO Bank Jateng  
    T-MONEY  024462 / 004979  0006376865233613320  1291  24/05/22  16:33:25  PMT SA     5233613320       1670002351244           5,474,500             3,500                        TRX TO Bank Mandiri 
    T-MONEY  024464 / 030779  0006376865101333273  6936  24/05/22  16:33:31  PMT SA     5101333273     074701021319531           5,000,000             3,500                        TRX TO Bank BRI     
   --------  ---------------  -------------------  ----  --------  --------  ------  -------------  ------------------  --------------------  ----------------  ------------------  ------------------
                                                                                           48 TRANSACTIONS, PAGE TOTAL          57,719,970           168,000

PAGE:   7                                             PT. ALTO NETWORK                                   DATE: 25/05/22
REPORT ID: DNLDT04A                                   DAILY TRANSFER DESCRIPTION LISTING AS ACQUIRER             TIME: 04:36:33

SETTLEMENT DATE        : 24/05/22
ISSUER F.I. NO.        : (1092) TELKOM
BENEFICIARY F.I. NO.   : (1069) ArtaJasa

   TERMINAL  TRACE NUMBER     CARD ACCOUNT         RCPT  RCPT      RCPT      TRANS   FROM           TO                  AMOUNT                  INTERCHANGE       REFERENCE           NOTES
   NO.       ACQ / SWT        NUMBER               NBR   DATE      TIME      TYPE    ACCOUNT        ACCOUNT             TRANSFER                FEE DUE FR.       NUMBER
   --------  ---------------  -------------------  ----  --------  --------  ------  -------------  ------------------  --------------------  ----------------  ------------------  ------------------
    T-MONEY  024470 / 003810  0006376865235664814  6648  24/05/22  16:38:27  PMT SA     5235664814     567701027058537             100,000             3,500                        TRX TO Bank BRI     
    T-MONEY  024474 / 007052  0006376865299064349  5683  24/05/22  16:41:06  PMT SA     5299064349     035601045017508              35,000             3,500                        TRX TO Bank BRI     
    T-MONEY  024484 / 007916  0006376865161299650  0703  24/05/22  16:43:20  PMT SA     5161299650       1060005343010           9,094,500             3,500                        TRX TO Bank Mandiri 
    T-MONEY  024497 / 009776  0006376865101943556  9232  24/05/22  16:49:15  PMT SA     5101943556       9000045662013              24,000             3,500                        TRX TO Bank Mandiri 
    T-MONEY  024504 / 011153  0006376865100444579  2768  24/05/22  16:53:28  PMT SA     5100444579       0130301134137             175,000             3,500                        TRX TO BPD Kalsel   
    T-MONEY  024507 / 012331  0006376865297110957  7183  24/05/22  16:57:23  PMT SA     5297110957       1300011016600             130,625             3,500                        TRX TO Bank Mandiri 
    T-MONEY  024513 / 031322  0006376865100444579  7407  24/05/22  17:01:58  PMT SA     5100444579     331601012886539             439,000             3,500                        TRX TO Bank BRI     
    T-MONEY  024515 / 014087  0006376865216968115  5910  24/05/22  17:03:41  PMT SA     5216968115       1300022220225             482,125             3,500                        TRX TO Bank Mandiri 
    T-MONEY  024546 / 019320  0006376865127178746  6384  24/05/22  17:21:00  PMT SA     5127178746       1370007270834           5,157,000             3,500                        TRX TO Bank Mandiri 
    T-MONEY  024567 / 022384  0006376865299064349  7491  24/05/22  17:31:12  PMT SA     5299064349       1200012469990              66,500             3,500                        TRX TO Bank Mandiri 
    T-MONEY  024572 / 022774  0006376865123877623  7579  24/05/22  17:32:44  PMT SA     5123877623       0700004482639           3,300,000             3,500                        TRX TO Bank Mandiri 
    T-MONEY  024578 / 023242  0006376865240926411  4978  24/05/22  17:34:26  PMT SA     5240926411       1730011114528              33,500             3,500                        TRX TO Bank Mandiri 
    T-MONEY  024592 / 011308  0006376865274728157  5382  24/05/22  17:39:30  PMT SA     5274728157     442801008455504           1,900,000             3,500                        TRX TO Bank BRI     
    T-MONEY  024599 / 026739  0006376865278379097  8219  24/05/22  17:46:19  PMT SA     5278379097        085256850568              55,000             3,500                        TRX TO TELKOMSEL (TC
    T-MONEY  024601 / 021989  0006376865243143750  9203  24/05/22  17:47:52  PMT SA     5243143750     589601049381532              99,000             3,500                        TRX TO Bank BRI     
    T-MONEY  024607 / 028893  0006376865100447062  2692  24/05/22  17:54:10  PMT SA     5100447062    2849081253387228              20,000             3,500                        TRX TO Bank CIMB NIA
    T-MONEY  024616 / 029773  0006376865100444579  1804  24/05/22  17:57:23  PMT SA     5100444579       1710004869809             200,000             3,500                        TRX TO Bank Mandiri 
    T-MONEY  024624 / 032012  0006376865101604813  9985  24/05/22  18:05:03  PMT SA     5101604813       1600002480149              50,000             3,500                        TRX TO Bank Mandiri 
    T-MONEY  024631 / 000198  0006376865294858434  4967  24/05/22  18:08:42  PMT SA     5294858434        081280455675             814,550             3,500                        TRX TO TELKOMSEL (TC
    T-MONEY  024634 / 000279  0006376865100444579  8580  24/05/22  18:08:56  PMT SA     5100444579       1710004869809              60,000             3,500                        TRX TO Bank Mandiri 
    T-MONEY  024648 / 025123  0006376865270725394  2392  24/05/22  18:16:54  PMT SA     5270725394     600701028541531           1,000,000             3,500                        TRX TO Bank BRI     
    T-MONEY  024674 / 013666  0006376865100444579  7153  24/05/22  18:33:09  PMT SA     5100444579     120101002841502             340,000             3,500                        TRX TO Bank BRI     
    T-MONEY  024681 / 011952  0006376865158574475  2466  24/05/22  18:48:46  PMT SA     5158574475       1230004067379             400,000             3,500                        TRX TO Bank Mandiri 
    T-MONEY  024686 / 012966  0006376865231512125  2154  24/05/22  18:52:19  PMT SA     5231512125       1050013983261              50,000             3,500                        TRX TO Bank Mandiri 
    T-MONEY  024691 / 015062  0006376865100475637  9743  24/05/22  18:59:47  PMT SA     5100475637          0811221283              49,000             3,500                        TRX TO TELKOMSEL (TC
    T-MONEY  024712 / 021283  0006376865246687357  5513  24/05/22  19:21:42  PMT SA     5246687357        082328876567              23,790             3,500                        TRX TO TELKOMSEL (TC
    T-MONEY  024719 / 021083  0006376865101371414  0603  24/05/22  19:29:27  PMT SA     5101371414     030301022019508              52,500             3,500                        TRX TO Bank BRI     
    T-MONEY  024746 / 031297  0006376865101370443  5779  24/05/22  19:58:49  PMT SA     5101370443       1350014285488             375,000             3,500                        TRX TO Bank Mandiri 
    T-MONEY  024758 / 000783  0006376865100444579  8335  24/05/22  20:06:38  PMT SA     5100444579       0010204042343           9,300,000             3,500                        TRX TO Bank Bengkulu
    T-MONEY  024760 / 001063  0006376865100444579  4965  24/05/22  20:07:56  PMT SA     5100444579     066301017210501             107,000             3,500                        TRX TO Bank BRI     
    T-MONEY  024763 / 002830  0006376865100444579  7469  24/05/22  20:09:28  PMT SA     5100444579     095601007919532           1,500,000             3,500                        TRX TO Bank BRI     
    T-MONEY  024778 / 022819  0006376865100444579  2667  24/05/22  20:27:54  PMT SA     5100444579     594201025792538              17,000             3,500                        TRX TO Bank BRI     
    T-MONEY  024783 / 006483  0006376865100444579  0592  24/05/22  20:28:32  PMT SA     5100444579       1580004111126             200,000             3,500                        TRX TO Bank Mandiri 
    T-MONEY  024792 / 007401  0006376865100444579  2128  24/05/22  20:32:19  PMT SA     5100444579        761696498900             157,000             3,500                        TRX TO Bank CIMB NIA
    T-MONEY  024794 / 007565  0006376865100444579  2426  24/05/22  20:32:50  PMT SA     5100444579       9040311014778             157,000             3,500                        TRX TO BPD Kalsel   
    T-MONEY  024796 / 030113  0006376865127327642  0554  24/05/22  20:34:44  PMT SA     5127327642     010301094355502             100,000             3,500                        TRX TO Bank BRI     
    T-MONEY  024799 / 008594  0006376865195624203  8889  24/05/22  20:36:45  PMT SA     5195624203       1370002219968           5,000,000             3,500                        TRX TO Bank Mandiri 
    T-MONEY  024804 / 007980  0006376865142429870  6280  24/05/22  20:45:14  PMT SA     5142429870     201601004281532             700,000             3,500                        TRX TO Bank BRI     
    T-MONEY  024819 / 011784  0006376865233531149  0918  24/05/22  20:49:43  PMT SA     5233531149       1460013323410             197,000             3,500                        TRX TO Bank Mandiri 
    T-MONEY  024821 / 012033  0006376865192905712  1502  24/05/22  20:50:46  PMT SA     5192905712        700010016769           1,600,000             3,500                        TRX TO Bank Mandiri 
    T-MONEY  024831 / 013843  0006376865264632784  1657  24/05/22  20:57:59  PMT SA     5264632784       1820003634284              91,000             3,500                        TRX TO Bank Mandiri 
    T-MONEY  024842 / 016208  0006376865187397842  7133  24/05/22  21:08:37  PMT SA     5187397842       1080004884079           7,500,000             3,500                        TRX TO Bank Mandiri 
    T-MONEY  024853 / 017960  0006376865265401733  5230  24/05/22  21:16:14  PMT SA     5265401733       1250009786203             620,000             3,500                        TRX TO Bank Mandiri 
    T-MONEY  024861 / 021677  0006376865139516779  2017  24/05/22  21:32:57  PMT SA     5139516779       1310007344882           6,780,000             3,500                        TRX TO Bank Mandiri 
    T-MONEY  024868 / 023413  0006376865254337552  2280  24/05/22  21:41:52  PMT SA     5254337552       1340010996055             282,590             3,500                        TRX TO Bank Mandiri 
    T-MONEY  024870 / 023825  0006376865245515461  9537  24/05/22  21:43:48  PMT SA     5245515461       1540014810901              50,000             3,500                        TRX TO Bank Mandiri 
    T-MONEY  024878 / 025175  0006376865175218644  0665  24/05/22  21:51:42  PMT SA     5175218644         08122968175             500,000             3,500                        TRX TO TELKOMSEL (TC
    T-MONEY  024881 / 026165  0006376865100444579  1430  24/05/22  21:57:40  PMT SA     5100444579       0040301274796             480,000             3,500                        TRX TO BPD Kalsel   
   --------  ---------------  -------------------  ----  --------  --------  ------  -------------  ------------------  --------------------  ----------------  ------------------  ------------------
                                                                                           48 TRANSACTIONS, PAGE TOTAL          59,864,680           168,000

PAGE:   8                                             PT. ALTO NETWORK                                   DATE: 25/05/22
REPORT ID: DNLDT04A                                   DAILY TRANSFER DESCRIPTION LISTING AS ACQUIRER             TIME: 04:36:33

SETTLEMENT DATE        : 24/05/22
ISSUER F.I. NO.        : (1092) TELKOM
BENEFICIARY F.I. NO.   : (1069) ArtaJasa

   TERMINAL  TRACE NUMBER     CARD ACCOUNT         RCPT  RCPT      RCPT      TRANS   FROM           TO                  AMOUNT                  INTERCHANGE       REFERENCE           NOTES
   NO.       ACQ / SWT        NUMBER               NBR   DATE      TIME      TYPE    ACCOUNT        ACCOUNT             TRANSFER                FEE DUE FR.       NUMBER
   --------  ---------------  -------------------  ----  --------  --------  ------  -------------  ------------------  --------------------  ----------------  ------------------  ------------------
    T-MONEY  024884 / 026884  0006376865215688457  9505  24/05/22  22:01:28  PMT SA     5215688457       1730007930317              20,000             3,500                        TRX TO Bank Mandiri 
    T-MONEY  024898 / 030294  0006376865215688457  3428  24/05/22  22:21:18  PMT SA     5215688457       1730007930317              14,000             3,500                        TRX TO Bank Mandiri 
    T-MONEY  024904 / 032029  0006376865191935645  6918  24/05/22  22:32:29  PMT SA     5191935645       1130004759472           2,100,000             3,500                        TRX TO Bank Mandiri 
    T-MONEY  024911 / 000243  0006376865254249662  3210  24/05/22  22:39:30  PMT SA     5254249662       1370019348206             577,964             3,500                        TRX TO Bank Mandiri 
   --------  ---------------  -------------------  ----  --------  --------  ------  -------------  ------------------  --------------------  ----------------  ------------------  ------------------
                                                                                            4 TRANSACTIONS, PAGE TOTAL           2,711,964            14,000
                                                                                          148 TRANSACTIONS, BANK TOTAL         176,315,521           518,000

PAGE:   9                                             PT. ALTO NETWORK                                   DATE: 25/05/22
REPORT ID: DNLDT04A                                   DAILY TRANSFER DESCRIPTION LISTING AS ACQUIRER             TIME: 04:36:33

SETTLEMENT DATE        : 24/05/22
ISSUER F.I. NO.        : (1092) TELKOM
BENEFICIARY F.I. NO.   : (1094) BCA

   TERMINAL  TRACE NUMBER     CARD ACCOUNT         RCPT  RCPT      RCPT      TRANS   FROM           TO                  AMOUNT                  INTERCHANGE       REFERENCE           NOTES
   NO.       ACQ / SWT        NUMBER               NBR   DATE      TIME      TYPE    ACCOUNT        ACCOUNT             TRANSFER                FEE DUE FR.       NUMBER
   --------  ---------------  -------------------  ----  --------  --------  ------  -------------  ------------------  --------------------  ----------------  ------------------  ------------------
    T-MONEY  023612 / 018888  0006376865266365003  5036  24/05/22  00:22:28  PMT SA     5266365003          7705112525             372,800             3,800                                            
    T-MONEY  023614 / 020920  0006376865250932478  3440  24/05/22  00:24:47  PMT SA     5250932478          7295225181              50,000             3,800                                            
    T-MONEY  023631 / 002924  0006376865269690020  2313  24/05/22  00:42:09  PMT SA     5269690020          2030609401              14,000             3,800                                            
    T-MONEY  023650 / 010984  0006376865218826041  3847  24/05/22  02:03:03  PMT SA     5218826041          8410239591              25,000             3,800                                            
    T-MONEY  023653 / 012674  0006376865242957226  6100  24/05/22  02:06:07  PMT SA     5242957226          0770893291             100,000             3,800                                            
    T-MONEY  023677 / 022015  0006376865295935203  0391  24/05/22  03:45:35  PMT SA     5295935203          8465095195              50,000             3,800                                            
    T-MONEY  023686 / 027842  0006376865100444579  9728  24/05/22  04:05:25  PMT SA     5100444579          0073582099             148,000             3,800                                            
    T-MONEY  023697 / 002525  0006376865102076520  8067  24/05/22  04:43:01  PMT SA     5102076520          0070268876             867,150             3,800                                            
    T-MONEY  023699 / 002704  0006376865102076520  4906  24/05/22  04:43:55  PMT SA     5102076520          0070268876           7,798,500             3,800                                            
    T-MONEY  023704 / 008529  0006376865270714143  3915  24/05/22  05:05:16  PMT SA     5270714143          5060910962             300,000             3,800                                            
    T-MONEY  023716 / 014238  0006376865288685440  4824  24/05/22  05:25:27  PMT SA     5288685440          6281570088             704,500             3,800                                            
    T-MONEY  023719 / 015724  0006376865101955509  5098  24/05/22  05:31:32  PMT SA     5101955509          4620913699             101,500             3,800                                            
    T-MONEY  023732 / 017585  0006376865101430866  2615  24/05/22  05:38:29  PMT SA     5101430866          6700320179              37,000             3,800                                            
    T-MONEY  023740 / 021488  0006376865242076709  7423  24/05/22  05:52:00  PMT SA     5242076709          7130993936              15,000             3,800                                            
    T-MONEY  023749 / 027583  0006376865101719346  2504  24/05/22  06:10:04  PMT SA     5101719346          8545217020              90,000             3,800                                            
    T-MONEY  023755 / 030112  0006376865101787337  1650  24/05/22  06:16:36  PMT SA     5101787337          7900304301             325,000             3,800                                            
    T-MONEY  023759 / 004576  0006376865135313259  3923  24/05/22  06:40:36  PMT SA     5135313259          8255131059             964,500             3,800                                            
    T-MONEY  023764 / 005903  0006376865292191234  0999  24/05/22  06:45:01  PMT SA     5292191234          7240072321             220,000             3,800                                            
    T-MONEY  023772 / 010653  0006376865291666279  7449  24/05/22  06:58:51  PMT SA     5291666279          1131480381              10,000             3,800                                            
    T-MONEY  023782 / 015848  0006376865238309913  7431  24/05/22  07:11:33  PMT SA     5238309913          2830555571             100,000             3,800                                            
    T-MONEY  023794 / 022129  0006376865101430177  0645  24/05/22  07:25:22  PMT SA     5101430177          4300343053             106,000             3,800                                            
    T-MONEY  023802 / 025946  0006376865243770181  5878  24/05/22  07:33:31  PMT SA     5243770181          7720977618             245,000             3,800                                            
    T-MONEY  023828 / 010232  0006376865100444579  3364  24/05/22  08:03:46  PMT SA     5100444579          1481079883             280,000             3,800                                            
    T-MONEY  023835 / 016799  0006376865248875267  8829  24/05/22  08:13:10  PMT SA     5248875267          8100022291              65,000             3,800                                            
    T-MONEY  023886 / 014685  0006376865101432880  9396  24/05/22  08:55:49  PMT SA     5101432880          8465265147              31,000             3,800                                            
    T-MONEY  023888 / 014864  0006376865132559980  1700  24/05/22  08:56:02  PMT SA     5132559980          4460391151             140,000             3,800                                            
    T-MONEY  023897 / 024348  0006376865214924685  2252  24/05/22  09:05:37  PMT SA     5214924685          3741100957             111,000             3,800                                            
    T-MONEY  023898 / 024442  0006376865101390967  4769  24/05/22  09:05:43  PMT SA     5101390967          5410750670              50,000             3,800                                            
    T-MONEY  023908 / 027062  0006376865213976279  8008  24/05/22  09:08:51  PMT SA     5213976279          3164200995              30,000             3,800                                            
    T-MONEY  023924 / 007886  0006376865249584064  3414  24/05/22  09:25:21  PMT SA     5249584064          8100106532             175,000             3,800                                            
    T-MONEY  023933 / 013310  0006376865258255470  5425  24/05/22  09:31:28  PMT SA     5258255470          6555143595           2,000,000             3,800                                            
    T-MONEY  023935 / 013587  0006376865135754548  4028  24/05/22  09:31:45  PMT SA     5135754548          2332499751           7,500,000             3,800                                            
    T-MONEY  023957 / 026210  0006376865246198582  6236  24/05/22  09:45:53  PMT SA     5246198582          2301799685             275,000             3,800                                            
    T-MONEY  023971 / 030133  0006376865239374198  9228  24/05/22  09:50:28  PMT SA     5239374198          0710285276              41,500             3,800                                            
    T-MONEY  023977 / 031134  0006376865130434933  3471  24/05/22  09:51:41  PMT SA     5130434933          7390420107           1,500,000             3,800                                            
    T-MONEY  023982 / 002984  0006376865100444579  3810  24/05/22  09:56:26  PMT SA     5100444579          4921356301             170,000             3,800                                            
    T-MONEY  023986 / 003884  0006376865100444579  2366  24/05/22  09:57:23  PMT SA     5100444579          1230734336              45,400             3,800                                            
    T-MONEY  023998 / 010947  0006376865100444579  0821  24/05/22  10:05:21  PMT SA     5100444579          7975570894             497,000             3,800                                            
    T-MONEY  024000 / 011060  0006376865227250222  4130  24/05/22  10:05:28  PMT SA     5227250222          7960824975              57,500             3,800                                            
    T-MONEY  024001 / 011139  0006376865101428696  6676  24/05/22  10:05:34  PMT SA     5101428696          5115098427              84,000             3,800                                            
    T-MONEY  024015 / 026597  0006376865266365003  5266  24/05/22  10:20:15  PMT SA     5266365003          7705112525             130,300             3,800                                            
    T-MONEY  024022 / 028828  0006376865262557827  0270  24/05/22  10:21:51  PMT SA     5262557827          1131482006              50,000             3,800                                            
    T-MONEY  024024 / 030195  0006376865264129263  2702  24/05/22  10:22:48  PMT SA     5264129263          0380067862             169,250             3,800                                            
    T-MONEY  024035 / 003641  0006376865288633470  6144  24/05/22  10:29:15  PMT SA     5288633470          0181828985           1,630,000             3,800                                            
    T-MONEY  024062 / 007276  0006376865169155541  7341  24/05/22  11:03:50  PMT SA     5169155541          6800870974             550,000             3,800                                            
    T-MONEY  024072 / 015657  0006376865101499884  4063  24/05/22  11:11:40  PMT SA     5101499884          4280246251              50,000             3,800                                            
    T-MONEY  024111 / 008112  0006376865243014580  2872  24/05/22  11:35:29  PMT SA     5243014580          2380797901             295,200             3,800                                            
    T-MONEY  024114 / 009599  0006376865269519126  0680  24/05/22  11:37:05  PMT SA     5269519126          1390742904              33,000             3,800                                            
   --------  ---------------  -------------------  ----  --------  --------  ------  -------------  ------------------  --------------------  ----------------  ------------------  ------------------
                                                                                           48 TRANSACTIONS, PAGE TOTAL          28,604,100           182,400

PAGE:  10                                             PT. ALTO NETWORK                                   DATE: 25/05/22
REPORT ID: DNLDT04A                                   DAILY TRANSFER DESCRIPTION LISTING AS ACQUIRER             TIME: 04:36:33

SETTLEMENT DATE        : 24/05/22
ISSUER F.I. NO.        : (1092) TELKOM
BENEFICIARY F.I. NO.   : (1094) BCA

   TERMINAL  TRACE NUMBER     CARD ACCOUNT         RCPT  RCPT      RCPT      TRANS   FROM           TO                  AMOUNT                  INTERCHANGE       REFERENCE           NOTES
   NO.       ACQ / SWT        NUMBER               NBR   DATE      TIME      TYPE    ACCOUNT        ACCOUNT             TRANSFER                FEE DUE FR.       NUMBER
   --------  ---------------  -------------------  ----  --------  --------  ------  -------------  ------------------  --------------------  ----------------  ------------------  ------------------
    T-MONEY  024119 / 012136  0006376865100444579  9486  24/05/22  11:39:40  PMT SA     5100444579          7915306616              23,000             3,800                                            
    T-MONEY  024138 / 025349  0006376865100444579  7848  24/05/22  11:53:44  PMT SA     5100444579          2490654928             657,000             3,800                                            
    T-MONEY  024163 / 019305  0006376865102399119  2884  24/05/22  12:20:53  PMT SA     5102399119          3170564315              40,000             3,800                                            
    T-MONEY  024174 / 027546  0006376865249221299  1493  24/05/22  12:29:43  PMT SA     5249221299          8605206511              47,000             3,800                                            
    T-MONEY  024194 / 009786  0006376865100444579  2812  24/05/22  12:45:14  PMT SA     5100444579          7410854613           2,670,000             3,800                                            
    T-MONEY  024198 / 015675  0006376865211520585  7187  24/05/22  12:51:36  PMT SA     5211520585          2110055024              13,000             3,800                                            
    T-MONEY  024219 / 008729  0006376865245445087  4274  24/05/22  13:18:00  PMT SA     5245445087          0561266564             120,000             3,800                                            
    T-MONEY  024235 / 017668  0006376865102338345  9377  24/05/22  13:27:04  PMT SA     5102338345          1450053143             100,000             3,800                                            
    T-MONEY  024254 / 032293  0006376865147428626  3116  24/05/22  13:43:15  PMT SA     5147428626          0088877627           1,010,000             3,800                                            
    T-MONEY  024264 / 014562  0006376865102338345  1377  24/05/22  13:57:14  PMT SA     5102338345          1450053143             100,000             3,800                                            
    T-MONEY  024268 / 016281  0006376865213976279  1397  24/05/22  13:59:03  PMT SA     5213976279          3164200995              30,000             3,800                                            
    T-MONEY  024271 / 018433  0006376865121879082  1738  24/05/22  14:01:14  PMT SA     5121879082          5260761244           1,100,000             3,800                                            
    T-MONEY  024282 / 024321  0006376865100652280  7440  24/05/22  14:06:48  PMT SA     5100652280          0322141040              52,700             3,800                                            
    T-MONEY  024298 / 008587  0006376865228971400  6307  24/05/22  14:25:11  PMT SA     5228971400          7770419993             250,000             3,800                                            
    T-MONEY  024300 / 009247  0006376865232861860  6250  24/05/22  14:25:55  PMT SA     5232861860          0159908757             200,000             3,800                                            
    T-MONEY  024309 / 012114  0006376865285157823  9675  24/05/22  14:29:02  PMT SA     5285157823          6871253533              74,000             3,800                                            
    T-MONEY  024320 / 022066  0006376865100444579  0716  24/05/22  14:39:41  PMT SA     5100444579          1663199301              22,000             3,800                                            
    T-MONEY  024337 / 028694  0006376865240307980  1110  24/05/22  14:46:56  PMT SA     5240307980          6460338091              35,000             3,800                                            
    T-MONEY  024356 / 006437  0006376865295432141  8247  24/05/22  14:58:03  PMT SA     5295432141          1840909065             160,000             3,800                                            
    T-MONEY  024364 / 011245  0006376865157150734  6534  24/05/22  15:03:20  PMT SA     5157150734          6815098441           1,000,000             3,800                                            
    T-MONEY  024412 / 014205  0006376865102499584  6705  24/05/22  15:41:46  PMT SA     5102499584          2990522831              14,600             3,800                                            
    T-MONEY  024456 / 027074  0006376865100444579  4751  24/05/22  16:29:59  PMT SA     5100444579          8465454250             318,000             3,800                                            
    T-MONEY  024476 / 005048  0006376865102224102  7706  24/05/22  16:41:19  PMT SA     5102224102          7370404024             180,000             3,800                                            
    T-MONEY  024482 / 006847  0006376865100444579  7238  24/05/22  16:43:10  PMT SA     5100444579          8085142760             217,000             3,800                                            
    T-MONEY  024491 / 010468  0006376865282191458  7138  24/05/22  16:46:45  PMT SA     5282191458          7345050477             300,050             3,800                                            
    T-MONEY  024493 / 012255  0006376865101325374  5197  24/05/22  16:48:40  PMT SA     5101325374          7040177471             172,010             3,800                                            
    T-MONEY  024495 / 012645  0006376865165411439  2696  24/05/22  16:49:08  PMT SA     5165411439          4780161898           1,124,500             3,800                                            
    T-MONEY  024523 / 029573  0006376865219593848  2999  24/05/22  17:06:52  PMT SA     5219593848          8715127217           3,045,000             3,800                                            
    T-MONEY  024528 / 030829  0006376865100444579  6797  24/05/22  17:08:05  PMT SA     5100444579          6760283957             198,000             3,800                                            
    T-MONEY  024530 / 031210  0006376865279956185  2251  24/05/22  17:08:29  PMT SA     5279956185          8585089539             140,000             3,800                                            
    T-MONEY  024535 / 002676  0006376865100444579  9501  24/05/22  17:12:52  PMT SA     5100444579          8670073051              49,000             3,800                                            
    T-MONEY  024551 / 014607  0006376865219917440  4547  24/05/22  17:25:33  PMT SA     5219917440          1991527406             100,000             3,800                                            
    T-MONEY  024555 / 015638  0006376865299064349  2499  24/05/22  17:26:40  PMT SA     5299064349          1747010820              20,000             3,800                                            
    T-MONEY  024571 / 021521  0006376865146144768  7000  24/05/22  17:32:39  PMT SA     5146144768          1851471389             100,000             3,800                                            
    T-MONEY  024585 / 024430  0006376865222527948  3483  24/05/22  17:35:45  PMT SA     5222527948          4930464363             100,000             3,800                                            
    T-MONEY  024611 / 011418  0006376865100444579  1567  24/05/22  17:56:44  PMT SA     5100444579          4300539331           1,997,000             3,800                                            
    T-MONEY  024628 / 022627  0006376865237846579  3605  24/05/22  18:08:03  PMT SA     5237846579          2980410911           1,000,000             3,800                                            
    T-MONEY  024639 / 028002  0006376865100444579  1606  24/05/22  18:13:18  PMT SA     5100444579          1670897938             338,500             3,800                                            
    T-MONEY  024651 / 032133  0006376865100444579  7890  24/05/22  18:17:16  PMT SA     5100444579          7410854613           1,940,000             3,800                                            
    T-MONEY  024654 / 032548  0006376865100444579  1860  24/05/22  18:17:42  PMT SA     5100444579          4586317881           1,270,000             3,800                                            
    T-MONEY  024657 / 001702  0006376865299064349  5850  24/05/22  18:19:39  PMT SA     5299064349          4790511072              50,000             3,800                                            
    T-MONEY  024661 / 005908  0006376865266365003  9984  24/05/22  18:23:49  PMT SA     5266365003          7705112525             178,800             3,800                                            
    T-MONEY  024666 / 012635  0006376865222527948  8335  24/05/22  18:30:30  PMT SA     5222527948          4930464363             500,000             3,800                                            
    T-MONEY  024684 / 002359  0006376865100444579  9043  24/05/22  18:52:02  PMT SA     5100444579          1710523581           1,033,000             3,800                                            
    T-MONEY  024695 / 014953  0006376865100444579  5411  24/05/22  19:04:20  PMT SA     5100444579          3371853853           1,997,000             3,800                                            
    T-MONEY  024721 / 006354  0006376865244385463  9387  24/05/22  19:29:41  PMT SA     5244385463          8130417010              70,000             3,800                                            
    T-MONEY  024727 / 014976  0006376865101462075  4935  24/05/22  19:38:25  PMT SA     5101462075          6630899549             167,000             3,800                                            
    T-MONEY  024733 / 025098  0006376865100444579  7693  24/05/22  19:49:16  PMT SA     5100444579          2990534082             497,000             3,800                                            
   --------  ---------------  -------------------  ----  --------  --------  ------  -------------  ------------------  --------------------  ----------------  ------------------  ------------------
                                                                                           48 TRANSACTIONS, PAGE TOTAL          24,820,160           182,400

PAGE:  11                                             PT. ALTO NETWORK                                   DATE: 25/05/22
REPORT ID: DNLDT04A                                   DAILY TRANSFER DESCRIPTION LISTING AS ACQUIRER             TIME: 04:36:33

SETTLEMENT DATE        : 24/05/22
ISSUER F.I. NO.        : (1092) TELKOM
BENEFICIARY F.I. NO.   : (1094) BCA

   TERMINAL  TRACE NUMBER     CARD ACCOUNT         RCPT  RCPT      RCPT      TRANS   FROM           TO                  AMOUNT                  INTERCHANGE       REFERENCE           NOTES
   NO.       ACQ / SWT        NUMBER               NBR   DATE      TIME      TYPE    ACCOUNT        ACCOUNT             TRANSFER                FEE DUE FR.       NUMBER
   --------  ---------------  -------------------  ----  --------  --------  ------  -------------  ------------------  --------------------  ----------------  ------------------  ------------------
    T-MONEY  024748 / 003689  0006376865101401481  3057  24/05/22  20:00:45  PMT SA     5101401481          6042738928              14,333             3,800                                            
    T-MONEY  024753 / 005861  0006376865100444579  9206  24/05/22  20:02:53  PMT SA     5100444579          3270714098           2,022,770             3,800                                            
    T-MONEY  024765 / 014001  0006376865101914937  7492  24/05/22  20:09:43  PMT SA     5101914937          7895523852              15,800             3,800                                            
    T-MONEY  024769 / 020325  0006376865100444579  6897  24/05/22  20:16:00  PMT SA     5100444579          7005662362              90,000             3,800                                            
    T-MONEY  024801 / 009007  0006376865101507454  4781  24/05/22  20:40:24  PMT SA     5101507454          8880534735             280,000             3,800                                            
    T-MONEY  024815 / 015594  0006376865100444579  6886  24/05/22  20:47:35  PMT SA     5100444579          5721034659           1,771,667             3,800                                            
    T-MONEY  024828 / 025100  0006376865197877709  8607  24/05/22  20:56:55  PMT SA     5197877709          2731897486             100,000             3,800                                            
    T-MONEY  024834 / 027904  0006376865253597971  8856  24/05/22  21:00:15  PMT SA     5253597971          0310212679             819,000             3,800                                            
    T-MONEY  024850 / 004590  0006376865100444579  3574  24/05/22  21:12:11  PMT SA     5100444579          6241275890             200,000             3,800                                            
    T-MONEY  024865 / 024767  0006376865100008632  1134  24/05/22  21:36:51  PMT SA     5100008632          8780270153             100,000             3,800                                            
    T-MONEY  024902 / 024466  0006376865232247067  1534  24/05/22  22:29:09  PMT SA     5232247067          6825304588              45,000             3,800                                            
    T-MONEY  024916 / 030389  0006376865232247067  1276  24/05/22  22:40:51  PMT SA     5232247067          6825304588             171,000             3,800                                            
    T-MONEY  024921 / 003886  0006376865101591463  1491  24/05/22  22:51:34  PMT SA     5101591463          0885790092              68,451             3,800                                            
    T-MONEY  024923 / 006152  0006376865292039162  6861  24/05/22  22:54:58  PMT SA     5292039162          8445201185              35,000             3,800                                            
    T-MONEY  024932 / 011198  0006376865100444579  1004  24/05/22  23:01:54  PMT SA     5100444579          6760461898              10,000             3,800                                            
    T-MONEY  024944 / 029492  0006376865101132140  8430  24/05/22  23:17:37  PMT SA     5101132140          2200872404              21,681             3,800                                            
   --------  ---------------  -------------------  ----  --------  --------  ------  -------------  ------------------  --------------------  ----------------  ------------------  ------------------
                                                                                           16 TRANSACTIONS, PAGE TOTAL           5,764,702            60,800
                                                                                          112 TRANSACTIONS, BANK TOTAL          59,188,962           425,600

PAGE:  12                                             PT. ALTO NETWORK                                   DATE: 25/05/22
REPORT ID: DNLDT04A                                   DAILY TRANSFER DESCRIPTION LISTING AS ACQUIRER             TIME: 04:36:33

SETTLEMENT DATE        : 24/05/22
ISSUER F.I. NO.        : (1092) TELKOM
BENEFICIARY F.I. NO.   : (1101) Bank Jago

   TERMINAL  TRACE NUMBER     CARD ACCOUNT         RCPT  RCPT      RCPT      TRANS   FROM           TO                  AMOUNT                  INTERCHANGE       REFERENCE           NOTES
   NO.       ACQ / SWT        NUMBER               NBR   DATE      TIME      TYPE    ACCOUNT        ACCOUNT             TRANSFER                FEE DUE FR.       NUMBER
   --------  ---------------  -------------------  ----  --------  --------  ------  -------------  ------------------  --------------------  ----------------  ------------------  ------------------
    T-MONEY  024127 / 023965  0006376865100010779  8414  24/05/22  11:47:36  PMT SA     5100010779        506497575706           1,954,500             3,800                                            
    T-MONEY  024583 / 027322  0006376865100444579  9536  24/05/22  17:35:26  PMT SA     5100444579        104597667481             127,000             3,800                                            
   --------  ---------------  -------------------  ----  --------  --------  ------  -------------  ------------------  --------------------  ----------------  ------------------  ------------------
                                                                                            2 TRANSACTIONS, PAGE TOTAL           2,081,500             7,600
                                                                                            2 TRANSACTIONS, BANK TOTAL           2,081,500             7,600

PAGE:  13                                             PT. ALTO NETWORK                                   DATE: 25/05/22
REPORT ID: DNLDT04A                                   DAILY TRANSFER DESCRIPTION LISTING AS ACQUIRER             TIME: 04:36:33

SETTLEMENT DATE        : 24/05/22
ISSUER F.I. NO.        : (1092) TELKOM
BENEFICIARY F.I. NO.   : (1106) Bank BNC

   TERMINAL  TRACE NUMBER     CARD ACCOUNT         RCPT  RCPT      RCPT      TRANS   FROM           TO                  AMOUNT                  INTERCHANGE       REFERENCE           NOTES
   NO.       ACQ / SWT        NUMBER               NBR   DATE      TIME      TYPE    ACCOUNT        ACCOUNT             TRANSFER                FEE DUE FR.       NUMBER
   --------  ---------------  -------------------  ----  --------  --------  ------  -------------  ------------------  --------------------  ----------------  ------------------  ------------------
    T-MONEY  024018 / 025659  0006376865100444579  3083  24/05/22  10:20:34  PMT SA     5100444579    5859459146800346           2,857,000             3,800                                            
    T-MONEY  024042 / 027579  0006376865100444579  4419  24/05/22  10:34:14  PMT SA     5100444579    5859458129172640             202,000             3,800                                            
   --------  ---------------  -------------------  ----  --------  --------  ------  -------------  ------------------  --------------------  ----------------  ------------------  ------------------
                                                                                            2 TRANSACTIONS, PAGE TOTAL           3,059,000             7,600
                                                                                            2 TRANSACTIONS, BANK TOTAL           3,059,000             7,600

PAGE:  14                                             PT. ALTO NETWORK                                   DATE: 25/05/22
REPORT ID: DNLDT04A                                   DAILY TRANSFER DESCRIPTION LISTING AS ACQUIRER             TIME: 04:36:33

SETTLEMENT DATE        : 24/05/22
ISSUER F.I. NO.        : (1092) TELKOM
BENEFICIARY F.I. NO.   : (1107) BNI

   TERMINAL  TRACE NUMBER     CARD ACCOUNT         RCPT  RCPT      RCPT      TRANS   FROM           TO                  AMOUNT                  INTERCHANGE       REFERENCE           NOTES
   NO.       ACQ / SWT        NUMBER               NBR   DATE      TIME      TYPE    ACCOUNT        ACCOUNT             TRANSFER                FEE DUE FR.       NUMBER
   --------  ---------------  -------------------  ----  --------  --------  ------  -------------  ------------------  --------------------  ----------------  ------------------  ------------------
    T-MONEY  023693 / 007309  0006376865259539219  0698  24/05/22  04:40:22  PMT SA     5259539219          1072632326             100,000             3,800                                            
    T-MONEY  023751 / 016307  0006376865216403481  8302  24/05/22  06:13:26  PMT SA     5216403481          0875813329              40,000             3,800                                            
    T-MONEY  023787 / 029863  0006376865228259190  3882  24/05/22  07:14:49  PMT SA     5228259190          1109831800             814,500             3,800                                            
    T-MONEY  023791 / 032180  0006376865270309871  9357  24/05/22  07:22:51  PMT SA     5270309871          0234130217              35,000             3,800                                            
    T-MONEY  023842 / 019806  0006376865100083534  4111  24/05/22  08:17:05  PMT SA     5100083534          0575111875             119,000             3,800                                            
    T-MONEY  023865 / 000884  0006376865215028892  8275  24/05/22  08:45:09  PMT SA     5215028892          0246924658              86,700             3,800                                            
    T-MONEY  023873 / 004070  0006376865101430306  7451  24/05/22  08:51:13  PMT SA     5101430306          1362685315              10,000             3,800                                            
    T-MONEY  023882 / 006003  0006376865272194296  2980  24/05/22  08:54:54  PMT SA     5272194296          0334204697             198,200             3,800                                            
    T-MONEY  023902 / 012587  0006376865100137879  5741  24/05/22  09:07:00  PMT SA     5100137879          0255297647             118,000             3,800                                            
    T-MONEY  023906 / 013405  0006376865253098960  4176  24/05/22  09:08:19  PMT SA     5253098960          0184308616           5,080,000             3,800                                            
    T-MONEY  023911 / 015016  0006376865260823252  4317  24/05/22  09:11:00  PMT SA     5260823252          0806664886             250,000             3,800                                            
    T-MONEY  023920 / 022226  0006376865236416759  4610  24/05/22  09:24:00  PMT SA     5236416759          0847612295             180,000             3,800                                            
    T-MONEY  023921 / 022240  0006376865294789860  6460  24/05/22  09:24:01  PMT SA     5294789860          0856378397             170,000             3,800                                            
    T-MONEY  023945 / 029811  0006376865232222404  9398  24/05/22  09:36:45  PMT SA     5232222404          0573850591             800,000             3,800                                            
    T-MONEY  023952 / 031795  0006376865294134389  9324  24/05/22  09:40:09  PMT SA     5294134389          1224525165             115,000             3,800                                            
    T-MONEY  023962 / 003932  0006376865100207363  2237  24/05/22  09:48:20  PMT SA     5100207363          0604364076              33,300             3,800                                            
    T-MONEY  023966 / 004344  0006376865233026175  5724  24/05/22  09:49:03  PMT SA     5233026175          1122069944             550,000             3,800                                            
    T-MONEY  024012 / 022811  0006376865235721232  0084  24/05/22  10:19:22  PMT SA     5235721232          0607994005             500,000             3,800                                            
    T-MONEY  024021 / 024208  0006376865288528647  7444  24/05/22  10:21:47  PMT SA     5288528647          0602659652             150,000             3,800                                            
    T-MONEY  024051 / 006217  0006376865289366469  3063  24/05/22  10:45:05  PMT SA     5289366469          1232968673              47,500             3,800                                            
    T-MONEY  024058 / 016815  0006376865217682094  6220  24/05/22  11:02:40  PMT SA     5217682094          0852333881              25,000             3,800                                            
    T-MONEY  024076 / 023891  0006376865102229213  9944  24/05/22  11:14:04  PMT SA     5102229213          0331713142           6,234,500             3,800                                            
    T-MONEY  024124 / 010097  0006376865101381279  8568  24/05/22  11:46:00  PMT SA     5101381279          1381933886              80,000             3,800                                            
    T-MONEY  024144 / 015988  0006376865217844700  9346  24/05/22  11:55:57  PMT SA     5217844700          0710649640              60,000             3,800                                            
    T-MONEY  024146 / 018422  0006376865180267339  4390  24/05/22  11:59:55  PMT SA     5180267339          0325668888             564,500             3,800                                            
    T-MONEY  024152 / 024927  0006376865210820652  5251  24/05/22  12:10:57  PMT SA     5210820652          0763263484              50,000             3,800                                            
    T-MONEY  024179 / 004153  0006376865100085951  1996  24/05/22  12:31:31  PMT SA     5100085951          0263033934              15,000             3,800                                            
    T-MONEY  024183 / 005692  0006376865114249953  1882  24/05/22  12:34:07  PMT SA     5114249953           094296247           1,500,000             3,800                                            
    T-MONEY  024184 / 005704  0006376865249264741  5790  24/05/22  12:34:08  PMT SA     5249264741          1239520839             700,000             3,800                                            
    T-MONEY  024189 / 009939  0006376865175595511  6311  24/05/22  12:41:25  PMT SA     5175595511          0912473552             905,000             3,800                                            
    T-MONEY  024211 / 027088  0006376865100797946  4380  24/05/22  13:11:51  PMT SA     5100797946          1165110043             300,000             3,800                                            
    T-MONEY  024223 / 031900  0006376865286351248  2074  24/05/22  13:20:20  PMT SA     5286351248          0603362218             965,499             3,800                                            
    T-MONEY  024229 / 032409  0006376865119109329  7530  24/05/22  13:21:18  PMT SA     5119109329          0342157395           5,200,000             3,800                                            
    T-MONEY  024237 / 003949  0006376865101129988  7120  24/05/22  13:28:56  PMT SA     5101129988          0753538848             183,650             3,800                                            
    T-MONEY  024243 / 005163  0006376865272143025  0845  24/05/22  13:31:16  PMT SA     5272143025          0765346132              60,000             3,800                                            
    T-MONEY  024246 / 006760  0006376865100547149  6412  24/05/22  13:34:09  PMT SA     5100547149          0983092131              33,000             3,800                                            
    T-MONEY  024278 / 024429  0006376865238736124  0682  24/05/22  14:05:31  PMT SA     5238736124          2929069996             534,000             3,800                                            
    T-MONEY  024280 / 024642  0006376865110252211  8718  24/05/22  14:05:54  PMT SA     5110252211          0552637927           2,200,000             3,800                                            
    T-MONEY  024290 / 030652  0006376865109359036  7433  24/05/22  14:16:25  PMT SA     5109359036          0011538548           1,100,000             3,800                                            
    T-MONEY  024302 / 003572  0006376865217384327  9990  24/05/22  14:26:42  PMT SA     5217384327          1157264162              13,900             3,800                                            
    T-MONEY  024311 / 005339  0006376865119448776  5500  24/05/22  14:29:46  PMT SA     5119448776          0019803666           3,800,000             3,800                                            
    T-MONEY  024325 / 011831  0006376865255109181  7185  24/05/22  14:41:20  PMT SA     5255109181          0287828742             500,000             3,800                                            
    T-MONEY  024327 / 012039  0006376865287592302  5688  24/05/22  14:41:43  PMT SA     5287592302          0605268214              20,000             3,800                                            
    T-MONEY  024329 / 012910  0006376865253115686  4641  24/05/22  14:43:22  PMT SA     5253115686          0684933969             100,000             3,800                                            
    T-MONEY  024339 / 014946  0006376865129523029  5429  24/05/22  14:47:12  PMT SA     5129523029          0077601978           1,250,000             3,800                                            
    T-MONEY  024343 / 015627  0006376865100373710  1008  24/05/22  14:48:23  PMT SA     5100373710          0614357364             620,150             3,800                                            
    T-MONEY  024345 / 016452  0006376865253115686  6812  24/05/22  14:49:52  PMT SA     5253115686          0684933969              26,000             3,800                                            
    T-MONEY  024359 / 022127  0006376865281147692  2275  24/05/22  14:59:58  PMT SA     5281147692          0264365290              13,900             3,800                                            
   --------  ---------------  -------------------  ----  --------  --------  ------  -------------  ------------------  --------------------  ----------------  ------------------  ------------------
                                                                                           48 TRANSACTIONS, PAGE TOTAL          36,451,299           182,400

PAGE:  15                                             PT. ALTO NETWORK                                   DATE: 25/05/22
REPORT ID: DNLDT04A                                   DAILY TRANSFER DESCRIPTION LISTING AS ACQUIRER             TIME: 04:36:33

SETTLEMENT DATE        : 24/05/22
ISSUER F.I. NO.        : (1092) TELKOM
BENEFICIARY F.I. NO.   : (1107) BNI

   TERMINAL  TRACE NUMBER     CARD ACCOUNT         RCPT  RCPT      RCPT      TRANS   FROM           TO                  AMOUNT                  INTERCHANGE       REFERENCE           NOTES
   NO.       ACQ / SWT        NUMBER               NBR   DATE      TIME      TYPE    ACCOUNT        ACCOUNT             TRANSFER                FEE DUE FR.       NUMBER
   --------  ---------------  -------------------  ----  --------  --------  ------  -------------  ------------------  --------------------  ----------------  ------------------  ------------------
    T-MONEY  024387 / 030827  0006376865269217458  1684  24/05/22  15:15:39  PMT SA     5269217458           953149855              47,850             3,800                                            
    T-MONEY  024400 / 007448  0006376865100444579  8475  24/05/22  15:33:15  PMT SA     5100444579          0717803710             250,000             3,800                                            
    T-MONEY  024418 / 016515  0006376865242783072  1029  24/05/22  15:50:09  PMT SA     5242783072          0630177969             988,750             3,800                                            
    T-MONEY  024423 / 019213  0006376865259789054  7070  24/05/22  15:55:30  PMT SA     5259789054          0589290404           1,750,000             3,800                                            
    T-MONEY  024446 / 001890  0006376865100444579  6888  24/05/22  16:23:47  PMT SA     5100444579           854823818             167,000             3,800                                            
    T-MONEY  024447 / 001940  0006376865235721232  4991  24/05/22  16:23:51  PMT SA     5235721232          0607994005             300,000             3,800                                            
    T-MONEY  024467 / 008331  0006376865264234113  4180  24/05/22  16:35:25  PMT SA     5264234113          0276758254              25,000             3,800                                            
    T-MONEY  024478 / 012298  0006376865257464671  8624  24/05/22  16:42:25  PMT SA     5257464671          0897190907             120,000             3,800                                            
    T-MONEY  024488 / 013482  0006376865165411439  7196  24/05/22  16:44:35  PMT SA     5165411439          0202255734           3,794,500             3,800                                            
    T-MONEY  024501 / 016889  0006376865100444579  9378  24/05/22  16:50:45  PMT SA     5100444579          0749957480             497,000             3,800                                            
    T-MONEY  024517 / 024541  0006376865283627522  5701  24/05/22  17:04:21  PMT SA     5283627522          0753894080              30,000             3,800                                            
    T-MONEY  024538 / 031375  0006376865228468966  5712  24/05/22  17:16:09  PMT SA     5228468966          0589965253             198,000             3,800                                            
    T-MONEY  024545 / 001216  0006376865144928493  1602  24/05/22  17:20:56  PMT SA     5144928493            12257067             900,000             3,800                                            
    T-MONEY  024574 / 007896  0006376865115927431  9299  24/05/22  17:33:24  PMT SA     5115927431          0247375275           2,250,000             3,800                                            
    T-MONEY  024595 / 013563  0006376865265974161  6075  24/05/22  17:43:35  PMT SA     5265974161          1072532706              91,500             3,800                                            
    T-MONEY  024645 / 030986  0006376865121853410  5320  24/05/22  18:16:12  PMT SA     5121853410          0836775547           1,100,000             3,800                                            
    T-MONEY  024659 / 001517  0006376865260898664  5892  24/05/22  18:22:04  PMT SA     5260898664          1230176804             200,000             3,800                                            
    T-MONEY  024677 / 009445  0006376865101374005  8967  24/05/22  18:35:58  PMT SA     5101374005          0686615492              69,000             3,800                                            
    T-MONEY  024706 / 001531  0006376865162318599  8276  24/05/22  19:19:56  PMT SA     5162318599          0079282529             400,000             3,800                                            
    T-MONEY  024717 / 004712  0006376865236574142  5739  24/05/22  19:25:45  PMT SA     5236574142          1232968572             270,000             3,800                                            
    T-MONEY  024725 / 010111  0006376865210659132  4279  24/05/22  19:35:53  PMT SA     5210659132          0388080428             285,000             3,800                                            
    T-MONEY  024787 / 005352  0006376865232732082  7437  24/05/22  20:30:22  PMT SA     5232732082          1371298846             100,000             3,800                                            
    T-MONEY  024810 / 012726  0006376865100011015  9300  24/05/22  20:46:32  PMT SA     5100011015          1818777719           5,724,500             3,800                                            
    T-MONEY  024817 / 013656  0006376865280916612  8800  24/05/22  20:48:31  PMT SA     5280916612           971969967             136,000             3,800                                            
    T-MONEY  024846 / 023532  0006376865175406311  7961  24/05/22  21:11:16  PMT SA     5175406311          0208737017           7,500,000             3,800                                            
    T-MONEY  024857 / 029345  0006376865101830737  2188  24/05/22  21:26:00  PMT SA     5101830737          0822967790              24,000             3,800                                            
    T-MONEY  024889 / 010919  0006376865100444579  4666  24/05/22  22:09:45  PMT SA     5100444579          0975308153             210,000             3,800                                            
    T-MONEY  024934 / 023908  0006376865169990469  6425  24/05/22  23:02:57  PMT SA     5169990469          0738667374             500,000             3,800                                            
    T-MONEY  024947 / 028238  0006376865260054594  7296  24/05/22  23:24:07  PMT SA     5260054594          0221274006             300,000             3,800                                            
   --------  ---------------  -------------------  ----  --------  --------  ------  -------------  ------------------  --------------------  ----------------  ------------------  ------------------
                                                                                           29 TRANSACTIONS, PAGE TOTAL          28,228,100           110,200
                                                                                           77 TRANSACTIONS, BANK TOTAL          64,679,399           292,600
                                                                                          370 TRANSACTIONS, GRAND TOTAL        367,692,862         1,355,000

NOTE: TRANSACTIONS MARKED WITH A '*' ARE COUNTED, BUT THEIR AMOUNTS ARE NOT ADDED TO THE PAGE, BANK OR GRAND TOTALS.


                  ** ** ** ** ** END OF DAILY TRANSFER TRANSACTION LISTING AS ACQUIRER REPORT FOR TELKOM ** ** ** ** ** 
