PAGE:   1                                             PT. ALTO NETWORK                                   DATE: 30/05/22
REPORT ID: DNLDT04A                                   DAILY TRANSFER DESCRIPTION LISTING AS ACQUIRER             TIME: 04:45:47

SETTLEMENT DATE        : 29/05/22
ISSUER F.I. NO.        : (1092) TELKOM
BENEFICIARY F.I. NO.   : (1003) Permata

   TERMINAL  TRACE NUMBER     CARD ACCOUNT         RCPT  RCPT      RCPT      TRANS   FROM           TO                  AMOUNT                  INTERCHANGE       REFERENCE           NOTES
   NO.       ACQ / SWT        NUMBER               NBR   DATE      TIME      TYPE    ACCOUNT        ACCOUNT             TRANSFER                FEE DUE FR.       NUMBER
   --------  ---------------  -------------------  ----  --------  --------  ------  -------------  ------------------  --------------------  ----------------  ------------------  ------------------
    T-MONEY  031929 / 018292  0006376865100444579  1655  29/05/22  17:45:00  PMT SA     5100444579          9912442702             216,000             3,800                                            
    T-MONEY  032064 / 002857  0006376865100101501  7568  29/05/22  20:21:58  PMT SA     5100101501          9904399431              20,000             3,800                                            
   --------  ---------------  -------------------  ----  --------  --------  ------  -------------  ------------------  --------------------  ----------------  ------------------  ------------------
                                                                                            2 TRANSACTIONS, PAGE TOTAL             236,000             7,600
                                                                                            2 TRANSACTIONS, BANK TOTAL             236,000             7,600

PAGE:   2                                             PT. ALTO NETWORK                                   DATE: 30/05/22
REPORT ID: DNLDT04A                                   DAILY TRANSFER DESCRIPTION LISTING AS ACQUIRER             TIME: 04:45:47

SETTLEMENT DATE        : 29/05/22
ISSUER F.I. NO.        : (1092) TELKOM
BENEFICIARY F.I. NO.   : (1010) Danamon

   TERMINAL  TRACE NUMBER     CARD ACCOUNT         RCPT  RCPT      RCPT      TRANS   FROM           TO                  AMOUNT                  INTERCHANGE       REFERENCE           NOTES
   NO.       ACQ / SWT        NUMBER               NBR   DATE      TIME      TYPE    ACCOUNT        ACCOUNT             TRANSFER                FEE DUE FR.       NUMBER
   --------  ---------------  -------------------  ----  --------  --------  ------  -------------  ------------------  --------------------  ----------------  ------------------  ------------------
    T-MONEY  031992 / 023342  0006376865241476655  6881  29/05/22  18:41:25  PMT SA     5241476655        003619144235              20,000             3,800                                            
   --------  ---------------  -------------------  ----  --------  --------  ------  -------------  ------------------  --------------------  ----------------  ------------------  ------------------
                                                                                            1 TRANSACTIONS, PAGE TOTAL              20,000             3,800
                                                                                            1 TRANSACTIONS, BANK TOTAL              20,000             3,800

PAGE:   3                                             PT. ALTO NETWORK                                   DATE: 30/05/22
REPORT ID: DNLDT04A                                   DAILY TRANSFER DESCRIPTION LISTING AS ACQUIRER             TIME: 04:45:47

SETTLEMENT DATE        : 29/05/22
ISSUER F.I. NO.        : (1092) TELKOM
BENEFICIARY F.I. NO.   : (1028) Sinarmas

   TERMINAL  TRACE NUMBER     CARD ACCOUNT         RCPT  RCPT      RCPT      TRANS   FROM           TO                  AMOUNT                  INTERCHANGE       REFERENCE           NOTES
   NO.       ACQ / SWT        NUMBER               NBR   DATE      TIME      TYPE    ACCOUNT        ACCOUNT             TRANSFER                FEE DUE FR.       NUMBER
   --------  ---------------  -------------------  ----  --------  --------  ------  -------------  ------------------  --------------------  ----------------  ------------------  ------------------
    T-MONEY  031397 / 010368  0006376865100444579  2380  29/05/22  06:44:59  PMT SA     5100444579          0008728895             495,000             3,800                                            
   --------  ---------------  -------------------  ----  --------  --------  ------  -------------  ------------------  --------------------  ----------------  ------------------  ------------------
                                                                                            1 TRANSACTIONS, PAGE TOTAL             495,000             3,800
                                                                                            1 TRANSACTIONS, BANK TOTAL             495,000             3,800

PAGE:   4                                             PT. ALTO NETWORK                                   DATE: 30/05/22
REPORT ID: DNLDT04A                                   DAILY TRANSFER DESCRIPTION LISTING AS ACQUIRER             TIME: 04:45:47

SETTLEMENT DATE        : 29/05/22
ISSUER F.I. NO.        : (1092) TELKOM
BENEFICIARY F.I. NO.   : (1062) SeaBank

   TERMINAL  TRACE NUMBER     CARD ACCOUNT         RCPT  RCPT      RCPT      TRANS   FROM           TO                  AMOUNT                  INTERCHANGE       REFERENCE           NOTES
   NO.       ACQ / SWT        NUMBER               NBR   DATE      TIME      TYPE    ACCOUNT        ACCOUNT             TRANSFER                FEE DUE FR.       NUMBER
   --------  ---------------  -------------------  ----  --------  --------  ------  -------------  ------------------  --------------------  ----------------  ------------------  ------------------
    T-MONEY  031604 / 006685  0006376865100444579  3109  29/05/22  11:11:32  PMT SA     5100444579        901406654055             460,992             3,800                                            
   --------  ---------------  -------------------  ----  --------  --------  ------  -------------  ------------------  --------------------  ----------------  ------------------  ------------------
                                                                                            1 TRANSACTIONS, PAGE TOTAL             460,992             3,800
                                                                                            1 TRANSACTIONS, BANK TOTAL             460,992             3,800

PAGE:   5                                             PT. ALTO NETWORK                                   DATE: 30/05/22
REPORT ID: DNLDT04A                                   DAILY TRANSFER DESCRIPTION LISTING AS ACQUIRER             TIME: 04:45:47

SETTLEMENT DATE        : 29/05/22
ISSUER F.I. NO.        : (1092) TELKOM
BENEFICIARY F.I. NO.   : (1068) Rintis

   TERMINAL  TRACE NUMBER     CARD ACCOUNT         RCPT  RCPT      RCPT      TRANS   FROM           TO                  AMOUNT                  INTERCHANGE       REFERENCE           NOTES
   NO.       ACQ / SWT        NUMBER               NBR   DATE      TIME      TYPE    ACCOUNT        ACCOUNT             TRANSFER                FEE DUE FR.       NUMBER
   --------  ---------------  -------------------  ----  --------  --------  ------  -------------  ------------------  --------------------  ----------------  ------------------  ------------------
    T-MONEY  031481 / 030751  0006376865285672497  9394  29/05/22  09:07:17  PMT SA     5285672497          1173457858             825,000             3,500                        TRX TO Bank Syariah 
    T-MONEY  031487 / 031196  0006376865100444579  0767  29/05/22  09:10:54  PMT SA     5100444579          8908435470             320,000             3,500                        TRX TO Bank Syariah 
    T-MONEY  031542 / 006193  0006376865116838138  2425  29/05/22  10:08:15  PMT SA     5116838138          1713506290           5,900,000             3,500                        TRX TO Bank Syariah 
    T-MONEY  031560 / 008517  0006376865100444579  1515  29/05/22  10:23:45  PMT SA     5100444579      24302030023390             550,000             3,500                        TRX TO Bank SUMUT   
    T-MONEY  031650 / 023553  0006376865238221912  1020  29/05/22  12:08:30  PMT SA     5238221912          1051023605              87,000             3,500                        TRX TO Bank Syariah 
    T-MONEY  031683 / 029480  0006376865100444579  1761  29/05/22  12:49:26  PMT SA     5100444579      13302040044624             155,000             3,500                        TRX TO Bank SUMUT   
    T-MONEY  031842 / 023018  0006376865187182670  5582  29/05/22  15:55:47  PMT SA     5187182670          3365887270           3,300,000             3,500                        TRX TO Bank Syariah 
    T-MONEY  032019 / 021708  0006376865105808260  3568  29/05/22  19:14:58  PMT SA     5105808260          7015509548           7,000,000             3,500                        TRX TO Bank Syariah 
   --------  ---------------  -------------------  ----  --------  --------  ------  -------------  ------------------  --------------------  ----------------  ------------------  ------------------
                                                                                            8 TRANSACTIONS, PAGE TOTAL          18,137,000            28,000
                                                                                            8 TRANSACTIONS, BANK TOTAL          18,137,000            28,000

PAGE:   6                                             PT. ALTO NETWORK                                   DATE: 30/05/22
REPORT ID: DNLDT04A                                   DAILY TRANSFER DESCRIPTION LISTING AS ACQUIRER             TIME: 04:45:47

SETTLEMENT DATE        : 29/05/22
ISSUER F.I. NO.        : (1092) TELKOM
BENEFICIARY F.I. NO.   : (1069) ArtaJasa

   TERMINAL  TRACE NUMBER     CARD ACCOUNT         RCPT  RCPT      RCPT      TRANS   FROM           TO                  AMOUNT                  INTERCHANGE       REFERENCE           NOTES
   NO.       ACQ / SWT        NUMBER               NBR   DATE      TIME      TYPE    ACCOUNT        ACCOUNT             TRANSFER                FEE DUE FR.       NUMBER
   --------  ---------------  -------------------  ----  --------  --------  ------  -------------  ------------------  --------------------  ----------------  ------------------  ------------------
    T-MONEY  031271 / 029505  0006376865280871031  4662  29/05/22  00:31:02  PMT SA     5280871031    2849085251602854              43,800             3,500                        TRX TO Bank CIMB NIA
    T-MONEY  031278 / 030096  0006376865106350763  8785  29/05/22  00:36:50  PMT SA     5106350763       1560002630525           5,590,000             3,500                        TRX TO Bank Mandiri 
    T-MONEY  031282 / 030211  0006376865106350763  8789  29/05/22  00:38:07  PMT SA     5106350763       1560002630525             998,000             3,500                        TRX TO Bank Mandiri 
    T-MONEY  031284 / 030263  0006376865241382994  9760  29/05/22  00:38:38  PMT SA     5241382994       1690001332367              29,410             3,500                        TRX TO Bank Mandiri 
    T-MONEY  031291 / 031396  0006376865241856007  2968  29/05/22  00:50:23  PMT SA     5241856007    2849083837061325             659,500             3,500                        TRX TO Bank CIMB NIA
    T-MONEY  031296 / 032421  0006376865216923470  2682  29/05/22  01:01:24  PMT SA     5216923470       1560014561452             274,500             3,500                        TRX TO Bank Mandiri 
    T-MONEY  031298 / 032503  0006376865216923470  0403  29/05/22  01:02:06  PMT SA     5216923470       1560014561452           2,424,500             3,500                        TRX TO Bank Mandiri 
    T-MONEY  031312 / 001147  0006376865101413407  5073  29/05/22  01:43:09  PMT SA     5101413407     151601018328507             670,000             3,500                        TRX TO Bank BRI     
    T-MONEY  031336 / 009753  0006376865248430758  8819  29/05/22  03:35:02  PMT SA     5248430758       1460021119883              52,500             3,500                        TRX TO Bank Mandiri 
    T-MONEY  031342 / 011083  0006376865110400926  1522  29/05/22  04:11:14  PMT SA     5110400926       1420004764071             900,000             3,500                        TRX TO Bank Mandiri 
    T-MONEY  031358 / 015740  0006376865119782435  5521  29/05/22  05:44:37  PMT SA     5119782435          0811698865           2,000,000             3,500                        TRX TO TELKOMSEL (TC
    T-MONEY  031363 / 002571  0006376865211391372  8795  29/05/22  05:53:39  PMT SA     5211391372     399701016278530              95,000             3,500                        TRX TO Bank BRI     
    T-MONEY  031370 / 017746  0006376865294146308  6959  29/05/22  06:10:06  PMT SA     5294146308        081217129590              20,000             3,500                        TRX TO TELKOMSEL (TC
    T-MONEY  031372 / 017762  0006376865177771536  1696  29/05/22  06:10:18  PMT SA     5177771536       0310004933373           4,400,000             3,500                        TRX TO Bank Mandiri 
    T-MONEY  031377 / 009537  0006376865100444579  6977  29/05/22  06:15:58  PMT SA     5100444579     096801024776534           1,000,000             3,500                        TRX TO Bank BRI     
    T-MONEY  031382 / 019560  0006376865145532682  5926  29/05/22  06:28:15  PMT SA     5145532682          1010081607           4,500,000             3,500                        TRX TO Bank Muamalat
    T-MONEY  031384 / 019634  0006376865220486662  6801  29/05/22  06:29:01  PMT SA     5220486662       1330016311292              61,500             3,500                        TRX TO Bank Mandiri 
    T-MONEY  031386 / 019920  0006376865254724299  8234  29/05/22  06:31:33  PMT SA     5254724299        085759999911              10,000             3,500                        TRX TO TELKOMSEL (TC
    T-MONEY  031405 / 023425  0006376865131239825  4019  29/05/22  07:02:39  PMT SA     5131239825       1030002573331           5,600,000             3,500                        TRX TO Bank Mandiri 
    T-MONEY  031407 / 023504  0006376865100444579  4200  29/05/22  07:03:20  PMT SA     5100444579        046211000463              48,000             3,500                        TRX TO Bank BPD DIY 
    T-MONEY  031414 / 025467  0006376865100444579  3851  29/05/22  07:17:31  PMT SA     5100444579       1070015245014           2,697,000             3,500                        TRX TO Bank Mandiri 
    T-MONEY  031425 / 014566  0006376865288293361  0980  29/05/22  07:32:50  PMT SA     5288293361     554501033579534             200,000             3,500                        TRX TO Bank BRI     
    T-MONEY  031430 / 028753  0006376865217143496  2268  29/05/22  07:38:44  PMT SA     5217143496       1480018171499             180,000             3,500                        TRX TO Bank Mandiri 
    T-MONEY  031432 / 029389  0006376865267171465  7300  29/05/22  07:42:41  PMT SA     5267171465       1790002346604           5,195,000             3,500                        TRX TO Bank Mandiri 
    T-MONEY  031435 / 029882  0006376865279454200  2819  29/05/22  07:45:30  PMT SA     5279454200         90260028809           9,900,000             3,500                        TRX TO Bank BTP     
    T-MONEY  031439 / 030723  0006376865100444579  4750  29/05/22  07:50:17  PMT SA     5100444579       1420015714412              80,000             3,500                        TRX TO Bank Mandiri 
    T-MONEY  031441 / 030789  0006376865279454200  7785  29/05/22  07:50:38  PMT SA     5279454200         90260028809              80,000             3,500                        TRX TO Bank BTP     
    T-MONEY  031447 / 001173  0006376865290151295  2585  29/05/22  08:07:21  PMT SA     5290151295       1660003133550              74,368             3,500                        TRX TO Bank Mandiri 
    T-MONEY  031452 / 002886  0006376865136865107  5863  29/05/22  08:16:36  PMT SA     5136865107       1280001007662           2,600,000             3,500                        TRX TO Bank Mandiri 
    T-MONEY  031453 / 002993  0006376865180347937  9559  29/05/22  08:17:08  PMT SA     5180347937       1450004308991           5,280,000             3,500                        TRX TO Bank Mandiri 
    T-MONEY  031459 / 005258  0006376865114168202  3737  29/05/22  08:28:58  PMT SA     5114168202       1350004600308           5,050,000             3,500                        TRX TO Bank Mandiri 
    T-MONEY  031461 / 006391  0006376865162292656  5379  29/05/22  08:34:39  PMT SA     5162292656       0700098785384             600,000             3,500                        TRX TO Bank Mandiri 
    T-MONEY  031468 / 008418  0006376865287605668  2850  29/05/22  08:44:30  PMT SA     5287605668       1480017796742              60,000             3,500                        TRX TO Bank Mandiri 
    T-MONEY  031479 / 013166  0006376865239017175  9512  29/05/22  09:06:13  PMT SA     5239017175         90013026393           4,915,000             3,500                        TRX TO Bank BTP     
    T-MONEY  031497 / 015933  0006376865241103393  3548  29/05/22  09:18:18  PMT SA     5241103393    2849081238567377              20,000             3,500                        TRX TO Bank CIMB NIA
    T-MONEY  031501 / 017888  0006376865274029183  0109  29/05/22  09:26:14  PMT SA     5274029183       1520014145284              65,000             3,500                        TRX TO Bank Mandiri 
    T-MONEY  031507 / 020078  0006376865259582595  8839  29/05/22  09:35:33  PMT SA     5259582595        082251194409              85,680             3,500                        TRX TO TELKOMSEL (TC
    T-MONEY  031512 / 020407  0006376865100444579  5214  29/05/22  09:37:02  PMT SA     5100444579       1550007872560             995,000             3,500                        TRX TO Bank Mandiri 
    T-MONEY  031519 / 020653  0006376865100444579  8945  29/05/22  09:38:04  PMT SA     5100444579       1650001005660             179,401             3,500                        TRX TO Bank Mandiri 
    T-MONEY  031521 / 022360  0006376865228672636  7327  29/05/22  09:45:02  PMT SA     5228672636       9000036172287             300,000             3,500                        TRX TO Bank Mandiri 
    T-MONEY  031526 / 022619  0006376865228672636  3803  29/05/22  09:46:02  PMT SA     5228672636       9000036172287             230,000             3,500                        TRX TO Bank Mandiri 
    T-MONEY  031528 / 024030  0006376865199699017  6792  29/05/22  09:51:53  PMT SA     5199699017       1050005062678           2,950,000             3,500                        TRX TO Bank Mandiri 
    T-MONEY  031535 / 025787  0006376865100047679  6399  29/05/22  09:59:32  PMT SA     5100047679       9000043068130             962,000             3,500                        TRX TO Bank Mandiri 
    T-MONEY  031547 / 029802  0006376865214996106  7470  29/05/22  10:14:33  PMT SA     5214996106        706347546300              41,000             3,500                        TRX TO Bank CIMB NIA
    T-MONEY  031550 / 030300  0006376865100444579  0958  29/05/22  10:16:32  PMT SA     5100444579       9030311009966           2,150,000             3,500                        TRX TO BPD Kalsel   
    T-MONEY  031552 / 030646  0006376865278176600  0779  29/05/22  10:18:05  PMT SA     5278176600        701991338900              50,000             3,500                        TRX TO Bank CIMB NIA
    T-MONEY  031576 / 004244  0006376865100444579  7968  29/05/22  10:42:14  PMT SA     5100444579          2020230587              49,600             3,500                        TRX TO Bank Jateng  
    T-MONEY  031578 / 004897  0006376865149594587  1412  29/05/22  10:44:32  PMT SA     5149594587       1210010331274           7,699,500             3,500                        TRX TO Bank Mandiri 
   --------  ---------------  -------------------  ----  --------  --------  ------  -------------  ------------------  --------------------  ----------------  ------------------  ------------------
                                                                                           48 TRANSACTIONS, PAGE TOTAL          82,065,259           168,000

PAGE:   7                                             PT. ALTO NETWORK                                   DATE: 30/05/22
REPORT ID: DNLDT04A                                   DAILY TRANSFER DESCRIPTION LISTING AS ACQUIRER             TIME: 04:45:47

SETTLEMENT DATE        : 29/05/22
ISSUER F.I. NO.        : (1092) TELKOM
BENEFICIARY F.I. NO.   : (1069) ArtaJasa

   TERMINAL  TRACE NUMBER     CARD ACCOUNT         RCPT  RCPT      RCPT      TRANS   FROM           TO                  AMOUNT                  INTERCHANGE       REFERENCE           NOTES
   NO.       ACQ / SWT        NUMBER               NBR   DATE      TIME      TYPE    ACCOUNT        ACCOUNT             TRANSFER                FEE DUE FR.       NUMBER
   --------  ---------------  -------------------  ----  --------  --------  ------  -------------  ------------------  --------------------  ----------------  ------------------  ------------------
    T-MONEY  031583 / 006016  0006376865254843607  5911  29/05/22  10:48:46  PMT SA     5254843607       1480017904981              76,950             3,500                        TRX TO Bank Mandiri 
    T-MONEY  031585 / 011228  0006376865229968299  3965  29/05/22  10:51:50  PMT SA     5229968299     699601011183533              70,000             3,500                        TRX TO Bank BRI     
    T-MONEY  031590 / 008855  0006376865132689725  4999  29/05/22  11:00:06  PMT SA     5132689725       1290005486812           6,000,000             3,500                        TRX TO Bank Mandiri 
    T-MONEY  031592 / 009688  0006376865101586379  9453  29/05/22  11:03:27  PMT SA     5101586379       1310016295307              12,000             3,500                        TRX TO Bank Mandiri 
    T-MONEY  031594 / 009917  0006376865113156952  6137  29/05/22  11:04:26  PMT SA     5113156952       0700007119675           6,139,500             3,500                        TRX TO Bank Mandiri 
    T-MONEY  031598 / 010773  0006376865197816589  4871  29/05/22  11:07:40  PMT SA     5197816589       1250010739548             700,000             3,500                        TRX TO Bank Mandiri 
    T-MONEY  031601 / 011668  0006376865259620693  2306  29/05/22  11:10:34  PMT SA     5259620693       1240007560916           5,820,000             3,500                        TRX TO Bank Mandiri 
    T-MONEY  031606 / 012446  0006376865246806174  2591  29/05/22  11:13:17  PMT SA     5246806174        081361239900             140,000             3,500                        TRX TO TELKOMSEL (TC
    T-MONEY  031615 / 004295  0006376865100444579  0903  29/05/22  11:15:21  PMT SA     5100444579     425501019653536              30,000             3,500                        TRX TO Bank BRI     
    T-MONEY  031623 / 015982  0006376865107498958  4709  29/05/22  11:27:08  PMT SA     5107498958       1030004849986           3,000,000             3,500                        TRX TO Bank Mandiri 
    T-MONEY  031627 / 027743  0006376865100444579  4976  29/05/22  11:36:15  PMT SA     5100444579     623501017546537             216,586             3,500                        TRX TO Bank BRI     
    T-MONEY  031644 / 024130  0006376865258899043  6289  29/05/22  11:58:32  PMT SA     5258899043       9000005131421              68,000             3,500                        TRX TO Bank Mandiri 
    T-MONEY  031648 / 025959  0006376865180059506  7192  29/05/22  12:05:35  PMT SA     5180059506       1380002176332             500,000             3,500                        TRX TO Bank Mandiri 
    T-MONEY  031663 / 022706  0006376865173362843  5526  29/05/22  12:30:35  PMT SA     5173362843     007101004003530           4,500,000             3,500                        TRX TO Bank BRI     
    T-MONEY  031667 / 032729  0006376865150257645  6872  29/05/22  12:32:56  PMT SA     5150257645         08122007475             500,000             3,500                        TRX TO TELKOMSEL (TC
    T-MONEY  031669 / 000126  0006376865257387091  9112  29/05/22  12:33:35  PMT SA     5257387091       9000021723409              35,000             3,500                        TRX TO Bank Mandiri 
    T-MONEY  031670 / 000143  0006376865101493098  7076  29/05/22  12:33:39  PMT SA     5101493098       1270001042017             290,000             3,500                        TRX TO Bank Mandiri 
    T-MONEY  031673 / 000275  0006376865100444579  5199  29/05/22  12:34:10  PMT SA     5100444579       1410022116370           2,865,000             3,500                        TRX TO Bank Mandiri 
    T-MONEY  031688 / 014599  0006376865100444579  1488  29/05/22  12:52:55  PMT SA     5100444579     322901005808505             150,000             3,500                        TRX TO Bank BRI     
    T-MONEY  031701 / 008157  0006376865124163008  3775  29/05/22  13:05:37  PMT SA     5124163008       1120016475886           1,000,000             3,500                        TRX TO Bank Mandiri 
    T-MONEY  031703 / 008810  0006376865294184172  8220  29/05/22  13:08:33  PMT SA     5294184172        082134680303              23,600             3,500                        TRX TO TELKOMSEL (TC
    T-MONEY  031707 / 009522  0006376865199206110  1382  29/05/22  13:11:24  PMT SA     5199206110       1310002119016             500,000             3,500                        TRX TO Bank Mandiri 
    T-MONEY  031709 / 001960  0006376865260319586  4487  29/05/22  13:11:32  PMT SA     5260319586     041901028509506           5,100,000             3,500                        TRX TO Bank BRI     
    T-MONEY  031711 / 009612  0006376865235170832  9887  29/05/22  13:11:46  PMT SA     5235170832       1320023607154              87,000             3,500                        TRX TO Bank Mandiri 
    T-MONEY  031723 / 013544  0006376865176141101  7562  29/05/22  13:28:14  PMT SA     5176141101       0700001060313           4,200,000             3,500                        TRX TO Bank Mandiri 
    T-MONEY  031726 / 015305  0006376865106199868  7822  29/05/22  13:34:48  PMT SA     5106199868       1300005793115           6,564,000             3,500                        TRX TO Bank Mandiri 
    T-MONEY  031731 / 018754  0006376865299064349  7657  29/05/22  13:49:06  PMT SA     5299064349       1200012469990              16,500             3,500                        TRX TO Bank Mandiri 
    T-MONEY  031733 / 019024  0006376865100444579  5533  29/05/22  13:50:21  PMT SA     5100444579        004211038854             340,000             3,500                        TRX TO Bank BPD DIY 
    T-MONEY  031735 / 019616  0006376865261957406  2859  29/05/22  13:52:43  PMT SA     5261957406       1320018096983           2,425,000             3,500                        TRX TO Bank Mandiri 
    T-MONEY  031738 / 021271  0006376865148926938  9165  29/05/22  13:59:25  PMT SA     5148926938        085100024825             500,000             3,500                        TRX TO TELKOMSEL (TC
    T-MONEY  031741 / 021861  0006376865290089495  4738  29/05/22  14:01:54  PMT SA     5290089495       1120018160841           4,590,000             3,500                        TRX TO Bank Mandiri 
    T-MONEY  031746 / 022938  0006376865100003668  7171  29/05/22  14:06:10  PMT SA     5100003668       1440012224827             904,500             3,500                        TRX TO Bank Mandiri 
    T-MONEY  031753 / 026497  0006376865292223424  7750  29/05/22  14:20:35  PMT SA     5292223424       1330016786964             100,000             3,500                        TRX TO Bank Mandiri 
    T-MONEY  031759 / 028182  0006376865177528001  6966  29/05/22  14:27:59  PMT SA     5177528001       1310006905345           5,234,500             3,500                        TRX TO Bank Mandiri 
    T-MONEY  031761 / 029022  0006376865132702055  3757  29/05/22  14:31:52  PMT SA     5132702055       0060003041013             220,000             3,500                        TRX TO Bank Mandiri 
    T-MONEY  031766 / 030867  0006376865221699021  3522  29/05/22  14:39:56  PMT SA     5221699021       9000029545242           1,394,500             3,500                        TRX TO Bank Mandiri 
    T-MONEY  031777 / 032755  0006376865105495623  2943  29/05/22  14:48:32  PMT SA     5105495623       1360016045509           4,480,000             3,500                        TRX TO Bank Mandiri 
    T-MONEY  031781 / 001330  0006376865145388351  8320  29/05/22  14:54:15  PMT SA     5145388351      28490811963634             300,000             3,500                        TRX TO Bank CIMB NIA
    T-MONEY  031785 / 002959  0006376865150257645  2448  29/05/22  15:01:28  PMT SA     5150257645         08122007475             500,000             3,500                        TRX TO TELKOMSEL (TC
    T-MONEY  031787 / 003234  0006376865105536522  9806  29/05/22  15:02:29  PMT SA     5105536522         90014480537           3,183,000             3,500                        TRX TO Bank BTP     
    T-MONEY  031792 / 005282  0006376865101374348  7371  29/05/22  15:11:03  PMT SA     5101374348       1450009914629              80,000             3,500                        TRX TO Bank Mandiri 
    T-MONEY  031799 / 006928  0006376865143478490  4895  29/05/22  15:18:35  PMT SA     5143478490       1210007055415             500,000             3,500                        TRX TO Bank Mandiri 
    T-MONEY  031801 / 008143  0006376865100203133  8164  29/05/22  15:24:09  PMT SA     5100203133       1140011888719             850,000             3,500                        TRX TO Bank Mandiri 
    T-MONEY  031808 / 009822  0006376865213981427  7937  29/05/22  15:31:24  PMT SA     5213981427       1300017448740              72,000             3,500                        TRX TO Bank Mandiri 
    T-MONEY  031810 / 010367  0006376865100010855  8353  29/05/22  15:33:37  PMT SA     5100010855       9000001669309           2,254,500             3,500                        TRX TO Bank Mandiri 
    T-MONEY  031819 / 011918  0006376865276701046  3294  29/05/22  15:40:48  PMT SA     5276701046       1490013353869             100,000             3,500                        TRX TO Bank Mandiri 
    T-MONEY  031825 / 012566  0006376865100010805  9330  29/05/22  15:43:32  PMT SA     5100010805       0700007772879           2,604,500             3,500                        TRX TO Bank Mandiri 
    T-MONEY  031827 / 012948  0006376865232817979  3413  29/05/22  15:45:06  PMT SA     5232817979       1610005698324              30,000             3,500                        TRX TO Bank Mandiri 
   --------  ---------------  -------------------  ----  --------  --------  ------  -------------  ------------------  --------------------  ----------------  ------------------  ------------------
                                                                                           48 TRANSACTIONS, PAGE TOTAL          79,266,636           168,000

PAGE:   8                                             PT. ALTO NETWORK                                   DATE: 30/05/22
REPORT ID: DNLDT04A                                   DAILY TRANSFER DESCRIPTION LISTING AS ACQUIRER             TIME: 04:45:47

SETTLEMENT DATE        : 29/05/22
ISSUER F.I. NO.        : (1092) TELKOM
BENEFICIARY F.I. NO.   : (1069) ArtaJasa

   TERMINAL  TRACE NUMBER     CARD ACCOUNT         RCPT  RCPT      RCPT      TRANS   FROM           TO                  AMOUNT                  INTERCHANGE       REFERENCE           NOTES
   NO.       ACQ / SWT        NUMBER               NBR   DATE      TIME      TYPE    ACCOUNT        ACCOUNT             TRANSFER                FEE DUE FR.       NUMBER
   --------  ---------------  -------------------  ----  --------  --------  ------  -------------  ------------------  --------------------  ----------------  ------------------  ------------------
    T-MONEY  031833 / 014021  0006376865287651154  9487  29/05/22  15:49:39  PMT SA     5287651154        082216643166             144,000             3,500                        TRX TO TELKOMSEL (TC
    T-MONEY  031846 / 016090  0006376865187443891  0944  29/05/22  15:58:31  PMT SA     5187443891       1060005504082           2,554,500             3,500                        TRX TO Bank Mandiri 
    T-MONEY  031848 / 017558  0006376865284615914  0090  29/05/22  16:04:23  PMT SA     5284615914       1230010354191              23,000             3,500                        TRX TO Bank Mandiri 
    T-MONEY  031862 / 019672  0006376865212106781  8762  29/05/22  16:13:16  PMT SA     5212106781       1410019229293             250,000             3,500                        TRX TO Bank Mandiri 
    T-MONEY  031865 / 021530  0006376865184049324  5536  29/05/22  16:20:41  PMT SA     5184049324       1310003115948           6,800,000             3,500                        TRX TO Bank Mandiri 
    T-MONEY  031873 / 025854  0006376865190246311  5740  29/05/22  16:38:28  PMT SA     5190246311       1090011156551           4,000,000             3,500                        TRX TO Bank Mandiri 
    T-MONEY  031875 / 017876  0006376865127407320  4707  29/05/22  16:43:10  PMT SA     5127407320     032501009947506           6,200,000             3,500                        TRX TO Bank BRI     
    T-MONEY  031879 / 029967  0006376865101333509  9981  29/05/22  16:56:06  PMT SA     5101333509       1320014760749             394,500             3,500                        TRX TO Bank Mandiri 
    T-MONEY  031883 / 030835  0006376865261156491  0471  29/05/22  16:59:58  PMT SA     5261156491       1450014120204           1,220,000             3,500                        TRX TO Bank Mandiri 
    T-MONEY  031886 / 032250  0006376865186351555  7038  29/05/22  17:05:44  PMT SA     5186351555       1330007113723           4,494,500             3,500                        TRX TO Bank Mandiri 
    T-MONEY  031895 / 018641  0006376865233013092  3215  29/05/22  17:14:22  PMT SA     5233013092     518201002220500             575,000             3,500                        TRX TO Bank BRI     
    T-MONEY  031899 / 002342  0006376865298022893  8606  29/05/22  17:17:46  PMT SA     5298022893       1600004250490             100,000             3,500                        TRX TO Bank Mandiri 
    T-MONEY  031903 / 002952  0006376865100004596  8747  29/05/22  17:20:16  PMT SA     5100004596       1310013802535             720,000             3,500                        TRX TO Bank Mandiri 
    T-MONEY  031905 / 003247  0006376865101491549  1163  29/05/22  17:21:23  PMT SA     5101491549       1310004259497           1,000,000             3,500                        TRX TO Bank Mandiri 
    T-MONEY  031909 / 027365  0006376865263653820  7283  29/05/22  17:22:20  PMT SA     5263653820     586501022972537              50,000             3,500                        TRX TO Bank BRI     
    T-MONEY  031910 / 003671  0006376865135648450  2640  29/05/22  17:22:59  PMT SA     5135648450       0700098788214           7,000,000             3,500                        TRX TO Bank Mandiri 
    T-MONEY  031916 / 004523  0006376865128154519  3261  29/05/22  17:26:16  PMT SA     5128154519          0811266000              40,000             3,500                        TRX TO TELKOMSEL (TC
    T-MONEY  031923 / 008420  0006376865188200490  5470  29/05/22  17:42:06  PMT SA     5188200490       0700002141518           2,900,000             3,500                        TRX TO Bank Mandiri 
    T-MONEY  031930 / 009189  0006376865119019927  8019  29/05/22  17:45:01  PMT SA     5119019927        081212010904             250,000             3,500                        TRX TO TELKOMSEL (TC
    T-MONEY  031937 / 010222  0006376865212106781  3833  29/05/22  17:49:16  PMT SA     5212106781       1410019229293             200,000             3,500                        TRX TO Bank Mandiri 
    T-MONEY  031944 / 010849  0006376865100444579  8707  29/05/22  17:51:51  PMT SA     5100444579       1410022116370             997,000             3,500                        TRX TO Bank Mandiri 
    T-MONEY  031947 / 012116  0006376865100444579  5721  29/05/22  17:57:20  PMT SA     5100444579          2019248073             110,000             3,500                        TRX TO Bank Jateng  
    T-MONEY  031951 / 012911  0006376865100444579  2293  29/05/22  18:00:48  PMT SA     5100444579          3025123386           1,850,000             3,500                        TRX TO Bank Jateng  
    T-MONEY  031953 / 013205  0006376865100003493  4676  29/05/22  18:01:55  PMT SA     5100003493       1360007404863           1,370,000             3,500                        TRX TO Bank Mandiri 
    T-MONEY  031971 / 018783  0006376865219020374  3706  29/05/22  18:23:25  PMT SA     5219020374       1480017650279              20,000             3,500                        TRX TO Bank Mandiri 
    T-MONEY  031973 / 018889  0006376865100011626  5505  29/05/22  18:23:44  PMT SA     5100011626       1310006248324           3,100,000             3,500                        TRX TO Bank Mandiri 
    T-MONEY  031984 / 020510  0006376865252875555  3654  29/05/22  18:29:17  PMT SA     5252875555        705274422200              70,000             3,500                        TRX TO Bank CIMB NIA
    T-MONEY  032017 / 031250  0006376865158652290  8566  29/05/22  19:08:00  PMT SA     5158652290       1030006910828             200,000             3,500                        TRX TO Bank Mandiri 
    T-MONEY  032030 / 006391  0006376865101333374  5944  29/05/22  19:36:45  PMT SA     5101333374         90012250214           4,104,500             3,500                        TRX TO Bank BTP     
    T-MONEY  032069 / 020590  0006376865100711270  3217  29/05/22  20:29:20  PMT SA     5100711270       1320023216477              96,400             3,500                        TRX TO Bank Mandiri 
    T-MONEY  032077 / 003635  0006376865248875267  6161  29/05/22  20:41:20  PMT SA     5248875267     377501029486538             700,000             3,500                        TRX TO Bank BRI     
    T-MONEY  032082 / 025931  0006376865165411439  4355  29/05/22  20:49:35  PMT SA     5165411439       1030004809840           6,294,500             3,500                        TRX TO Bank Mandiri 
    T-MONEY  032084 / 026204  0006376865165411439  7954  29/05/22  20:50:44  PMT SA     5165411439       1420006166333           9,989,500             3,500                        TRX TO Bank Mandiri 
    T-MONEY  032086 / 026523  0006376865165411439  0732  29/05/22  20:51:53  PMT SA     5165411439       1170004161121           5,544,500             3,500                        TRX TO Bank Mandiri 
    T-MONEY  032088 / 026589  0006376865245467547  9036  29/05/22  20:52:08  PMT SA     5245467547       1540016786141             200,000             3,500                        TRX TO Bank Mandiri 
    T-MONEY  032091 / 026764  0006376865190246311  5536  29/05/22  20:52:51  PMT SA     5190246311       1090011156551             440,000             3,500                        TRX TO Bank Mandiri 
    T-MONEY  032110 / 028999  0006376865289271854  6906  29/05/22  21:08:08  PMT SA     5289271854     437901013622537              50,000             3,500                        TRX TO Bank BRI     
    T-MONEY  032113 / 000199  0006376865163766853  0131  29/05/22  21:18:34  PMT SA     5163766853       1310002015065           5,300,000             3,500                        TRX TO Bank Mandiri 
    T-MONEY  032115 / 000682  0006376865258157234  8569  29/05/22  21:20:37  PMT SA     5258157234       1610005619551             950,000             3,500                        TRX TO Bank Mandiri 
    T-MONEY  032149 / 007676  0006376865284526493  3002  29/05/22  21:54:41  PMT SA     5284526493    2849081312619858             350,000             3,500                        TRX TO Bank CIMB NIA
    T-MONEY  032164 / 009923  0006376865290231980  9172  29/05/22  22:06:05  PMT SA     5290231980       1330018533620              75,000             3,500                        TRX TO Bank Mandiri 
    T-MONEY  032167 / 010720  0006376865100118339  1516  29/05/22  22:10:10  PMT SA     5100118339       9000036496199             337,090             3,500                        TRX TO Bank Mandiri 
    T-MONEY  032170 / 011456  0006376865295417643  2432  29/05/22  22:14:31  PMT SA     5295417643       1630003973826              55,000             3,500                        TRX TO Bank Mandiri 
    T-MONEY  032179 / 013861  0006376865127516546  3551  29/05/22  22:29:22  PMT SA     5127516546       1520007579077           6,200,000             3,500                        TRX TO Bank Mandiri 
    T-MONEY  032190 / 032035  0006376865269166903  6282  29/05/22  22:56:26  PMT SA     5269166903     053901001186533           9,900,000             3,500                        TRX TO Bank BRI     
   --------  ---------------  -------------------  ----  --------  --------  ------  -------------  ------------------  --------------------  ----------------  ------------------  ------------------
                                                                                           45 TRANSACTIONS, PAGE TOTAL          97,218,990           157,500
                                                                                          141 TRANSACTIONS, BANK TOTAL         258,550,885           493,500

PAGE:   9                                             PT. ALTO NETWORK                                   DATE: 30/05/22
REPORT ID: DNLDT04A                                   DAILY TRANSFER DESCRIPTION LISTING AS ACQUIRER             TIME: 04:45:47

SETTLEMENT DATE        : 29/05/22
ISSUER F.I. NO.        : (1092) TELKOM
BENEFICIARY F.I. NO.   : (1094) BCA

   TERMINAL  TRACE NUMBER     CARD ACCOUNT         RCPT  RCPT      RCPT      TRANS   FROM           TO                  AMOUNT                  INTERCHANGE       REFERENCE           NOTES
   NO.       ACQ / SWT        NUMBER               NBR   DATE      TIME      TYPE    ACCOUNT        ACCOUNT             TRANSFER                FEE DUE FR.       NUMBER
   --------  ---------------  -------------------  ----  --------  --------  ------  -------------  ------------------  --------------------  ----------------  ------------------  ------------------
    T-MONEY  031273 / 029547  0006376865130434933  8399  29/05/22  00:32:03  PMT SA     5130434933          7390420107           2,000,000             3,800                                            
    T-MONEY  031318 / 028246  0006376865100444579  2166  29/05/22  01:53:27  PMT SA     5100444579          3580416364             134,000             3,800                                            
    T-MONEY  031320 / 029518  0006376865243203989  4289  29/05/22  01:54:44  PMT SA     5243203989          5680225232           1,000,000             3,800                                            
    T-MONEY  031355 / 009438  0006376865100444579  6778  29/05/22  05:35:20  PMT SA     5100444579          7570434416           1,790,000             3,800                                            
    T-MONEY  031366 / 013232  0006376865100444579  1514  29/05/22  05:55:30  PMT SA     5100444579          1920857325           4,443,000             3,800                                            
    T-MONEY  031379 / 019079  0006376865140048777  1504  29/05/22  06:23:57  PMT SA     5140048777          0200497171           4,240,000             3,800                                            
    T-MONEY  031400 / 027323  0006376865100084465  4641  29/05/22  06:54:42  PMT SA     5100084465          4501574354           4,900,000             3,800                                            
    T-MONEY  031419 / 005562  0006376865100444579  5537  29/05/22  07:19:32  PMT SA     5100444579          5780605849              47,000             3,800                                            
    T-MONEY  031423 / 010032  0006376865155863988  2518  29/05/22  07:30:53  PMT SA     5155863988          6860311834             575,000             3,800                                            
    T-MONEY  031471 / 018391  0006376865101371467  1338  29/05/22  08:46:56  PMT SA     5101371467          8905694614              73,000             3,800                                            
    T-MONEY  031492 / 004307  0006376865262800820  9943  29/05/22  09:14:34  PMT SA     5262800820          8623000506              47,500             3,800                                            
    T-MONEY  031494 / 004874  0006376865241103393  4998  29/05/22  09:15:15  PMT SA     5241103393          7725546840             300,000             3,800                                            
    T-MONEY  031524 / 027320  0006376865297204454  9454  29/05/22  09:45:36  PMT SA     5297204454          7940242872           4,900,000             3,800                                            
    T-MONEY  031533 / 002614  0006376865100444579  6154  29/05/22  09:55:51  PMT SA     5100444579          5120449771              53,000             3,800                                            
    T-MONEY  031538 / 011497  0006376865215545674  5182  29/05/22  10:06:57  PMT SA     5215545674          0940848580              34,000             3,800                                            
    T-MONEY  031545 / 014284  0006376865276048266  1734  29/05/22  10:10:26  PMT SA     5276048266          7580680555              10,900             3,800                                            
    T-MONEY  031558 / 023164  0006376865249336742  8393  29/05/22  10:20:50  PMT SA     5249336742          6550097271              43,000             3,800                                            
    T-MONEY  031567 / 002804  0006376865276454685  6607  29/05/22  10:35:29  PMT SA     5276454685          0561266564              50,000             3,800                                            
    T-MONEY  031599 / 030363  0006376865229255031  7095  29/05/22  11:07:47  PMT SA     5229255031          6755246011             100,000             3,800                                            
    T-MONEY  031609 / 003286  0006376865244662442  0909  29/05/22  11:14:41  PMT SA     5244662442          8291151175              46,900             3,800                                            
    T-MONEY  031634 / 001420  0006376865276716576  1753  29/05/22  11:51:12  PMT SA     5276716576          8415400116             100,000             3,800                                            
    T-MONEY  031641 / 007307  0006376865100444579  1523  29/05/22  11:58:06  PMT SA     5100444579          1150647068          10,000,000             3,800                                            
    T-MONEY  031645 / 007757  0006376865100444579  4596  29/05/22  11:58:36  PMT SA     5100444579          1150647068          10,000,000             3,800                                            
    T-MONEY  031653 / 020132  0006376865100444579  5858  29/05/22  12:12:58  PMT SA     5100444579          4670294302             400,000             3,800                                            
    T-MONEY  031659 / 031309  0006376865100444579  5876  29/05/22  12:25:54  PMT SA     5100444579          0181863331             175,000             3,800                                            
    T-MONEY  031661 / 001148  0006376865246689385  9673  29/05/22  12:28:55  PMT SA     5246689385          0182444489              11,000             3,800                                            
    T-MONEY  031685 / 018694  0006376865251824858  7377  29/05/22  12:49:47  PMT SA     5251824858          6900253221              60,000             3,800                                            
    T-MONEY  031691 / 027935  0006376865289078918  8666  29/05/22  13:00:46  PMT SA     5289078918          0440977766             100,000             3,800                                            
    T-MONEY  031694 / 030343  0006376865100444579  5137  29/05/22  13:03:32  PMT SA     5100444579          8465396900              29,000             3,800                                            
    T-MONEY  031696 / 030828  0006376865185307605  5423  29/05/22  13:04:04  PMT SA     5185307605          6815013844           2,750,000             3,800                                            
    T-MONEY  031716 / 007272  0006376865228988653  3971  29/05/22  13:14:37  PMT SA     5228988653          6910446469              11,000             3,800                                            
    T-MONEY  031718 / 007710  0006376865262303098  7834  29/05/22  13:15:07  PMT SA     5262303098          1341433521              43,000             3,800                                            
    T-MONEY  031748 / 023329  0006376865101333323  6866  29/05/22  14:11:43  PMT SA     5101333323          5405203143           4,844,500             3,800                                            
    T-MONEY  031750 / 023466  0006376865218905460  7661  29/05/22  14:11:52  PMT SA     5218905460          2451341822              70,000             3,800                                            
    T-MONEY  031756 / 031552  0006376865100444579  2087  29/05/22  14:21:39  PMT SA     5100444579          4586317881           1,000,000             3,800                                            
    T-MONEY  031789 / 002087  0006376865264899009  1916  29/05/22  15:05:25  PMT SA     5264899009          7040187353              52,700             3,800                                            
    T-MONEY  031805 / 021660  0006376865154825287  7328  29/05/22  15:28:52  PMT SA     5154825287          5415195009           1,500,000             3,800                                            
    T-MONEY  031806 / 021672  0006376865257490598  7859  29/05/22  15:28:53  PMT SA     5257490598          0154076260              74,000             3,800                                            
    T-MONEY  031815 / 028258  0006376865231409692  7068  29/05/22  15:36:56  PMT SA     5231409692          5780861829             220,000             3,800                                            
    T-MONEY  031830 / 004285  0006376865143478490  8343  29/05/22  15:47:31  PMT SA     5143478490          1981903477           2,000,000             3,800                                            
    T-MONEY  031837 / 007633  0006376865102384023  3227  29/05/22  15:51:45  PMT SA     5102384023          3470080948             222,950             3,800                                            
    T-MONEY  031852 / 018551  0006376865100444579  7266  29/05/22  16:05:18  PMT SA     5100444579          2670119192             111,000             3,800                                            
    T-MONEY  031858 / 024527  0006376865100444579  5144  29/05/22  16:11:56  PMT SA     5100444579          6241275890              40,000             3,800                                            
    T-MONEY  031871 / 014111  0006376865100444579  5070  29/05/22  16:37:28  PMT SA     5100444579          0213587428           2,755,840             3,800                                            
    T-MONEY  031892 / 013259  0006376865199412319  3497  29/05/22  17:12:45  PMT SA     5199412319          3990138078           9,000,000             3,800                                            
    T-MONEY  031919 / 000855  0006376865226723382  6995  29/05/22  17:35:21  PMT SA     5226723382          7360733500              29,000             3,800                                            
    T-MONEY  031925 / 007740  0006376865228706177  3199  29/05/22  17:42:57  PMT SA     5228706177          2380840301             100,000             3,800                                            
    T-MONEY  031939 / 013656  0006376865230333938  9228  29/05/22  17:49:40  PMT SA     5230333938          0901650666              33,000             3,800                                            
   --------  ---------------  -------------------  ----  --------  --------  ------  -------------  ------------------  --------------------  ----------------  ------------------  ------------------
                                                                                           48 TRANSACTIONS, PAGE TOTAL          70,519,290           182,400

PAGE:  10                                             PT. ALTO NETWORK                                   DATE: 30/05/22
REPORT ID: DNLDT04A                                   DAILY TRANSFER DESCRIPTION LISTING AS ACQUIRER             TIME: 04:45:47

SETTLEMENT DATE        : 29/05/22
ISSUER F.I. NO.        : (1092) TELKOM
BENEFICIARY F.I. NO.   : (1094) BCA

   TERMINAL  TRACE NUMBER     CARD ACCOUNT         RCPT  RCPT      RCPT      TRANS   FROM           TO                  AMOUNT                  INTERCHANGE       REFERENCE           NOTES
   NO.       ACQ / SWT        NUMBER               NBR   DATE      TIME      TYPE    ACCOUNT        ACCOUNT             TRANSFER                FEE DUE FR.       NUMBER
   --------  ---------------  -------------------  ----  --------  --------  ------  -------------  ------------------  --------------------  ----------------  ------------------  ------------------
    T-MONEY  031949 / 021867  0006376865194394795  3866  29/05/22  17:59:13  PMT SA     5194394795          4641446372             150,000             3,800                                            
    T-MONEY  031958 / 000158  0006376865113171166  3241  29/05/22  18:11:21  PMT SA     5113171166          7120458293             250,000             3,800                                            
    T-MONEY  031964 / 007790  0006376865257016986  8051  29/05/22  18:19:23  PMT SA     5257016986          2980724941              60,000             3,800                                            
    T-MONEY  031968 / 011179  0006376865100444579  0901  29/05/22  18:22:45  PMT SA     5100444579          0561429161             410,000             3,800                                            
    T-MONEY  031977 / 012758  0006376865222163507  7073  29/05/22  18:24:24  PMT SA     5222163507          5465310542              37,000             3,800                                            
    T-MONEY  031980 / 015473  0006376865245776996  2831  29/05/22  18:27:01  PMT SA     5245776996          7655089802              41,000             3,800                                            
    T-MONEY  031987 / 020998  0006376865100444579  1237  29/05/22  18:32:43  PMT SA     5100444579          7410854613           1,840,000             3,800                                            
    T-MONEY  031999 / 004635  0006376865278506617  9244  29/05/22  18:48:37  PMT SA     5278506617          1671759279              90,000             3,800                                            
    T-MONEY  032005 / 014410  0006376865235876720  0301  29/05/22  18:58:23  PMT SA     5235876720          6030481923           4,029,500             3,800                                            
    T-MONEY  032013 / 021565  0006376865260208027  1614  29/05/22  19:05:29  PMT SA     5260208027          7380321500           6,650,000             3,800                                            
    T-MONEY  032015 / 022203  0006376865292942299  6253  29/05/22  19:06:08  PMT SA     5292942299          8770809712              96,000             3,800                                            
    T-MONEY  032033 / 021995  0006376865235673287  2392  29/05/22  19:38:23  PMT SA     5235673287          1840967341              96,000             3,800                                            
    T-MONEY  032056 / 025177  0006376865299832575  9838  29/05/22  20:15:54  PMT SA     5299832575          4386069999           4,500,000             3,800                                            
    T-MONEY  032073 / 010864  0006376865266365003  7309  29/05/22  20:36:20  PMT SA     5266365003          7705112525             106,000             3,800                                            
    T-MONEY  032107 / 009185  0006376865297132363  9260  29/05/22  21:06:55  PMT SA     5297132363          8670431259              86,000             3,800                                            
    T-MONEY  032127 / 025039  0006376865100444579  1903  29/05/22  21:39:02  PMT SA     5100444579          6241275890             894,500             3,800                                            
    T-MONEY  032136 / 003017  0006376865100444579  7631  29/05/22  21:46:37  PMT SA     5100444579          7410854613             111,000             3,800                                            
    T-MONEY  032144 / 008868  0006376865100444579  0461  29/05/22  21:50:42  PMT SA     5100444579          7410854613           1,000,000             3,800                                            
    T-MONEY  032150 / 014417  0006376865242981614  9015  29/05/22  21:54:51  PMT SA     5242981614          5550268487              81,000             3,800                                            
    T-MONEY  032155 / 017673  0006376865100444579  5301  29/05/22  21:57:23  PMT SA     5100444579          0670097285           2,800,000             3,800                                            
    T-MONEY  032195 / 028868  0006376865100444579  1172  29/05/22  23:03:04  PMT SA     5100444579          5271895799             861,000             3,800                                            
    T-MONEY  032200 / 001999  0006376865240125361  8708  29/05/22  23:08:04  PMT SA     5240125361          1342153172           1,174,500             3,800                                            
    T-MONEY  032210 / 025017  0006376865100444579  0140  29/05/22  23:25:50  PMT SA     5100444579          7570434416           1,060,000             3,800                                            
   --------  ---------------  -------------------  ----  --------  --------  ------  -------------  ------------------  --------------------  ----------------  ------------------  ------------------
                                                                                           23 TRANSACTIONS, PAGE TOTAL          26,423,500            87,400
                                                                                           71 TRANSACTIONS, BANK TOTAL          96,942,790           269,800

PAGE:  11                                             PT. ALTO NETWORK                                   DATE: 30/05/22
REPORT ID: DNLDT04A                                   DAILY TRANSFER DESCRIPTION LISTING AS ACQUIRER             TIME: 04:45:47

SETTLEMENT DATE        : 29/05/22
ISSUER F.I. NO.        : (1092) TELKOM
BENEFICIARY F.I. NO.   : (1101) Bank Jago

   TERMINAL  TRACE NUMBER     CARD ACCOUNT         RCPT  RCPT      RCPT      TRANS   FROM           TO                  AMOUNT                  INTERCHANGE       REFERENCE           NOTES
   NO.       ACQ / SWT        NUMBER               NBR   DATE      TIME      TYPE    ACCOUNT        ACCOUNT             TRANSFER                FEE DUE FR.       NUMBER
   --------  ---------------  -------------------  ----  --------  --------  ------  -------------  ------------------  --------------------  ----------------  ------------------  ------------------
    T-MONEY  032204 / 032677  0006376865100040495  3006  29/05/22  23:18:24  PMT SA     5100040495        101110613863              21,000             3,800                                            
   --------  ---------------  -------------------  ----  --------  --------  ------  -------------  ------------------  --------------------  ----------------  ------------------  ------------------
                                                                                            1 TRANSACTIONS, PAGE TOTAL              21,000             3,800
                                                                                            1 TRANSACTIONS, BANK TOTAL              21,000             3,800

PAGE:  12                                             PT. ALTO NETWORK                                   DATE: 30/05/22
REPORT ID: DNLDT04A                                   DAILY TRANSFER DESCRIPTION LISTING AS ACQUIRER             TIME: 04:45:47

SETTLEMENT DATE        : 29/05/22
ISSUER F.I. NO.        : (1092) TELKOM
BENEFICIARY F.I. NO.   : (1107) BNI

   TERMINAL  TRACE NUMBER     CARD ACCOUNT         RCPT  RCPT      RCPT      TRANS   FROM           TO                  AMOUNT                  INTERCHANGE       REFERENCE           NOTES
   NO.       ACQ / SWT        NUMBER               NBR   DATE      TIME      TYPE    ACCOUNT        ACCOUNT             TRANSFER                FEE DUE FR.       NUMBER
   --------  ---------------  -------------------  ----  --------  --------  ------  -------------  ------------------  --------------------  ----------------  ------------------  ------------------
    T-MONEY  031329 / 006542  0006376865224632593  4002  29/05/22  02:59:57  PMT SA     5224632593           950390214             348,550             3,800                                            
    T-MONEY  031360 / 019247  0006376865119782435  5078  29/05/22  05:45:12  PMT SA     5119782435          0123333247           4,300,000             3,800                                            
    T-MONEY  031392 / 027896  0006376865281979668  1511  29/05/22  06:41:20  PMT SA     5281979668          0573822790           1,000,000             3,800                                            
    T-MONEY  031428 / 009366  0006376865249791566  9750  29/05/22  07:38:08  PMT SA     5249791566          1324279012             975,000             3,800                                            
    T-MONEY  031456 / 023975  0006376865267249367  0142  29/05/22  08:19:54  PMT SA     5267249367          1369672557             505,000             3,800                                            
    T-MONEY  031464 / 032456  0006376865101394944  9838  29/05/22  08:40:47  PMT SA     5101394944          0394165394             106,000             3,800                                            
    T-MONEY  031483 / 012356  0006376865231438056  7014  29/05/22  09:10:16  PMT SA     5231438056          1299339465             100,000             3,800                                            
    T-MONEY  031490 / 013473  0006376865100444579  3468  29/05/22  09:12:44  PMT SA     5100444579          0324560001             498,000             3,800                                            
    T-MONEY  031504 / 021039  0006376865273532799  2278  29/05/22  09:27:46  PMT SA     5273532799          0328527593             150,000             3,800                                            
    T-MONEY  031509 / 025387  0006376865221491002  4423  29/05/22  09:36:17  PMT SA     5221491002          0390747159           6,700,000             3,800                                            
    T-MONEY  031540 / 008874  0006376865294388221  9591  29/05/22  10:07:19  PMT SA     5294388221          0442896911              20,000             3,800                                            
    T-MONEY  031556 / 015938  0006376865101244567  8466  29/05/22  10:19:55  PMT SA     5101244567          0284825381             140,000             3,800                                            
    T-MONEY  031562 / 018734  0006376865242326393  9067  29/05/22  10:25:12  PMT SA     5242326393          0912854583              10,000             3,800                                            
    T-MONEY  031574 / 026845  0006376865257891132  0158  29/05/22  10:40:06  PMT SA     5257891132          0450376286             144,500             3,800                                            
    T-MONEY  031620 / 018899  0006376865211818597  6709  29/05/22  11:24:21  PMT SA     5211818597          0376584486             509,500             3,800                                            
    T-MONEY  031630 / 027334  0006376865114249953  5384  29/05/22  11:39:20  PMT SA     5114249953           094296247           1,000,000             3,800                                            
    T-MONEY  031679 / 026993  0006376865100444579  4560  29/05/22  12:40:59  PMT SA     5100444579          0626334273             995,000             3,800                                            
    T-MONEY  031768 / 023040  0006376865240449318  2258  29/05/22  14:44:59  PMT SA     5240449318          0534159349             950,000             3,800                                            
    T-MONEY  031774 / 024256  0006376865183351286  1507  29/05/22  14:47:33  PMT SA     5183351286          0286708119             700,000             3,800                                            
    T-MONEY  031812 / 013683  0006376865101415196  2407  29/05/22  15:34:20  PMT SA     5101415196          0896339757             830,000             3,800                                            
    T-MONEY  031817 / 015746  0006376865296792745  7071  29/05/22  15:38:24  PMT SA     5296792745          0816468279              13,000             3,800                                            
    T-MONEY  031888 / 028047  0006376865100046948  3719  29/05/22  17:08:41  PMT SA     5100046948          0268100862           1,000,000             3,800                                            
    T-MONEY  031917 / 004501  0006376865101333172  4201  29/05/22  17:26:18  PMT SA     5101333172          1290903603           4,964,500             3,800                                            
    T-MONEY  031935 / 015183  0006376865164054844  4027  29/05/22  17:47:13  PMT SA     5164054844          0179387437           6,624,500             3,800                                            
    T-MONEY  031941 / 017286  0006376865102194949  8493  29/05/22  17:51:20  PMT SA     5102194949          0536961997           3,354,500             3,800                                            
    T-MONEY  031955 / 022828  0006376865101445919  8708  29/05/22  18:02:19  PMT SA     5101445919          1331207876             380,000             3,800                                            
    T-MONEY  031995 / 012307  0006376865122739428  1747  29/05/22  18:42:09  PMT SA     5122739428           019405203           1,675,000             3,800                                            
    T-MONEY  032023 / 000225  0006376865215064205  6543  29/05/22  19:19:51  PMT SA     5215064205            35042327           1,000,000             3,800                                            
    T-MONEY  032034 / 010547  0006376865181957676  3536  29/05/22  19:38:25  PMT SA     5181957676          0365530760           2,600,000             3,800                                            
    T-MONEY  032041 / 016042  0006376865280976114  8882  29/05/22  19:48:48  PMT SA     5280976114          1228523414              29,000             3,800                                            
    T-MONEY  032046 / 019398  0006376865100444579  8988  29/05/22  19:55:22  PMT SA     5100444579          1300028586             425,000             3,800                                            
    T-MONEY  032057 / 030265  0006376865245562280  4720  29/05/22  20:16:05  PMT SA     5245562280          0654808763             464,500             3,800                                            
    T-MONEY  032059 / 030928  0006376865101392683  6233  29/05/22  20:17:23  PMT SA     5101392683          1350919039              23,000             3,800                                            
    T-MONEY  032075 / 009766  0006376865115334904  1234  29/05/22  20:40:41  PMT SA     5115334904          0488132237           5,000,000             3,800                                            
    T-MONEY  032093 / 015337  0006376865165411439  0864  29/05/22  20:53:02  PMT SA     5165411439          0129909577           5,394,500             3,800                                            
    T-MONEY  032095 / 015896  0006376865165411439  9115  29/05/22  20:54:11  PMT SA     5165411439          0224430916           6,494,500             3,800                                            
    T-MONEY  032100 / 020374  0006376865196905776  8628  29/05/22  21:04:22  PMT SA     5196905776          0057802645           3,850,000             3,800                                            
    T-MONEY  032132 / 003586  0006376865145388351  6172  29/05/22  21:45:06  PMT SA     5145388351          0247690060           1,000,000             3,800                                            
    T-MONEY  032140 / 004375  0006376865287679362  8090  29/05/22  21:47:16  PMT SA     5287679362          0357261682              18,000             3,800                                            
    T-MONEY  032159 / 009251  0006376865101373398  2613  29/05/22  22:02:24  PMT SA     5101373398          0755451455             125,000             3,800                                            
    T-MONEY  032174 / 015133  0006376865267560834  4078  29/05/22  22:23:02  PMT SA     5267560834          0718542597           2,094,500             3,800                                            
    T-MONEY  032177 / 016701  0006376865238047428  4484  29/05/22  22:29:04  PMT SA     5238047428          1232968899              18,000             3,800                                            
    T-MONEY  032184 / 021298  0006376865270958843  4744  29/05/22  22:47:26  PMT SA     5270958843          1229939498              40,000             3,800                                            
   --------  ---------------  -------------------  ----  --------  --------  ------  -------------  ------------------  --------------------  ----------------  ------------------  ------------------
                                                                                           43 TRANSACTIONS, PAGE TOTAL          66,569,050           163,400
                                                                                           43 TRANSACTIONS, BANK TOTAL          66,569,050           163,400
                                                                                          269 TRANSACTIONS, GRAND TOTAL        441,432,717           977,500

NOTE: TRANSACTIONS MARKED WITH A '*' ARE COUNTED, BUT THEIR AMOUNTS ARE NOT ADDED TO THE PAGE, BANK OR GRAND TOTALS.


                  ** ** ** ** ** END OF DAILY TRANSFER TRANSACTION LISTING AS ACQUIRER REPORT FOR TELKOM ** ** ** ** ** 
