PAGE:   1                                             PT. ALTO NETWORK                                   DATE: 16/06/22
REPORT ID: DNLDT04A                                   DAILY TRANSFER DESCRIPTION LISTING AS ACQUIRER             TIME: 04:37:39

SETTLEMENT DATE        : 15/06/22
ISSUER F.I. NO.        : (1092) TELKOM
BENEFICIARY F.I. NO.   : (1003) Permata

   TERMINAL  TRACE NUMBER     CARD ACCOUNT         RCPT  RCPT      RCPT      TRANS   FROM           TO                  AMOUNT                  INTERCHANGE       REFERENCE           NOTES
   NO.       ACQ / SWT        NUMBER               NBR   DATE      TIME      TYPE    ACCOUNT        ACCOUNT             TRANSFER                FEE DUE FR.       NUMBER
   --------  ---------------  -------------------  ----  --------  --------  ------  -------------  ------------------  --------------------  ----------------  ------------------  ------------------
    T-MONEY  023004 / 002687  0006376865174762432  0260  15/06/22  07:16:10  PMT SA     5174762432          4128426774             200,000             3,800                                            
    T-MONEY  023712 / 018756  0006376865235568330  4621  15/06/22  16:20:19  PMT SA     5235568330    8556094427379504              45,000             3,800                                            
    T-MONEY  023728 / 019571  0006376865235568330  6503  15/06/22  16:28:57  PMT SA     5235568330    8556094427379772              38,000             3,800                                            
    T-MONEY  023897 / 002321  0006376865100444579  9538  15/06/22  18:58:14  PMT SA     5100444579          1219638368             197,000             3,800                                            
   --------  ---------------  -------------------  ----  --------  --------  ------  -------------  ------------------  --------------------  ----------------  ------------------  ------------------
                                                                                            4 TRANSACTIONS, PAGE TOTAL             480,000            15,200
                                                                                            4 TRANSACTIONS, BANK TOTAL             480,000            15,200

PAGE:   2                                             PT. ALTO NETWORK                                   DATE: 16/06/22
REPORT ID: DNLDT04A                                   DAILY TRANSFER DESCRIPTION LISTING AS ACQUIRER             TIME: 04:37:39

SETTLEMENT DATE        : 15/06/22
ISSUER F.I. NO.        : (1092) TELKOM
BENEFICIARY F.I. NO.   : (1015) BCAS

   TERMINAL  TRACE NUMBER     CARD ACCOUNT         RCPT  RCPT      RCPT      TRANS   FROM           TO                  AMOUNT                  INTERCHANGE       REFERENCE           NOTES
   NO.       ACQ / SWT        NUMBER               NBR   DATE      TIME      TYPE    ACCOUNT        ACCOUNT             TRANSFER                FEE DUE FR.       NUMBER
   --------  ---------------  -------------------  ----  --------  --------  ------  -------------  ------------------  --------------------  ----------------  ------------------  ------------------
    T-MONEY  024034 / 011905  0006376865100444579  8525  15/06/22  20:43:51  PMT SA     5100444579          0670033794              17,000             3,800                                            
   --------  ---------------  -------------------  ----  --------  --------  ------  -------------  ------------------  --------------------  ----------------  ------------------  ------------------
                                                                                            1 TRANSACTIONS, PAGE TOTAL              17,000             3,800
                                                                                            1 TRANSACTIONS, BANK TOTAL              17,000             3,800

PAGE:   3                                             PT. ALTO NETWORK                                   DATE: 16/06/22
REPORT ID: DNLDT04A                                   DAILY TRANSFER DESCRIPTION LISTING AS ACQUIRER             TIME: 04:37:39

SETTLEMENT DATE        : 15/06/22
ISSUER F.I. NO.        : (1092) TELKOM
BENEFICIARY F.I. NO.   : (1068) Rintis

   TERMINAL  TRACE NUMBER     CARD ACCOUNT         RCPT  RCPT      RCPT      TRANS   FROM           TO                  AMOUNT                  INTERCHANGE       REFERENCE           NOTES
   NO.       ACQ / SWT        NUMBER               NBR   DATE      TIME      TYPE    ACCOUNT        ACCOUNT             TRANSFER                FEE DUE FR.       NUMBER
   --------  ---------------  -------------------  ----  --------  --------  ------  -------------  ------------------  --------------------  ----------------  ------------------  ------------------
    T-MONEY  023133 / 020403  0006376865111840514  4788  15/06/22  09:26:06  PMT SA     5111840514          4390713590           8,000,000             3,500                        TRX TO Bank Syariah 
    T-MONEY  023169 / 022751  0006376865140378437  3944  15/06/22  09:41:43  PMT SA     5140378437          7129688216           1,324,500             3,500                        TRX TO Bank Syariah 
    T-MONEY  023253 / 003100  0006376865101600925  7372  15/06/22  11:01:47  PMT SA     5101600925          1147162322             100,000             3,500                        TRX TO Bank Syariah 
    T-MONEY  023343 / 012957  0006376865100444579  4544  15/06/22  12:02:44  PMT SA     5100444579      28002040203211             394,000             3,500                        TRX TO Bank SUMUT   
    T-MONEY  023513 / 000600  0006376865100444579  6445  15/06/22  14:14:23  PMT SA     5100444579      22002040095592           5,668,000             3,500                        TRX TO Bank SUMUT   
    T-MONEY  023535 / 002582  0006376865182644852  6861  15/06/22  14:26:33  PMT SA     5182644852          7188271884             500,000             3,500                        TRX TO Bank Syariah 
    T-MONEY  023889 / 009586  0006376865100444579  2833  15/06/22  18:54:49  PMT SA     5100444579      35102040036770             150,000             3,500                        TRX TO Bank SUMUT   
    T-MONEY  023894 / 009892  0006376865100444579  3856  15/06/22  18:56:40  PMT SA     5100444579      35102040036770             100,000             3,500                        TRX TO Bank SUMUT   
    T-MONEY  023905 / 010584  0006376865100444579  8987  15/06/22  19:01:36  PMT SA     5100444579      14302040036922             525,000             3,500                        TRX TO Bank SUMUT   
    T-MONEY  023929 / 012787  0006376865100444579  5259  15/06/22  19:17:10  PMT SA     5100444579      35102040032196           1,200,000             3,500                        TRX TO Bank SUMUT   
    T-MONEY  023996 / 021411  0006376865100444579  2667  15/06/22  20:18:15  PMT SA     5100444579          6211212930             594,000             3,500                        TRX TO Bank Syariah 
   --------  ---------------  -------------------  ----  --------  --------  ------  -------------  ------------------  --------------------  ----------------  ------------------  ------------------
                                                                                           11 TRANSACTIONS, PAGE TOTAL          18,555,500            38,500
                                                                                           11 TRANSACTIONS, BANK TOTAL          18,555,500            38,500

PAGE:   4                                             PT. ALTO NETWORK                                   DATE: 16/06/22
REPORT ID: DNLDT04A                                   DAILY TRANSFER DESCRIPTION LISTING AS ACQUIRER             TIME: 04:37:39

SETTLEMENT DATE        : 15/06/22
ISSUER F.I. NO.        : (1092) TELKOM
BENEFICIARY F.I. NO.   : (1069) ArtaJasa

   TERMINAL  TRACE NUMBER     CARD ACCOUNT         RCPT  RCPT      RCPT      TRANS   FROM           TO                  AMOUNT                  INTERCHANGE       REFERENCE           NOTES
   NO.       ACQ / SWT        NUMBER               NBR   DATE      TIME      TYPE    ACCOUNT        ACCOUNT             TRANSFER                FEE DUE FR.       NUMBER
   --------  ---------------  -------------------  ----  --------  --------  ------  -------------  ------------------  --------------------  ----------------  ------------------  ------------------
    T-MONEY  022874 / 021256  0006376865212956875  5676  15/06/22  00:30:59  PMT SA     5212956875        085706070953             250,000             3,500                        TRX TO TELKOMSEL (TC
    T-MONEY  022883 / 026108  0006376865248606676  2298  15/06/22  00:37:14  PMT SA     5248606676     476001011146538              90,000             3,500                        TRX TO Bank BRI     
    T-MONEY  022915 / 025083  0006376865100444579  5441  15/06/22  01:51:16  PMT SA     5100444579       1540016105268             157,000             3,500                        TRX TO Bank Mandiri 
    T-MONEY  022960 / 013523  0006376865100444579  5547  15/06/22  04:48:03  PMT SA     5100444579     302401038746530             114,958             3,500                        TRX TO Bank BRI     
    T-MONEY  022963 / 030786  0006376865283209956  0706  15/06/22  04:53:39  PMT SA     5283209956       0310014684685             137,500             3,500                        TRX TO Bank Mandiri 
    T-MONEY  022966 / 014535  0006376865100444579  5271  15/06/22  04:59:24  PMT SA     5100444579     337601046169533              27,000             3,500                        TRX TO Bank BRI     
    T-MONEY  022986 / 005672  0006376865136838242  1445  15/06/22  06:39:24  PMT SA     5136838242        082113487602             390,000             3,500                        TRX TO TELKOMSEL (TC
    T-MONEY  022989 / 008940  0006376865268290385  3238  15/06/22  06:51:01  PMT SA     5268290385     639101018573537              34,000             3,500                        TRX TO Bank BRI     
    T-MONEY  022992 / 007337  0006376865108782002  3100  15/06/22  06:53:53  PMT SA     5108782002       1130007859121           4,000,000             3,500                        TRX TO Bank Mandiri 
    T-MONEY  022998 / 009298  0006376865273056846  7592  15/06/22  07:08:24  PMT SA     5273056846       1310015924915              86,650             3,500                        TRX TO Bank Mandiri 
    T-MONEY  023011 / 024418  0006376865102106839  3580  15/06/22  07:23:57  PMT SA     5102106839     023001098081508             100,000             3,500                        TRX TO Bank BRI     
    T-MONEY  023036 / 018011  0006376865101534597  1187  15/06/22  07:58:18  PMT SA     5101534597       1490006982005              70,000             3,500                        TRX TO Bank Mandiri 
    T-MONEY  023054 / 020067  0006376865112468246  9162  15/06/22  08:08:56  PMT SA     5112468246       1310017812993           2,000,000             3,500                        TRX TO Bank Mandiri 
    T-MONEY  023060 / 021071  0006376865268181581  2791  15/06/22  08:13:07  PMT SA     5268181581       1120011665648             195,000             3,500                        TRX TO Bank Mandiri 
    T-MONEY  023067 / 024300  0006376865100444579  4773  15/06/22  08:26:20  PMT SA     5100444579       1340014583271             250,000             3,500                        TRX TO Bank Mandiri 
    T-MONEY  023074 / 027912  0006376865230903936  9276  15/06/22  08:40:37  PMT SA     5230903936        081214713981             100,000             3,500                        TRX TO TELKOMSEL (TC
    T-MONEY  023078 / 028586  0006376865232471281  2976  15/06/22  08:43:10  PMT SA     5232471281        081246495070              70,000             3,500                        TRX TO TELKOMSEL (TC
    T-MONEY  023081 / 030441  0006376865180800758  5244  15/06/22  08:50:23  PMT SA     5180800758       1030006142604           2,808,900             3,500                        TRX TO Bank Mandiri 
    T-MONEY  023091 / 031845  0006376865113722777  6647  15/06/22  08:55:38  PMT SA     5113722777        700006723584           4,400,000             3,500                        TRX TO Bank Mandiri 
    T-MONEY  023093 / 031980  0006376865184112991  1793  15/06/22  08:56:11  PMT SA     5184112991       1170091022111           1,030,000             3,500                        TRX TO Bank Mandiri 
    T-MONEY  023095 / 032314  0006376865100444579  4593  15/06/22  08:57:24  PMT SA     5100444579       1510005771446              50,000             3,500                        TRX TO Bank Mandiri 
    T-MONEY  023104 / 002079  0006376865142644835  0859  15/06/22  09:06:08  PMT SA     5142644835       1130001202971           5,049,500             3,500                        TRX TO Bank Mandiri 
    T-MONEY  023107 / 002397  0006376865100109863  7461  15/06/22  09:07:30  PMT SA     5100109863       1710004591262             830,000             3,500                        TRX TO Bank Mandiri 
    T-MONEY  023109 / 002647  0006376865271141392  5990  15/06/22  09:08:29  PMT SA     5271141392       1550003682963             750,000             3,500                        TRX TO Bank Mandiri 
    T-MONEY  023117 / 003857  0006376865296099522  0675  15/06/22  09:12:48  PMT SA     5296099522     010740021007323             453,000             3,500                        TRX TO Bank Mega    
    T-MONEY  023119 / 004408  0006376865169098079  3070  15/06/22  09:14:48  PMT SA     5169098079       1030006698159             774,500             3,500                        TRX TO Bank Mandiri 
    T-MONEY  023121 / 004772  0006376865280411876  8580  15/06/22  09:16:03  PMT SA     5280411876       1540012431783             280,000             3,500                        TRX TO Bank Mandiri 
    T-MONEY  023125 / 005679  0006376865299064349  6794  15/06/22  09:19:07  PMT SA     5299064349       1200012469990              16,500             3,500                        TRX TO Bank Mandiri 
    T-MONEY  023135 / 008179  0006376865230051465  3744  15/06/22  09:27:29  PMT SA     5230051465       1330020575940             300,000             3,500                        TRX TO Bank Mandiri 
    T-MONEY  023141 / 009680  0006376865187284317  9595  15/06/22  09:32:26  PMT SA     5187284317       1330024092603           2,820,300             3,500                        TRX TO Bank Mandiri 
    T-MONEY  023153 / 010704  0006376865187284317  7879  15/06/22  09:35:54  PMT SA     5187284317       1330024092603             750,000             3,500                        TRX TO Bank Mandiri 
    T-MONEY  023165 / 012087  0006376865187284317  9786  15/06/22  09:40:20  PMT SA     5187284317        085311366798           1,000,000             3,500                        TRX TO TELKOMSEL (TC
    T-MONEY  023171 / 012634  0006376865286722724  4608  15/06/22  09:42:00  PMT SA     5286722724       1070015314299              50,000             3,500                        TRX TO Bank Mandiri 
    T-MONEY  023174 / 012856  0006376865101502626  6690  15/06/22  09:42:44  PMT SA     5101502626       9000028109362             300,000             3,500                        TRX TO Bank Mandiri 
    T-MONEY  023188 / 013263  0006376865282676947  2481  15/06/22  09:55:43  PMT SA     5282676947     329201022289531             170,000             3,500                        TRX TO Bank BRI     
    T-MONEY  023190 / 017419  0006376865249245418  5534  15/06/22  09:57:10  PMT SA     5249245418       9000031273577           2,750,000             3,500                        TRX TO Bank Mandiri 
    T-MONEY  023203 / 028030  0006376865100444579  6940  15/06/22  10:11:08  PMT SA     5100444579     701201018408531              30,000             3,500                        TRX TO Bank BRI     
    T-MONEY  023210 / 022678  0006376865254119492  8121  15/06/22  10:13:48  PMT SA     5254119492       1690002178488              20,000             3,500                        TRX TO Bank Mandiri 
    T-MONEY  023222 / 010592  0006376865261231556  4829  15/06/22  10:26:27  PMT SA     5261231556     012701041924508              42,000             3,500                        TRX TO Bank BRI     
    T-MONEY  023233 / 031521  0006376865194202673  6608  15/06/22  10:41:48  PMT SA     5194202673       1010002071452             500,000             3,500                        TRX TO Bank Mandiri 
    T-MONEY  023237 / 032597  0006376865210820652  2626  15/06/22  10:45:05  PMT SA     5210820652       1320023607154              55,000             3,500                        TRX TO Bank Mandiri 
    T-MONEY  023241 / 000436  0006376865290120303  6220  15/06/22  10:47:02  PMT SA     5290120303       1350017474899             125,450             3,500                        TRX TO Bank Mandiri 
    T-MONEY  023256 / 005149  0006376865158928734  9756  15/06/22  11:02:08  PMT SA     5158928734       1570005217956           1,300,000             3,500                        TRX TO Bank Mandiri 
    T-MONEY  023267 / 008740  0006376865282326150  3532  15/06/22  11:13:20  PMT SA     5282326150       1410015888001             180,000             3,500                        TRX TO Bank Mandiri 
    T-MONEY  023269 / 008963  0006376865282787891  0880  15/06/22  11:14:08  PMT SA     5282787891       9000020597796             811,500             3,500                        TRX TO Bank Mandiri 
    T-MONEY  023295 / 016448  0006376865100444579  5571  15/06/22  11:37:09  PMT SA     5100444579          2033267943             460,000             3,500                        TRX TO Bank Jateng  
    T-MONEY  023301 / 019561  0006376865185633520  3861  15/06/22  11:42:21  PMT SA     5185633520     144601001242509           7,000,000             3,500                        TRX TO Bank BRI     
    T-MONEY  023309 / 023781  0006376865258231125  8950  15/06/22  11:46:22  PMT SA     5258231125     547101011441530             294,500             3,500                        TRX TO Bank BRI     
   --------  ---------------  -------------------  ----  --------  --------  ------  -------------  ------------------  --------------------  ----------------  ------------------  ------------------
                                                                                           48 TRANSACTIONS, PAGE TOTAL          43,473,258           168,000

PAGE:   5                                             PT. ALTO NETWORK                                   DATE: 16/06/22
REPORT ID: DNLDT04A                                   DAILY TRANSFER DESCRIPTION LISTING AS ACQUIRER             TIME: 04:37:39

SETTLEMENT DATE        : 15/06/22
ISSUER F.I. NO.        : (1092) TELKOM
BENEFICIARY F.I. NO.   : (1069) ArtaJasa

   TERMINAL  TRACE NUMBER     CARD ACCOUNT         RCPT  RCPT      RCPT      TRANS   FROM           TO                  AMOUNT                  INTERCHANGE       REFERENCE           NOTES
   NO.       ACQ / SWT        NUMBER               NBR   DATE      TIME      TYPE    ACCOUNT        ACCOUNT             TRANSFER                FEE DUE FR.       NUMBER
   --------  ---------------  -------------------  ----  --------  --------  ------  -------------  ------------------  --------------------  ----------------  ------------------  ------------------
    T-MONEY  023315 / 028150  0006376865100444579  3167  15/06/22  11:50:46  PMT SA     5100444579     545101024740537             847,000             3,500                        TRX TO Bank BRI     
    T-MONEY  023353 / 025376  0006376865101377079  7473  15/06/22  12:05:45  PMT SA     5101377079        085102309801              50,000             3,500                        TRX TO TELKOMSEL (TC
    T-MONEY  023362 / 026145  0006376865180393223  1809  15/06/22  12:08:14  PMT SA     5180393223       1130002203275           5,000,000             3,500                        TRX TO Bank Mandiri 
    T-MONEY  023378 / 031642  0006376865239343036  8480  15/06/22  12:26:41  PMT SA     5239343036       1210007734001              85,000             3,500                        TRX TO Bank Mandiri 
    T-MONEY  023383 / 003559  0006376865235409906  6076  15/06/22  12:31:56  PMT SA     5235409906     016701014648531              40,000             3,500                        TRX TO Bank BRI     
    T-MONEY  023393 / 006196  0006376865273786740  2452  15/06/22  12:51:14  PMT SA     5273786740       9000036195106              50,000             3,500                        TRX TO Bank Mandiri 
    T-MONEY  023404 / 008958  0006376865143175171  1063  15/06/22  13:00:21  PMT SA     5143175171       0700009939047           1,000,000             3,500                        TRX TO Bank Mandiri 
    T-MONEY  023415 / 011520  0006376865100444579  5529  15/06/22  13:08:55  PMT SA     5100444579       1410022116370           3,830,000             3,500                        TRX TO Bank Mandiri 
    T-MONEY  023423 / 017129  0006376865100503181  0220  15/06/22  13:18:09  PMT SA     5100503181      23001101180500              50,000             3,500                        TRX TO Bank BRI     
    T-MONEY  023437 / 020607  0006376865100444579  6145  15/06/22  13:39:19  PMT SA     5100444579       0020301278174          10,000,000             3,500                        TRX TO BPD Kalsel   
    T-MONEY  023439 / 021058  0006376865100444579  1620  15/06/22  13:40:43  PMT SA     5100444579       0020301278174          10,000,000             3,500                        TRX TO BPD Kalsel   
    T-MONEY  023475 / 025729  0006376865215486561  9972  15/06/22  13:56:34  PMT SA     5215486561       1380020084898             144,500             3,500                        TRX TO Bank Mandiri 
    T-MONEY  023483 / 023730  0006376865102496321  4607  15/06/22  13:58:39  PMT SA     5102496321     019401000476567              40,000             3,500                        TRX TO Bank BRI     
    T-MONEY  023487 / 026084  0006376865100444579  0106  15/06/22  14:01:21  PMT SA     5100444579     305701017665532             200,000             3,500                        TRX TO Bank BRI     
    T-MONEY  023493 / 028727  0006376865243983783  7869  15/06/22  14:06:14  PMT SA     5243983783       1730007006969             100,000             3,500                        TRX TO Bank Mandiri 
    T-MONEY  023501 / 029752  0006376865100011157  5786  15/06/22  14:09:24  PMT SA     5100011157       9000008503246           4,424,500             3,500                        TRX TO Bank Mandiri 
    T-MONEY  023503 / 030168  0006376865233531149  0481  15/06/22  14:10:39  PMT SA     5233531149       1460013323410              33,000             3,500                        TRX TO Bank Mandiri 
    T-MONEY  023509 / 031052  0006376865100444579  7752  15/06/22  14:13:30  PMT SA     5100444579        004211024041             220,000             3,500                        TRX TO Bank BPD DIY 
    T-MONEY  023541 / 003274  0006376865230859938  2595  15/06/22  14:30:33  PMT SA     5230859938       1180039710420             100,000             3,500                        TRX TO Bank Mandiri 
    T-MONEY  023559 / 006677  0006376865102101539  8316  15/06/22  14:41:27  PMT SA     5102101539       1480017477079             150,000             3,500                        TRX TO Bank Mandiri 
    T-MONEY  023576 / 008785  0006376865222596840  6088  15/06/22  14:48:19  PMT SA     5222596840        706900511700           5,000,000             3,500                        TRX TO Bank CIMB NIA
    T-MONEY  023584 / 009495  0006376865163213808  4486  15/06/22  14:50:43  PMT SA     5163213808       1240011197978             350,000             3,500                        TRX TO Bank Mandiri 
    T-MONEY  023588 / 010279  0006376865102016764  1948  15/06/22  14:53:06  PMT SA     5102016764        082174424258              22,000             3,500                        TRX TO TELKOMSEL (TC
    T-MONEY  023594 / 010810  0006376865194951841  2071  15/06/22  14:55:01  PMT SA     5194951841         08119986866             500,000             3,500                        TRX TO TELKOMSEL (TC
    T-MONEY  023605 / 016720  0006376865284243279  7984  15/06/22  15:00:25  PMT SA     5284243279     786301012597539             100,000             3,500                        TRX TO Bank BRI     
    T-MONEY  023630 / 016311  0006376865100010806  1006  15/06/22  15:14:17  PMT SA     5100010806       1570007465892             980,000             3,500                        TRX TO Bank Mandiri 
    T-MONEY  023648 / 019230  0006376865198311826  9101  15/06/22  15:24:53  PMT SA     5198311826       0700006872910           1,200,000             3,500                        TRX TO Bank Mandiri 
    T-MONEY  023662 / 023360  0006376865255701386  2309  15/06/22  15:39:49  PMT SA     5255701386        701991338900             115,750             3,500                        TRX TO Bank CIMB NIA
    T-MONEY  023666 / 022084  0006376865100444579  2224  15/06/22  15:41:05  PMT SA     5100444579     053301004860530              45,000             3,500                        TRX TO Bank BRI     
    T-MONEY  023668 / 023856  0006376865178146520  7395  15/06/22  15:41:36  PMT SA     5178146520       1140005055184             250,000             3,500                        TRX TO Bank Mandiri 
    T-MONEY  023677 / 025167  0006376865159075880  9381  15/06/22  15:46:23  PMT SA     5159075880       1620000106819           7,200,000             3,500                        TRX TO Bank Mandiri 
    T-MONEY  023680 / 028221  0006376865100007347  0143  15/06/22  15:47:34  PMT SA     5100007347     181301004539508           2,000,000             3,500                        TRX TO Bank BRI     
    T-MONEY  023691 / 029362  0006376865223910009  0005  15/06/22  16:01:53  PMT SA     5223910009       1700004845925              71,000             3,500                        TRX TO Bank Mandiri 
    T-MONEY  023695 / 030262  0006376865100444579  5580  15/06/22  16:05:25  PMT SA     5100444579       0020301289972             465,000             3,500                        TRX TO BPD Kalsel   
    T-MONEY  023698 / 031439  0006376865266882935  7930  15/06/22  16:10:08  PMT SA     5266882935       1120010874936             100,000             3,500                        TRX TO Bank Mandiri 
    T-MONEY  023705 / 021412  0006376865226492582  8315  15/06/22  16:14:38  PMT SA     5226492582     516901013261533             170,000             3,500                        TRX TO Bank BRI     
    T-MONEY  023707 / 000352  0006376865180674569  7504  15/06/22  16:16:04  PMT SA     5180674569       1020005263873           1,053,237             3,500                        TRX TO Bank Mandiri 
    T-MONEY  023717 / 001948  0006376865100444579  9776  15/06/22  16:21:57  PMT SA     5100444579          2096044642             380,000             3,500                        TRX TO Bank Jateng  
    T-MONEY  023732 / 004189  0006376865295197537  6129  15/06/22  16:30:16  PMT SA     5295197537     896081933161264             105,715             3,500                        TRX TO Bank Mandiri 
    T-MONEY  023741 / 011280  0006376865192400691  3212  15/06/22  16:38:13  PMT SA     5192400691     486501019348530             500,000             3,500                        TRX TO Bank BRI     
    T-MONEY  023744 / 007120  0006376865270981723  2400  15/06/22  16:40:52  PMT SA     5270981723       1700000631634              87,000             3,500                        TRX TO Bank Mandiri 
    T-MONEY  023749 / 009091  0006376865164118298  1391  15/06/22  16:48:22  PMT SA     5164118298       0700004600834             250,000             3,500                        TRX TO Bank Mandiri 
    T-MONEY  023753 / 022449  0006376865290262106  0362  15/06/22  16:49:41  PMT SA     5290262106     001201022471535              98,000             3,500                        TRX TO Bank BRI     
    T-MONEY  023762 / 012912  0006376865155623065  7604  15/06/22  17:02:54  PMT SA     5155623065       1050004151357           1,574,500             3,500                        TRX TO Bank Mandiri 
    T-MONEY  023772 / 016583  0006376865225187064  3600  15/06/22  17:17:19  PMT SA     5225187064       1410019119494           7,434,500             3,500                        TRX TO Bank Mandiri 
    T-MONEY  023774 / 016790  0006376865100046940  1618  15/06/22  17:18:08  PMT SA     5100046940       1060012526011             960,000             3,500                        TRX TO Bank Mandiri 
    T-MONEY  023779 / 020057  0006376865299102720  2061  15/06/22  17:30:05  PMT SA     5299102720       1330018707992              96,000             3,500                        TRX TO Bank Mandiri 
    T-MONEY  023783 / 020737  0006376865187092417  4009  15/06/22  17:32:36  PMT SA     5187092417       1290012591216           8,300,000             3,500                        TRX TO Bank Mandiri 
   --------  ---------------  -------------------  ----  --------  --------  ------  -------------  ------------------  --------------------  ----------------  ------------------  ------------------
                                                                                           48 TRANSACTIONS, PAGE TOTAL          75,771,702           168,000

PAGE:   6                                             PT. ALTO NETWORK                                   DATE: 16/06/22
REPORT ID: DNLDT04A                                   DAILY TRANSFER DESCRIPTION LISTING AS ACQUIRER             TIME: 04:37:39

SETTLEMENT DATE        : 15/06/22
ISSUER F.I. NO.        : (1092) TELKOM
BENEFICIARY F.I. NO.   : (1069) ArtaJasa

   TERMINAL  TRACE NUMBER     CARD ACCOUNT         RCPT  RCPT      RCPT      TRANS   FROM           TO                  AMOUNT                  INTERCHANGE       REFERENCE           NOTES
   NO.       ACQ / SWT        NUMBER               NBR   DATE      TIME      TYPE    ACCOUNT        ACCOUNT             TRANSFER                FEE DUE FR.       NUMBER
   --------  ---------------  -------------------  ----  --------  --------  ------  -------------  ------------------  --------------------  ----------------  ------------------  ------------------
    T-MONEY  023793 / 003509  0006376865163778650  1837  15/06/22  17:35:47  PMT SA     5163778650     211401006760508              15,000             3,500                        TRX TO Bank BRI     
    T-MONEY  023803 / 011881  0006376865262183860  4703  15/06/22  17:43:47  PMT SA     5262183860     063301005291538             108,000             3,500                        TRX TO Bank BRI     
    T-MONEY  023813 / 024430  0006376865290585956  7761  15/06/22  17:47:07  PMT SA     5290585956       1300017649289           1,025,000             3,500                        TRX TO Bank Mandiri 
    T-MONEY  023816 / 024667  0006376865100046855  3276  15/06/22  17:48:09  PMT SA     5100046855       0700009891982           1,174,500             3,500                        TRX TO Bank Mandiri 
    T-MONEY  023820 / 020401  0006376865100444579  5025  15/06/22  17:52:10  PMT SA     5100444579     446401015026538             400,000             3,500                        TRX TO Bank BRI     
    T-MONEY  023826 / 022722  0006376865100444579  8818  15/06/22  17:54:28  PMT SA     5100444579     484301061985538              25,000             3,500                        TRX TO Bank BRI     
    T-MONEY  023833 / 027701  0006376865223674961  3932  15/06/22  17:59:36  PMT SA     5223674961     076101008926505             994,500             3,500                        TRX TO Bank BRI     
    T-MONEY  023838 / 028621  0006376865262052362  1412  15/06/22  18:05:47  PMT SA     5262052362       1210007007416           1,000,000             3,500                        TRX TO Bank Mandiri 
    T-MONEY  023846 / 009708  0006376865228238868  3524  15/06/22  18:14:24  PMT SA     5228238868     023801023600531              63,000             3,500                        TRX TO Bank BRI     
    T-MONEY  023849 / 032402  0006376865101370298  0020  15/06/22  18:20:35  PMT SA     5101370298       1510015326348              10,000             3,500                        TRX TO Bank Mandiri 
    T-MONEY  023856 / 001968  0006376865280596498  4377  15/06/22  18:29:18  PMT SA     5280596498       1010010087912             100,000             3,500                        TRX TO Bank Mandiri 
    T-MONEY  023862 / 004380  0006376865100444579  1741  15/06/22  18:38:26  PMT SA     5100444579       0080201046100             950,000             3,500                        TRX TO BJB Syariah  
    T-MONEY  023871 / 005673  0006376865296099522  8929  15/06/22  18:42:58  PMT SA     5296099522     010740021007323             990,000             3,500                        TRX TO Bank Mega    
    T-MONEY  023883 / 012801  0006376865255051339  9932  15/06/22  18:46:33  PMT SA     5255051339     369701010409537             969,800             3,500                        TRX TO Bank BRI     
    T-MONEY  023899 / 009729  0006376865281889150  7605  15/06/22  18:58:33  PMT SA     5281889150       1690002797766              50,000             3,500                        TRX TO Bank Mandiri 
    T-MONEY  023911 / 032682  0006376865100444579  7809  15/06/22  19:04:38  PMT SA     5100444579     042201008803535              49,000             3,500                        TRX TO Bank BRI     
    T-MONEY  023913 / 011888  0006376865216609831  1544  15/06/22  19:05:44  PMT SA     5216609831       1110017170339             740,000             3,500                        TRX TO Bank Mandiri 
    T-MONEY  023915 / 012123  0006376865237846579  8148  15/06/22  19:06:32  PMT SA     5237846579       1300004369974           1,500,000             3,500                        TRX TO Bank Mandiri 
    T-MONEY  023924 / 014249  0006376865100444579  8139  15/06/22  19:14:24  PMT SA     5100444579       0440319023388           2,330,000             3,500                        TRX TO BPD Kalsel   
    T-MONEY  023935 / 022180  0006376865100011420  1031  15/06/22  19:26:08  PMT SA     5100011420     386101039305535             800,000             3,500                        TRX TO Bank BRI     
    T-MONEY  023937 / 018535  0006376865239723900  1263  15/06/22  19:31:18  PMT SA     5239723900        085100708167             100,000             3,500                        TRX TO TELKOMSEL (TC
    T-MONEY  023944 / 019176  0006376865217304707  4026  15/06/22  19:33:40  PMT SA     5217304707       1410014607519             100,000             3,500                        TRX TO Bank Mandiri 
    T-MONEY  023950 / 019903  0006376865156294105  8987  15/06/22  19:36:21  PMT SA     5156294105       1450004863383           4,500,000             3,500                        TRX TO Bank Mandiri 
    T-MONEY  023955 / 021866  0006376865212041129  8735  15/06/22  19:43:33  PMT SA     5212041129       1300017705370              26,000             3,500                        TRX TO Bank Mandiri 
    T-MONEY  023958 / 023915  0006376865283562307  8332  15/06/22  19:51:49  PMT SA     5283562307       1120010015993             567,100             3,500                        TRX TO Bank Mandiri 
    T-MONEY  023974 / 025981  0006376865236104347  6412  15/06/22  20:00:27  PMT SA     5236104347       1330015422728              50,000             3,500                        TRX TO Bank Mandiri 
    T-MONEY  023980 / 027348  0006376865101565900  4989  15/06/22  20:04:48  PMT SA     5101565900       1650001268219             250,000             3,500                        TRX TO Bank Mandiri 
    T-MONEY  023982 / 027654  0006376865100444579  5886  15/06/22  20:05:54  PMT SA     5100444579          2019248073             200,000             3,500                        TRX TO Bank Jateng  
    T-MONEY  023991 / 029981  0006376865163365982  5197  15/06/22  20:15:24  PMT SA     5163365982       1030007941343           2,500,000             3,500                        TRX TO Bank Mandiri 
    T-MONEY  023998 / 031048  0006376865270742440  7877  15/06/22  20:20:13  PMT SA     5270742440        085859358545             100,000             3,500                        TRX TO TELKOMSEL (TC
    T-MONEY  024003 / 032563  0006376865230467354  3058  15/06/22  20:27:04  PMT SA     5230467354       1330016707762             125,000             3,500                        TRX TO Bank Mandiri 
    T-MONEY  024010 / 000356  0006376865101476862  8720  15/06/22  20:29:19  PMT SA     5101476862       9000041158784              96,920             3,500                        TRX TO Bank Mandiri 
    T-MONEY  024011 / 000364  0006376865266610835  1817  15/06/22  20:29:19  PMT SA     5266610835       1330018246306             172,000             3,500                        TRX TO Bank Mandiri 
    T-MONEY  024017 / 021778  0006376865212674189  8307  15/06/22  20:33:13  PMT SA     5212674189     362901016144530             180,000             3,500                        TRX TO Bank BRI     
    T-MONEY  024019 / 002640  0006376865262913127  8817  15/06/22  20:39:09  PMT SA     5262913127         08114488009             250,000             3,500                        TRX TO TELKOMSEL (TC
    T-MONEY  024023 / 003271  0006376865275127528  2426  15/06/22  20:41:46  PMT SA     5275127528        085260614210             290,000             3,500                        TRX TO TELKOMSEL (TC
    T-MONEY  024037 / 003993  0006376865156784498  7958  15/06/22  20:45:02  PMT SA     5156784498       0700005628834           3,000,000             3,500                        TRX TO Bank Mandiri 
    T-MONEY  024057 / 012439  0006376865141294071  3660  15/06/22  21:26:25  PMT SA     5141294071       1360006055070           3,195,000             3,500                        TRX TO Bank Mandiri 
    T-MONEY  024059 / 012479  0006376865153993865  1220  15/06/22  21:26:38  PMT SA     5153993865       1280005214553           1,000,000             3,500                        TRX TO Bank Mandiri 
    T-MONEY  024078 / 016449  0006376865153603635  9390  15/06/22  21:48:24  PMT SA     5153603635       1250002304202           5,050,000             3,500                        TRX TO Bank Mandiri 
    T-MONEY  024081 / 011270  0006376865100444579  6589  15/06/22  21:50:19  PMT SA     5100444579     120101002841502             713,000             3,500                        TRX TO Bank BRI     
    T-MONEY  024091 / 018751  0006376865100444579  6562  15/06/22  22:02:43  PMT SA     5100444579          3017077855           2,350,000             3,500                        TRX TO Bank Jateng  
    T-MONEY  024107 / 021270  0006376865100444579  6760  15/06/22  22:18:56  PMT SA     5100444579        706981459700             997,000             3,500                        TRX TO Bank CIMB NIA
    T-MONEY  024109 / 021495  0006376865106905357  7725  15/06/22  22:20:41  PMT SA     5106905357       1330001234517             200,000             3,500                        TRX TO Bank Mandiri 
    T-MONEY  024114 / 023191  0006376865100444579  0623  15/06/22  22:32:01  PMT SA     5100444579       9000016162951              56,000             3,500                        TRX TO Bank Mandiri 
    T-MONEY  024128 / 024738  0006376865100444579  7561  15/06/22  22:42:31  PMT SA     5100444579        706981459700             997,000             3,500                        TRX TO Bank CIMB NIA
    T-MONEY  024179 / 029660  0006376865100444579  0273  15/06/22  23:22:32  PMT SA     5100444579       1340017636423             497,000             3,500                        TRX TO Bank Mandiri 
   --------  ---------------  -------------------  ----  --------  --------  ------  -------------  ------------------  --------------------  ----------------  ------------------  ------------------
                                                                                           47 TRANSACTIONS, PAGE TOTAL          40,855,820           164,500
                                                                                          143 TRANSACTIONS, BANK TOTAL         160,100,780           500,500

PAGE:   7                                             PT. ALTO NETWORK                                   DATE: 16/06/22
REPORT ID: DNLDT04A                                   DAILY TRANSFER DESCRIPTION LISTING AS ACQUIRER             TIME: 04:37:39

SETTLEMENT DATE        : 15/06/22
ISSUER F.I. NO.        : (1092) TELKOM
BENEFICIARY F.I. NO.   : (1094) BCA

   TERMINAL  TRACE NUMBER     CARD ACCOUNT         RCPT  RCPT      RCPT      TRANS   FROM           TO                  AMOUNT                  INTERCHANGE       REFERENCE           NOTES
   NO.       ACQ / SWT        NUMBER               NBR   DATE      TIME      TYPE    ACCOUNT        ACCOUNT             TRANSFER                FEE DUE FR.       NUMBER
   --------  ---------------  -------------------  ----  --------  --------  ------  -------------  ------------------  --------------------  ----------------  ------------------  ------------------
    T-MONEY  022896 / 008794  0006376865100011430  7586  15/06/22  01:04:20  PMT SA     5100011430          3141139108           4,745,000             3,800                                            
    T-MONEY  022903 / 014558  0006376865225687447  9336  15/06/22  01:33:17  PMT SA     5225687447          1210666156              30,000             3,800                                            
    T-MONEY  022908 / 015445  0006376865100444579  1821  15/06/22  01:38:35  PMT SA     5100444579          0231331122           4,893,000             3,800                                            
    T-MONEY  022926 / 022853  0006376865280427948  3463  15/06/22  02:33:33  PMT SA     5280427948          2450583521              72,000             3,800                                            
    T-MONEY  022929 / 024518  0006376865295139447  1600  15/06/22  02:50:07  PMT SA     5295139447          7235074508             210,000             3,800                                            
    T-MONEY  022943 / 028529  0006376865100444579  3745  15/06/22  03:32:08  PMT SA     5100444579          7145021626             497,000             3,800                                            
    T-MONEY  022955 / 001308  0006376865241115338  5756  15/06/22  04:38:14  PMT SA     5241115338          4141235103              43,000             3,800                                            
    T-MONEY  022984 / 020845  0006376865100444579  7519  15/06/22  06:33:42  PMT SA     5100444579          7000208382           1,000,000             3,800                                            
    T-MONEY  023000 / 000778  0006376865276454685  5679  15/06/22  07:11:12  PMT SA     5276454685          0561266564             100,000             3,800                                            
    T-MONEY  023008 / 005891  0006376865234048489  1837  15/06/22  07:22:46  PMT SA     5234048489          1131481778              90,000             3,800                                            
    T-MONEY  023012 / 006763  0006376865278735129  1478  15/06/22  07:24:36  PMT SA     5278735129          8880281659             130,000             3,800                                            
    T-MONEY  023014 / 007247  0006376865280769017  6133  15/06/22  07:25:38  PMT SA     5280769017          3491425197              68,000             3,800                                            
    T-MONEY  023019 / 011925  0006376865100444579  9838  15/06/22  07:35:56  PMT SA     5100444579          0990634734             107,000             3,800                                            
    T-MONEY  023051 / 029245  0006376865100444579  6208  15/06/22  08:08:20  PMT SA     5100444579          0083974891             789,000             3,800                                            
    T-MONEY  023056 / 029843  0006376865247496855  2517  15/06/22  08:09:17  PMT SA     5247496855          4930367848              33,000             3,800                                            
    T-MONEY  023085 / 024967  0006376865100444579  3907  15/06/22  08:50:46  PMT SA     5100444579          5530646221             147,000             3,800                                            
    T-MONEY  023089 / 026568  0006376865210423972  2613  15/06/22  08:53:11  PMT SA     5210423972          0481948133              39,000             3,800                                            
    T-MONEY  023100 / 001724  0006376865247297787  9254  15/06/22  09:03:30  PMT SA     5247297787          5800246794             734,500             3,800                                            
    T-MONEY  023146 / 026019  0006376865100444579  9667  15/06/22  09:33:30  PMT SA     5100444579          8545321251             908,000             3,800                                            
    T-MONEY  023160 / 030794  0006376865100444579  5665  15/06/22  09:39:24  PMT SA     5100444579          8600819691           1,100,000             3,800                                            
    T-MONEY  023182 / 008898  0006376865276761572  9647  15/06/22  09:52:07  PMT SA     5276761572          7640777073              19,000             3,800                                            
    T-MONEY  023225 / 010039  0006376865296397028  7633  15/06/22  10:30:33  PMT SA     5296397028          0390608284              57,500             3,800                                            
    T-MONEY  023229 / 014339  0006376865158619046  5259  15/06/22  10:35:26  PMT SA     5158619046          7210093499           1,000,000             3,800                                            
    T-MONEY  023258 / 008298  0006376865272004898  7712  15/06/22  11:04:59  PMT SA     5272004898          3370412731              20,000             3,800                                            
    T-MONEY  023275 / 022588  0006376865243990371  2521  15/06/22  11:20:29  PMT SA     5243990371          7005157081             500,000             3,800                                            
    T-MONEY  023311 / 016374  0006376865219022376  6827  15/06/22  11:48:30  PMT SA     5219022376          7130670461             250,000             3,800                                            
    T-MONEY  023341 / 028961  0006376865232683685  2186  15/06/22  12:02:07  PMT SA     5232683685          3480223542             171,000             3,800                                            
    T-MONEY  023368 / 006458  0006376865298921790  6413  15/06/22  12:13:38  PMT SA     5298921790          8380251273              43,000             3,800                                            
    T-MONEY  023372 / 014004  0006376865100444579  9911  15/06/22  12:22:07  PMT SA     5100444579          0350834397             700,000             3,800                                            
    T-MONEY  023374 / 014743  0006376865253392840  6711  15/06/22  12:23:00  PMT SA     5253392840          8380251273              50,000             3,800                                            
    T-MONEY  023386 / 025970  0006376865298921790  5429  15/06/22  12:35:34  PMT SA     5298921790          8380251273              32,800             3,800                                            
    T-MONEY  023410 / 021246  0006376865100444579  1048  15/06/22  13:05:32  PMT SA     5100444579          0551237141             497,000             3,800                                            
    T-MONEY  023463 / 032712  0006376865100444579  4786  15/06/22  13:53:52  PMT SA     5100444579          8545321251           1,797,000             3,800                                            
    T-MONEY  023519 / 022392  0006376865259419538  6275  15/06/22  14:18:38  PMT SA     5259419538          8421208026              60,000             3,800                                            
    T-MONEY  023522 / 023118  0006376865100444579  9996  15/06/22  14:19:28  PMT SA     5100444579          8240762839             152,000             3,800                                            
    T-MONEY  023546 / 001313  0006376865100444579  2170  15/06/22  14:32:15  PMT SA     5100444579          4586317881             300,000             3,800                                            
    T-MONEY  023548 / 002450  0006376865100444579  3889  15/06/22  14:33:30  PMT SA     5100444579          4586317881              50,000             3,800                                            
    T-MONEY  023550 / 003782  0006376865100444579  2991  15/06/22  14:34:56  PMT SA     5100444579          4586317881              20,000             3,800                                            
    T-MONEY  023597 / 023866  0006376865279341371  7546  15/06/22  14:56:19  PMT SA     5279341371          6755246011             140,000             3,800                                            
    T-MONEY  023600 / 024611  0006376865100444579  6265  15/06/22  14:57:00  PMT SA     5100444579          3251651122              37,000             3,800                                            
    T-MONEY  023640 / 012673  0006376865100701358  8750  15/06/22  15:20:42  PMT SA     5100701358          0520077855             200,000             3,800                                            
    T-MONEY  023653 / 019659  0006376865100444579  3141  15/06/22  15:28:40  PMT SA     5100444579          7410854613           7,250,000             3,800                                            
    T-MONEY  023673 / 001523  0006376865218905460  6195  15/06/22  15:45:27  PMT SA     5218905460          2451341822              68,000             3,800                                            
    T-MONEY  023701 / 025514  0006376865100011263  8150  15/06/22  16:12:01  PMT SA     5100011263          8770775834           5,444,500             3,800                                            
    T-MONEY  023709 / 030705  0006376865100444579  0553  15/06/22  16:17:50  PMT SA     5100444579          1663199301              80,000             3,800                                            
    T-MONEY  023722 / 003218  0006376865266306222  5228  15/06/22  16:23:53  PMT SA     5266306222          5721254900              82,000             3,800                                            
    T-MONEY  023730 / 008561  0006376865259199659  1282  15/06/22  16:29:56  PMT SA     5259199659          0030990846              22,000             3,800                                            
    T-MONEY  023750 / 025225  0006376865100444579  1874  15/06/22  16:48:22  PMT SA     5100444579          3170606000             507,000             3,800                                            
   --------  ---------------  -------------------  ----  --------  --------  ------  -------------  ------------------  --------------------  ----------------  ------------------  ------------------
                                                                                           48 TRANSACTIONS, PAGE TOTAL          35,285,300           182,400

PAGE:   8                                             PT. ALTO NETWORK                                   DATE: 16/06/22
REPORT ID: DNLDT04A                                   DAILY TRANSFER DESCRIPTION LISTING AS ACQUIRER             TIME: 04:37:39

SETTLEMENT DATE        : 15/06/22
ISSUER F.I. NO.        : (1092) TELKOM
BENEFICIARY F.I. NO.   : (1094) BCA

   TERMINAL  TRACE NUMBER     CARD ACCOUNT         RCPT  RCPT      RCPT      TRANS   FROM           TO                  AMOUNT                  INTERCHANGE       REFERENCE           NOTES
   NO.       ACQ / SWT        NUMBER               NBR   DATE      TIME      TYPE    ACCOUNT        ACCOUNT             TRANSFER                FEE DUE FR.       NUMBER
   --------  ---------------  -------------------  ----  --------  --------  ------  -------------  ------------------  --------------------  ----------------  ------------------  ------------------
    T-MONEY  023757 / 001931  0006376865173179148  3592  15/06/22  16:59:23  PMT SA     5173179148          7750899239           1,000,000             3,800                                            
    T-MONEY  023777 / 025811  0006376865277040573  3801  15/06/22  17:25:29  PMT SA     5277040573          2832347508             100,000             3,800                                            
    T-MONEY  023805 / 013062  0006376865240556700  3327  15/06/22  17:45:40  PMT SA     5240556700          0342871265             224,390             3,800                                            
    T-MONEY  023810 / 014168  0006376865145598778  4020  15/06/22  17:46:50  PMT SA     5145598778          0402478819           1,724,500             3,800                                            
    T-MONEY  023825 / 020913  0006376865266365003  5585  15/06/22  17:54:24  PMT SA     5266365003          7705112525             882,000             3,800                                            
    T-MONEY  023847 / 009330  0006376865243286925  7595  15/06/22  18:18:08  PMT SA     5243286925          7275262463             995,000             3,800                                            
    T-MONEY  023854 / 020004  0006376865100444579  6074  15/06/22  18:29:16  PMT SA     5100444579          7670657587             732,000             3,800                                            
    T-MONEY  023858 / 021355  0006376865100444579  3898  15/06/22  18:30:40  PMT SA     5100444579          6690456115             198,000             3,800                                            
    T-MONEY  023884 / 004330  0006376865100444579  8917  15/06/22  18:46:34  PMT SA     5100444579          6820120092             945,900             3,800                                            
    T-MONEY  023885 / 008012  0006376865100444579  8432  15/06/22  18:50:20  PMT SA     5100444579          0561718953             650,000             3,800                                            
    T-MONEY  023922 / 031339  0006376865299064349  1218  15/06/22  19:13:08  PMT SA     5299064349          3480474332              45,500             3,800                                            
    T-MONEY  023927 / 000833  0006376865142883689  5906  15/06/22  19:15:32  PMT SA     5142883689          0161651329           4,500,000             3,800                                            
    T-MONEY  023948 / 019496  0006376865222267048  1592  15/06/22  19:34:44  PMT SA     5222267048          1392791528             544,198             3,800                                            
    T-MONEY  023952 / 021472  0006376865275036978  5285  15/06/22  19:36:51  PMT SA     5275036978          8905776777           1,141,500             3,800                                            
    T-MONEY  023963 / 004444  0006376865100444579  6409  15/06/22  19:54:18  PMT SA     5100444579          0213587428           3,527,100             3,800                                            
    T-MONEY  023970 / 008174  0006376865101371492  9094  15/06/22  19:58:30  PMT SA     5101371492          0230846308             200,000             3,800                                            
    T-MONEY  023972 / 009409  0006376865251936279  5265  15/06/22  19:59:51  PMT SA     5251936279          2280197877           1,005,000             3,800                                            
    T-MONEY  023977 / 011272  0006376865100444579  6810  15/06/22  20:01:51  PMT SA     5100444579          7410854613           3,280,000             3,800                                            
    T-MONEY  024033 / 014272  0006376865244572402  2638  15/06/22  20:43:45  PMT SA     5244572402          0072883894           2,250,000             3,800                                            
    T-MONEY  024035 / 014606  0006376865299064349  3075  15/06/22  20:44:08  PMT SA     5299064349          4790511072              50,000             3,800                                            
    T-MONEY  024055 / 001653  0006376865279303230  6987  15/06/22  21:23:50  PMT SA     5279303230          2230822932              24,000             3,800                                            
    T-MONEY  024063 / 012275  0006376865100444579  6328  15/06/22  21:31:07  PMT SA     5100444579          7641534335             147,000             3,800                                            
    T-MONEY  024066 / 014007  0006376865293849392  3117  15/06/22  21:32:21  PMT SA     5293849392          6690613253             500,000             3,800                                            
    T-MONEY  024068 / 019598  0006376865285405705  8389  15/06/22  21:36:05  PMT SA     5285405705          7445191779             100,000             3,800                                            
    T-MONEY  024071 / 022811  0006376865100444579  5106  15/06/22  21:38:21  PMT SA     5100444579          0690482959             350,000             3,800                                            
    T-MONEY  024085 / 015865  0006376865100444579  1272  15/06/22  21:57:00  PMT SA     5100444579          6241275890             428,000             3,800                                            
    T-MONEY  024088 / 020109  0006376865272158330  6894  15/06/22  22:00:13  PMT SA     5272158330          5765368500              32,000             3,800                                            
    T-MONEY  024093 / 026625  0006376865223660670  7503  15/06/22  22:05:11  PMT SA     5223660670          6042484047              85,000             3,800                                            
    T-MONEY  024095 / 028781  0006376865236466654  8349  15/06/22  22:07:05  PMT SA     5236466654          7961005306             100,000             3,800                                            
    T-MONEY  024100 / 001924  0006376865100444579  8792  15/06/22  22:11:55  PMT SA     5100444579          0231331122             505,000             3,800                                            
    T-MONEY  024120 / 030244  0006376865100444579  2040  15/06/22  22:35:36  PMT SA     5100444579          8665189038              14,000             3,800                                            
    T-MONEY  024125 / 004521  0006376865257561427  8073  15/06/22  22:42:14  PMT SA     5257561427          1260738662             433,087             3,800                                            
    T-MONEY  024141 / 023151  0006376865100444579  2650  15/06/22  23:00:50  PMT SA     5100444579          3190200808             314,050             3,800                                            
    T-MONEY  024154 / 029177  0006376865291892871  0932  15/06/22  23:06:22  PMT SA     5291892871          5210303491              26,777             3,800                                            
   --------  ---------------  -------------------  ----  --------  --------  ------  -------------  ------------------  --------------------  ----------------  ------------------  ------------------
                                                                                           34 TRANSACTIONS, PAGE TOTAL          27,054,002           129,200
                                                                                           82 TRANSACTIONS, BANK TOTAL          62,339,302           311,600

PAGE:   9                                             PT. ALTO NETWORK                                   DATE: 16/06/22
REPORT ID: DNLDT04A                                   DAILY TRANSFER DESCRIPTION LISTING AS ACQUIRER             TIME: 04:37:39

SETTLEMENT DATE        : 15/06/22
ISSUER F.I. NO.        : (1092) TELKOM
BENEFICIARY F.I. NO.   : (1101) Bank Jago

   TERMINAL  TRACE NUMBER     CARD ACCOUNT         RCPT  RCPT      RCPT      TRANS   FROM           TO                  AMOUNT                  INTERCHANGE       REFERENCE           NOTES
   NO.       ACQ / SWT        NUMBER               NBR   DATE      TIME      TYPE    ACCOUNT        ACCOUNT             TRANSFER                FEE DUE FR.       NUMBER
   --------  ---------------  -------------------  ----  --------  --------  ------  -------------  ------------------  --------------------  ----------------  ------------------  ------------------
    T-MONEY  023623 / 019125  0006376865100444579  2294  15/06/22  15:04:56  PMT SA     5100444579        105999135928              12,000             3,800                                            
    T-MONEY  023796 / 027512  0006376865100444579  3922  15/06/22  17:36:06  PMT SA     5100444579        109277822825           1,283,100             3,800                                            
   --------  ---------------  -------------------  ----  --------  --------  ------  -------------  ------------------  --------------------  ----------------  ------------------  ------------------
                                                                                            2 TRANSACTIONS, PAGE TOTAL           1,295,100             7,600
                                                                                            2 TRANSACTIONS, BANK TOTAL           1,295,100             7,600

PAGE:  10                                             PT. ALTO NETWORK                                   DATE: 16/06/22
REPORT ID: DNLDT04A                                   DAILY TRANSFER DESCRIPTION LISTING AS ACQUIRER             TIME: 04:37:39

SETTLEMENT DATE        : 15/06/22
ISSUER F.I. NO.        : (1092) TELKOM
BENEFICIARY F.I. NO.   : (1106) Bank BNC

   TERMINAL  TRACE NUMBER     CARD ACCOUNT         RCPT  RCPT      RCPT      TRANS   FROM           TO                  AMOUNT                  INTERCHANGE       REFERENCE           NOTES
   NO.       ACQ / SWT        NUMBER               NBR   DATE      TIME      TYPE    ACCOUNT        ACCOUNT             TRANSFER                FEE DUE FR.       NUMBER
   --------  ---------------  -------------------  ----  --------  --------  ------  -------------  ------------------  --------------------  ----------------  ------------------  ------------------
    T-MONEY  023398 / 012019  0006376865100444579  8657  15/06/22  12:54:15  PMT SA     5100444579    5859459146800346           2,517,000             3,800                                            
   --------  ---------------  -------------------  ----  --------  --------  ------  -------------  ------------------  --------------------  ----------------  ------------------  ------------------
                                                                                            1 TRANSACTIONS, PAGE TOTAL           2,517,000             3,800
                                                                                            1 TRANSACTIONS, BANK TOTAL           2,517,000             3,800

PAGE:  11                                             PT. ALTO NETWORK                                   DATE: 16/06/22
REPORT ID: DNLDT04A                                   DAILY TRANSFER DESCRIPTION LISTING AS ACQUIRER             TIME: 04:37:39

SETTLEMENT DATE        : 15/06/22
ISSUER F.I. NO.        : (1092) TELKOM
BENEFICIARY F.I. NO.   : (1107) BNI

   TERMINAL  TRACE NUMBER     CARD ACCOUNT         RCPT  RCPT      RCPT      TRANS   FROM           TO                  AMOUNT                  INTERCHANGE       REFERENCE           NOTES
   NO.       ACQ / SWT        NUMBER               NBR   DATE      TIME      TYPE    ACCOUNT        ACCOUNT             TRANSFER                FEE DUE FR.       NUMBER
   --------  ---------------  -------------------  ----  --------  --------  ------  -------------  ------------------  --------------------  ----------------  ------------------  ------------------
    T-MONEY  022933 / 004246  0006376865218781494  5759  15/06/22  03:05:59  PMT SA     5218781494          1330639103              65,000             3,800                                            
    T-MONEY  022936 / 004679  0006376865288289313  0407  15/06/22  03:17:51  PMT SA     5288289313          0786188577              20,000             3,800                                            
    T-MONEY  022950 / 006674  0006376865246231031  3542  15/06/22  04:17:41  PMT SA     5246231031          0904167599              23,600             3,800                                            
    T-MONEY  023027 / 002257  0006376865279283257  5934  15/06/22  07:46:19  PMT SA     5279283257          0401394443           2,050,000             3,800                                            
    T-MONEY  023031 / 004440  0006376865291351667  3751  15/06/22  07:54:13  PMT SA     5291351667          0907372786             250,000             3,800                                            
    T-MONEY  023033 / 005453  0006376865272759342  0506  15/06/22  07:57:52  PMT SA     5272759342          0432959330              50,000             3,800                                            
    T-MONEY  023038 / 005938  0006376865102035720  4841  15/06/22  07:59:33  PMT SA     5102035720          0106606647              50,000             3,800                                            
    T-MONEY  023046 / 006658  0006376865101673027  1856  15/06/22  08:02:14  PMT SA     5101673027          2003012533             377,000             3,800                                            
    T-MONEY  023064 / 014201  0006376865100046812  0610  15/06/22  08:23:50  PMT SA     5100046812          0227853190           7,000,000             3,800                                            
    T-MONEY  023097 / 029578  0006376865106161723  7428  15/06/22  09:01:27  PMT SA     5106161723          1319361324           3,000,000             3,800                                            
    T-MONEY  023111 / 000457  0006376865272770168  3174  15/06/22  09:09:44  PMT SA     5272770168           427445855             238,000             3,800                                            
    T-MONEY  023147 / 011597  0006376865150343269  7712  15/06/22  09:33:32  PMT SA     5150343269          0601761633           1,750,000             3,800                                            
    T-MONEY  023164 / 014916  0006376865297742025  7418  15/06/22  09:40:15  PMT SA     5297742025          2802929221             920,000             3,800                                            
    T-MONEY  023186 / 022064  0006376865101502626  0200  15/06/22  09:55:11  PMT SA     5101502626          1376605467              50,000             3,800                                            
    T-MONEY  023239 / 015221  0006376865226911029  5724  15/06/22  10:45:54  PMT SA     5226911029          0393557122           1,013,000             3,800                                            
    T-MONEY  023282 / 003896  0006376865260054594  1754  15/06/22  11:27:23  PMT SA     5260054594          0221274006             180,000             3,800                                            
    T-MONEY  023333 / 020882  0006376865101496979  2836  15/06/22  12:01:02  PMT SA     5101496979          0309593874              68,000             3,800                                            
    T-MONEY  023400 / 015094  0006376865290262106  2651  15/06/22  12:56:14  PMT SA     5290262106          1233394413              51,000             3,800                                            
    T-MONEY  023481 / 012006  0006376865100444579  1716  15/06/22  13:57:06  PMT SA     5100444579          1341059618           1,650,000             3,800                                            
    T-MONEY  023506 / 019444  0006376865248162322  9449  15/06/22  14:12:24  PMT SA     5248162322          0474466754             170,000             3,800                                            
    T-MONEY  023574 / 003948  0006376865244975067  0305  15/06/22  14:48:07  PMT SA     5244975067          0041170178             205,000             3,800                                            
    T-MONEY  023615 / 011370  0006376865271460164  5057  15/06/22  15:03:48  PMT SA     5271460164          1352407564              15,000             3,800                                            
    T-MONEY  023642 / 019322  0006376865128746549  1758  15/06/22  15:20:55  PMT SA     5128746549          0331209687           1,794,000             3,800                                            
    T-MONEY  023661 / 026330  0006376865100444579  4802  15/06/22  15:36:30  PMT SA     5100444579          1301131638             265,000             3,800                                            
    T-MONEY  023675 / 030566  0006376865277693807  1611  15/06/22  15:45:34  PMT SA     5277693807          0904962315              50,000             3,800                                            
    T-MONEY  023687 / 004265  0006376865273088764  9769  15/06/22  15:59:22  PMT SA     5273088764          0288275965             576,500             3,800                                            
    T-MONEY  023725 / 016009  0006376865100659672  3535  15/06/22  16:25:25  PMT SA     5100659672          0596917812              94,500             3,800                                            
    T-MONEY  023736 / 021036  0006376865100011257  3044  15/06/22  16:35:57  PMT SA     5100011257          0169205745           6,000,000             3,800                                            
    T-MONEY  023738 / 021182  0006376865268992039  7681  15/06/22  16:36:18  PMT SA     5268992039          0400284656             140,000             3,800                                            
    T-MONEY  023769 / 005616  0006376865285346476  9638  15/06/22  17:13:08  PMT SA     5285346476          1239623675             694,000             3,800                                            
    T-MONEY  023786 / 014973  0006376865100444579  9414  15/06/22  17:33:36  PMT SA     5100444579          1343049722             160,000             3,800                                            
    T-MONEY  023831 / 025821  0006376865221981669  7588  15/06/22  17:58:01  PMT SA     5221981669          0811655504             596,000             3,800                                            
    T-MONEY  023842 / 031704  0006376865285980753  0895  15/06/22  18:10:55  PMT SA     5285980753          1185260936           2,269,500             3,800                                            
    T-MONEY  023874 / 014823  0006376865273331743  3554  15/06/22  18:43:57  PMT SA     5273331743          0820820816             385,855             3,800                                            
    T-MONEY  023879 / 015679  0006376865100444579  7639  15/06/22  18:45:55  PMT SA     5100444579          0975308153             100,000             3,800                                            
    T-MONEY  023903 / 022748  0006376865101525341  5787  15/06/22  19:00:49  PMT SA     5101525341          0712951050              10,000             3,800                                            
    T-MONEY  023933 / 032493  0006376865101413407  5747  15/06/22  19:22:13  PMT SA     5101413407          0865409951             100,000             3,800                                            
    T-MONEY  023967 / 015218  0006376865100444579  4879  15/06/22  19:56:04  PMT SA     5100444579          0341844334             555,000             3,800                                            
    T-MONEY  023988 / 021860  0006376865291351667  6004  15/06/22  20:11:53  PMT SA     5291351667          0907372786              75,000             3,800                                            
    T-MONEY  024047 / 007214  0006376865100444579  9161  15/06/22  20:58:47  PMT SA     5100444579          2510198665             997,000             3,800                                            
    T-MONEY  024076 / 022125  0006376865100444579  7513  15/06/22  21:47:49  PMT SA     5100444579          1341059618             584,000             3,800                                            
   --------  ---------------  -------------------  ----  --------  --------  ------  -------------  ------------------  --------------------  ----------------  ------------------  ------------------
                                                                                           41 TRANSACTIONS, PAGE TOTAL          34,641,955           155,800
                                                                                           41 TRANSACTIONS, BANK TOTAL          34,641,955           155,800
                                                                                          285 TRANSACTIONS, GRAND TOTAL        279,946,637         1,036,800

NOTE: TRANSACTIONS MARKED WITH A '*' ARE COUNTED, BUT THEIR AMOUNTS ARE NOT ADDED TO THE PAGE, BANK OR GRAND TOTALS.


                  ** ** ** ** ** END OF DAILY TRANSFER TRANSACTION LISTING AS ACQUIRER REPORT FOR TELKOM ** ** ** ** ** 
