PAGE:   1                                             PT. ALTO NETWORK                                   DATE: 12/06/22
REPORT ID: DNLDT04A                                   DAILY TRANSFER DESCRIPTION LISTING AS ACQUIRER             TIME: 04:39:49

SETTLEMENT DATE        : 11/06/22
ISSUER F.I. NO.        : (1092) TELKOM
BENEFICIARY F.I. NO.   : (1028) Sinarmas

   TERMINAL  TRACE NUMBER     CARD ACCOUNT         RCPT  RCPT      RCPT      TRANS   FROM           TO                  AMOUNT                  INTERCHANGE       REFERENCE           NOTES
   NO.       ACQ / SWT        NUMBER               NBR   DATE      TIME      TYPE    ACCOUNT        ACCOUNT             TRANSFER                FEE DUE FR.       NUMBER
   --------  ---------------  -------------------  ----  --------  --------  ------  -------------  ------------------  --------------------  ----------------  ------------------  ------------------
    T-MONEY  018300 / 017226  0006376865172537512  0458  11/06/22  12:21:46  PMT SA     5172537512          0014639101           4,000,000             3,800                                            
   --------  ---------------  -------------------  ----  --------  --------  ------  -------------  ------------------  --------------------  ----------------  ------------------  ------------------
                                                                                            1 TRANSACTIONS, PAGE TOTAL           4,000,000             3,800
                                                                                            1 TRANSACTIONS, BANK TOTAL           4,000,000             3,800

PAGE:   2                                             PT. ALTO NETWORK                                   DATE: 12/06/22
REPORT ID: DNLDT04A                                   DAILY TRANSFER DESCRIPTION LISTING AS ACQUIRER             TIME: 04:39:49

SETTLEMENT DATE        : 11/06/22
ISSUER F.I. NO.        : (1092) TELKOM
BENEFICIARY F.I. NO.   : (1068) Rintis

   TERMINAL  TRACE NUMBER     CARD ACCOUNT         RCPT  RCPT      RCPT      TRANS   FROM           TO                  AMOUNT                  INTERCHANGE       REFERENCE           NOTES
   NO.       ACQ / SWT        NUMBER               NBR   DATE      TIME      TYPE    ACCOUNT        ACCOUNT             TRANSFER                FEE DUE FR.       NUMBER
   --------  ---------------  -------------------  ----  --------  --------  ------  -------------  ------------------  --------------------  ----------------  ------------------  ------------------
    T-MONEY  017749 / 002839  0006376865100444579  1918  11/06/22  00:35:59  PMT SA     5100444579      23002040400566           2,450,000             3,500                        TRX TO Bank SUMUT   
    T-MONEY  017781 / 000669  0006376865101333352  9976  11/06/22  01:22:24  PMT SA     5101333352          2612239510           9,000,000             3,500                        TRX TO Bank Syariah 
    T-MONEY  017833 / 007605  0006376865251707312  0645  11/06/22  05:38:53  PMT SA     5251707312           887323498           1,493,000             3,500                        TRX TO Bank Syariah 
    T-MONEY  017940 / 013441  0006376865101594129  8957  11/06/22  07:26:19  PMT SA     5101594129          1054286399              50,000             3,500                        TRX TO Bank Syariah 
    T-MONEY  018054 / 024153  0006376865190059850  6761  11/06/22  09:25:13  PMT SA     5190059850          7095038721           5,250,000             3,500                        TRX TO Bank Syariah 
    T-MONEY  018103 / 030159  0006376865101841067  4633  11/06/22  10:09:59  PMT SA     5101841067          1054220258              90,000             3,500                        TRX TO Bank Syariah 
    T-MONEY  018143 / 000669  0006376865100444579  9919  11/06/22  10:33:48  PMT SA     5100444579      25002040225396           2,500,000             3,500                        TRX TO Bank SUMUT   
    T-MONEY  018169 / 001747  0006376865174652245  1357  11/06/22  10:43:11  PMT SA     5174652245          9123631520           1,624,500             3,500                        TRX TO Bank Syariah 
    T-MONEY  018288 / 013841  0006376865217430085  3736  11/06/22  12:12:10  PMT SA     5217430085          1199806265             245,000             3,500                        TRX TO Bank Syariah 
    T-MONEY  018328 / 017342  0006376865297726666  5657  11/06/22  12:39:03  PMT SA     5297726666          9770217790              60,000             3,500                        TRX TO Bank Syariah 
    T-MONEY  018446 / 000900  0006376865238221912  3510  11/06/22  14:45:07  PMT SA     5238221912          1051023605              93,000             3,500                        TRX TO Bank Syariah 
    T-MONEY  018490 / 007101  0006376865129706649  4351  11/06/22  15:34:53  PMT SA     5129706649          1974101403           6,450,000             3,500                        TRX TO Bank Syariah 
    T-MONEY  018710 / 030263  0006376865127447653  1752  11/06/22  18:32:44  PMT SA     5127447653          2940158280           2,654,500             3,500                        TRX TO Bank Syariah 
    T-MONEY  018724 / 032004  0006376865100444579  7159  11/06/22  18:46:01  PMT SA     5100444579      31102040234250             267,000             3,500                        TRX TO Bank SUMUT   
    T-MONEY  018765 / 002528  0006376865259195999  3110  11/06/22  19:11:08  PMT SA     5259195999          2111993215              95,000             3,500                        TRX TO Bank Syariah 
    T-MONEY  018792 / 005930  0006376865212741867  6802  11/06/22  19:37:11  PMT SA     5212741867          7181971187           4,800,000             3,500                        TRX TO Bank Syariah 
    T-MONEY  018981 / 022527  0006376865100444579  3047  11/06/22  22:12:38  PMT SA     5100444579      12002040094203             220,000             3,500                        TRX TO Bank SUMUT   
   --------  ---------------  -------------------  ----  --------  --------  ------  -------------  ------------------  --------------------  ----------------  ------------------  ------------------
                                                                                           17 TRANSACTIONS, PAGE TOTAL          37,342,000            59,500
                                                                                           17 TRANSACTIONS, BANK TOTAL          37,342,000            59,500

PAGE:   3                                             PT. ALTO NETWORK                                   DATE: 12/06/22
REPORT ID: DNLDT04A                                   DAILY TRANSFER DESCRIPTION LISTING AS ACQUIRER             TIME: 04:39:49

SETTLEMENT DATE        : 11/06/22
ISSUER F.I. NO.        : (1092) TELKOM
BENEFICIARY F.I. NO.   : (1069) ArtaJasa

   TERMINAL  TRACE NUMBER     CARD ACCOUNT         RCPT  RCPT      RCPT      TRANS   FROM           TO                  AMOUNT                  INTERCHANGE       REFERENCE           NOTES
   NO.       ACQ / SWT        NUMBER               NBR   DATE      TIME      TYPE    ACCOUNT        ACCOUNT             TRANSFER                FEE DUE FR.       NUMBER
   --------  ---------------  -------------------  ----  --------  --------  ------  -------------  ------------------  --------------------  ----------------  ------------------  ------------------
    T-MONEY  017755 / 031795  0006376865176889615  0438  11/06/22  00:46:08  PMT SA     5176889615       1150006314795             806,500             3,500                        TRX TO Bank Mandiri 
    T-MONEY  017772 / 000824  0006376865290651157  0178  11/06/22  01:16:17  PMT SA     5290651157        085776581912              35,000             3,500                        TRX TO TELKOMSEL (TC
    T-MONEY  017774 / 000919  0006376865168520511  7581  11/06/22  01:18:21  PMT SA     5168520511       1310004034536           1,920,000             3,500                        TRX TO Bank Mandiri 
    T-MONEY  017777 / 012778  0006376865100444579  1283  11/06/22  01:20:06  PMT SA     5100444579     302401038746530              64,000             3,500                        TRX TO Bank BRI     
    T-MONEY  017829 / 029036  0006376865100444579  4224  11/06/22  05:26:38  PMT SA     5100444579     377401054038534           1,200,000             3,500                        TRX TO Bank BRI     
    T-MONEY  017837 / 009140  0006376865100444579  0432  11/06/22  05:40:53  PMT SA     5100444579       1520017588019             397,000             3,500                        TRX TO Bank Mandiri 
    T-MONEY  017840 / 009339  0006376865191353745  3691  11/06/22  05:43:56  PMT SA     5191353745       1420004235809             685,000             3,500                        TRX TO Bank Mandiri 
    T-MONEY  017844 / 009572  0006376865172920114  7410  11/06/22  05:47:48  PMT SA     5172920114        081394665879           1,000,000             3,500                        TRX TO TELKOMSEL (TC
    T-MONEY  017855 / 010019  0006376865128154519  2595  11/06/22  05:54:31  PMT SA     5128154519       1300011022574             875,500             3,500                        TRX TO Bank Mandiri 
    T-MONEY  017858 / 010314  0006376865177656774  8411  11/06/22  05:59:04  PMT SA     5177656774       0700006651165           3,500,000             3,500                        TRX TO Bank Mandiri 
    T-MONEY  017861 / 010821  0006376865138992288  3095  11/06/22  06:05:09  PMT SA     5138992288       1290007831841           1,525,221             3,500                        TRX TO Bank Mandiri 
    T-MONEY  017865 / 005486  0006376865177656774  6062  11/06/22  06:09:48  PMT SA     5177656774     595401000268505           1,500,000             3,500                        TRX TO Bank BRI     
    T-MONEY  017869 / 005887  0006376865271651581  5118  11/06/22  06:11:13  PMT SA     5271651581     598201031552538             105,000             3,500                        TRX TO Bank BRI     
    T-MONEY  017871 / 011324  0006376865100444579  3913  11/06/22  06:11:42  PMT SA     5100444579       1340014640543              75,000             3,500                        TRX TO Bank Mandiri 
    T-MONEY  017875 / 011691  0006376865100444579  0844  11/06/22  06:16:10  PMT SA     5100444579       1490007578703           1,300,000             3,500                        TRX TO Bank Mandiri 
    T-MONEY  017877 / 012031  0006376865183332405  8377  11/06/22  06:20:03  PMT SA     5183332405       1140003163204           7,950,000             3,500                        TRX TO Bank Mandiri 
    T-MONEY  017882 / 012476  0006376865286195242  7873  11/06/22  06:25:11  PMT SA     5286195242       1600002852313             160,000             3,500                        TRX TO Bank Mandiri 
    T-MONEY  017887 / 013356  0006376865222203027  8421  11/06/22  06:34:44  PMT SA     5222203027       9000042116559           5,114,100             3,500                        TRX TO Bank Mandiri 
    T-MONEY  017889 / 013398  0006376865140598835  3539  11/06/22  06:35:10  PMT SA     5140598835       1050001422405           1,330,000             3,500                        TRX TO Bank Mandiri 
    T-MONEY  017895 / 014024  0006376865185488487  5841  11/06/22  06:41:09  PMT SA     5185488487       1230004022317           2,250,000             3,500                        TRX TO Bank Mandiri 
    T-MONEY  017901 / 014305  0006376865280653031  9523  11/06/22  06:43:08  PMT SA     5280653031       1480017640379              12,000             3,500                        TRX TO Bank Mandiri 
    T-MONEY  017907 / 015228  0006376865155033149  4138  11/06/22  06:51:22  PMT SA     5155033149       1180005124010             850,000             3,500                        TRX TO Bank Mandiri 
    T-MONEY  017911 / 015344  0006376865100444579  5630  11/06/22  06:52:30  PMT SA     5100444579          2020268428              35,000             3,500                        TRX TO Bank Jateng  
    T-MONEY  017916 / 024411  0006376865101618580  3156  11/06/22  07:01:05  PMT SA     5101618580     023001102073502           1,047,000             3,500                        TRX TO Bank BRI     
    T-MONEY  017920 / 026347  0006376865100444579  9329  11/06/22  07:04:57  PMT SA     5100444579     606001018456534              90,000             3,500                        TRX TO Bank BRI     
    T-MONEY  017922 / 026534  0006376865110337227  4655  11/06/22  07:05:18  PMT SA     5110337227     646201015189536             200,000             3,500                        TRX TO Bank BRI     
    T-MONEY  017928 / 017475  0006376865225568662  3510  11/06/22  07:10:50  PMT SA     5225568662       1340010401668           5,580,000             3,500                        TRX TO Bank Mandiri 
    T-MONEY  017931 / 018137  0006376865108934014  7360  11/06/22  07:15:41  PMT SA     5108934014        700007344703           4,800,000             3,500                        TRX TO Bank Mandiri 
    T-MONEY  017936 / 018698  0006376865102201268  2508  11/06/22  07:20:22  PMT SA     5102201268       1110007683002           4,884,500             3,500                        TRX TO Bank Mandiri 
    T-MONEY  017942 / 019643  0006376865295098400  6804  11/06/22  07:27:11  PMT SA     5295098400       1330013381710             100,000             3,500                        TRX TO Bank Mandiri 
    T-MONEY  017949 / 020566  0006376865106415250  4314  11/06/22  07:33:37  PMT SA     5106415250       1230091032856           3,400,000             3,500                        TRX TO Bank Mandiri 
    T-MONEY  017951 / 021169  0006376865219173706  0537  11/06/22  07:37:46  PMT SA     5219173706       1170006902399              96,000             3,500                        TRX TO Bank Mandiri 
    T-MONEY  017960 / 022068  0006376865193822302  7676  11/06/22  07:43:46  PMT SA     5193822302       1200009751228             100,000             3,500                        TRX TO Bank Mandiri 
    T-MONEY  017967 / 023695  0006376865275332445  7647  11/06/22  07:55:04  PMT SA     5275332445       1030005760281              50,000             3,500                        TRX TO Bank Mandiri 
    T-MONEY  017972 / 024893  0006376865255498791  9459  11/06/22  08:02:38  PMT SA     5255498791       1300020275221           9,270,000             3,500                        TRX TO Bank Mandiri 
    T-MONEY  017983 / 028909  0006376865127941347  4011  11/06/22  08:26:06  PMT SA     5127941347       1300005461994           2,100,000             3,500                        TRX TO Bank Mandiri 
    T-MONEY  017986 / 031639  0006376865122430829  9048  11/06/22  08:40:21  PMT SA     5122430829       1020006180001           1,374,500             3,500                        TRX TO Bank Mandiri 
    T-MONEY  017989 / 027293  0006376865255339447  7075  11/06/22  08:45:35  PMT SA     5255339447     388401036642538             115,000             3,500                        TRX TO Bank BRI     
    T-MONEY  017991 / 000507  0006376865238523942  7850  11/06/22  08:49:19  PMT SA     5238523942        085294768198              14,000             3,500                        TRX TO TELKOMSEL (TC
    T-MONEY  018000 / 001413  0006376865296316815  4613  11/06/22  08:53:47  PMT SA     5296316815     666401000098508             392,200             3,500                        TRX TO Bank BRI     
    T-MONEY  018004 / 001960  0006376865296264038  9930  11/06/22  08:56:26  PMT SA     5296264038        760692472900           5,579,500             3,500                        TRX TO Bank CIMB NIA
    T-MONEY  018007 / 004157  0006376865266368276  5649  11/06/22  08:56:56  PMT SA     5266368276     147901002626503           1,249,500             3,500                        TRX TO Bank BRI     
    T-MONEY  018017 / 003706  0006376865100444579  4267  11/06/22  09:04:47  PMT SA     5100444579       1410022116370           1,035,000             3,500                        TRX TO Bank Mandiri 
    T-MONEY  018019 / 004265  0006376865239634079  3401  11/06/22  09:07:28  PMT SA     5239634079       1200011609158              50,000             3,500                        TRX TO Bank Mandiri 
    T-MONEY  018021 / 014425  0006376865100444579  3816  11/06/22  09:08:48  PMT SA     5100444579     351701010052532              50,000             3,500                        TRX TO Bank BRI     
    T-MONEY  018029 / 005624  0006376865272980040  9123  11/06/22  09:14:05  PMT SA     5272980040       1560015512769           6,274,500             3,500                        TRX TO Bank Mandiri 
    T-MONEY  018034 / 006407  0006376865224307367  8230  11/06/22  09:17:33  PMT SA     5224307367         08117320211           1,000,000             3,500                        TRX TO TELKOMSEL (TC
    T-MONEY  018039 / 023022  0006376865293645402  1892  11/06/22  09:18:32  PMT SA     5293645402     386501028082530             300,000             3,500                        TRX TO Bank BRI     
   --------  ---------------  -------------------  ----  --------  --------  ------  -------------  ------------------  --------------------  ----------------  ------------------  ------------------
                                                                                           48 TRANSACTIONS, PAGE TOTAL          81,841,021           168,000

PAGE:   4                                             PT. ALTO NETWORK                                   DATE: 12/06/22
REPORT ID: DNLDT04A                                   DAILY TRANSFER DESCRIPTION LISTING AS ACQUIRER             TIME: 04:39:49

SETTLEMENT DATE        : 11/06/22
ISSUER F.I. NO.        : (1092) TELKOM
BENEFICIARY F.I. NO.   : (1069) ArtaJasa

   TERMINAL  TRACE NUMBER     CARD ACCOUNT         RCPT  RCPT      RCPT      TRANS   FROM           TO                  AMOUNT                  INTERCHANGE       REFERENCE           NOTES
   NO.       ACQ / SWT        NUMBER               NBR   DATE      TIME      TYPE    ACCOUNT        ACCOUNT             TRANSFER                FEE DUE FR.       NUMBER
   --------  ---------------  -------------------  ----  --------  --------  ------  -------------  ------------------  --------------------  ----------------  ------------------  ------------------
    T-MONEY  018040 / 006618  0006376865251003076  3107  11/06/22  09:18:33  PMT SA     5251003076        704231765000           4,374,000             3,500                        TRX TO Bank CIMB NIA
    T-MONEY  018064 / 009994  0006376865100003473  2601  11/06/22  09:33:29  PMT SA     5100003473       9000035314138           4,894,500             3,500                        TRX TO Bank Mandiri 
    T-MONEY  018066 / 010072  0006376865158520297  3618  11/06/22  09:33:47  PMT SA     5158520297       1030005322116           4,799,500             3,500                        TRX TO Bank Mandiri 
    T-MONEY  018068 / 010144  0006376865271985515  4905  11/06/22  09:34:07  PMT SA     5271985515       1790001799894           1,990,000             3,500                        TRX TO Bank Mandiri 
    T-MONEY  018072 / 010964  0006376865100010877  4486  11/06/22  09:37:24  PMT SA     5100010877       1640002183814           4,370,000             3,500                        TRX TO Bank Mandiri 
    T-MONEY  018076 / 015528  0006376865232797302  2111  11/06/22  09:45:46  PMT SA     5232797302     078801010550530             350,000             3,500                        TRX TO Bank BRI     
    T-MONEY  018089 / 015202  0006376865272385216  0672  11/06/22  09:54:51  PMT SA     5272385216       1060013889053              43,000             3,500                        TRX TO Bank Mandiri 
    T-MONEY  018098 / 017620  0006376865292009291  0859  11/06/22  10:04:22  PMT SA     5292009291       1060013908457             200,000             3,500                        TRX TO Bank Mandiri 
    T-MONEY  018111 / 020446  0006376865254843607  8120  11/06/22  10:15:05  PMT SA     5254843607       1480017904981              67,250             3,500                        TRX TO Bank Mandiri 
    T-MONEY  018115 / 020795  0006376865174999469  4820  11/06/22  10:16:21  PMT SA     5174999469       1300010447202           6,150,000             3,500                        TRX TO Bank Mandiri 
    T-MONEY  018119 / 021426  0006376865283915828  6704  11/06/22  10:18:59  PMT SA     5283915828       0700007986180             414,500             3,500                        TRX TO Bank Mandiri 
    T-MONEY  018121 / 021568  0006376865183927794  9241  11/06/22  10:19:35  PMT SA     5183927794       1550000931678           1,550,000             3,500                        TRX TO Bank Mandiri 
    T-MONEY  018124 / 022013  0006376865218265133  3955  11/06/22  10:21:21  PMT SA     5218265133       9000042677386              45,000             3,500                        TRX TO Bank Mandiri 
    T-MONEY  018132 / 022695  0006376865217388847  7144  11/06/22  10:23:40  PMT SA     5217388847       9000019593715           8,534,500             3,500                        TRX TO Bank Mandiri 
    T-MONEY  018136 / 023126  0006376865216891133  0513  11/06/22  10:25:12  PMT SA     5216891133       1440020713506           1,075,000             3,500                        TRX TO Bank Mandiri 
    T-MONEY  018138 / 023485  0006376865221302184  7929  11/06/22  10:26:42  PMT SA     5221302184       1330015448889             185,000             3,500                        TRX TO Bank Mandiri 
    T-MONEY  018141 / 026509  0006376865100444579  7902  11/06/22  10:31:53  PMT SA     5100444579     337201023291533           1,500,000             3,500                        TRX TO Bank BRI     
    T-MONEY  018149 / 025737  0006376865284446760  0244  11/06/22  10:35:42  PMT SA     5284446760       1460014271030              60,000             3,500                        TRX TO Bank Mandiri 
    T-MONEY  018150 / 030539  0006376865271456962  7745  11/06/22  10:35:59  PMT SA     5271456962     006801023206534           1,000,000             3,500                        TRX TO Bank BRI     
    T-MONEY  018152 / 026512  0006376865210104650  3743  11/06/22  10:38:31  PMT SA     5210104650        081388467959           1,000,000             3,500                        TRX TO TELKOMSEL (TC
    T-MONEY  018157 / 002817  0006376865101432880  8335  11/06/22  10:41:09  PMT SA     5101432880     203301008186500              33,500             3,500                        TRX TO Bank BRI     
    T-MONEY  018172 / 011225  0006376865257773478  7758  11/06/22  10:49:49  PMT SA     5257773478     427701018700538              12,595             3,500                        TRX TO Bank BRI     
    T-MONEY  018184 / 031888  0006376865215749030  7630  11/06/22  10:59:24  PMT SA     5215749030        081315450980              14,000             3,500                        TRX TO TELKOMSEL (TC
    T-MONEY  018193 / 031770  0006376865102225923  2209  11/06/22  11:10:30  PMT SA     5102225923     348601018261532              60,000             3,500                        TRX TO Bank BRI     
    T-MONEY  018205 / 002706  0006376865254349683  1841  11/06/22  11:13:56  PMT SA     5254349683       1540016641056              90,000             3,500                        TRX TO Bank Mandiri 
    T-MONEY  018217 / 004260  0006376865299107844  0616  11/06/22  11:20:29  PMT SA     5299107844       1120010804388           6,720,000             3,500                        TRX TO Bank Mandiri 
    T-MONEY  018218 / 008791  0006376865221414114  4677  11/06/22  11:20:37  PMT SA     5221414114     628401012282537              38,000             3,500                        TRX TO Bank BRI     
    T-MONEY  018229 / 006593  0006376865100010171  5590  11/06/22  11:29:07  PMT SA     5100010171       9000020197894             500,000             3,500                        TRX TO Bank Mandiri 
    T-MONEY  018249 / 010336  0006376865285968375  2518  11/06/22  11:44:16  PMT SA     5285968375       1630002838079             761,395             3,500                        TRX TO Bank Mandiri 
    T-MONEY  018251 / 010607  0006376865110557005  5913  11/06/22  11:45:30  PMT SA     5110557005       1730002513951           1,100,000             3,500                        TRX TO Bank Mandiri 
    T-MONEY  018253 / 010705  0006376865293368800  4782  11/06/22  11:45:51  PMT SA     5293368800       1160005473484           4,000,000             3,500                        TRX TO Bank Mandiri 
    T-MONEY  018259 / 011827  0006376865227026813  6317  11/06/22  11:50:38  PMT SA     5227026813       9000006783139           1,100,000             3,500                        TRX TO Bank Mandiri 
    T-MONEY  018265 / 007343  0006376865299064349  4535  11/06/22  11:52:37  PMT SA     5299064349     035601045017508              25,000             3,500                        TRX TO Bank BRI     
    T-MONEY  018269 / 013079  0006376865143157375  9153  11/06/22  11:55:55  PMT SA     5143157375       9000036481035             400,000             3,500                        TRX TO Bank Mandiri 
    T-MONEY  018283 / 024839  0006376865267774498  6783  11/06/22  12:10:06  PMT SA     5267774498     588201034810539             130,000             3,500                        TRX TO Bank BRI     
    T-MONEY  018285 / 025562  0006376865220809258  7489  11/06/22  12:10:48  PMT SA     5220809258     417201024190537             480,000             3,500                        TRX TO Bank BRI     
    T-MONEY  018291 / 029549  0006376865213093208  1173  11/06/22  12:14:43  PMT SA     5213093208     221201007266507             120,000             3,500                        TRX TO Bank BRI     
    T-MONEY  018293 / 001155  0006376865285055217  2684  11/06/22  12:18:59  PMT SA     5285055217     340801003835502              19,000             3,500                        TRX TO Bank BRI     
    T-MONEY  018297 / 018782  0006376865285244808  0559  11/06/22  12:19:55  PMT SA     5285244808       0700010133556             250,000             3,500                        TRX TO Bank Mandiri 
    T-MONEY  018302 / 019516  0006376865260334662  5352  11/06/22  12:23:14  PMT SA     5260334662       1340021818967             335,000             3,500                        TRX TO Bank Mandiri 
    T-MONEY  018309 / 011565  0006376865167170532  4252  11/06/22  12:29:08  PMT SA     5167170532     028601058824505           9,584,000             3,500                        TRX TO Bank BRI     
    T-MONEY  018312 / 012846  0006376865285227029  3043  11/06/22  12:30:22  PMT SA     5285227029     340801003835502              43,000             3,500                        TRX TO Bank BRI     
    T-MONEY  018325 / 020854  0006376865274728157  1716  11/06/22  12:38:14  PMT SA     5274728157     442801008455504             300,000             3,500                        TRX TO Bank BRI     
    T-MONEY  018336 / 022741  0006376865274728157  7950  11/06/22  12:39:57  PMT SA     5274728157     442801008455504           2,000,000             3,500                        TRX TO Bank BRI     
    T-MONEY  018343 / 027991  0006376865274728157  8953  11/06/22  12:45:01  PMT SA     5274728157     442801008455504             930,000             3,500                        TRX TO Bank BRI     
    T-MONEY  018345 / 032754  0006376865275638794  4632  11/06/22  12:49:38  PMT SA     5275638794     569801006957538              85,000             3,500                        TRX TO Bank BRI     
    T-MONEY  018358 / 028739  0006376865225803050  1791  11/06/22  13:02:14  PMT SA     5225803050       0700010168669             500,000             3,500                        TRX TO Bank Mandiri 
    T-MONEY  018361 / 029170  0006376865234695981  1333  11/06/22  13:03:58  PMT SA     5234695981        083155672797              18,250             3,500                        TRX TO TELKOMSEL (TC
   --------  ---------------  -------------------  ----  --------  --------  ------  -------------  ------------------  --------------------  ----------------  ------------------  ------------------
                                                                                           48 TRANSACTIONS, PAGE TOTAL          72,250,990           168,000

PAGE:   5                                             PT. ALTO NETWORK                                   DATE: 12/06/22
REPORT ID: DNLDT04A                                   DAILY TRANSFER DESCRIPTION LISTING AS ACQUIRER             TIME: 04:39:49

SETTLEMENT DATE        : 11/06/22
ISSUER F.I. NO.        : (1092) TELKOM
BENEFICIARY F.I. NO.   : (1069) ArtaJasa

   TERMINAL  TRACE NUMBER     CARD ACCOUNT         RCPT  RCPT      RCPT      TRANS   FROM           TO                  AMOUNT                  INTERCHANGE       REFERENCE           NOTES
   NO.       ACQ / SWT        NUMBER               NBR   DATE      TIME      TYPE    ACCOUNT        ACCOUNT             TRANSFER                FEE DUE FR.       NUMBER
   --------  ---------------  -------------------  ----  --------  --------  ------  -------------  ------------------  --------------------  ----------------  ------------------  ------------------
    T-MONEY  018363 / 030170  0006376865295113910  2060  11/06/22  13:08:30  PMT SA     5295113910       1140024261177             100,000             3,500                        TRX TO Bank Mandiri 
    T-MONEY  018371 / 023818  0006376865163018688  3555  11/06/22  13:13:18  PMT SA     5163018688     039901029201505           4,970,000             3,500                        TRX TO Bank BRI     
    T-MONEY  018376 / 032308  0006376865100010915  8351  11/06/22  13:17:44  PMT SA     5100010915       1110009798311           4,800,000             3,500                        TRX TO Bank Mandiri 
    T-MONEY  018378 / 032539  0006376865295378874  9844  11/06/22  13:18:48  PMT SA     5295378874       1460009796165             475,000             3,500                        TRX TO Bank Mandiri 
    T-MONEY  018382 / 000626  0006376865100011181  4430  11/06/22  13:22:30  PMT SA     5100011181       1310007018536           5,134,500             3,500                        TRX TO Bank Mandiri 
    T-MONEY  018393 / 003825  0006376865258341391  5288  11/06/22  13:36:25  PMT SA     5258341391       1480016651625              72,000             3,500                        TRX TO Bank Mandiri 
    T-MONEY  018396 / 004717  0006376865294629926  4028  11/06/22  13:40:18  PMT SA     5294629926       0700010335466           4,264,500             3,500                        TRX TO Bank Mandiri 
    T-MONEY  018419 / 011517  0006376865138812427  1561  11/06/22  14:09:56  PMT SA     5138812427       1390011833948             450,000             3,500                        TRX TO Bank Mandiri 
    T-MONEY  018423 / 012943  0006376865281190211  0295  11/06/22  14:16:15  PMT SA     5281190211       1660003294782             223,500             3,500                        TRX TO Bank Mandiri 
    T-MONEY  018430 / 025070  0006376865101637313  8241  11/06/22  14:21:53  PMT SA     5101637313     357101035627536              35,000             3,500                        TRX TO Bank BRI     
    T-MONEY  018437 / 016248  0006376865159340216  6887  11/06/22  14:31:31  PMT SA     5159340216       1360004439466           3,000,000             3,500                        TRX TO Bank Mandiri 
    T-MONEY  018440 / 016799  0006376865240600586  5526  11/06/22  14:33:55  PMT SA     5240600586       1300015200028              25,000             3,500                        TRX TO Bank Mandiri 
    T-MONEY  018452 / 019835  0006376865119527912  5742  11/06/22  14:48:38  PMT SA     5119527912       0700004598095           1,443,500             3,500                        TRX TO Bank Mandiri 
    T-MONEY  018475 / 027711  0006376865212028002  4187  11/06/22  15:21:31  PMT SA     5212028002       1440019774063             102,000             3,500                        TRX TO Bank Mandiri 
    T-MONEY  018480 / 028352  0006376865165264883  9609  11/06/22  15:24:04  PMT SA     5165264883       1410004521811           4,350,000             3,500                        TRX TO Bank Mandiri 
    T-MONEY  018482 / 025380  0006376865102518598  8205  11/06/22  15:27:35  PMT SA     5102518598     018501014572534             100,000             3,500                        TRX TO Bank BRI     
    T-MONEY  018499 / 000785  0006376865174531439  1036  11/06/22  15:45:01  PMT SA     5174531439       0060004366898           4,994,500             3,500                        TRX TO Bank Mandiri 
    T-MONEY  018503 / 001487  0006376865197870472  5469  11/06/22  15:48:07  PMT SA     5197870472       0060004366898           9,989,500             3,500                        TRX TO Bank Mandiri 
    T-MONEY  018508 / 003635  0006376865152378224  3284  11/06/22  15:56:30  PMT SA     5152378224    2849081389009000             500,000             3,500                        TRX TO Bank CIMB NIA
    T-MONEY  018518 / 005529  0006376865257256976  8749  11/06/22  16:04:42  PMT SA     5257256976       9000046397049              88,000             3,500                        TRX TO Bank Mandiri 
    T-MONEY  018526 / 006517  0006376865242118898  1797  11/06/22  16:08:26  PMT SA     5242118898       1090020204483              33,000             3,500                        TRX TO Bank Mandiri 
    T-MONEY  018534 / 007702  0006376865100011256  4650  11/06/22  16:13:34  PMT SA     5100011256       1350015634544           2,000,000             3,500                        TRX TO Bank Mandiri 
    T-MONEY  018538 / 008572  0006376865298271587  5946  11/06/22  16:17:02  PMT SA     5298271587         21109003460              10,000             3,500                        TRX TO Bank Sumselba
    T-MONEY  018577 / 015498  0006376865100046671  3695  11/06/22  16:44:42  PMT SA     5100046671       1420015780686           4,599,500             3,500                        TRX TO Bank Mandiri 
    T-MONEY  018580 / 016000  0006376865219882591  9956  11/06/22  16:47:53  PMT SA     5219882591     489401025651536              50,000             3,500                        TRX TO Bank BRI     
    T-MONEY  018583 / 017016  0006376865299974253  7671  11/06/22  16:48:41  PMT SA     5299974253     742001008213537              95,500             3,500                        TRX TO Bank BRI     
    T-MONEY  018586 / 017355  0006376865289078918  6769  11/06/22  16:52:36  PMT SA     5289078918       1860000493664              65,300             3,500                        TRX TO Bank Mandiri 
    T-MONEY  018598 / 020023  0006376865269538236  2465  11/06/22  17:03:44  PMT SA     5269538236       1850000892221             250,000             3,500                        TRX TO Bank Mandiri 
    T-MONEY  018605 / 022397  0006376865236903186  6893  11/06/22  17:13:28  PMT SA     5236903186       1760001417706              10,000             3,500                        TRX TO Bank Mandiri 
    T-MONEY  018607 / 023179  0006376865255994207  9007  11/06/22  17:16:40  PMT SA     5255994207       1330016294449              90,000             3,500                        TRX TO Bank Mandiri 
    T-MONEY  018611 / 021871  0006376865100444579  1642  11/06/22  17:19:11  PMT SA     5100444579     701201018408531              21,000             3,500                        TRX TO Bank BRI     
    T-MONEY  018612 / 021992  0006376865241530461  4734  11/06/22  17:19:17  PMT SA     5241530461     702101013988535             110,000             3,500                        TRX TO Bank BRI     
    T-MONEY  018618 / 026292  0006376865101443271  3965  11/06/22  17:29:19  PMT SA     5101443271       1400014335401           9,939,500             3,500                        TRX TO Bank Mandiri 
    T-MONEY  018620 / 026512  0006376865100444579  2276  11/06/22  17:30:19  PMT SA     5100444579       1490011360221             500,000             3,500                        TRX TO Bank Mandiri 
    T-MONEY  018623 / 026761  0006376865262446154  0098  11/06/22  17:31:17  PMT SA     5262446154       1300019927279              15,000             3,500                        TRX TO Bank Mandiri 
    T-MONEY  018630 / 029003  0006376865119019927  6862  11/06/22  17:41:04  PMT SA     5119019927        081212010904             240,000             3,500                        TRX TO TELKOMSEL (TC
    T-MONEY  018633 / 026446  0006376865102239648  7031  11/06/22  17:48:00  PMT SA     5102239648     374901019588533             418,000             3,500                        TRX TO Bank BRI     
    T-MONEY  018646 / 000078  0006376865101539489  4320  11/06/22  17:56:59  PMT SA     5101539489        085722829983              15,000             3,500                        TRX TO TELKOMSEL (TC
    T-MONEY  018650 / 000880  0006376865274355056  1198  11/06/22  18:00:15  PMT SA     5274355056       1760000955367              21,000             3,500                        TRX TO Bank Mandiri 
    T-MONEY  018659 / 002303  0006376865295015065  2831  11/06/22  18:05:56  PMT SA     5295015065       9000026263609             100,000             3,500                        TRX TO Bank Mandiri 
    T-MONEY  018661 / 003195  0006376865102209491  5220  11/06/22  18:09:59  PMT SA     5102209491       1110018400503           1,895,000             3,500                        TRX TO Bank Mandiri 
    T-MONEY  018663 / 003277  0006376865295197537  6841  11/06/22  18:10:24  PMT SA     5295197537       1610003476111             150,000             3,500                        TRX TO Bank Mandiri 
    T-MONEY  018665 / 003374  0006376865114168202  4890  11/06/22  18:10:51  PMT SA     5114168202       1350004600308           3,055,000             3,500                        TRX TO Bank Mandiri 
    T-MONEY  018671 / 003565  0006376865298506730  9620  11/06/22  18:11:37  PMT SA     5298506730       1460012069337              14,000             3,500                        TRX TO Bank Mandiri 
    T-MONEY  018677 / 004624  0006376865139064591  0746  11/06/22  18:15:33  PMT SA     5139064591     284908119504224             600,000             3,500                        TRX TO Bank CIMB NIA
    T-MONEY  018679 / 005245  0006376865100191706  8831  11/06/22  18:18:07  PMT SA     5100191706       9000045733210             180,000             3,500                        TRX TO Bank Mandiri 
    T-MONEY  018681 / 005940  0006376865215688457  5629  11/06/22  18:21:00  PMT SA     5215688457       1730007930317              52,000             3,500                        TRX TO Bank Mandiri 
    T-MONEY  018693 / 007062  0006376865294146308  5331  11/06/22  18:25:42  PMT SA     5294146308        081217129590              10,000             3,500                        TRX TO TELKOMSEL (TC
   --------  ---------------  -------------------  ----  --------  --------  ------  -------------  ------------------  --------------------  ----------------  ------------------  ------------------
                                                                                           48 TRANSACTIONS, PAGE TOTAL          69,655,800           168,000

PAGE:   6                                             PT. ALTO NETWORK                                   DATE: 12/06/22
REPORT ID: DNLDT04A                                   DAILY TRANSFER DESCRIPTION LISTING AS ACQUIRER             TIME: 04:39:49

SETTLEMENT DATE        : 11/06/22
ISSUER F.I. NO.        : (1092) TELKOM
BENEFICIARY F.I. NO.   : (1069) ArtaJasa

   TERMINAL  TRACE NUMBER     CARD ACCOUNT         RCPT  RCPT      RCPT      TRANS   FROM           TO                  AMOUNT                  INTERCHANGE       REFERENCE           NOTES
   NO.       ACQ / SWT        NUMBER               NBR   DATE      TIME      TYPE    ACCOUNT        ACCOUNT             TRANSFER                FEE DUE FR.       NUMBER
   --------  ---------------  -------------------  ----  --------  --------  ------  -------------  ------------------  --------------------  ----------------  ------------------  ------------------
    T-MONEY  018697 / 007270  0006376865236980370  8156  11/06/22  18:26:27  PMT SA     5236980370        082198289002              53,000             3,500                        TRX TO TELKOMSEL (TC
    T-MONEY  018711 / 008935  0006376865221386885  3792  11/06/22  18:32:47  PMT SA     5221386885       9000034056045           2,000,000             3,500                        TRX TO Bank Mandiri 
    T-MONEY  018716 / 011374  0006376865191845076  1477  11/06/22  18:42:02  PMT SA     5191845076       1420003147989           4,000,000             3,500                        TRX TO Bank Mandiri 
    T-MONEY  018727 / 013343  0006376865170616447  1990  11/06/22  18:49:39  PMT SA     5170616447    4312260050601884           1,134,000             3,500                        TRX TO Bank Mega    
    T-MONEY  018733 / 014358  0006376865100079677  0968  11/06/22  18:53:55  PMT SA     5100079677       1030005409863           1,500,000             3,500                        TRX TO Bank Mandiri 
    T-MONEY  018734 / 014374  0006376865102031913  6810  11/06/22  18:53:58  PMT SA     5102031913        082145191880              47,000             3,500                        TRX TO TELKOMSEL (TC
    T-MONEY  018746 / 024651  0006376865266331906  9624  11/06/22  18:58:56  PMT SA     5266331906     386501028082530              69,000             3,500                        TRX TO Bank BRI     
    T-MONEY  018771 / 019427  0006376865281582082  7897  11/06/22  19:13:07  PMT SA     5281582082       1730006274121              40,000             3,500                        TRX TO Bank Mandiri 
    T-MONEY  018773 / 020646  0006376865139397359  7283  11/06/22  19:18:15  PMT SA     5139397359    2849085101784335             200,000             3,500                        TRX TO Bank CIMB NIA
    T-MONEY  018776 / 022228  0006376865272975773  0373  11/06/22  19:24:15  PMT SA     5272975773       1130013252436              25,000             3,500                        TRX TO Bank Mandiri 
    T-MONEY  018780 / 022718  0006376865100004916  9841  11/06/22  19:26:08  PMT SA     5100004916         90015019993           1,569,500             3,500                        TRX TO Bank BTP     
    T-MONEY  018785 / 024337  0006376865178800825  5077  11/06/22  19:32:59  PMT SA     5178800825       1030005219023             500,000             3,500                        TRX TO Bank Mandiri 
    T-MONEY  018789 / 025144  0006376865190515002  5407  11/06/22  19:36:33  PMT SA     5190515002       1310001158205           3,054,500             3,500                        TRX TO Bank Mandiri 
    T-MONEY  018801 / 026263  0006376865100003544  8632  11/06/22  19:41:28  PMT SA     5100003544       1220006151792           5,764,500             3,500                        TRX TO Bank Mandiri 
    T-MONEY  018819 / 027975  0006376865100444579  6542  11/06/22  19:49:25  PMT SA     5100444579       1410022116370           1,095,000             3,500                        TRX TO Bank Mandiri 
    T-MONEY  018827 / 027340  0006376865211183325  3900  11/06/22  19:52:11  PMT SA     5211183325     341901055648534             105,000             3,500                        TRX TO Bank BRI     
    T-MONEY  018829 / 029301  0006376865264949039  3971  11/06/22  19:53:50  PMT SA     5264949039     449701003572536             300,000             3,500                        TRX TO Bank BRI     
    T-MONEY  018833 / 029606  0006376865210916978  0702  11/06/22  19:56:26  PMT SA     5210916978       1460014271030             135,000             3,500                        TRX TO Bank Mandiri 
    T-MONEY  018835 / 029872  0006376865212188538  9365  11/06/22  19:57:33  PMT SA     5212188538       1600002923056              20,000             3,500                        TRX TO Bank Mandiri 
    T-MONEY  018852 / 000061  0006376865146978186  8152  11/06/22  20:10:00  PMT SA     5146978186       1760000847671           1,500,000             3,500                        TRX TO Bank Mandiri 
    T-MONEY  018858 / 001261  0006376865149790891  0810  11/06/22  20:15:05  PMT SA     5149790891       0700006817329           2,380,000             3,500                        TRX TO Bank Mandiri 
    T-MONEY  018865 / 022617  0006376865299064349  5326  11/06/22  20:16:56  PMT SA     5299064349     009401074224504              15,000             3,500                        TRX TO Bank BRI     
    T-MONEY  018867 / 002378  0006376865101493098  3098  11/06/22  20:19:54  PMT SA     5101493098       1270001042017              80,000             3,500                        TRX TO Bank Mandiri 
    T-MONEY  018875 / 004853  0006376865113156952  1961  11/06/22  20:31:17  PMT SA     5113156952       0700007119675           4,769,500             3,500                        TRX TO Bank Mandiri 
    T-MONEY  018881 / 008577  0006376865100108108  8820  11/06/22  20:35:24  PMT SA     5100108108     662401039830535             272,000             3,500                        TRX TO Bank BRI     
    T-MONEY  018884 / 007133  0006376865101513841  7639  11/06/22  20:41:47  PMT SA     5101513841       1730006032842              55,000             3,500                        TRX TO Bank Mandiri 
    T-MONEY  018890 / 008155  0006376865299064349  8789  11/06/22  20:46:48  PMT SA     5299064349       9000032047491              16,111             3,500                        TRX TO Bank Mandiri 
    T-MONEY  018898 / 009186  0006376865285990196  5866  11/06/22  20:51:48  PMT SA     5285990196       1450011280886              75,000             3,500                        TRX TO Bank Mandiri 
    T-MONEY  018902 / 029551  0006376865100444579  9078  11/06/22  20:58:00  PMT SA     5100444579     808101000703501              98,000             3,500                        TRX TO Bank BRI     
    T-MONEY  018909 / 011206  0006376865289078918  7603  11/06/22  21:01:57  PMT SA     5289078918       1860001352109              50,000             3,500                        TRX TO Bank Mandiri 
    T-MONEY  018919 / 005023  0006376865245566448  6835  11/06/22  21:07:44  PMT SA     5245566448     503401026394530             150,000             3,500                        TRX TO Bank BRI     
    T-MONEY  018921 / 007654  0006376865260102538  5615  11/06/22  21:10:58  PMT SA     5260102538     056001051020502             175,000             3,500                        TRX TO Bank BRI     
    T-MONEY  018926 / 015233  0006376865220336036  3869  11/06/22  21:20:14  PMT SA     5220336036     580101023170532             450,000             3,500                        TRX TO Bank BRI     
    T-MONEY  018931 / 015626  0006376865223185953  4472  11/06/22  21:25:07  PMT SA     5223185953       1310014087920             814,500             3,500                        TRX TO Bank Mandiri 
    T-MONEY  018933 / 016031  0006376865145479212  3619  11/06/22  21:27:24  PMT SA     5145479212       0700006664002           2,500,000             3,500                        TRX TO Bank Mandiri 
    T-MONEY  018935 / 016368  0006376865145479212  8614  11/06/22  21:29:12  PMT SA     5145479212         90011991135             650,000             3,500                        TRX TO Bank BTP     
    T-MONEY  018947 / 018139  0006376865105392857  3224  11/06/22  21:39:27  PMT SA     5105392857         08121231345           1,000,000             3,500                        TRX TO TELKOMSEL (TC
    T-MONEY  018950 / 018584  0006376865275127528  9498  11/06/22  21:41:58  PMT SA     5275127528       1580004532271              75,000             3,500                        TRX TO Bank Mandiri 
    T-MONEY  018953 / 020036  0006376865264772843  4435  11/06/22  21:51:04  PMT SA     5264772843       1240011182681              74,000             3,500                        TRX TO Bank Mandiri 
    T-MONEY  018958 / 020700  0006376865100444579  3128  11/06/22  21:55:19  PMT SA     5100444579          2025101467           2,970,000             3,500                        TRX TO Bank Jateng  
    T-MONEY  018965 / 021552  0006376865279997824  1244  11/06/22  22:00:53  PMT SA     5279997824        085338205398              40,000             3,500                        TRX TO TELKOMSEL (TC
    T-MONEY  018972 / 022722  0006376865192905712  3518  11/06/22  22:08:07  PMT SA     5192905712         90010652602           2,000,000             3,500                        TRX TO Bank BTP     
    T-MONEY  018983 / 023333  0006376865101193294  0568  11/06/22  22:12:49  PMT SA     5101193294       1580004532271              18,000             3,500                        TRX TO Bank Mandiri 
    T-MONEY  018992 / 026249  0006376865100444579  2351  11/06/22  22:34:15  PMT SA     5100444579       1340017636423              97,000             3,500                        TRX TO Bank Mandiri 
    T-MONEY  019004 / 002589  0006376865100444579  9011  11/06/22  22:56:29  PMT SA     5100444579     302401038746530              88,000             3,500                        TRX TO Bank BRI     
    T-MONEY  019007 / 028777  0006376865100444579  2468  11/06/22  22:58:59  PMT SA     5100444579        761714726100              97,000             3,500                        TRX TO Bank CIMB NIA
    T-MONEY  019018 / 030871  0006376865236922026  2386  11/06/22  23:20:05  PMT SA     5236922026         08118113512             500,000             3,500                        TRX TO TELKOMSEL (TC
   --------  ---------------  -------------------  ----  --------  --------  ------  -------------  ------------------  --------------------  ----------------  ------------------  ------------------
                                                                                           47 TRANSACTIONS, PAGE TOTAL          42,620,611           164,500
                                                                                          191 TRANSACTIONS, BANK TOTAL         266,368,422           668,500

PAGE:   7                                             PT. ALTO NETWORK                                   DATE: 12/06/22
REPORT ID: DNLDT04A                                   DAILY TRANSFER DESCRIPTION LISTING AS ACQUIRER             TIME: 04:39:49

SETTLEMENT DATE        : 11/06/22
ISSUER F.I. NO.        : (1092) TELKOM
BENEFICIARY F.I. NO.   : (1094) BCA

   TERMINAL  TRACE NUMBER     CARD ACCOUNT         RCPT  RCPT      RCPT      TRANS   FROM           TO                  AMOUNT                  INTERCHANGE       REFERENCE           NOTES
   NO.       ACQ / SWT        NUMBER               NBR   DATE      TIME      TYPE    ACCOUNT        ACCOUNT             TRANSFER                FEE DUE FR.       NUMBER
   --------  ---------------  -------------------  ----  --------  --------  ------  -------------  ------------------  --------------------  ----------------  ------------------  ------------------
    T-MONEY  017747 / 029779  0006376865100444579  1385  11/06/22  00:35:19  PMT SA     5100444579          4560936040             202,000             3,800                                            
    T-MONEY  017752 / 005752  0006376865260981536  4595  11/06/22  00:44:15  PMT SA     5260981536          2831960789              38,000             3,800                                            
    T-MONEY  017759 / 015821  0006376865100444579  5080  11/06/22  00:54:39  PMT SA     5100444579          3580416364              47,000             3,800                                            
    T-MONEY  017761 / 019764  0006376865262800820  0913  11/06/22  00:58:37  PMT SA     5262800820          8623000506              98,500             3,800                                            
    T-MONEY  017765 / 021851  0006376865244688337  6121  11/06/22  01:03:35  PMT SA     5244688337          0953879228              11,000             3,800                                            
    T-MONEY  017770 / 024037  0006376865244521702  4675  11/06/22  01:14:14  PMT SA     5244521702          1672200720              23,000             3,800                                            
    T-MONEY  017789 / 029821  0006376865100444579  9041  11/06/22  01:49:00  PMT SA     5100444579          0213587428           2,939,000             3,800                                            
    T-MONEY  017805 / 006152  0006376865102391472  9098  11/06/22  03:03:43  PMT SA     5102391472          6175145111              53,000             3,800                                            
    T-MONEY  017846 / 025637  0006376865172920114  4480  11/06/22  05:49:34  PMT SA     5172920114          2332676564             100,000             3,800                                            
    T-MONEY  017848 / 025770  0006376865172920114  7850  11/06/22  05:50:19  PMT SA     5172920114          0940698162             250,000             3,800                                            
    T-MONEY  017851 / 026137  0006376865109210713  0372  11/06/22  05:52:36  PMT SA     5109210713          0050240495           5,184,000             3,800                                            
    T-MONEY  017863 / 028846  0006376865294698610  9368  11/06/22  06:08:34  PMT SA     5294698610          8161286672             253,500             3,800                                            
    T-MONEY  017873 / 030148  0006376865279044417  3040  11/06/22  06:15:01  PMT SA     5279044417          1390328741              95,000             3,800                                            
    T-MONEY  017880 / 031731  0006376865257083362  4103  11/06/22  06:22:16  PMT SA     5257083362          3370484715              70,000             3,800                                            
    T-MONEY  017899 / 003807  0006376865228914880  4910  11/06/22  06:42:22  PMT SA     5228914880          6270281611             134,640             3,800                                            
    T-MONEY  017913 / 008311  0006376865191822257  0467  11/06/22  06:58:23  PMT SA     5191822257          1302182447           2,500,000             3,800                                            
    T-MONEY  017926 / 013149  0006376865100444579  0242  11/06/22  07:10:38  PMT SA     5100444579          5230192407              17,000             3,800                                            
    T-MONEY  017969 / 000159  0006376865264137602  3804  11/06/22  07:57:21  PMT SA     5264137602          6750193909             250,000             3,800                                            
    T-MONEY  017995 / 032247  0006376865267492466  5555  11/06/22  08:51:19  PMT SA     5267492466          6755448749             275,000             3,800                                            
    T-MONEY  018031 / 016651  0006376865261476377  1804  11/06/22  09:14:50  PMT SA     5261476377          6630896868             949,500             3,800                                            
    T-MONEY  018042 / 021123  0006376865275923236  9036  11/06/22  09:20:42  PMT SA     5275923236          3801780944              69,000             3,800                                            
    T-MONEY  018048 / 024227  0006376865279044417  3035  11/06/22  09:24:45  PMT SA     5279044417          1390328741              35,000             3,800                                            
    T-MONEY  018082 / 013325  0006376865259419538  6438  11/06/22  09:52:31  PMT SA     5259419538          8421208026             150,000             3,800                                            
    T-MONEY  018084 / 013719  0006376865279631298  6547  11/06/22  09:53:00  PMT SA     5279631298          4141217661             150,000             3,800                                            
    T-MONEY  018087 / 014328  0006376865100444579  6796  11/06/22  09:53:48  PMT SA     5100444579          0561718953             390,000             3,800                                            
    T-MONEY  018093 / 019103  0006376865100444579  3135  11/06/22  09:59:49  PMT SA     5100444579          5740172869             490,000             3,800                                            
    T-MONEY  018097 / 021658  0006376865217521777  0690  11/06/22  10:02:47  PMT SA     5217521777          5885170444              30,000             3,800                                            
    T-MONEY  018134 / 007542  0006376865100290525  1140  11/06/22  10:24:08  PMT SA     5100290525          0182925525           1,800,000             3,800                                            
    T-MONEY  018145 / 016276  0006376865273403418  7150  11/06/22  10:34:16  PMT SA     5273403418          2330337713           1,900,000             3,800                                            
    T-MONEY  018166 / 023428  0006376865251588531  5960  11/06/22  10:42:37  PMT SA     5251588531          8190211925              44,000             3,800                                            
    T-MONEY  018174 / 030751  0006376865278805935  6600  11/06/22  10:50:57  PMT SA     5278805935          5440138804             800,000             3,800                                            
    T-MONEY  018196 / 014900  0006376865100444579  6569  11/06/22  11:10:52  PMT SA     5100444579          7570434416           2,865,000             3,800                                            
    T-MONEY  018225 / 028832  0006376865261969177  0334  11/06/22  11:27:12  PMT SA     5261969177          1410519361           1,394,500             3,800                                            
    T-MONEY  018238 / 003175  0006376865274029183  3077  11/06/22  11:35:39  PMT SA     5274029183          7151307675              50,000             3,800                                            
    T-MONEY  018258 / 016234  0006376865101452423  1437  11/06/22  11:50:27  PMT SA     5101452423          4790416703              25,000             3,800                                            
    T-MONEY  018262 / 017358  0006376865100444579  9191  11/06/22  11:51:47  PMT SA     5100444579          1650617076             190,000             3,800                                            
    T-MONEY  018279 / 030858  0006376865263673524  2868  11/06/22  12:07:39  PMT SA     5263673524          7805401575              50,000             3,800                                            
    T-MONEY  018281 / 031323  0006376865184762825  4510  11/06/22  12:08:12  PMT SA     5184762825          5140401163           3,000,000             3,800                                            
    T-MONEY  018295 / 008171  0006376865255152188  5900  11/06/22  12:19:28  PMT SA     5255152188          0561848512              35,000             3,800                                            
    T-MONEY  018323 / 024217  0006376865100444579  7039  11/06/22  12:37:59  PMT SA     5100444579          0690482959             200,000             3,800                                            
    T-MONEY  018341 / 029504  0006376865100444579  9290  11/06/22  12:44:12  PMT SA     5100444579          2470458863           1,257,640             3,800                                            
    T-MONEY  018349 / 003562  0006376865100444579  8186  11/06/22  12:52:18  PMT SA     5100444579          8770660336           2,810,000             3,800                                            
    T-MONEY  018369 / 021631  0006376865101524757  6204  11/06/22  13:12:44  PMT SA     5101524757          3450295956              96,390             3,800                                            
    T-MONEY  018374 / 024051  0006376865213294386  8409  11/06/22  13:15:34  PMT SA     5213294386          4920705796             124,416             3,800                                            
    T-MONEY  018385 / 031582  0006376865290485338  9724  11/06/22  13:24:26  PMT SA     5290485338          6800995513              59,000             3,800                                            
    T-MONEY  018387 / 000687  0006376865253979076  4779  11/06/22  13:26:38  PMT SA     5253979076          1171214471              50,000             3,800                                            
    T-MONEY  018426 / 012050  0006376865277890381  0681  11/06/22  14:19:05  PMT SA     5277890381          1380518674              28,000             3,800                                            
    T-MONEY  018433 / 021513  0006376865244915940  6939  11/06/22  14:30:12  PMT SA     5244915940          8670214860             209,000             3,800                                            
   --------  ---------------  -------------------  ----  --------  --------  ------  -------------  ------------------  --------------------  ----------------  ------------------  ------------------
                                                                                           48 TRANSACTIONS, PAGE TOTAL          31,792,086           182,400

PAGE:   8                                             PT. ALTO NETWORK                                   DATE: 12/06/22
REPORT ID: DNLDT04A                                   DAILY TRANSFER DESCRIPTION LISTING AS ACQUIRER             TIME: 04:39:49

SETTLEMENT DATE        : 11/06/22
ISSUER F.I. NO.        : (1092) TELKOM
BENEFICIARY F.I. NO.   : (1094) BCA

   TERMINAL  TRACE NUMBER     CARD ACCOUNT         RCPT  RCPT      RCPT      TRANS   FROM           TO                  AMOUNT                  INTERCHANGE       REFERENCE           NOTES
   NO.       ACQ / SWT        NUMBER               NBR   DATE      TIME      TYPE    ACCOUNT        ACCOUNT             TRANSFER                FEE DUE FR.       NUMBER
   --------  ---------------  -------------------  ----  --------  --------  ------  -------------  ------------------  --------------------  ----------------  ------------------  ------------------
    T-MONEY  018448 / 002047  0006376865297537816  1845  11/06/22  14:46:01  PMT SA     5297537816          1191956287             193,500             3,800                                            
    T-MONEY  018453 / 004725  0006376865100444579  9865  11/06/22  14:49:13  PMT SA     5100444579          1390433898              97,000             3,800                                            
    T-MONEY  018478 / 032653  0006376865221386885  8004  11/06/22  15:22:58  PMT SA     5221386885          8691254259           1,000,000             3,800                                            
    T-MONEY  018486 / 007239  0006376865290942256  9658  11/06/22  15:31:52  PMT SA     5290942256          3370225604              78,000             3,800                                            
    T-MONEY  018488 / 009467  0006376865119206256  8093  11/06/22  15:34:28  PMT SA     5119206256          7055021635             800,000             3,800                                            
    T-MONEY  018497 / 017460  0006376865217814341  3808  11/06/22  15:44:06  PMT SA     5217814341          5470630398              10,000             3,800                                            
    T-MONEY  018523 / 005021  0006376865186630295  6723  11/06/22  16:07:45  PMT SA     5186630295          7770251651           3,454,500             3,800                                            
    T-MONEY  018532 / 009821  0006376865263648230  3590  11/06/22  16:13:22  PMT SA     5263648230          1740223123             145,000             3,800                                            
    T-MONEY  018558 / 025846  0006376865194394795  1136  11/06/22  16:31:33  PMT SA     5194394795          4641446372             100,000             3,800                                            
    T-MONEY  018561 / 026952  0006376865266365003  3746  11/06/22  16:32:46  PMT SA     5266365003          7705112525              96,350             3,800                                            
    T-MONEY  018602 / 029065  0006376865221722508  2033  11/06/22  17:11:29  PMT SA     5221722508          0402518756              30,000             3,800                                            
    T-MONEY  018616 / 011483  0006376865102312265  8574  11/06/22  17:28:45  PMT SA     5102312265          6520623301             100,000             3,800                                            
    T-MONEY  018626 / 017603  0006376865101495268  6314  11/06/22  17:35:36  PMT SA     5101495268          0030838629             230,000             3,800                                            
    T-MONEY  018642 / 002931  0006376865270679312  3771  11/06/22  17:56:34  PMT SA     5270679312          5790317426             200,000             3,800                                            
    T-MONEY  018647 / 003335  0006376865100444579  9931  11/06/22  17:57:03  PMT SA     5100444579          6630582511             200,000             3,800                                            
    T-MONEY  018655 / 009096  0006376865249463309  3129  11/06/22  18:03:48  PMT SA     5249463309          0551474240              86,900             3,800                                            
    T-MONEY  018668 / 016784  0006376865258856540  7179  11/06/22  18:11:26  PMT SA     5258856540          1481070517              48,000             3,800                                            
    T-MONEY  018690 / 029318  0006376865148358785  5197  11/06/22  18:23:55  PMT SA     5148358785          4290541455           7,994,500             3,800                                            
    T-MONEY  018701 / 002070  0006376865219657362  8457  11/06/22  18:29:40  PMT SA     5219657362          5660393163              30,000             3,800                                            
    T-MONEY  018718 / 014588  0006376865248634853  4308  11/06/22  18:42:39  PMT SA     5248634853          0201347407              50,000             3,800                                            
    T-MONEY  018722 / 016541  0006376865100444579  8942  11/06/22  18:44:45  PMT SA     5100444579          1651997572              47,000             3,800                                            
    T-MONEY  018753 / 002365  0006376865299064349  6182  11/06/22  19:03:47  PMT SA     5299064349          4120242542              35,000             3,800                                            
    T-MONEY  018755 / 004179  0006376865258412707  1631  11/06/22  19:05:42  PMT SA     5258412707          8810153050             120,000             3,800                                            
    T-MONEY  018767 / 009598  0006376865237813805  7867  11/06/22  19:11:27  PMT SA     5237813805          8710115614             164,000             3,800                                            
    T-MONEY  018795 / 000554  0006376865258045478  0613  11/06/22  19:37:41  PMT SA     5258045478          7772123763           1,800,000             3,800                                            
    T-MONEY  018796 / 000720  0006376865255825994  8555  11/06/22  19:37:52  PMT SA     5255825994          2780566402             220,000             3,800                                            
    T-MONEY  018807 / 008576  0006376865100444579  2554  11/06/22  19:46:43  PMT SA     5100444579          0990634734             517,000             3,800                                            
    T-MONEY  018809 / 009340  0006376865100444579  8369  11/06/22  19:47:39  PMT SA     5100444579          3160209754           1,442,590             3,800                                            
    T-MONEY  018815 / 010139  0006376865100444579  7717  11/06/22  19:48:34  PMT SA     5100444579          7410854613           3,050,000             3,800                                            
    T-MONEY  018837 / 019599  0006376865222745332  8634  11/06/22  19:59:05  PMT SA     5222745332          8905672882              86,500             3,800                                            
    T-MONEY  018843 / 021643  0006376865245863267  2689  11/06/22  20:01:18  PMT SA     5245863267          8623000506             292,000             3,800                                            
    T-MONEY  018845 / 022173  0006376865101527590  0563  11/06/22  20:01:55  PMT SA     5101527590          7210292564              85,000             3,800                                            
    T-MONEY  018891 / 027249  0006376865214007709  2402  11/06/22  20:46:59  PMT SA     5214007709          0970523090             130,500             3,800                                            
    T-MONEY  018893 / 028253  0006376865288069746  7744  11/06/22  20:48:17  PMT SA     5288069746          3600235299              30,000             3,800                                            
    T-MONEY  018907 / 006945  0006376865281076434  5576  11/06/22  21:01:36  PMT SA     5281076434          1070591444              75,000             3,800                                            
    T-MONEY  018914 / 012859  0006376865100444579  1470  11/06/22  21:05:10  PMT SA     5100444579          4371245159             270,400             3,800                                            
    T-MONEY  018917 / 014499  0006376865100444579  3023  11/06/22  21:06:13  PMT SA     5100444579          6241275890             553,000             3,800                                            
    T-MONEY  018928 / 004942  0006376865100444579  8834  11/06/22  21:20:26  PMT SA     5100444579          3580416364             328,000             3,800                                            
    T-MONEY  018970 / 007622  0006376865100444579  9838  11/06/22  22:06:35  PMT SA     5100444579          5785184049             215,000             3,800                                            
    T-MONEY  018974 / 013404  0006376865221699021  0321  11/06/22  22:10:49  PMT SA     5221699021          2200951452             169,500             3,800                                            
    T-MONEY  018978 / 014664  0006376865100444579  8402  11/06/22  22:11:43  PMT SA     5100444579          6265082428             190,700             3,800                                            
    T-MONEY  018986 / 025213  0006376865100444579  8263  11/06/22  22:19:33  PMT SA     5100444579          5060303659           1,160,000             3,800                                            
    T-MONEY  018995 / 013044  0006376865100444579  7983  11/06/22  22:35:24  PMT SA     5100444579          3190200808             200,000             3,800                                            
    T-MONEY  018998 / 026735  0006376865136838242  1948  11/06/22  22:46:33  PMT SA     5136838242          7150258639           1,000,000             3,800                                            
    T-MONEY  019020 / 005775  0006376865236922026  9829  11/06/22  23:20:49  PMT SA     5236922026          5725615172           2,700,000             3,800                                            
    T-MONEY  019024 / 010922  0006376865100444579  2713  11/06/22  23:24:23  PMT SA     5100444579          0690482959             270,000             3,800                                            
   --------  ---------------  -------------------  ----  --------  --------  ------  -------------  ------------------  --------------------  ----------------  ------------------  ------------------
                                                                                           46 TRANSACTIONS, PAGE TOTAL          30,094,940           174,800
                                                                                           94 TRANSACTIONS, BANK TOTAL          61,887,026           357,200

PAGE:   9                                             PT. ALTO NETWORK                                   DATE: 12/06/22
REPORT ID: DNLDT04A                                   DAILY TRANSFER DESCRIPTION LISTING AS ACQUIRER             TIME: 04:39:49

SETTLEMENT DATE        : 11/06/22
ISSUER F.I. NO.        : (1092) TELKOM
BENEFICIARY F.I. NO.   : (1107) BNI

   TERMINAL  TRACE NUMBER     CARD ACCOUNT         RCPT  RCPT      RCPT      TRANS   FROM           TO                  AMOUNT                  INTERCHANGE       REFERENCE           NOTES
   NO.       ACQ / SWT        NUMBER               NBR   DATE      TIME      TYPE    ACCOUNT        ACCOUNT             TRANSFER                FEE DUE FR.       NUMBER
   --------  ---------------  -------------------  ----  --------  --------  ------  -------------  ------------------  --------------------  ----------------  ------------------  ------------------
    T-MONEY  017768 / 007216  0006376865249828996  8997  11/06/22  01:12:59  PMT SA     5249828996          0762044860             630,000             3,800                                            
    T-MONEY  017794 / 010326  0006376865100444579  5194  11/06/22  02:07:33  PMT SA     5100444579          0839804271              60,000             3,800                                            
    T-MONEY  017821 / 016685  0006376865265209776  8404  11/06/22  04:50:42  PMT SA     5265209776          0362283543           7,864,500             3,800                                            
    T-MONEY  017853 / 021303  0006376865199675991  6696  11/06/22  05:53:07  PMT SA     5199675991          0229512090           3,000,000             3,800                                            
    T-MONEY  017893 / 027780  0006376865100444579  7428  11/06/22  06:39:58  PMT SA     5100444579          1351165193           1,725,000             3,800                                            
    T-MONEY  017933 / 003229  0006376865100003481  5724  11/06/22  07:18:04  PMT SA     5100003481          0415940171           7,560,000             3,800                                            
    T-MONEY  017947 / 006909  0006376865101292508  9566  11/06/22  07:32:30  PMT SA     5101292508          0573849280           1,150,000             3,800                                            
    T-MONEY  017953 / 009071  0006376865274498027  5460  11/06/22  07:40:03  PMT SA     5274498027          1175511270              45,000             3,800                                            
    T-MONEY  017963 / 011384  0006376865196052110  4085  11/06/22  07:48:11  PMT SA     5196052110          0210316992           1,500,000             3,800                                            
    T-MONEY  017974 / 016267  0006376865100207363  4487  11/06/22  08:03:59  PMT SA     5100207363          0604364076              33,300             3,800                                            
    T-MONEY  017978 / 020038  0006376865273467040  4040  11/06/22  08:14:39  PMT SA     5273467040          0864560196              77,500             3,800                                            
    T-MONEY  017981 / 023394  0006376865271605510  3852  11/06/22  08:23:48  PMT SA     5271605510          0365517058           6,144,500             3,800                                            
    T-MONEY  017998 / 002182  0006376865266368276  7916  11/06/22  08:53:17  PMT SA     5266368276          0635744314           5,094,500             3,800                                            
    T-MONEY  018008 / 003728  0006376865142310649  5245  11/06/22  08:57:07  PMT SA     5142310649          0635744314           5,825,000             3,800                                            
    T-MONEY  018024 / 009191  0006376865223093970  2297  11/06/22  09:09:54  PMT SA     5223093970          1047462590             100,000             3,800                                            
    T-MONEY  018026 / 009422  0006376865279283257  9724  11/06/22  09:10:27  PMT SA     5279283257          0401394443             500,000             3,800                                            
    T-MONEY  018051 / 015844  0006376865289766655  3223  11/06/22  09:24:52  PMT SA     5289766655          1046054808              43,000             3,800                                            
    T-MONEY  018057 / 018158  0006376865245202147  9217  11/06/22  09:30:00  PMT SA     5245202147          0350544509           1,970,000             3,800                                            
    T-MONEY  018070 / 021137  0006376865235664814  5660  11/06/22  09:36:52  PMT SA     5235664814          0936216825              50,000             3,800                                            
    T-MONEY  018161 / 019821  0006376865100073360  1033  11/06/22  10:41:37  PMT SA     5100073360          0603120608              56,000             3,800                                            
    T-MONEY  018182 / 027875  0006376865281105019  7779  11/06/22  10:58:05  PMT SA     5281105019          0269670480           5,824,500             3,800                                            
    T-MONEY  018212 / 005052  0006376865101244567  2953  11/06/22  11:18:57  PMT SA     5101244567          0284825381              95,000             3,800                                            
    T-MONEY  018234 / 011487  0006376865190818228  0206  11/06/22  11:32:21  PMT SA     5190818228          1991090919           1,500,000             3,800                                            
    T-MONEY  018236 / 012693  0006376865253282281  2931  11/06/22  11:34:55  PMT SA     5253282281           312018288             255,000             3,800                                            
    T-MONEY  018267 / 021872  0006376865101389737  7557  11/06/22  11:53:49  PMT SA     5101389737          0912904400              39,000             3,800                                            
    T-MONEY  018271 / 023504  0006376865190818228  8683  11/06/22  11:57:18  PMT SA     5190818228          1991090919           2,750,000             3,800                                            
    T-MONEY  018304 / 004387  0006376865267627429  7621  11/06/22  12:27:40  PMT SA     5267627429          0603248675              55,000             3,800                                            
    T-MONEY  018316 / 006430  0006376865222664064  7370  11/06/22  12:32:21  PMT SA     5222664064          0145067551           4,450,000             3,800                                            
    T-MONEY  018351 / 017828  0006376865252938973  0134  11/06/22  12:57:32  PMT SA     5252938973          1047721307              18,000             3,800                                            
    T-MONEY  018367 / 024014  0006376865128706946  7821  11/06/22  13:11:59  PMT SA     5128706946          0635744314           7,050,000             3,800                                            
    T-MONEY  018391 / 002078  0006376865101497919  5226  11/06/22  13:35:52  PMT SA     5101497919          0108030546             450,000             3,800                                            
    T-MONEY  018401 / 004915  0006376865157953138  5128  11/06/22  13:42:23  PMT SA     5157953138          0277696556           5,040,000             3,800                                            
    T-MONEY  018469 / 010612  0006376865100444579  5571  11/06/22  15:12:49  PMT SA     5100444579           438596038           1,000,000             3,800                                            
    T-MONEY  018501 / 024695  0006376865101467795  4705  11/06/22  15:45:31  PMT SA     5101467795          0709275711             100,000             3,800                                            
    T-MONEY  018510 / 029852  0006376865119326132  1182  11/06/22  15:57:16  PMT SA     5119326132            42243003           2,404,500             3,800                                            
    T-MONEY  018527 / 002014  0006376865100825553  7504  11/06/22  16:08:44  PMT SA     5100825553          0944870834              40,000             3,800                                            
    T-MONEY  018548 / 008471  0006376865100444579  2878  11/06/22  16:23:59  PMT SA     5100444579          0389664163             362,424             3,800                                            
    T-MONEY  018554 / 011478  0006376865297201924  1893  11/06/22  16:31:09  PMT SA     5297201924          0299693220             350,000             3,800                                            
    T-MONEY  018563 / 012719  0006376865100444579  9472  11/06/22  16:34:03  PMT SA     5100444579           438596038             550,000             3,800                                            
    T-MONEY  018565 / 013090  0006376865100195064  9989  11/06/22  16:34:54  PMT SA     5100195064          0301526703             179,000             3,800                                            
    T-MONEY  018567 / 014422  0006376865232194045  5834  11/06/22  16:37:46  PMT SA     5232194045          0971297337             300,000             3,800                                            
    T-MONEY  018588 / 022140  0006376865170113209  5282  11/06/22  16:55:10  PMT SA     5170113209          0831893248           7,000,000             3,800                                            
    T-MONEY  018592 / 023373  0006376865180155716  3362  11/06/22  16:57:54  PMT SA     5180155716          0851682697             500,000             3,800                                            
    T-MONEY  018596 / 025275  0006376865239003964  1316  11/06/22  17:02:03  PMT SA     5239003964          0573846700             464,500             3,800                                            
    T-MONEY  018628 / 008372  0006376865272960555  5080  11/06/22  17:37:43  PMT SA     5272960555          0575477342           3,334,500             3,800                                            
    T-MONEY  018652 / 018768  0006376865289983380  9469  11/06/22  18:01:50  PMT SA     5289983380          1227154457             500,000             3,800                                            
    T-MONEY  018703 / 031535  0006376865101528691  0377  11/06/22  18:30:23  PMT SA     5101528691          1335990657             150,000             3,800                                            
    T-MONEY  018713 / 003196  0006376865170616447  5351  11/06/22  18:40:04  PMT SA     5170616447           342489864           4,000,000             3,800                                            
   --------  ---------------  -------------------  ----  --------  --------  ------  -------------  ------------------  --------------------  ----------------  ------------------  ------------------
                                                                                           48 TRANSACTIONS, PAGE TOTAL          92,189,724           182,400

PAGE:  10                                             PT. ALTO NETWORK                                   DATE: 12/06/22
REPORT ID: DNLDT04A                                   DAILY TRANSFER DESCRIPTION LISTING AS ACQUIRER             TIME: 04:39:49

SETTLEMENT DATE        : 11/06/22
ISSUER F.I. NO.        : (1092) TELKOM
BENEFICIARY F.I. NO.   : (1107) BNI

   TERMINAL  TRACE NUMBER     CARD ACCOUNT         RCPT  RCPT      RCPT      TRANS   FROM           TO                  AMOUNT                  INTERCHANGE       REFERENCE           NOTES
   NO.       ACQ / SWT        NUMBER               NBR   DATE      TIME      TYPE    ACCOUNT        ACCOUNT             TRANSFER                FEE DUE FR.       NUMBER
   --------  ---------------  -------------------  ----  --------  --------  ------  -------------  ------------------  --------------------  ----------------  ------------------  ------------------
    T-MONEY  018721 / 004673  0006376865293714366  0827  11/06/22  18:43:13  PMT SA     5293714366          1060428799             195,000             3,800                                            
    T-MONEY  018737 / 010414  0006376865285229973  9180  11/06/22  18:55:10  PMT SA     5285229973          0723038841              18,000             3,800                                            
    T-MONEY  018740 / 010590  0006376865232222404  6023  11/06/22  18:55:36  PMT SA     5232222404          0573850444           1,000,000             3,800                                            
    T-MONEY  018744 / 011401  0006376865272557007  6449  11/06/22  18:57:28  PMT SA     5272557007          0378567785             130,000             3,800                                            
    T-MONEY  018782 / 025012  0006376865288855620  9270  11/06/22  19:27:24  PMT SA     5288855620          0396078929           2,950,000             3,800                                            
    T-MONEY  018799 / 030016  0006376865100010842  6613  11/06/22  19:38:41  PMT SA     5100010842          0350179453           7,000,000             3,800                                            
    T-MONEY  018848 / 007431  0006376865100444579  3582  11/06/22  20:02:39  PMT SA     5100444579          1379417415              22,200             3,800                                            
    T-MONEY  018861 / 012788  0006376865100444579  8185  11/06/22  20:15:31  PMT SA     5100444579          0710336841             650,000             3,800                                            
    T-MONEY  018870 / 015707  0006376865245832381  5408  11/06/22  20:22:51  PMT SA     5245832381          0822887054             250,000             3,800                                            
    T-MONEY  018879 / 019337  0006376865255557025  9217  11/06/22  20:32:56  PMT SA     5255557025          0304537756             450,000             3,800                                            
    T-MONEY  018940 / 006053  0006376865102515214  7576  11/06/22  21:32:30  PMT SA     5102515214          0635744314           5,824,500             3,800                                            
    T-MONEY  018945 / 007655  0006376865299371933  8374  11/06/22  21:37:47  PMT SA     5299371933          1409298619           1,014,500             3,800                                            
    T-MONEY  018963 / 013452  0006376865101436075  0960  11/06/22  21:59:41  PMT SA     5101436075           654384719              43,000             3,800                                            
   --------  ---------------  -------------------  ----  --------  --------  ------  -------------  ------------------  --------------------  ----------------  ------------------  ------------------
                                                                                           13 TRANSACTIONS, PAGE TOTAL          19,547,200            49,400
                                                                                           61 TRANSACTIONS, BANK TOTAL         111,736,924           231,800
                                                                                          364 TRANSACTIONS, GRAND TOTAL        481,334,372         1,320,800

NOTE: TRANSACTIONS MARKED WITH A '*' ARE COUNTED, BUT THEIR AMOUNTS ARE NOT ADDED TO THE PAGE, BANK OR GRAND TOTALS.


                  ** ** ** ** ** END OF DAILY TRANSFER TRANSACTION LISTING AS ACQUIRER REPORT FOR TELKOM ** ** ** ** ** 
