PAGE:   1                                             PT. ALTO NETWORK                                   DATE: 15/06/22
REPORT ID: DNLDT04A                                   DAILY TRANSFER DESCRIPTION LISTING AS ACQUIRER             TIME: 04:34:35

SETTLEMENT DATE        : 14/06/22
ISSUER F.I. NO.        : (1092) TELKOM
BENEFICIARY F.I. NO.   : (1003) Permata

   TERMINAL  TRACE NUMBER     CARD ACCOUNT         RCPT  RCPT      RCPT      TRANS   FROM           TO                  AMOUNT                  INTERCHANGE       REFERENCE           NOTES
   NO.       ACQ / SWT        NUMBER               NBR   DATE      TIME      TYPE    ACCOUNT        ACCOUNT             TRANSFER                FEE DUE FR.       NUMBER
   --------  ---------------  -------------------  ----  --------  --------  ------  -------------  ------------------  --------------------  ----------------  ------------------  ------------------
    T-MONEY  021646 / 016652  0006376865100444579  9087  14/06/22  07:47:41  PMT SA     5100444579          9914326106             621,000             3,800                                            
    T-MONEY  022334 / 030837  0006376865247150233  0307  14/06/22  16:30:15  PMT SA     5247150233    7136224000258255              46,000             3,800                                            
   --------  ---------------  -------------------  ----  --------  --------  ------  -------------  ------------------  --------------------  ----------------  ------------------  ------------------
                                                                                            2 TRANSACTIONS, PAGE TOTAL             667,000             7,600
                                                                                            2 TRANSACTIONS, BANK TOTAL             667,000             7,600

PAGE:   2                                             PT. ALTO NETWORK                                   DATE: 15/06/22
REPORT ID: DNLDT04A                                   DAILY TRANSFER DESCRIPTION LISTING AS ACQUIRER             TIME: 04:34:35

SETTLEMENT DATE        : 14/06/22
ISSUER F.I. NO.        : (1092) TELKOM
BENEFICIARY F.I. NO.   : (1010) Danamon

   TERMINAL  TRACE NUMBER     CARD ACCOUNT         RCPT  RCPT      RCPT      TRANS   FROM           TO                  AMOUNT                  INTERCHANGE       REFERENCE           NOTES
   NO.       ACQ / SWT        NUMBER               NBR   DATE      TIME      TYPE    ACCOUNT        ACCOUNT             TRANSFER                FEE DUE FR.       NUMBER
   --------  ---------------  -------------------  ----  --------  --------  ------  -------------  ------------------  --------------------  ----------------  ------------------  ------------------
    T-MONEY  021587 / 029801  0006376865260045351  1865  14/06/22  06:24:08  PMT SA     5260045351        003626250884              50,000             3,800                                            
   --------  ---------------  -------------------  ----  --------  --------  ------  -------------  ------------------  --------------------  ----------------  ------------------  ------------------
                                                                                            1 TRANSACTIONS, PAGE TOTAL              50,000             3,800
                                                                                            1 TRANSACTIONS, BANK TOTAL              50,000             3,800

PAGE:   3                                             PT. ALTO NETWORK                                   DATE: 15/06/22
REPORT ID: DNLDT04A                                   DAILY TRANSFER DESCRIPTION LISTING AS ACQUIRER             TIME: 04:34:35

SETTLEMENT DATE        : 14/06/22
ISSUER F.I. NO.        : (1092) TELKOM
BENEFICIARY F.I. NO.   : (1062) SeaBank

   TERMINAL  TRACE NUMBER     CARD ACCOUNT         RCPT  RCPT      RCPT      TRANS   FROM           TO                  AMOUNT                  INTERCHANGE       REFERENCE           NOTES
   NO.       ACQ / SWT        NUMBER               NBR   DATE      TIME      TYPE    ACCOUNT        ACCOUNT             TRANSFER                FEE DUE FR.       NUMBER
   --------  ---------------  -------------------  ----  --------  --------  ------  -------------  ------------------  --------------------  ----------------  ------------------  ------------------
    T-MONEY  021835 / 026983  0006376865100444579  8040  14/06/22  10:42:57  PMT SA     5100444579        901897334623             457,000             3,800                                            
   --------  ---------------  -------------------  ----  --------  --------  ------  -------------  ------------------  --------------------  ----------------  ------------------  ------------------
                                                                                            1 TRANSACTIONS, PAGE TOTAL             457,000             3,800
                                                                                            1 TRANSACTIONS, BANK TOTAL             457,000             3,800

PAGE:   4                                             PT. ALTO NETWORK                                   DATE: 15/06/22
REPORT ID: DNLDT04A                                   DAILY TRANSFER DESCRIPTION LISTING AS ACQUIRER             TIME: 04:34:35

SETTLEMENT DATE        : 14/06/22
ISSUER F.I. NO.        : (1092) TELKOM
BENEFICIARY F.I. NO.   : (1068) Rintis

   TERMINAL  TRACE NUMBER     CARD ACCOUNT         RCPT  RCPT      RCPT      TRANS   FROM           TO                  AMOUNT                  INTERCHANGE       REFERENCE           NOTES
   NO.       ACQ / SWT        NUMBER               NBR   DATE      TIME      TYPE    ACCOUNT        ACCOUNT             TRANSFER                FEE DUE FR.       NUMBER
   --------  ---------------  -------------------  ----  --------  --------  ------  -------------  ------------------  --------------------  ----------------  ------------------  ------------------
    T-MONEY  021568 / 023236  0006376865100444579  4284  14/06/22  05:38:46  PMT SA     5100444579      35102040002039             600,000             3,500                        TRX TO Bank SUMUT   
    T-MONEY  021584 / 024701  0006376865169743332  2576  14/06/22  06:16:09  PMT SA     5169743332          2282292270           1,250,000             3,500                        TRX TO Bank Syariah 
    T-MONEY  021612 / 027452  0006376865196454389  4929  14/06/22  07:03:51  PMT SA     5196454389          7191452814           5,000,000             3,500                        TRX TO Bank Syariah 
    T-MONEY  021621 / 028448  0006376865100444579  4990  14/06/22  07:17:38  PMT SA     5100444579      23502030027346             120,000             3,500                        TRX TO Bank SUMUT   
    T-MONEY  021643 / 030772  0006376865100444579  4241  14/06/22  07:45:15  PMT SA     5100444579      14202030010000              14,000             3,500                        TRX TO Bank SUMUT   
    T-MONEY  021718 / 008030  0006376865151475426  3957  14/06/22  09:06:54  PMT SA     5151475426          2142669680           1,340,000             3,500                        TRX TO Bank Syariah 
    T-MONEY  021857 / 024711  0006376865229088265  1857  14/06/22  10:55:49  PMT SA     5229088265          8262104620             150,000             3,500                        TRX TO Bank Riau    
    T-MONEY  022148 / 022999  0006376865129281146  6130  14/06/22  14:19:37  PMT SA     5129281146          7148273337             750,000             3,500                        TRX TO Bank Syariah 
    T-MONEY  022243 / 032563  0006376865100444579  2718  14/06/22  15:27:37  PMT SA     5100444579      31002030146172             111,000             3,500                        TRX TO Bank SUMUT   
    T-MONEY  022419 / 012903  0006376865100444579  0922  14/06/22  16:58:36  PMT SA     5100444579      61702300004494             500,000             3,500                        TRX TO Bank SUMUT   
    T-MONEY  022530 / 027838  0006376865100444579  4558  14/06/22  18:46:31  PMT SA     5100444579      31002030157405             187,000             3,500                        TRX TO Bank SUMUT   
    T-MONEY  022535 / 028226  0006376865100444579  7121  14/06/22  18:49:15  PMT SA     5100444579      25302040003034           1,700,000             3,500                        TRX TO Bank SUMUT   
    T-MONEY  022608 / 005931  0006376865100444579  6817  14/06/22  20:03:20  PMT SA     5100444579          1171640197             550,000             3,500                        TRX TO Bank Syariah 
    T-MONEY  022626 / 007094  0006376865143959668  9110  14/06/22  20:11:34  PMT SA     5143959668          7140636473           3,480,000             3,500                        TRX TO Bank Syariah 
    T-MONEY  022695 / 015565  0006376865286762895  1788  14/06/22  21:22:42  PMT SA     5286762895          7174458744              99,000             3,500                        TRX TO Bank Syariah 
    T-MONEY  022697 / 015846  0006376865100444579  0646  14/06/22  21:25:17  PMT SA     5100444579      10002090078081             400,000             3,500                        TRX TO Bank SUMUT   
   --------  ---------------  -------------------  ----  --------  --------  ------  -------------  ------------------  --------------------  ----------------  ------------------  ------------------
                                                                                           16 TRANSACTIONS, PAGE TOTAL          16,251,000            56,000
                                                                                           16 TRANSACTIONS, BANK TOTAL          16,251,000            56,000

PAGE:   5                                             PT. ALTO NETWORK                                   DATE: 15/06/22
REPORT ID: DNLDT04A                                   DAILY TRANSFER DESCRIPTION LISTING AS ACQUIRER             TIME: 04:34:35

SETTLEMENT DATE        : 14/06/22
ISSUER F.I. NO.        : (1092) TELKOM
BENEFICIARY F.I. NO.   : (1069) ArtaJasa

   TERMINAL  TRACE NUMBER     CARD ACCOUNT         RCPT  RCPT      RCPT      TRANS   FROM           TO                  AMOUNT                  INTERCHANGE       REFERENCE           NOTES
   NO.       ACQ / SWT        NUMBER               NBR   DATE      TIME      TYPE    ACCOUNT        ACCOUNT             TRANSFER                FEE DUE FR.       NUMBER
   --------  ---------------  -------------------  ----  --------  --------  ------  -------------  ------------------  --------------------  ----------------  ------------------  ------------------
    T-MONEY  021488 / 003188  0006376865292212377  3031  14/06/22  00:39:14  PMT SA     5292212377     415401049469531              86,650             3,500                        TRX TO Bank BRI     
    T-MONEY  021509 /         0006376865100010798  0933  14/06/22  01:24:15  PMT SA     5100010798       9000020372406           3,684,500             3,500                        TRX TO Bank Mandiri 
    T-MONEY  021515 / 008367  0006376865213294386  8351  14/06/22  01:32:52  PMT SA     5213294386    8099085952418560           2,000,000             3,500                        TRX TO Bank CIMB NIA
    T-MONEY  021517 / 008465  0006376865213294386  9861  14/06/22  01:34:22  PMT SA     5213294386        085952418560           2,000,000             3,500                        TRX TO TELKOMSEL (TC
    T-MONEY  021525 / 010843  0006376865100444579  0266  14/06/22  01:54:00  PMT SA     5100444579     042201008803535              11,000             3,500                        TRX TO Bank BRI     
    T-MONEY  021530 / 009715  0006376865124255275  2546  14/06/22  02:05:09  PMT SA     5124255275        081342901114           6,200,000             3,500                        TRX TO TELKOMSEL (TC
    T-MONEY  021538 / 011008  0006376865242578273  7071  14/06/22  02:47:36  PMT SA     5242578273       1370016538098           4,624,500             3,500                        TRX TO Bank Mandiri 
    T-MONEY  021551 / 013145  0006376865171510388  2449  14/06/22  04:10:17  PMT SA     5171510388       0700007070712           5,000,000             3,500                        TRX TO Bank Mandiri 
    T-MONEY  021558 / 013969  0006376865180752262  7902  14/06/22  04:43:51  PMT SA     5180752262       1490004183036           1,600,000             3,500                        TRX TO Bank Mandiri 
    T-MONEY  021589 / 019995  0006376865101601390  9765  14/06/22  06:26:01  PMT SA     5101601390       1610004263468              50,000             3,500                        TRX TO Bank Mandiri 
    T-MONEY  021605 / 016398  0006376865100444579  7601  14/06/22  06:53:24  PMT SA     5100444579     532601015834538           1,500,000             3,500                        TRX TO Bank BRI     
    T-MONEY  021608 / 022916  0006376865215162974  0880  14/06/22  06:55:03  PMT SA     5215162974       1700010635450              43,000             3,500                        TRX TO Bank Mandiri 
    T-MONEY  021614 / 024562  0006376865101333018  0754  14/06/22  07:07:51  PMT SA     5101333018       1300013323863           1,834,500             3,500                        TRX TO Bank Mandiri 
    T-MONEY  021624 / 026369  0006376865168296859  8281  14/06/22  07:20:01  PMT SA     5168296859       1300005056844           3,500,000             3,500                        TRX TO Bank Mandiri 
    T-MONEY  021626 / 026454  0006376865247245429  8942  14/06/22  07:20:28  PMT SA     5247245429       1500011071410             295,000             3,500                        TRX TO Bank Mandiri 
    T-MONEY  021655 / 000609  0006376865100444579  4164  14/06/22  08:00:14  PMT SA     5100444579       0130301134137             298,000             3,500                        TRX TO BPD Kalsel   
    T-MONEY  021658 / 000764  0006376865102210082  5666  14/06/22  08:01:05  PMT SA     5102210082       9000026616962             914,500             3,500                        TRX TO Bank Mandiri 
    T-MONEY  021662 / 002563  0006376865274029183  0747  14/06/22  08:09:33  PMT SA     5274029183       1520014145284              50,000             3,500                        TRX TO Bank Mandiri 
    T-MONEY  021666 / 032214  0006376865100444579  9427  14/06/22  08:17:41  PMT SA     5100444579     545101024740537             394,000             3,500                        TRX TO Bank BRI     
    T-MONEY  021675 / 004971  0006376865242948185  8670  14/06/22  08:20:01  PMT SA     5242948185       1030006038430           2,260,000             3,500                        TRX TO Bank Mandiri 
    T-MONEY  021677 / 005398  0006376865100010755  3966  14/06/22  08:21:44  PMT SA     5100010755       1740002669851           3,344,500             3,500                        TRX TO Bank Mandiri 
    T-MONEY  021689 / 014916  0006376865236235068  9892  14/06/22  08:37:46  PMT SA     5236235068     065901042853503             100,000             3,500                        TRX TO Bank BRI     
    T-MONEY  021691 / 009586  0006376865298371567  3050  14/06/22  08:38:16  PMT SA     5298371567       1220007666202           2,000,000             3,500                        TRX TO Bank Mandiri 
    T-MONEY  021698 / 011131  0006376865262913127  8226  14/06/22  08:44:31  PMT SA     5262913127       1510013882243             750,000             3,500                        TRX TO Bank Mandiri 
    T-MONEY  021700 / 011951  0006376865116099755  1598  14/06/22  08:47:39  PMT SA     5116099755       1110002261879             900,000             3,500                        TRX TO Bank Mandiri 
    T-MONEY  021703 / 012555  0006376865111089336  2923  14/06/22  08:49:57  PMT SA     5111089336       1330011823010             500,000             3,500                        TRX TO Bank Mandiri 
    T-MONEY  021712 / 015569  0006376865100444579  8274  14/06/22  09:01:19  PMT SA     5100444579       1290010770986              94,000             3,500                        TRX TO Bank Mandiri 
    T-MONEY  021733 / 020210  0006376865219346952  6563  14/06/22  09:22:25  PMT SA     5219346952     494101011027534             200,000             3,500                        TRX TO Bank BRI     
    T-MONEY  021735 / 021876  0006376865245657797  7896  14/06/22  09:23:15  PMT SA     5245657797       9000003800092             454,500             3,500                        TRX TO Bank Mandiri 
    T-MONEY  021737 / 022209  0006376865101551514  9639  14/06/22  09:24:30  PMT SA     5101551514      28490811988120           2,000,000             3,500                        TRX TO Bank CIMB NIA
    T-MONEY  021739 / 022744  0006376865254383178  5667  14/06/22  09:26:14  PMT SA     5254383178    8902223525326438              39,999             3,500                        TRX TO Bank Mandiri 
    T-MONEY  021745 / 026458  0006376865239918831  3992  14/06/22  09:38:45  PMT SA     5239918831        700010339658           2,000,000             3,500                        TRX TO Bank Mandiri 
    T-MONEY  021751 / 006074  0006376865100444579  2274  14/06/22  09:42:49  PMT SA     5100444579     563901011499539              97,000             3,500                        TRX TO Bank BRI     
    T-MONEY  021754 / 029005  0006376865194893072  4690  14/06/22  09:47:25  PMT SA     5194893072       1760000101053             500,000             3,500                        TRX TO Bank Mandiri 
    T-MONEY  021776 / 004082  0006376865237846579  3110  14/06/22  10:11:49  PMT SA     5237846579       1170008089989           2,356,534             3,500                        TRX TO Bank Mandiri 
    T-MONEY  021779 / 002109  0006376865262842724  5439  14/06/22  10:13:13  PMT SA     5262842724     007501101235505             480,000             3,500                        TRX TO Bank BRI     
    T-MONEY  021785 / 005643  0006376865100046812  2731  14/06/22  10:16:37  PMT SA     5100046812       0700007910602             500,000             3,500                        TRX TO Bank Mandiri 
    T-MONEY  021790 / 007037  0006376865100444579  5869  14/06/22  10:21:05  PMT SA     5100444579          2002282031          10,000,000             3,500                        TRX TO Bank Jateng  
    T-MONEY  021795 / 011056  0006376865100444579  2163  14/06/22  10:22:31  PMT SA     5100444579     096801024776534             100,000             3,500                        TRX TO Bank BRI     
    T-MONEY  021802 / 008743  0006376865271561537  9511  14/06/22  10:26:22  PMT SA     5271561537       1290012686867              30,000             3,500                        TRX TO Bank Mandiri 
    T-MONEY  021819 / 013192  0006376865253295819  9469  14/06/22  10:35:54  PMT SA     5253295819       1240010709922              23,000             3,500                        TRX TO Bank Mandiri 
    T-MONEY  021825 / 013623  0006376865172114297  4967  14/06/22  10:36:58  PMT SA     5172114297       1480001147944           3,600,000             3,500                        TRX TO Bank Mandiri 
    T-MONEY  021841 / 016760  0006376865120926453  4737  14/06/22  10:45:23  PMT SA     5120926453       1030005641143           4,600,000             3,500                        TRX TO Bank Mandiri 
    T-MONEY  021855 / 020606  0006376865246677743  7316  14/06/22  10:55:34  PMT SA     5246677743        085215234295             150,000             3,500                        TRX TO TELKOMSEL (TC
    T-MONEY  021862 / 021446  0006376865210841590  8316  14/06/22  10:57:41  PMT SA     5210841590       1390009134432           1,274,500             3,500                        TRX TO Bank Mandiri 
    T-MONEY  021872 / 022913  0006376865224824838  4313  14/06/22  11:01:20  PMT SA     5224824838       1310018487696           2,189,500             3,500                        TRX TO Bank Mandiri 
    T-MONEY  021876 / 025028  0006376865101484638  6462  14/06/22  11:06:17  PMT SA     5101484638       1490010124024             295,000             3,500                        TRX TO Bank Mandiri 
    T-MONEY  021887 / 032487  0006376865101370989  9023  14/06/22  11:09:13  PMT SA     5101370989     597001008114530              15,000             3,500                        TRX TO Bank BRI     
   --------  ---------------  -------------------  ----  --------  --------  ------  -------------  ------------------  --------------------  ----------------  ------------------  ------------------
                                                                                           48 TRANSACTIONS, PAGE TOTAL          74,939,183           168,000

PAGE:   6                                             PT. ALTO NETWORK                                   DATE: 15/06/22
REPORT ID: DNLDT04A                                   DAILY TRANSFER DESCRIPTION LISTING AS ACQUIRER             TIME: 04:34:35

SETTLEMENT DATE        : 14/06/22
ISSUER F.I. NO.        : (1092) TELKOM
BENEFICIARY F.I. NO.   : (1069) ArtaJasa

   TERMINAL  TRACE NUMBER     CARD ACCOUNT         RCPT  RCPT      RCPT      TRANS   FROM           TO                  AMOUNT                  INTERCHANGE       REFERENCE           NOTES
   NO.       ACQ / SWT        NUMBER               NBR   DATE      TIME      TYPE    ACCOUNT        ACCOUNT             TRANSFER                FEE DUE FR.       NUMBER
   --------  ---------------  -------------------  ----  --------  --------  ------  -------------  ------------------  --------------------  ----------------  ------------------  ------------------
    T-MONEY  021889 / 026313  0006376865258831242  9944  14/06/22  11:09:45  PMT SA     5258831242       1390009134432             884,500             3,500                        TRX TO Bank Mandiri 
    T-MONEY  021896 / 003033  0006376865289291246  2754  14/06/22  11:12:35  PMT SA     5289291246     551601042732530             195,000             3,500                        TRX TO Bank BRI     
    T-MONEY  021905 / 029056  0006376865185315770  0202  14/06/22  11:17:39  PMT SA     5185315770       1170019126820           3,900,000             3,500                        TRX TO Bank Mandiri 
    T-MONEY  021908 / 029523  0006376865160438272  9172  14/06/22  11:19:02  PMT SA     5160438272       1590005531081             261,000             3,500                        TRX TO Bank Mandiri 
    T-MONEY  021910 / 029860  0006376865102212737  8721  14/06/22  11:20:02  PMT SA     5102212737       1310012310555             808,000             3,500                        TRX TO Bank Mandiri 
    T-MONEY  021923 / 032742  0006376865167946998  0931  14/06/22  11:29:00  PMT SA     5167946998       1310006028940           8,000,000             3,500                        TRX TO Bank Mandiri 
    T-MONEY  021924 / 019208  0006376865210871550  5113  14/06/22  11:29:06  PMT SA     5210871550     421201019806533           2,350,000             3,500                        TRX TO Bank BRI     
    T-MONEY  021928 / 001180  0006376865128117872  0200  14/06/22  11:32:28  PMT SA     5128117872       1030004171753             750,000             3,500                        TRX TO Bank Mandiri 
    T-MONEY  021931 / 025813  0006376865101593636  4446  14/06/22  11:35:34  PMT SA     5101593636     000501123984503             200,000             3,500                        TRX TO Bank BRI     
    T-MONEY  021933 / 025963  0006376865296253246  6132  14/06/22  11:35:43  PMT SA     5296253246     743601007840508             850,000             3,500                        TRX TO Bank BRI     
    T-MONEY  021935 / 026905  0006376865278935690  8292  14/06/22  11:36:43  PMT SA     5278935690     144601000987504           6,000,000             3,500                        TRX TO Bank BRI     
    T-MONEY  021938 / 027739  0006376865235664528  8052  14/06/22  11:37:33  PMT SA     5235664528     043501000845562           6,400,000             3,500                        TRX TO Bank BRI     
    T-MONEY  021941 / 004476  0006376865242326393  2844  14/06/22  11:42:12  PMT SA     5242326393       1420014198195             218,000             3,500                        TRX TO Bank Mandiri 
    T-MONEY  021943 / 004607  0006376865166736614  6117  14/06/22  11:42:34  PMT SA     5166736614       1090012620332           1,724,000             3,500                        TRX TO Bank Mandiri 
    T-MONEY  021947 / 005353  0006376865100444579  7445  14/06/22  11:44:55  PMT SA     5100444579       1270011009360              71,104             3,500                        TRX TO Bank Mandiri 
    T-MONEY  021949 / 006462  0006376865149984639  8055  14/06/22  11:48:32  PMT SA     5149984639       1330013514229             445,000             3,500                        TRX TO Bank Mandiri 
    T-MONEY  021957 / 008417  0006376865100444579  0382  14/06/22  11:51:35  PMT SA     5100444579     563901011499539             198,000             3,500                        TRX TO Bank BRI     
    T-MONEY  021963 / 008450  0006376865224587360  0783  14/06/22  11:54:20  PMT SA     5224587360       1500028714713             100,000             3,500                        TRX TO Bank Mandiri 
    T-MONEY  021979 / 012059  0006376865188208187  8402  14/06/22  12:05:42  PMT SA     5188208187       1480007126165           9,800,000             3,500                        TRX TO Bank Mandiri 
    T-MONEY  022004 / 017916  0006376865269047521  7591  14/06/22  12:26:06  PMT SA     5269047521        085736666813              14,000             3,500                        TRX TO TELKOMSEL (TC
    T-MONEY  022014 / 019783  0006376865100444579  3383  14/06/22  12:32:08  PMT SA     5100444579       1410022116370           1,685,000             3,500                        TRX TO Bank Mandiri 
    T-MONEY  022032 / 023426  0006376865189745333  4955  14/06/22  12:45:02  PMT SA     5189745333       0700007541704             709,875             3,500                        TRX TO Bank Mandiri 
    T-MONEY  022040 / 000099  0006376865244714501  4517  14/06/22  12:49:20  PMT SA     5244714501     734801012727536             600,000             3,500                        TRX TO Bank BRI     
    T-MONEY  022047 / 002597  0006376865100444579  3948  14/06/22  12:51:55  PMT SA     5100444579     302401038746530              56,275             3,500                        TRX TO Bank BRI     
    T-MONEY  022051 / 025494  0006376865220020137  1974  14/06/22  12:52:28  PMT SA     5220020137       1340017204891              82,000             3,500                        TRX TO Bank Mandiri 
    T-MONEY  022054 / 026554  0006376865160858256  8330  14/06/22  12:55:56  PMT SA     5160858256       1130098019353           6,030,000             3,500                        TRX TO Bank Mandiri 
    T-MONEY  022060 / 007974  0006376865215494936  2387  14/06/22  12:57:20  PMT SA     5215494936     008001016529539              58,000             3,500                        TRX TO Bank BRI     
    T-MONEY  022069 / 029835  0006376865193019352  2660  14/06/22  13:06:58  PMT SA     5193019352       1450004347411           4,700,000             3,500                        TRX TO Bank Mandiri 
    T-MONEY  022084 / 000136  0006376865134600939  8000  14/06/22  13:17:21  PMT SA     5134600939       1310010042317           1,720,000             3,500                        TRX TO Bank Mandiri 
    T-MONEY  022085 / 000143  0006376865272048557  2625  14/06/22  13:17:22  PMT SA     5272048557        704873353700              18,750             3,500                        TRX TO Bank CIMB NIA
    T-MONEY  022087 / 001371  0006376865119384191  5070  14/06/22  13:21:34  PMT SA     5119384191       1280005390528           1,020,000             3,500                        TRX TO Bank Mandiri 
    T-MONEY  022103 / 005664  0006376865264848533  2687  14/06/22  13:35:57  PMT SA     5264848533       1310018150658           1,324,500             3,500                        TRX TO Bank Mandiri 
    T-MONEY  022109 / 006021  0006376865105973920  1305  14/06/22  13:37:21  PMT SA     5105973920       1420004344601           4,000,000             3,500                        TRX TO Bank Mandiri 
    T-MONEY  022121 / 011586  0006376865279404659  6785  14/06/22  13:55:17  PMT SA     5279404659       1420017426809             198,300             3,500                        TRX TO Bank Mandiri 
    T-MONEY  022129 / 013919  0006376865214655336  0181  14/06/22  14:02:44  PMT SA     5214655336       0060006911394             250,000             3,500                        TRX TO Bank Mandiri 
    T-MONEY  022138 / 017931  0006376865235359097  4331  14/06/22  14:15:56  PMT SA     5235359097    2849085274006412             150,000             3,500                        TRX TO Bank CIMB NIA
    T-MONEY  022147 / 018956  0006376865168149450  2010  14/06/22  14:19:21  PMT SA     5168149450       1430003012976             800,000             3,500                        TRX TO Bank Mandiri 
    T-MONEY  022154 / 019868  0006376865127516546  8443  14/06/22  14:22:17  PMT SA     5127516546       1520007579077           1,250,000             3,500                        TRX TO Bank Mandiri 
    T-MONEY  022176 / 024854  0006376865262163664  7933  14/06/22  14:38:58  PMT SA     5262163664       1200006906726           1,010,000             3,500                        TRX TO Bank Mandiri 
    T-MONEY  022182 / 026324  0006376865279787822  7548  14/06/22  14:43:51  PMT SA     5279787822       4720100304118             790,000             3,500                        TRX TO Bank CIMB NIA
    T-MONEY  022188 / 027983  0006376865100046669  6077  14/06/22  14:49:25  PMT SA     5100046669       1320018675653           1,300,000             3,500                        TRX TO Bank Mandiri 
    T-MONEY  022199 / 029611  0006376865295236956  1061  14/06/22  14:54:44  PMT SA     5295236956       1410013033220           3,500,000             3,500                        TRX TO Bank Mandiri 
    T-MONEY  022202 / 029797  0006376865165411439  4490  14/06/22  14:55:17  PMT SA     5165411439       1520017396165          12,504,500             3,500                        TRX TO Bank Mandiri 
    T-MONEY  022205 / 030133  0006376865100011420  5684  14/06/22  14:56:21  PMT SA     5100011420       1460007628220             800,000             3,500                        TRX TO Bank Mandiri 
    T-MONEY  022217 / 006703  0006376865260824228  6725  14/06/22  15:17:36  PMT SA     5260824228     208901015217503           4,940,000             3,500                        TRX TO Bank BRI     
    T-MONEY  022220 / 003720  0006376865284552700  9671  14/06/22  15:17:59  PMT SA     5284552700        081227514611             391,000             3,500                        TRX TO TELKOMSEL (TC
    T-MONEY  022223 / 007542  0006376865281151580  4165  14/06/22  15:18:31  PMT SA     5281151580     208901015217503           4,940,000             3,500                        TRX TO Bank BRI     
    T-MONEY  022226 / 008475  0006376865260824228  5851  14/06/22  15:19:30  PMT SA     5260824228     208901015217503           4,940,000             3,500                        TRX TO Bank BRI     
   --------  ---------------  -------------------  ----  --------  --------  ------  -------------  ------------------  --------------------  ----------------  ------------------  ------------------
                                                                                           48 TRANSACTIONS, PAGE TOTAL         102,936,804           168,000

PAGE:   7                                             PT. ALTO NETWORK                                   DATE: 15/06/22
REPORT ID: DNLDT04A                                   DAILY TRANSFER DESCRIPTION LISTING AS ACQUIRER             TIME: 04:34:35

SETTLEMENT DATE        : 14/06/22
ISSUER F.I. NO.        : (1092) TELKOM
BENEFICIARY F.I. NO.   : (1069) ArtaJasa

   TERMINAL  TRACE NUMBER     CARD ACCOUNT         RCPT  RCPT      RCPT      TRANS   FROM           TO                  AMOUNT                  INTERCHANGE       REFERENCE           NOTES
   NO.       ACQ / SWT        NUMBER               NBR   DATE      TIME      TYPE    ACCOUNT        ACCOUNT             TRANSFER                FEE DUE FR.       NUMBER
   --------  ---------------  -------------------  ----  --------  --------  ------  -------------  ------------------  --------------------  ----------------  ------------------  ------------------
    T-MONEY  022229 / 009435  0006376865217255292  3416  14/06/22  15:20:32  PMT SA     5217255292     208901015217503           4,980,000             3,500                        TRX TO Bank BRI     
    T-MONEY  022231 / 010036  0006376865100444579  0636  14/06/22  15:21:08  PMT SA     5100444579     002701109291508              37,000             3,500                        TRX TO Bank BRI     
    T-MONEY  022233 / 004633  0006376865269183580  9889  14/06/22  15:21:15  PMT SA     5269183580       1130014068658           4,990,000             3,500                        TRX TO Bank Mandiri 
    T-MONEY  022238 / 005830  0006376865285751617  0933  14/06/22  15:25:49  PMT SA     5285751617       1400013513693           6,894,500             3,500                        TRX TO Bank Mandiri 
    T-MONEY  022240 / 015108  0006376865269696882  6908  14/06/22  15:26:44  PMT SA     5269696882     208901015217503           4,990,000             3,500                        TRX TO Bank BRI     
    T-MONEY  022253 / 007213  0006376865289859902  6542  14/06/22  15:30:25  PMT SA     5289859902       1400021160289              90,000             3,500                        TRX TO Bank Mandiri 
    T-MONEY  022262 / 008438  0006376865242501385  7793  14/06/22  15:35:18  PMT SA     5242501385    2849082275902625              50,000             3,500                        TRX TO Bank CIMB NIA
    T-MONEY  022263 / 008450  0006376865269183580  1732  14/06/22  15:35:20  PMT SA     5269183580       1130014068658           4,900,000             3,500                        TRX TO Bank Mandiri 
    T-MONEY  022270 / 009835  0006376865237996888  1300  14/06/22  15:40:25  PMT SA     5237996888       1120018764626           4,990,000             3,500                        TRX TO Bank Mandiri 
    T-MONEY  022282 / 012831  0006376865262146058  9892  14/06/22  15:51:26  PMT SA     5262146058       1120018764626           4,984,000             3,500                        TRX TO Bank Mandiri 
    T-MONEY  022287 / 013995  0006376865234455001  0437  14/06/22  15:55:48  PMT SA     5234455001       1480017688113             210,000             3,500                        TRX TO Bank Mandiri 
    T-MONEY  022289 / 014118  0006376865165597166  7120  14/06/22  15:56:13  PMT SA     5165597166       1010005108343           7,109,500             3,500                        TRX TO Bank Mandiri 
    T-MONEY  022302 / 020419  0006376865102195174  2082  14/06/22  16:08:50  PMT SA     5102195174     024501061443504           5,509,000             3,500                        TRX TO Bank BRI     
    T-MONEY  022308 / 023390  0006376865287782075  0521  14/06/22  16:11:53  PMT SA     5287782075     181401002506503              80,000             3,500                        TRX TO Bank BRI     
    T-MONEY  022315 / 019331  0006376865258602331  8623  14/06/22  16:16:00  PMT SA     5258602331       1120018764626           4,990,000             3,500                        TRX TO Bank Mandiri 
    T-MONEY  022317 / 019853  0006376865196488312  1238  14/06/22  16:17:53  PMT SA     5196488312       1060004503804           3,870,000             3,500                        TRX TO Bank Mandiri 
    T-MONEY  022320 / 020449  0006376865100444579  3273  14/06/22  16:19:52  PMT SA     5100444579          2003290886             380,000             3,500                        TRX TO Bank Jateng  
    T-MONEY  022324 / 021738  0006376865269183580  4371  14/06/22  16:24:16  PMT SA     5269183580       1130014068658              70,000             3,500                        TRX TO Bank Mandiri 
    T-MONEY  022328 / 022383  0006376865229824902  8951  14/06/22  16:26:40  PMT SA     5229824902       1360017589448           3,714,500             3,500                        TRX TO Bank Mandiri 
    T-MONEY  022330 / 022933  0006376865219827183  0902  14/06/22  16:28:48  PMT SA     5219827183       1130014068658           4,990,000             3,500                        TRX TO Bank Mandiri 
    T-MONEY  022332 / 023124  0006376865284740909  6959  14/06/22  16:29:30  PMT SA     5284740909       1840001469434             618,500             3,500                        TRX TO Bank Mandiri 
    T-MONEY  022336 / 023730  0006376865100444579  0431  14/06/22  16:31:57  PMT SA     5100444579       1490011360221             300,000             3,500                        TRX TO Bank Mandiri 
    T-MONEY  022356 / 024943  0006376865129500147  6071  14/06/22  16:36:35  PMT SA     5129500147       1560012572287           2,630,000             3,500                        TRX TO Bank Mandiri 
    T-MONEY  022382 / 027053  0006376865295197537  5201  14/06/22  16:45:21  PMT SA     5295197537       1610003476111             300,000             3,500                        TRX TO Bank Mandiri 
    T-MONEY  022399 / 028861  0006376865100444579  6858  14/06/22  16:52:22  PMT SA     5100444579       1290011442130             385,000             3,500                        TRX TO Bank Mandiri 
    T-MONEY  022432 / 032549  0006376865171381478  3132  14/06/22  17:06:27  PMT SA     5171381478       1490006093985           1,300,000             3,500                        TRX TO Bank Mandiri 
    T-MONEY  022440 / 001009  0006376865262442151  4673  14/06/22  17:11:02  PMT SA     5262442151       1410021633102             300,000             3,500                        TRX TO Bank Mandiri 
    T-MONEY  022444 / 002122  0006376865166019752  4225  14/06/22  17:15:25  PMT SA     5166019752       1230010315333           2,000,000             3,500                        TRX TO Bank Mandiri 
    T-MONEY  022454 / 021339  0006376865100444579  2998  14/06/22  17:19:29  PMT SA     5100444579     337601046169533             407,000             3,500                        TRX TO Bank BRI     
    T-MONEY  022462 / 029196  0006376865247150233  4988  14/06/22  17:27:20  PMT SA     5247150233     529401027087538              50,000             3,500                        TRX TO Bank BRI     
    T-MONEY  022464 / 005594  0006376865220826500  2064  14/06/22  17:29:02  PMT SA     5220826500       1270007666272             164,250             3,500                        TRX TO Bank Mandiri 
    T-MONEY  022466 / 006058  0006376865224938798  7402  14/06/22  17:30:55  PMT SA     5224938798       1690002300207              60,000             3,500                        TRX TO Bank Mandiri 
    T-MONEY  022472 / 008593  0006376865239772161  1073  14/06/22  17:41:10  PMT SA     5239772161       1680000786077              40,000             3,500                        TRX TO Bank Mandiri 
    T-MONEY  022476 / 010312  0006376865213770447  6142  14/06/22  17:47:39  PMT SA     5213770447        081311861072              20,000             3,500                        TRX TO TELKOMSEL (TC
    T-MONEY  022479 / 011985  0006376865253295749  9751  14/06/22  17:54:26  PMT SA     5253295749       1190007352071              86,500             3,500                        TRX TO Bank Mandiri 
    T-MONEY  022485 / 014541  0006376865256845706  4728  14/06/22  18:05:03  PMT SA     5256845706       1340016562364              50,000             3,500                        TRX TO Bank Mandiri 
    T-MONEY  022488 / 005221  0006376865254383178  3602  14/06/22  18:09:48  PMT SA     5254383178     035301055405503              50,000             3,500                        TRX TO Bank BRI     
    T-MONEY  022495 / 008098  0006376865100444579  5149  14/06/22  18:12:41  PMT SA     5100444579     314801026446534             397,700             3,500                        TRX TO Bank BRI     
    T-MONEY  022496 / 016512  0006376865105392857  7191  14/06/22  18:13:17  PMT SA     5105392857       1310006307104           2,620,800             3,500                        TRX TO Bank Mandiri 
    T-MONEY  022506 / 018929  0006376865105392857  9320  14/06/22  18:23:00  PMT SA     5105392857       1310006307104             200,000             3,500                        TRX TO Bank Mandiri 
    T-MONEY  022520 / 030431  0006376865264949039  6413  14/06/22  18:33:51  PMT SA     5264949039     449701003572536             500,000             3,500                        TRX TO Bank BRI     
    T-MONEY  022545 / 029094  0006376865260167268  2977  14/06/22  19:00:58  PMT SA     5260167268       1480019016388              90,000             3,500                        TRX TO Bank Mandiri 
    T-MONEY  022549 / 032406  0006376865285405705  9729  14/06/22  19:05:54  PMT SA     5285405705     055601018268508             300,000             3,500                        TRX TO Bank BRI     
    T-MONEY  022565 / 000255  0006376865100444579  0341  14/06/22  19:16:34  PMT SA     5100444579       1540016105268             497,000             3,500                        TRX TO Bank Mandiri 
    T-MONEY  022571 / 019524  0006376865100444579  5057  14/06/22  19:25:24  PMT SA     5100444579     637301005567507           4,050,825             3,500                        TRX TO Bank BRI     
    T-MONEY  022573 / 002644  0006376865100011301  0440  14/06/22  19:26:26  PMT SA     5100011301       1050014156438           3,000,000             3,500                        TRX TO Bank Mandiri 
    T-MONEY  022577 / 002767  0006376865100249683  0651  14/06/22  19:26:54  PMT SA     5100249683       9000002162635              43,000             3,500                        TRX TO Bank Mandiri 
    T-MONEY  022579 / 002964  0006376865100155908  9510  14/06/22  19:27:42  PMT SA     5100155908        085236009222              20,000             3,500                        TRX TO TELKOMSEL (TC
   --------  ---------------  -------------------  ----  --------  --------  ------  -------------  ------------------  --------------------  ----------------  ------------------  ------------------
                                                                                           48 TRANSACTIONS, PAGE TOTAL          88,309,075           168,000

PAGE:   8                                             PT. ALTO NETWORK                                   DATE: 15/06/22
REPORT ID: DNLDT04A                                   DAILY TRANSFER DESCRIPTION LISTING AS ACQUIRER             TIME: 04:34:35

SETTLEMENT DATE        : 14/06/22
ISSUER F.I. NO.        : (1092) TELKOM
BENEFICIARY F.I. NO.   : (1069) ArtaJasa

   TERMINAL  TRACE NUMBER     CARD ACCOUNT         RCPT  RCPT      RCPT      TRANS   FROM           TO                  AMOUNT                  INTERCHANGE       REFERENCE           NOTES
   NO.       ACQ / SWT        NUMBER               NBR   DATE      TIME      TYPE    ACCOUNT        ACCOUNT             TRANSFER                FEE DUE FR.       NUMBER
   --------  ---------------  -------------------  ----  --------  --------  ------  -------------  ------------------  --------------------  ----------------  ------------------  ------------------
    T-MONEY  022623 / 013215  0006376865251511306  5091  14/06/22  20:09:27  PMT SA     5251511306       9000028954106              35,000             3,500                        TRX TO Bank Mandiri 
    T-MONEY  022631 / 001282  0006376865101505354  8390  14/06/22  20:14:31  PMT SA     5101505354     042001019956501              50,000             3,500                        TRX TO Bank BRI     
    T-MONEY  022635 / 002638  0006376865289601184  7270  14/06/22  20:15:56  PMT SA     5289601184     122801003166501              15,000             3,500                        TRX TO Bank BRI     
    T-MONEY  022637 / 005231  0006376865250467718  8095  14/06/22  20:18:45  PMT SA     5250467718     221901006531509              55,000             3,500                        TRX TO Bank BRI     
    T-MONEY  022638 / 015496  0006376865110238578  2102  14/06/22  20:18:56  PMT SA     5110238578       1840001171386           3,117,500             3,500                        TRX TO Bank Mandiri 
    T-MONEY  022642 / 016409  0006376865132087530  2680  14/06/22  20:23:07  PMT SA     5132087530         08123425567           1,000,000             3,500                        TRX TO TELKOMSEL (TC
    T-MONEY  022645 / 017336  0006376865109969960  7864  14/06/22  20:27:20  PMT SA     5109969960       1030000007712           3,054,500             3,500                        TRX TO Bank Mandiri 
    T-MONEY  022648 / 017757  0006376865110238578  2778  14/06/22  20:29:00  PMT SA     5110238578       1360016190768             712,350             3,500                        TRX TO Bank Mandiri 
    T-MONEY  022655 / 018343  0006376865218473546  3343  14/06/22  20:33:24  PMT SA     5218473546     024901026559508           1,100,000             3,500                        TRX TO Bank BRI     
    T-MONEY  022661 / 019851  0006376865100444579  3015  14/06/22  20:38:12  PMT SA     5100444579          2005204685           1,400,000             3,500                        TRX TO Bank Jateng  
    T-MONEY  022668 / 021410  0006376865100011876  1529  14/06/22  20:44:46  PMT SA     5100011876       1320006171079           1,850,000             3,500                        TRX TO Bank Mandiri 
    T-MONEY  022672 / 024941  0006376865100444579  8919  14/06/22  21:01:50  PMT SA     5100444579          2033299187             250,000             3,500                        TRX TO Bank Jateng  
    T-MONEY  022679 / 026040  0006376865152193433  4739  14/06/22  21:07:05  PMT SA     5152193433       1060004547280           9,000,000             3,500                        TRX TO Bank Mandiri 
    T-MONEY  022683 / 026434  0006376865160246080  8648  14/06/22  21:10:54  PMT SA     5160246080         90320020325           2,000,000             3,500                        TRX TO Bank BTP     
    T-MONEY  022689 / 026757  0006376865293188417  7424  14/06/22  21:14:21  PMT SA     5293188417       1200010260144              75,000             3,500                        TRX TO Bank Mandiri 
    T-MONEY  022691 / 028033  0006376865126056230  7433  14/06/22  21:22:04  PMT SA     5126056230       1310013447646           5,000,000             3,500                        TRX TO Bank Mandiri 
    T-MONEY  022706 / 029808  0006376865189518063  2389  14/06/22  21:30:01  PMT SA     5189518063         08115545444              15,000             3,500                        TRX TO TELKOMSEL (TC
    T-MONEY  022708 / 029872  0006376865155964367  1427  14/06/22  21:30:20  PMT SA     5155964367       1730002513951           1,000,000             3,500                        TRX TO Bank Mandiri 
    T-MONEY  022718 / 000673  0006376865278226790  4291  14/06/22  21:48:52  PMT SA     5278226790       1560010774935              92,000             3,500                        TRX TO Bank Mandiri 
    T-MONEY  022724 / 012016  0006376865100444579  7393  14/06/22  21:59:03  PMT SA     5100444579     314801026446534             597,000             3,500                        TRX TO Bank BRI     
    T-MONEY  022749 / 007993  0006376865255416967  6340  14/06/22  22:37:55  PMT SA     5255416967       1260006641327             169,000             3,500                        TRX TO Bank Mandiri 
    T-MONEY  022751 / 008164  0006376865139397359  3584  14/06/22  22:39:14  PMT SA     5139397359    2849085101784335             500,000             3,500                        TRX TO Bank CIMB NIA
    T-MONEY  022770 / 011980  0006376865293691751  2480  14/06/22  23:08:51  PMT SA     5293691751       0060010652257           2,804,500             3,500                        TRX TO Bank Mandiri 
    T-MONEY  022784 / 013090  0006376865290120303  4703  14/06/22  23:18:30  PMT SA     5290120303       1350017474899             140,000             3,500                        TRX TO Bank Mandiri 
    T-MONEY  022794 / 013617  0006376865100444579  3728  14/06/22  23:23:35  PMT SA     5100444579          2017275847           1,345,000             3,500                        TRX TO Bank Jateng  
   --------  ---------------  -------------------  ----  --------  --------  ------  -------------  ------------------  --------------------  ----------------  ------------------  ------------------
                                                                                           25 TRANSACTIONS, PAGE TOTAL          35,376,850            87,500
                                                                                          169 TRANSACTIONS, BANK TOTAL         301,561,912           591,500

PAGE:   9                                             PT. ALTO NETWORK                                   DATE: 15/06/22
REPORT ID: DNLDT04A                                   DAILY TRANSFER DESCRIPTION LISTING AS ACQUIRER             TIME: 04:34:35

SETTLEMENT DATE        : 14/06/22
ISSUER F.I. NO.        : (1092) TELKOM
BENEFICIARY F.I. NO.   : (1094) BCA

   TERMINAL  TRACE NUMBER     CARD ACCOUNT         RCPT  RCPT      RCPT      TRANS   FROM           TO                  AMOUNT                  INTERCHANGE       REFERENCE           NOTES
   NO.       ACQ / SWT        NUMBER               NBR   DATE      TIME      TYPE    ACCOUNT        ACCOUNT             TRANSFER                FEE DUE FR.       NUMBER
   --------  ---------------  -------------------  ----  --------  --------  ------  -------------  ------------------  --------------------  ----------------  ------------------  ------------------
    T-MONEY  021499 / 011959  0006376865100444579  9213  14/06/22  00:54:58  PMT SA     5100444579          4740734062             497,000             3,800                                            
    T-MONEY  021521 / 026487  0006376865225856979  8288  14/06/22  01:50:41  PMT SA     5225856979          0570640364             160,000             3,800                                            
    T-MONEY  021536 / 001789  0006376865241115338  1104  14/06/22  02:43:28  PMT SA     5241115338          4141235103              33,300             3,800                                            
    T-MONEY  021572 / 020527  0006376865252743575  8890  14/06/22  05:46:24  PMT SA     5252743575          0613236446              15,000             3,800                                            
    T-MONEY  021596 / 029630  0006376865100444579  2672  14/06/22  06:30:13  PMT SA     5100444579          3790143697             347,000             3,800                                            
    T-MONEY  021618 / 012104  0006376865287326061  6882  14/06/22  07:12:56  PMT SA     5287326061          0070473089             102,000             3,800                                            
    T-MONEY  021630 / 021821  0006376865102424946  3276  14/06/22  07:35:21  PMT SA     5102424946          1390351085             730,000             3,800                                            
    T-MONEY  021640 / 026257  0006376865100444579  7200  14/06/22  07:44:43  PMT SA     5100444579          7805304146             202,000             3,800                                            
    T-MONEY  021652 / 030948  0006376865126615355  3105  14/06/22  07:53:51  PMT SA     5126615355          3981280651           7,000,000             3,800                                            
    T-MONEY  021672 / 013945  0006376865230390442  4060  14/06/22  08:19:28  PMT SA     5230390442          6825457830              20,000             3,800                                            
    T-MONEY  021681 / 017850  0006376865100444579  6333  14/06/22  08:25:44  PMT SA     5100444579          7410854613           2,380,000             3,800                                            
    T-MONEY  021684 / 022102  0006376865252304500  9534  14/06/22  08:32:23  PMT SA     5252304500          3831584201             105,000             3,800                                            
    T-MONEY  021695 / 029574  0006376865100048127  5543  14/06/22  08:43:11  PMT SA     5100048127          2211170214             700,000             3,800                                            
    T-MONEY  021707 / 005413  0006376865180801193  8852  14/06/22  08:55:31  PMT SA     5180801193          5681334956             300,000             3,800                                            
    T-MONEY  021766 / 029154  0006376865271750154  7925  14/06/22  10:04:28  PMT SA     5271750154          0882023468             650,000             3,800                                            
    T-MONEY  021797 / 012389  0006376865214665445  3392  14/06/22  10:22:59  PMT SA     5214665445          1640598367             194,320             3,800                                            
    T-MONEY  021807 / 016405  0006376865100444579  9484  14/06/22  10:27:07  PMT SA     5100444579          8640685108             397,000             3,800                                            
    T-MONEY  021824 / 022343  0006376865100444579  7733  14/06/22  10:36:56  PMT SA     5100444579          8910444167             294,000             3,800                                            
    T-MONEY  021830 / 025982  0006376865258412707  4865  14/06/22  10:41:30  PMT SA     5258412707          7900946893              55,000             3,800                                            
    T-MONEY  021837 / 027300  0006376865101449644  2032  14/06/22  10:43:16  PMT SA     5101449644          0372730739              89,505             3,800                                            
    T-MONEY  021845 / 029956  0006376865100444579  2845  14/06/22  10:46:44  PMT SA     5100444579          2320434028           1,297,000             3,800                                            
    T-MONEY  021847 / 031125  0006376865100444579  0794  14/06/22  10:48:13  PMT SA     5100444579          4586317881             940,000             3,800                                            
    T-MONEY  021886 / 014868  0006376865272004898  4533  14/06/22  11:08:52  PMT SA     5272004898          3370412731           1,250,000             3,800                                            
    T-MONEY  021891 / 016237  0006376865274478901  0351  14/06/22  11:10:30  PMT SA     5274478901          6760994250              50,000             3,800                                            
    T-MONEY  021901 / 018681  0006376865100444579  8260  14/06/22  11:13:33  PMT SA     5100444579          5530646221              98,000             3,800                                            
    T-MONEY  021922 / 031175  0006376865236116040  1243  14/06/22  11:28:59  PMT SA     5236116040          1771863316             185,000             3,800                                            
    T-MONEY  021953 / 017896  0006376865100444579  9655  14/06/22  11:50:45  PMT SA     5100444579          6485391456              37,000             3,800                                            
    T-MONEY  021961 / 019896  0006376865216898711  6966  14/06/22  11:52:55  PMT SA     5216898711          1393062430           2,500,000             3,800                                            
    T-MONEY  021982 / 001459  0006376865101333453  4598  14/06/22  12:07:30  PMT SA     5101333453          6050366551           6,530,000             3,800                                            
    T-MONEY  021989 / 005075  0006376865285766675  2958  14/06/22  12:11:10  PMT SA     5285766675          4290778692              39,000             3,800                                            
    T-MONEY  021992 / 009252  0006376865242189221  2626  14/06/22  12:15:44  PMT SA     5242189221          8555170536             199,500             3,800                                            
    T-MONEY  021997 / 009874  0006376865100444579  3032  14/06/22  12:16:29  PMT SA     5100444579          2721690719              65,000             3,800                                            
    T-MONEY  022028 / 002038  0006376865100444579  7981  14/06/22  12:43:43  PMT SA     5100444579          8810587301              59,000             3,800                                            
    T-MONEY  022038 / 006429  0006376865100444579  1577  14/06/22  12:48:12  PMT SA     5100444579          5865129286              50,000             3,800                                            
    T-MONEY  022077 / 026468  0006376865100444579  6296  14/06/22  13:10:35  PMT SA     5100444579          3170606000           2,792,432             3,800                                            
    T-MONEY  022107 / 016490  0006376865100444579  9178  14/06/22  13:36:30  PMT SA     5100444579          8085181056             645,000             3,800                                            
    T-MONEY  022115 / 023275  0006376865237420645  0587  14/06/22  13:44:23  PMT SA     5237420645          0657040529             212,500             3,800                                            
    T-MONEY  022123 / 002988  0006376865283810877  8621  14/06/22  13:58:14  PMT SA     5283810877          0657040529             351,500             3,800                                            
    T-MONEY  022126 / 006598  0006376865257256976  1477  14/06/22  14:02:14  PMT SA     5257256976          4300445093             105,000             3,800                                            
    T-MONEY  022151 / 023467  0006376865251392106  8623  14/06/22  14:21:47  PMT SA     5251392106          7401619414             165,000             3,800                                            
    T-MONEY  022171 / 032323  0006376865267242309  8615  14/06/22  14:31:50  PMT SA     5267242309          5211110971              67,000             3,800                                            
    T-MONEY  022185 / 012645  0006376865296346824  7007  14/06/22  14:46:21  PMT SA     5296346824          1040549281              86,000             3,800                                            
    T-MONEY  022194 / 017964  0006376865100444579  0671  14/06/22  14:52:28  PMT SA     5100444579          7895564362             188,000             3,800                                            
    T-MONEY  022247 / 015820  0006376865101520502  2535  14/06/22  15:28:11  PMT SA     5101520502          3450426945             149,700             3,800                                            
    T-MONEY  022274 / 028112  0006376865288700183  8503  14/06/22  15:43:05  PMT SA     5288700183          4120153892              96,000             3,800                                            
    T-MONEY  022278 / 029899  0006376865101841761  8393  14/06/22  15:45:09  PMT SA     5101841761          1192297936             222,450             3,800                                            
    T-MONEY  022291 / 007682  0006376865254720540  8314  14/06/22  15:57:45  PMT SA     5254720540          8161126322             145,000             3,800                                            
    T-MONEY  022297 / 011431  0006376865247568378  3941  14/06/22  16:02:17  PMT SA     5247568378          2690529753             255,000             3,800                                            
   --------  ---------------  -------------------  ----  --------  --------  ------  -------------  ------------------  --------------------  ----------------  ------------------  ------------------
                                                                                           48 TRANSACTIONS, PAGE TOTAL          33,051,207           182,400

PAGE:  10                                             PT. ALTO NETWORK                                   DATE: 15/06/22
REPORT ID: DNLDT04A                                   DAILY TRANSFER DESCRIPTION LISTING AS ACQUIRER             TIME: 04:34:35

SETTLEMENT DATE        : 14/06/22
ISSUER F.I. NO.        : (1092) TELKOM
BENEFICIARY F.I. NO.   : (1094) BCA

   TERMINAL  TRACE NUMBER     CARD ACCOUNT         RCPT  RCPT      RCPT      TRANS   FROM           TO                  AMOUNT                  INTERCHANGE       REFERENCE           NOTES
   NO.       ACQ / SWT        NUMBER               NBR   DATE      TIME      TYPE    ACCOUNT        ACCOUNT             TRANSFER                FEE DUE FR.       NUMBER
   --------  ---------------  -------------------  ----  --------  --------  ------  -------------  ------------------  --------------------  ----------------  ------------------  ------------------
    T-MONEY  022306 / 019216  0006376865248989728  9224  14/06/22  16:11:37  PMT SA     5248989728          1771863936             150,000             3,800                                            
    T-MONEY  022403 / 022211  0006376865100444579  3503  14/06/22  16:53:05  PMT SA     5100444579          0561429161             405,000             3,800                                            
    T-MONEY  022435 / 002358  0006376865100444579  5886  14/06/22  17:07:37  PMT SA     5100444579          0990634734             497,000             3,800                                            
    T-MONEY  022437 / 002838  0006376865271459324  2453  14/06/22  17:08:07  PMT SA     5271459324          3210323286           4,000,000             3,800                                            
    T-MONEY  022456 / 013717  0006376865264955621  0474  14/06/22  17:20:34  PMT SA     5264955621          7651313221             510,000             3,800                                            
    T-MONEY  022500 / 001966  0006376865210810557  3661  14/06/22  18:21:58  PMT SA     5210810557          5165137008              80,000             3,800                                            
    T-MONEY  022510 / 005846  0006376865100444579  6097  14/06/22  18:26:13  PMT SA     5100444579          2030463873              72,000             3,800                                            
    T-MONEY  022514 / 009186  0006376865251677559  0301  14/06/22  18:29:39  PMT SA     5251677559          0182407737              96,000             3,800                                            
    T-MONEY  022526 / 026130  0006376865241023483  4794  14/06/22  18:43:48  PMT SA     5241023483          4372194328              20,000             3,800                                            
    T-MONEY  022542 / 007327  0006376865100444579  5691  14/06/22  18:57:59  PMT SA     5100444579          7670657587             800,000             3,800                                            
    T-MONEY  022552 / 015388  0006376865100444579  2877  14/06/22  19:07:04  PMT SA     5100444579          7670657587             969,000             3,800                                            
    T-MONEY  022567 / 027727  0006376865249719273  1021  14/06/22  19:21:03  PMT SA     5249719273          4600083568             100,000             3,800                                            
    T-MONEY  022594 / 008312  0006376865164323822  4775  14/06/22  19:36:02  PMT SA     5164323822          2861126848             200,000             3,800                                            
    T-MONEY  022615 / 001494  0006376865100444579  7752  14/06/22  20:05:38  PMT SA     5100444579          8645199363             509,500             3,800                                            
    T-MONEY  022618 / 002524  0006376865299064349  5758  14/06/22  20:06:45  PMT SA     5299064349          7740848261              25,000             3,800                                            
    T-MONEY  022621 / 003925  0006376865180801193  5893  14/06/22  20:08:26  PMT SA     5180801193          5680417280             800,000             3,800                                            
    T-MONEY  022652 / 022726  0006376865294415665  5091  14/06/22  20:30:39  PMT SA     5294415665          7510713804             100,000             3,800                                            
    T-MONEY  022660 / 028572  0006376865218948607  9372  14/06/22  20:37:59  PMT SA     5218948607          6825477946              57,000             3,800                                            
    T-MONEY  022666 / 032229  0006376865100444579  8131  14/06/22  20:42:36  PMT SA     5100444579          7410854613           2,725,000             3,800                                            
    T-MONEY  022702 / 021993  0006376865100444579  0255  14/06/22  21:27:53  PMT SA     5100444579          5230192407             296,310             3,800                                            
    T-MONEY  022713 / 005760  0006376865100444579  2043  14/06/22  21:35:58  PMT SA     5100444579          5485183741             680,000             3,800                                            
    T-MONEY  022732 / 023978  0006376865100444579  9677  14/06/22  22:03:32  PMT SA     5100444579          0670097285           3,890,000             3,800                                            
    T-MONEY  022789 / 006696  0006376865228149651  6427  14/06/22  23:21:43  PMT SA     5228149651          5850334341              12,000             3,800                                            
   --------  ---------------  -------------------  ----  --------  --------  ------  -------------  ------------------  --------------------  ----------------  ------------------  ------------------
                                                                                           23 TRANSACTIONS, PAGE TOTAL          16,993,810            87,400
                                                                                           71 TRANSACTIONS, BANK TOTAL          50,045,017           269,800

PAGE:  11                                             PT. ALTO NETWORK                                   DATE: 15/06/22
REPORT ID: DNLDT04A                                   DAILY TRANSFER DESCRIPTION LISTING AS ACQUIRER             TIME: 04:34:35

SETTLEMENT DATE        : 14/06/22
ISSUER F.I. NO.        : (1092) TELKOM
BENEFICIARY F.I. NO.   : (1101) Bank Jago

   TERMINAL  TRACE NUMBER     CARD ACCOUNT         RCPT  RCPT      RCPT      TRANS   FROM           TO                  AMOUNT                  INTERCHANGE       REFERENCE           NOTES
   NO.       ACQ / SWT        NUMBER               NBR   DATE      TIME      TYPE    ACCOUNT        ACCOUNT             TRANSFER                FEE DUE FR.       NUMBER
   --------  ---------------  -------------------  ----  --------  --------  ------  -------------  ------------------  --------------------  ----------------  ------------------  ------------------
    T-MONEY  021879 / 012131  0006376865284404351  8139  14/06/22  11:07:20  PMT SA     5284404351        508489254436           1,175,000             3,800                                            
    T-MONEY  022598 / 007449  0006376865100444579  3761  14/06/22  19:36:37  PMT SA     5100444579        100108857891              77,000             3,800                                            
   --------  ---------------  -------------------  ----  --------  --------  ------  -------------  ------------------  --------------------  ----------------  ------------------  ------------------
                                                                                            2 TRANSACTIONS, PAGE TOTAL           1,252,000             7,600
                                                                                            2 TRANSACTIONS, BANK TOTAL           1,252,000             7,600

PAGE:  12                                             PT. ALTO NETWORK                                   DATE: 15/06/22
REPORT ID: DNLDT04A                                   DAILY TRANSFER DESCRIPTION LISTING AS ACQUIRER             TIME: 04:34:35

SETTLEMENT DATE        : 14/06/22
ISSUER F.I. NO.        : (1092) TELKOM
BENEFICIARY F.I. NO.   : (1107) BNI

   TERMINAL  TRACE NUMBER     CARD ACCOUNT         RCPT  RCPT      RCPT      TRANS   FROM           TO                  AMOUNT                  INTERCHANGE       REFERENCE           NOTES
   NO.       ACQ / SWT        NUMBER               NBR   DATE      TIME      TYPE    ACCOUNT        ACCOUNT             TRANSFER                FEE DUE FR.       NUMBER
   --------  ---------------  -------------------  ----  --------  --------  ------  -------------  ------------------  --------------------  ----------------  ------------------  ------------------
    T-MONEY  021507 / 028232  0006376865293794939  8040  14/06/22  01:21:34  PMT SA     5293794939          0774673963              30,000             3,800                                            
    T-MONEY  021511 / 028663  0006376865279551619  2089  14/06/22  01:29:34  PMT SA     5279551619          0890135352              20,500             3,800                                            
    T-MONEY  021562 / 003521  0006376865101333236  9875  14/06/22  05:10:10  PMT SA     5101333236          0831314070           7,620,000             3,800                                            
    T-MONEY  021591 / 011497  0006376865100011826  2505  14/06/22  06:28:41  PMT SA     5100011826          0484109176           1,258,000             3,800                                            
    T-MONEY  021599 / 013211  0006376865260054594  4705  14/06/22  06:39:24  PMT SA     5260054594          0221274006             185,000             3,800                                            
    T-MONEY  021615 / 019198  0006376865100010631  0730  14/06/22  07:09:50  PMT SA     5100010631          0225919177           7,249,500             3,800                                            
    T-MONEY  021635 / 026523  0006376865266802245  8762  14/06/22  07:38:41  PMT SA     5266802245          1250073496              87,000             3,800                                            
    T-MONEY  021648 / 029136  0006376865228451605  6624  14/06/22  07:48:04  PMT SA     5228451605          1228170206             100,000             3,800                                            
    T-MONEY  021659 / 000164  0006376865279551619  2838  14/06/22  08:01:22  PMT SA     5279551619          0890135352              30,123             3,800                                            
    T-MONEY  021668 / 005809  0006376865271492049  3026  14/06/22  08:17:52  PMT SA     5271492049          0288565280           2,000,000             3,800                                            
    T-MONEY  021715 / 023929  0006376865273925845  6678  14/06/22  09:04:04  PMT SA     5273925845          0877414389             400,000             3,800                                            
    T-MONEY  021729 / 030999  0006376865290262106  4781  14/06/22  09:19:38  PMT SA     5290262106          1233394413             101,000             3,800                                            
    T-MONEY  021743 / 005270  0006376865175882659  5279  14/06/22  09:34:14  PMT SA     5175882659          1324164352           1,830,000             3,800                                            
    T-MONEY  021770 / 021713  0006376865248859942  8776  14/06/22  10:08:46  PMT SA     5248859942          0912869544              50,000             3,800                                            
    T-MONEY  021783 / 024429  0006376865124236353  6857  14/06/22  10:14:18  PMT SA     5124236353          0718356442           1,880,000             3,800                                            
    T-MONEY  021859 / 012201  0006376865280696359  4485  14/06/22  10:56:24  PMT SA     5280696359          1144210938             350,000             3,800                                            
    T-MONEY  021870 / 014298  0006376865235664814  3603  14/06/22  11:00:39  PMT SA     5235664814          0936216825              45,000             3,800                                            
    T-MONEY  021884 / 018534  0006376865245736478  7213  14/06/22  11:08:44  PMT SA     5245736478           573846596           1,100,000             3,800                                            
    T-MONEY  021906 / 022864  0006376865235664814  0866  14/06/22  11:17:41  PMT SA     5235664814          0936216825              45,000             3,800                                            
    T-MONEY  021967 / 008101  0006376865279282747  2836  14/06/22  11:55:09  PMT SA     5279282747          0674104774           5,500,000             3,800                                            
    T-MONEY  021974 / 012280  0006376865101846773  0003  14/06/22  12:04:01  PMT SA     5101846773           301528553             200,000             3,800                                            
    T-MONEY  021977 / 012781  0006376865296496439  5511  14/06/22  12:05:03  PMT SA     5296496439           856094279              56,000             3,800                                            
    T-MONEY  021984 / 014317  0006376865222352332  6116  14/06/22  12:08:13  PMT SA     5222352332          0309629064           8,000,000             3,800                                            
    T-MONEY  021996 / 018245  0006376865241861711  1912  14/06/22  12:16:26  PMT SA     5241861711          0760662594              54,500             3,800                                            
    T-MONEY  022008 / 023943  0006376865100003557  2146  14/06/22  12:28:30  PMT SA     5100003557          0271524945              10,000             3,800                                            
    T-MONEY  022023 / 029981  0006376865238736124  3002  14/06/22  12:41:21  PMT SA     5238736124          1229771603             400,000             3,800                                            
    T-MONEY  022057 / 004342  0006376865257464671  1296  14/06/22  12:56:49  PMT SA     5257464671          0897190907             150,000             3,800                                            
    T-MONEY  022073 / 010630  0006376865290100924  8951  14/06/22  13:10:06  PMT SA     5290100924          1231247802             150,000             3,800                                            
    T-MONEY  022112 / 026000  0006376865117051221  8811  14/06/22  13:42:34  PMT SA     5117051221          0588437122           3,894,500             3,800                                            
    T-MONEY  022136 / 007597  0006376865295236956  5093  14/06/22  14:14:26  PMT SA     5295236956          0093223086           2,300,000             3,800                                            
    T-MONEY  022140 / 008403  0006376865101491794  9957  14/06/22  14:16:17  PMT SA     5101491794          0335034803              45,000             3,800                                            
    T-MONEY  022143 / 008624  0006376865242161868  7397  14/06/22  14:16:49  PMT SA     5242161868          0904640263             272,000             3,800                                            
    T-MONEY  022156 / 011457  0006376865281225038  1193  14/06/22  14:23:15  PMT SA     5281225038          0306397578             279,100             3,800                                            
    T-MONEY  022167 / 014999  0006376865242679350  1604  14/06/22  14:30:56  PMT SA     5242679350          1250465510              57,000             3,800                                            
    T-MONEY  022179 / 019590  0006376865107498958  1161  14/06/22  14:41:11  PMT SA     5107498958          0711145020           1,100,000             3,800                                            
    T-MONEY  022203 / 026157  0006376865262906271  3220  14/06/22  14:55:49  PMT SA     5262906271          1232845346             650,000             3,800                                            
    T-MONEY  022224 / 003748  0006376865221756530  9845  14/06/22  15:18:49  PMT SA     5221756530          0488486118           2,255,000             3,800                                            
    T-MONEY  022252 / 008880  0006376865274061025  2311  14/06/22  15:30:16  PMT SA     5274061025          0792248144             200,000             3,800                                            
    T-MONEY  022257 / 009632  0006376865154094853  3689  14/06/22  15:31:54  PMT SA     5154094853          0305499694           2,239,500             3,800                                            
    T-MONEY  022265 / 011948  0006376865235721232  7819  14/06/22  15:37:12  PMT SA     5235721232          0607994005             200,000             3,800                                            
    T-MONEY  022267 / 012238  0006376865235721232  4983  14/06/22  15:37:53  PMT SA     5235721232          0607994005           1,800,000             3,800                                            
    T-MONEY  022310 / 027330  0006376865290100924  3266  14/06/22  16:12:01  PMT SA     5290100924          1231247802             100,000             3,800                                            
    T-MONEY  022395 / 012373  0006376865262442151  0407  14/06/22  16:52:02  PMT SA     5262442151          0718239375           3,000,000             3,800                                            
    T-MONEY  022482 / 008772  0006376865264311006  1417  14/06/22  17:58:12  PMT SA     5264311006          0848422441           5,125,000             3,800                                            
    T-MONEY  022504 / 019343  0006376865247168140  0638  14/06/22  18:22:40  PMT SA     5247168140          0953897878           1,599,250             3,800                                            
    T-MONEY  022516 / 023181  0006376865270468814  3903  14/06/22  18:30:57  PMT SA     5270468814          0835230683              14,000             3,800                                            
    T-MONEY  022556 / 008296  0006376865100174508  1653  14/06/22  19:09:37  PMT SA     5100174508          0596821405              63,340             3,800                                            
    T-MONEY  022559 / 008898  0006376865276242097  0197  14/06/22  19:10:58  PMT SA     5276242097          0111344549             695,000             3,800                                            
   --------  ---------------  -------------------  ----  --------  --------  ------  -------------  ------------------  --------------------  ----------------  ------------------  ------------------
                                                                                           48 TRANSACTIONS, PAGE TOTAL          64,790,313           182,400

PAGE:  13                                             PT. ALTO NETWORK                                   DATE: 15/06/22
REPORT ID: DNLDT04A                                   DAILY TRANSFER DESCRIPTION LISTING AS ACQUIRER             TIME: 04:34:35

SETTLEMENT DATE        : 14/06/22
ISSUER F.I. NO.        : (1092) TELKOM
BENEFICIARY F.I. NO.   : (1107) BNI

   TERMINAL  TRACE NUMBER     CARD ACCOUNT         RCPT  RCPT      RCPT      TRANS   FROM           TO                  AMOUNT                  INTERCHANGE       REFERENCE           NOTES
   NO.       ACQ / SWT        NUMBER               NBR   DATE      TIME      TYPE    ACCOUNT        ACCOUNT             TRANSFER                FEE DUE FR.       NUMBER
   --------  ---------------  -------------------  ----  --------  --------  ------  -------------  ------------------  --------------------  ----------------  ------------------  ------------------
    T-MONEY  022562 / 009801  0006376865279589155  8271  14/06/22  19:12:56  PMT SA     5279589155          0861135187             150,000             3,800                                            
    T-MONEY  022575 / 015791  0006376865100444579  4101  14/06/22  19:26:43  PMT SA     5100444579          0804672833             300,000             3,800                                            
    T-MONEY  022584 / 017592  0006376865100444579  4116  14/06/22  19:30:45  PMT SA     5100444579          1301131638             374,000             3,800                                            
    T-MONEY  022587 / 018642  0006376865215443878  9615  14/06/22  19:33:10  PMT SA     5215443878          0823026693              20,000             3,800                                            
    T-MONEY  022604 / 027684  0006376865260635140  9913  14/06/22  19:54:40  PMT SA     5260635140          0902563957             410,000             3,800                                            
    T-MONEY  022610 / 031391  0006376865136838242  3385  14/06/22  20:03:45  PMT SA     5136838242          1319361324           2,000,000             3,800                                            
    T-MONEY  022629 / 002482  0006376865196905776  7925  14/06/22  20:13:32  PMT SA     5196905776          0057802645           1,300,000             3,800                                            
    T-MONEY  022650 / 008533  0006376865274061025  5102  14/06/22  20:29:33  PMT SA     5274061025          0792248144              75,000             3,800                                            
    T-MONEY  022675 / 020765  0006376865180155716  8750  14/06/22  21:02:48  PMT SA     5180155716          1319361324           2,000,000             3,800                                            
    T-MONEY  022734 / 005684  0006376865102018036  8507  14/06/22  22:04:35  PMT SA     5102018036          0695490616              46,250             3,800                                            
    T-MONEY  022754 / 015233  0006376865292405491  5008  14/06/22  22:48:48  PMT SA     5292405491          0983211060             293,000             3,800                                            
    T-MONEY  022797 / 021402  0006376865258288481  5952  14/06/22  23:24:46  PMT SA     5258288481          0824060349             100,000             3,800                                            
   --------  ---------------  -------------------  ----  --------  --------  ------  -------------  ------------------  --------------------  ----------------  ------------------  ------------------
                                                                                           12 TRANSACTIONS, PAGE TOTAL           7,068,250            45,600
                                                                                           60 TRANSACTIONS, BANK TOTAL          71,858,563           228,000
                                                                                          322 TRANSACTIONS, GRAND TOTAL        442,142,492         1,168,100

NOTE: TRANSACTIONS MARKED WITH A '*' ARE COUNTED, BUT THEIR AMOUNTS ARE NOT ADDED TO THE PAGE, BANK OR GRAND TOTALS.


                  ** ** ** ** ** END OF DAILY TRANSFER TRANSACTION LISTING AS ACQUIRER REPORT FOR TELKOM ** ** ** ** ** 
