PAGE:   1                                             PT. ALTO NETWORK                                   DATE: 13/06/22
REPORT ID: DNLDT04A                                   DAILY TRANSFER DESCRIPTION LISTING AS ACQUIRER             TIME: 04:35:52

SETTLEMENT DATE        : 12/06/22
ISSUER F.I. NO.        : (1092) TELKOM
BENEFICIARY F.I. NO.   : (1003) Permata

   TERMINAL  TRACE NUMBER     CARD ACCOUNT         RCPT  RCPT      RCPT      TRANS   FROM           TO                  AMOUNT                  INTERCHANGE       REFERENCE           NOTES
   NO.       ACQ / SWT        NUMBER               NBR   DATE      TIME      TYPE    ACCOUNT        ACCOUNT             TRANSFER                FEE DUE FR.       NUMBER
   --------  ---------------  -------------------  ----  --------  --------  ------  -------------  ------------------  --------------------  ----------------  ------------------  ------------------
    T-MONEY  019145 / 008631  0006376865174762432  0337  12/06/22  05:31:30  PMT SA     5174762432          4128426774           1,000,000             3,800                                            
    T-MONEY  019665 / 025061  0006376865100444579  8622  12/06/22  16:15:19  PMT SA     5100444579          4178332444             497,000             3,800                                            
   --------  ---------------  -------------------  ----  --------  --------  ------  -------------  ------------------  --------------------  ----------------  ------------------  ------------------
                                                                                            2 TRANSACTIONS, PAGE TOTAL           1,497,000             7,600
                                                                                            2 TRANSACTIONS, BANK TOTAL           1,497,000             7,600

PAGE:   2                                             PT. ALTO NETWORK                                   DATE: 13/06/22
REPORT ID: DNLDT04A                                   DAILY TRANSFER DESCRIPTION LISTING AS ACQUIRER             TIME: 04:35:52

SETTLEMENT DATE        : 12/06/22
ISSUER F.I. NO.        : (1092) TELKOM
BENEFICIARY F.I. NO.   : (1028) Sinarmas

   TERMINAL  TRACE NUMBER     CARD ACCOUNT         RCPT  RCPT      RCPT      TRANS   FROM           TO                  AMOUNT                  INTERCHANGE       REFERENCE           NOTES
   NO.       ACQ / SWT        NUMBER               NBR   DATE      TIME      TYPE    ACCOUNT        ACCOUNT             TRANSFER                FEE DUE FR.       NUMBER
   --------  ---------------  -------------------  ----  --------  --------  ------  -------------  ------------------  --------------------  ----------------  ------------------  ------------------
    T-MONEY  019927 / 005821  0006376865271998536  7598  12/06/22  21:20:51  PMT SA     5271998536          0055827311           4,990,000             3,800                                            
   --------  ---------------  -------------------  ----  --------  --------  ------  -------------  ------------------  --------------------  ----------------  ------------------  ------------------
                                                                                            1 TRANSACTIONS, PAGE TOTAL           4,990,000             3,800
                                                                                            1 TRANSACTIONS, BANK TOTAL           4,990,000             3,800

PAGE:   3                                             PT. ALTO NETWORK                                   DATE: 13/06/22
REPORT ID: DNLDT04A                                   DAILY TRANSFER DESCRIPTION LISTING AS ACQUIRER             TIME: 04:35:52

SETTLEMENT DATE        : 12/06/22
ISSUER F.I. NO.        : (1092) TELKOM
BENEFICIARY F.I. NO.   : (1062) SeaBank

   TERMINAL  TRACE NUMBER     CARD ACCOUNT         RCPT  RCPT      RCPT      TRANS   FROM           TO                  AMOUNT                  INTERCHANGE       REFERENCE           NOTES
   NO.       ACQ / SWT        NUMBER               NBR   DATE      TIME      TYPE    ACCOUNT        ACCOUNT             TRANSFER                FEE DUE FR.       NUMBER
   --------  ---------------  -------------------  ----  --------  --------  ------  -------------  ------------------  --------------------  ----------------  ------------------  ------------------
    T-MONEY  019789 / 028525  0006376865100444579  3517  12/06/22  18:40:42  PMT SA     5100444579        901897334623             640,000             3,800                                            
   --------  ---------------  -------------------  ----  --------  --------  ------  -------------  ------------------  --------------------  ----------------  ------------------  ------------------
                                                                                            1 TRANSACTIONS, PAGE TOTAL             640,000             3,800
                                                                                            1 TRANSACTIONS, BANK TOTAL             640,000             3,800

PAGE:   4                                             PT. ALTO NETWORK                                   DATE: 13/06/22
REPORT ID: DNLDT04A                                   DAILY TRANSFER DESCRIPTION LISTING AS ACQUIRER             TIME: 04:35:52

SETTLEMENT DATE        : 12/06/22
ISSUER F.I. NO.        : (1092) TELKOM
BENEFICIARY F.I. NO.   : (1068) Rintis

   TERMINAL  TRACE NUMBER     CARD ACCOUNT         RCPT  RCPT      RCPT      TRANS   FROM           TO                  AMOUNT                  INTERCHANGE       REFERENCE           NOTES
   NO.       ACQ / SWT        NUMBER               NBR   DATE      TIME      TYPE    ACCOUNT        ACCOUNT             TRANSFER                FEE DUE FR.       NUMBER
   --------  ---------------  -------------------  ----  --------  --------  ------  -------------  ------------------  --------------------  ----------------  ------------------  ------------------
    T-MONEY  019231 / 010296  0006376865100444579  0999  12/06/22  08:16:50  PMT SA     5100444579      26202040092381           1,200,000             3,500                        TRX TO Bank SUMUT   
    T-MONEY  019303 / 015612  0006376865256201147  4941  12/06/22  09:23:23  PMT SA     5256201147          2111993215              29,000             3,500                        TRX TO Bank Syariah 
    T-MONEY  019308 / 015705  0006376865275074711  2733  12/06/22  09:24:22  PMT SA     5275074711          2111993215              80,000             3,500                        TRX TO Bank Syariah 
    T-MONEY  019310 / 015786  0006376865285920172  9605  12/06/22  09:25:16  PMT SA     5285920172          2111993215              37,000             3,500                        TRX TO Bank Syariah 
    T-MONEY  019312 / 015882  0006376865235800504  9073  12/06/22  09:26:09  PMT SA     5235800504          2111993215              33,000             3,500                        TRX TO Bank Syariah 
    T-MONEY  019319 / 016305  0006376865240411194  1451  12/06/22  09:31:45  PMT SA     5240411194          1202901017              50,000             3,500                        TRX TO Bank Riau    
    T-MONEY  019323 / 016782  0006376865221019955  0131  12/06/22  09:36:51  PMT SA     5221019955          2111993215              85,000             3,500                        TRX TO Bank Syariah 
    T-MONEY  019549 / 008801  0006376865275968894  2815  12/06/22  13:31:45  PMT SA     5275968894          0057254432             450,000             3,500                        TRX TO Bank BPD Kalt
    T-MONEY  019641 / 022354  0006376865238221912  0321  12/06/22  15:43:00  PMT SA     5238221912          1051023605              75,000             3,500                        TRX TO Bank Syariah 
    T-MONEY  019736 / 002583  0006376865289757573  4407  12/06/22  17:41:09  PMT SA     5289757573          7149612027             899,500             3,500                        TRX TO Bank Syariah 
    T-MONEY  019741 / 002741  0006376865101393545  2823  12/06/22  17:42:28  PMT SA     5101393545          1006955203             115,000             3,500                        TRX TO Bank Syariah 
    T-MONEY  019743 / 002971  0006376865127575250  2660  12/06/22  17:44:33  PMT SA     5127575250          8489573740           1,274,500             3,500                        TRX TO Bank Syariah 
    T-MONEY  019752 / 003899  0006376865283189252  6888  12/06/22  17:52:26  PMT SA     5283189252          1058761336             180,000             3,500                        TRX TO Bank Syariah 
    T-MONEY  019758 / 004195  0006376865102316672  7165  12/06/22  17:55:16  PMT SA     5102316672          3895519870             550,000             3,500                        TRX TO Bank Syariah 
    T-MONEY  019809 / 011937  0006376865101373774  9265  12/06/22  19:01:23  PMT SA     5101373774          7085644089              95,000             3,500                        TRX TO Bank Syariah 
    T-MONEY  019854 / 018611  0006376865100444579  4446  12/06/22  19:55:22  PMT SA     5100444579      10002090078081             150,000             3,500                        TRX TO Bank SUMUT   
    T-MONEY  019858 / 018778  0006376865100444579  8749  12/06/22  19:56:40  PMT SA     5100444579      10002090078081           1,400,000             3,500                        TRX TO Bank SUMUT   
    T-MONEY  019909 / 025956  0006376865177141677  3857  12/06/22  21:02:55  PMT SA     5177141677          7092516851             200,000             3,500                        TRX TO Bank Syariah 
    T-MONEY  019971 / 031941  0006376865100444579  4466  12/06/22  22:11:49  PMT SA     5100444579      35102040032196             700,000             3,500                        TRX TO Bank SUMUT   
    T-MONEY  019980 / 032106  0006376865100444579  1842  12/06/22  22:14:52  PMT SA     5100444579      23502030014367           1,500,000             3,500                        TRX TO Bank SUMUT   
   --------  ---------------  -------------------  ----  --------  --------  ------  -------------  ------------------  --------------------  ----------------  ------------------  ------------------
                                                                                           20 TRANSACTIONS, PAGE TOTAL           9,103,000            70,000
                                                                                           20 TRANSACTIONS, BANK TOTAL           9,103,000            70,000

PAGE:   5                                             PT. ALTO NETWORK                                   DATE: 13/06/22
REPORT ID: DNLDT04A                                   DAILY TRANSFER DESCRIPTION LISTING AS ACQUIRER             TIME: 04:35:52

SETTLEMENT DATE        : 12/06/22
ISSUER F.I. NO.        : (1092) TELKOM
BENEFICIARY F.I. NO.   : (1069) ArtaJasa

   TERMINAL  TRACE NUMBER     CARD ACCOUNT         RCPT  RCPT      RCPT      TRANS   FROM           TO                  AMOUNT                  INTERCHANGE       REFERENCE           NOTES
   NO.       ACQ / SWT        NUMBER               NBR   DATE      TIME      TYPE    ACCOUNT        ACCOUNT             TRANSFER                FEE DUE FR.       NUMBER
   --------  ---------------  -------------------  ----  --------  --------  ------  -------------  ------------------  --------------------  ----------------  ------------------  ------------------
    T-MONEY  019046 / 005890  0006376865229576851  6165  12/06/22  00:32:29  PMT SA     5229576851       1370014111179             150,000             3,500                        TRX TO Bank Mandiri 
    T-MONEY  019048 / 006033  0006376865100444579  8509  12/06/22  00:35:33  PMT SA     5100444579          2007173060             145,000             3,500                        TRX TO Bank Jateng  
    T-MONEY  019057 / 000394  0006376865100444579  4892  12/06/22  00:55:28  PMT SA     5100444579     603901016513531              97,000             3,500                        TRX TO Bank BRI     
    T-MONEY  019061 / 007211  0006376865292905007  3149  12/06/22  00:58:19  PMT SA     5292905007       1330015333172              36,000             3,500                        TRX TO Bank Mandiri 
    T-MONEY  019092 / 012058  0006376865100444579  3659  12/06/22  02:19:21  PMT SA     5100444579     086501015811533             400,000             3,500                        TRX TO Bank BRI     
    T-MONEY  019107 / 017571  0006376865299064349  4056  12/06/22  02:51:19  PMT SA     5299064349       1200012469990              16,500             3,500                        TRX TO Bank Mandiri 
    T-MONEY  019131 / 025561  0006376865158435486  8544  12/06/22  04:42:48  PMT SA     5158435486       0700004537507           2,200,000             3,500                        TRX TO Bank Mandiri 
    T-MONEY  019143 / 027599  0006376865174762432  0299  12/06/22  05:30:23  PMT SA     5174762432          2004881748           1,000,000             3,500                        TRX TO Bank Mega Sya
    T-MONEY  019149 / 028542  0006376865212927563  0204  12/06/22  05:48:45  PMT SA     5212927563       1480017462964             175,000             3,500                        TRX TO Bank Mandiri 
    T-MONEY  019158 / 029999  0006376865100444579  2166  12/06/22  06:12:44  PMT SA     5100444579          2146062132             190,000             3,500                        TRX TO Bank Jateng  
    T-MONEY  019160 / 030441  0006376865102034343  9488  12/06/22  06:18:08  PMT SA     5102034343       1800004112266              72,000             3,500                        TRX TO Bank Mandiri 
    T-MONEY  019167 / 014551  0006376865299064349  3479  12/06/22  06:34:54  PMT SA     5299064349     009401074224504              29,000             3,500                        TRX TO Bank BRI     
    T-MONEY  019174 / 021149  0006376865293488422  3998  12/06/22  06:51:25  PMT SA     5293488422     639201010936531              30,000             3,500                        TRX TO Bank BRI     
    T-MONEY  019177 / 001044  0006376865101374348  0063  12/06/22  06:58:11  PMT SA     5101374348       1450009914629              70,000             3,500                        TRX TO Bank Mandiri 
    T-MONEY  019179 / 025435  0006376865177962484  4998  12/06/22  07:01:02  PMT SA     5177962484     144601000015569           6,400,000             3,500                        TRX TO Bank BRI     
    T-MONEY  019192 / 005143  0006376865151381444  3756  12/06/22  07:36:04  PMT SA     5151381444        761243959600             750,000             3,500                        TRX TO Bank CIMB NIA
    T-MONEY  019194 / 005717  0006376865101333383  1224  12/06/22  07:41:16  PMT SA     5101333383       1550004852854           5,134,500             3,500                        TRX TO Bank Mandiri 
    T-MONEY  019198 / 014085  0006376865100444579  5068  12/06/22  07:44:04  PMT SA     5100444579     117301000924533              40,000             3,500                        TRX TO Bank BRI     
    T-MONEY  019202 / 006891  0006376865268651612  4234  12/06/22  07:50:26  PMT SA     5268651612       1270007277070             155,000             3,500                        TRX TO Bank Mandiri 
    T-MONEY  019204 / 017723  0006376865250697053  0912  12/06/22  07:50:51  PMT SA     5250697053     002001155754506             150,000             3,500                        TRX TO Bank BRI     
    T-MONEY  019207 / 021054  0006376865254512144  9194  12/06/22  07:56:38  PMT SA     5254512144     011501100435500             250,000             3,500                        TRX TO Bank BRI     
    T-MONEY  019212 / 008190  0006376865254512144  0417  12/06/22  08:01:43  PMT SA     5254512144       1790003659732           2,018,000             3,500                        TRX TO Bank Mandiri 
    T-MONEY  019214 / 008630  0006376865260273173  3822  12/06/22  08:04:45  PMT SA     5260273173       0700009764379              45,000             3,500                        TRX TO Bank Mandiri 
    T-MONEY  019216 / 008682  0006376865219741091  8821  12/06/22  08:05:13  PMT SA     5219741091       1850000926169           1,000,000             3,500                        TRX TO Bank Mandiri 
    T-MONEY  019218 / 008725  0006376865131907778  4904  12/06/22  08:05:31  PMT SA     5131907778        081222617071           2,000,000             3,500                        TRX TO TELKOMSEL (TC
    T-MONEY  019229 / 010273  0006376865100444579  7974  12/06/22  08:16:16  PMT SA     5100444579          2157028521           5,500,000             3,500                        TRX TO Bank Jateng  
    T-MONEY  019234 / 011212  0006376865269541203  0796  12/06/22  08:22:24  PMT SA     5269541203       9000060360352              34,000             3,500                        TRX TO Bank Mandiri 
    T-MONEY  019239 / 011412  0006376865100444579  5752  12/06/22  08:23:36  PMT SA     5100444579       1270006110082             285,000             3,500                        TRX TO Bank Mandiri 
    T-MONEY  019255 / 015393  0006376865271985515  7796  12/06/22  08:48:44  PMT SA     5271985515       1790001799894             598,000             3,500                        TRX TO Bank Mandiri 
    T-MONEY  019257 / 015743  0006376865276908026  4976  12/06/22  08:51:05  PMT SA     5276908026       1560015500434             250,000             3,500                        TRX TO Bank Mandiri 
    T-MONEY  019260 / 026579  0006376865249323622  1355  12/06/22  08:54:54  PMT SA     5249323622     361601031632539              76,000             3,500                        TRX TO Bank BRI     
    T-MONEY  019264 / 017040  0006376865237786786  3274  12/06/22  08:58:13  PMT SA     5237786786       1560015500434             180,000             3,500                        TRX TO Bank Mandiri 
    T-MONEY  019269 / 017738  0006376865100444579  5500  12/06/22  09:02:44  PMT SA     5100444579       1510012228489             197,000             3,500                        TRX TO Bank Mandiri 
    T-MONEY  019283 / 018827  0006376865101390388  5249  12/06/22  09:09:11  PMT SA     5101390388        082337630658              60,000             3,500                        TRX TO TELKOMSEL (TC
    T-MONEY  019286 / 004507  0006376865243138297  8439  12/06/22  09:09:36  PMT SA     5243138297     646501008664539             170,000             3,500                        TRX TO Bank BRI     
    T-MONEY  019292 / 020170  0006376865100444579  3618  12/06/22  09:16:43  PMT SA     5100444579       1410022116370             865,000             3,500                        TRX TO Bank Mandiri 
    T-MONEY  019296 / 020818  0006376865135070127  4137  12/06/22  09:20:18  PMT SA     5135070127       1030004861015           8,854,500             3,500                        TRX TO Bank Mandiri 
    T-MONEY  019298 / 012915  0006376865235721232  8163  12/06/22  09:20:51  PMT SA     5235721232     024301103976504             143,000             3,500                        TRX TO Bank BRI     
    T-MONEY  019321 / 023094  0006376865275411238  0336  12/06/22  09:32:35  PMT SA     5275411238       1410021561162             430,000             3,500                        TRX TO Bank Mandiri 
    T-MONEY  019325 / 023937  0006376865269496233  9565  12/06/22  09:37:23  PMT SA     5269496233       1650001668814           3,689,000             3,500                        TRX TO Bank Mandiri 
    T-MONEY  019328 / 028378  0006376865100444579  7894  12/06/22  09:40:23  PMT SA     5100444579     446401019062536              75,000             3,500                        TRX TO Bank BRI     
    T-MONEY  019335 / 003357  0006376865100444579  1083  12/06/22  09:49:56  PMT SA     5100444579     545101024740537             100,000             3,500                        TRX TO Bank BRI     
    T-MONEY  019340 / 006636  0006376865249120235  3424  12/06/22  09:53:58  PMT SA     5249120235     463101009904531             250,000             3,500                        TRX TO Bank BRI     
    T-MONEY  019345 / 028398  0006376865247724023  5850  12/06/22  10:01:19  PMT SA     5247724023        705330810900             200,000             3,500                        TRX TO Bank CIMB NIA
    T-MONEY  019351 / 029012  0006376865102195108  7301  12/06/22  10:04:28  PMT SA     5102195108       1350016302604           4,570,000             3,500                        TRX TO Bank Mandiri 
    T-MONEY  019357 / 031411  0006376865234657892  1400  12/06/22  10:15:39  PMT SA     5234657892       1770006887993              20,000             3,500                        TRX TO Bank Mandiri 
    T-MONEY  019360 / 025763  0006376865235052518  1595  12/06/22  10:16:58  PMT SA     5235052518     036801052478500           6,320,000             3,500                        TRX TO Bank BRI     
    T-MONEY  019363 / 032134  0006376865176150544  2875  12/06/22  10:19:12  PMT SA     5176150544       1350004479240           6,300,000             3,500                        TRX TO Bank Mandiri 
   --------  ---------------  -------------------  ----  --------  --------  ------  -------------  ------------------  --------------------  ----------------  ------------------  ------------------
                                                                                           48 TRANSACTIONS, PAGE TOTAL          61,719,500           168,000

PAGE:   6                                             PT. ALTO NETWORK                                   DATE: 13/06/22
REPORT ID: DNLDT04A                                   DAILY TRANSFER DESCRIPTION LISTING AS ACQUIRER             TIME: 04:35:52

SETTLEMENT DATE        : 12/06/22
ISSUER F.I. NO.        : (1092) TELKOM
BENEFICIARY F.I. NO.   : (1069) ArtaJasa

   TERMINAL  TRACE NUMBER     CARD ACCOUNT         RCPT  RCPT      RCPT      TRANS   FROM           TO                  AMOUNT                  INTERCHANGE       REFERENCE           NOTES
   NO.       ACQ / SWT        NUMBER               NBR   DATE      TIME      TYPE    ACCOUNT        ACCOUNT             TRANSFER                FEE DUE FR.       NUMBER
   --------  ---------------  -------------------  ----  --------  --------  ------  -------------  ------------------  --------------------  ----------------  ------------------  ------------------
    T-MONEY  019370 / 001726  0006376865156224665  6081  12/06/22  10:31:14  PMT SA     5156224665       1340011232880             615,000             3,500                        TRX TO Bank Mandiri 
    T-MONEY  019377 / 008731  0006376865223842305  5070  12/06/22  10:35:30  PMT SA     5223842305     405201011993536             510,000             3,500                        TRX TO Bank BRI     
    T-MONEY  019387 / 003732  0006376865161314565  1210  12/06/22  10:41:32  PMT SA     5161314565       9000019593715           4,204,500             3,500                        TRX TO Bank Mandiri 
    T-MONEY  019390 / 004590  0006376865100046801  3464  12/06/22  10:45:36  PMT SA     5100046801        085222539870             100,000             3,500                        TRX TO TELKOMSEL (TC
    T-MONEY  019392 / 004835  0006376865199579046  6203  12/06/22  10:46:49  PMT SA     5199579046       1240009984015             500,000             3,500                        TRX TO Bank Mandiri 
    T-MONEY  019409 / 008310  0006376865165411439  2723  12/06/22  11:04:27  PMT SA     5165411439       1310004732717           1,874,500             3,500                        TRX TO Bank Mandiri 
    T-MONEY  019413 / 008454  0006376865298417976  3828  12/06/22  11:05:16  PMT SA     5298417976       1540012433557             120,000             3,500                        TRX TO Bank Mandiri 
    T-MONEY  019419 / 009854  0006376865165411439  4525  12/06/22  11:12:22  PMT SA     5165411439       1080005585204           5,534,500             3,500                        TRX TO Bank Mandiri 
    T-MONEY  019422 / 010671  0006376865165411439  0711  12/06/22  11:16:46  PMT SA     5165411439       1500006162794           6,209,500             3,500                        TRX TO Bank Mandiri 
    T-MONEY  019424 / 011073  0006376865113240762  8376  12/06/22  11:18:51  PMT SA     5113240762       1420012988191             220,000             3,500                        TRX TO Bank Mandiri 
    T-MONEY  019435 / 019384  0006376865100444579  3820  12/06/22  11:27:24  PMT SA     5100444579     419001011977532             500,000             3,500                        TRX TO Bank BRI     
    T-MONEY  019455 / 017304  0006376865197837488  9264  12/06/22  11:51:08  PMT SA     5197837488       1490004861896           9,434,500             3,500                        TRX TO Bank Mandiri 
    T-MONEY  019458 / 017523  0006376865269648406  7188  12/06/22  11:52:06  PMT SA     5269648406       1640003381870           3,000,000             3,500                        TRX TO Bank Mandiri 
    T-MONEY  019461 / 007938  0006376865100444579  0126  12/06/22  11:53:11  PMT SA     5100444579     798601000442508             997,000             3,500                        TRX TO Bank BRI     
    T-MONEY  019469 / 031930  0006376865102358187  2356  12/06/22  12:21:53  PMT SA     5102358187     137301003559503             115,750             3,500                        TRX TO Bank BRI     
    T-MONEY  019473 / 023424  0006376865100444579  6892  12/06/22  12:22:19  PMT SA     5100444579          3038000232              34,000             3,500                        TRX TO Bank Jateng  
    T-MONEY  019479 / 023663  0006376865222378615  6397  12/06/22  12:23:39  PMT SA     5222378615       1640003467083              28,000             3,500                        TRX TO Bank Mandiri 
    T-MONEY  019490 / 025332  0006376865224120791  9963  12/06/22  12:32:25  PMT SA     5224120791       1480011982314             160,000             3,500                        TRX TO Bank Mandiri 
    T-MONEY  019494 / 011824  0006376865238488693  8754  12/06/22  12:36:36  PMT SA     5238488693     600601006873500              15,000             3,500                        TRX TO Bank BRI     
    T-MONEY  019504 / 027410  0006376865224625071  2437  12/06/22  12:43:02  PMT SA     5224625071    8099082113085758              30,000             3,500                        TRX TO Bank CIMB NIA
    T-MONEY  019506 / 018261  0006376865214059496  0941  12/06/22  12:44:34  PMT SA     5214059496     344301002339505              20,000             3,500                        TRX TO Bank BRI     
    T-MONEY  019508 / 027958  0006376865102544222  9568  12/06/22  12:45:52  PMT SA     5102544222       1070013801107              10,000             3,500                        TRX TO Bank Mandiri 
    T-MONEY  019511 / 028401  0006376865278401643  1187  12/06/22  12:48:13  PMT SA     5278401643       1330022713101              40,000             3,500                        TRX TO Bank Mandiri 
    T-MONEY  019519 / 024856  0006376865100444579  8292  12/06/22  12:52:54  PMT SA     5100444579     432901017805530             164,000             3,500                        TRX TO Bank BRI     
    T-MONEY  019521 / 029539  0006376865143833667  6320  12/06/22  12:53:37  PMT SA     5143833667       1420011888871             775,000             3,500                        TRX TO Bank Mandiri 
    T-MONEY  019526 / 003362  0006376865264949039  3574  12/06/22  13:06:56  PMT SA     5264949039     449501005660531             325,000             3,500                        TRX TO Bank BRI     
    T-MONEY  019528 / 005894  0006376865101598853  9970  12/06/22  13:10:16  PMT SA     5101598853     042001015550507              91,000             3,500                        TRX TO Bank BRI     
    T-MONEY  019536 / 009622  0006376865100444579  4414  12/06/22  13:15:00  PMT SA     5100444579     811401006983530             997,000             3,500                        TRX TO Bank BRI     
    T-MONEY  019540 / 002090  0006376865100444579  0778  12/06/22  13:21:01  PMT SA     5100444579        761714726100              77,000             3,500                        TRX TO Bank CIMB NIA
    T-MONEY  019554 / 006008  0006376865229633782  2758  12/06/22  13:42:19  PMT SA     5229633782       1490007458450             152,500             3,500                        TRX TO Bank Mandiri 
    T-MONEY  019559 / 006672  0006376865272995946  3843  12/06/22  13:45:55  PMT SA     5272995946       1730004325701              57,000             3,500                        TRX TO Bank Mandiri 
    T-MONEY  019585 / 013031  0006376865100444579  3830  12/06/22  14:20:39  PMT SA     5100444579          2021319506             100,000             3,500                        TRX TO Bank Jateng  
    T-MONEY  019593 / 029401  0006376865101918251  7097  12/06/22  14:24:29  PMT SA     5101918251     065901039574500              65,000             3,500                        TRX TO Bank BRI     
    T-MONEY  019599 / 002112  0006376865212578898  6610  12/06/22  14:32:13  PMT SA     5212578898     732201019175536              35,000             3,500                        TRX TO Bank BRI     
    T-MONEY  019607 / 019287  0006376865100006043  0596  12/06/22  14:55:24  PMT SA     5100006043       1340004517479           3,450,000             3,500                        TRX TO Bank Mandiri 
    T-MONEY  019609 / 019370  0006376865100046801  4518  12/06/22  14:55:59  PMT SA     5100046801    2849085222539870             200,000             3,500                        TRX TO Bank CIMB NIA
    T-MONEY  019612 / 027102  0006376865101084099  4523  12/06/22  15:06:41  PMT SA     5101084099     341901034169531              52,000             3,500                        TRX TO Bank BRI     
    T-MONEY  019617 / 023004  0006376865256845706  8236  12/06/22  15:16:14  PMT SA     5256845706       1340016562364             120,000             3,500                        TRX TO Bank Mandiri 
    T-MONEY  019619 / 023569  0006376865102807108  0557  12/06/22  15:19:11  PMT SA     5102807108       1170006280002             420,000             3,500                        TRX TO Bank Mandiri 
    T-MONEY  019632 / 025924  0006376865198061066  4024  12/06/22  15:32:12  PMT SA     5198061066       1310012853414           5,394,500             3,500                        TRX TO Bank Mandiri 
    T-MONEY  019638 / 017941  0006376865299064349  5601  12/06/22  15:38:53  PMT SA     5299064349     035601045017508              28,000             3,500                        TRX TO Bank BRI     
    T-MONEY  019643 / 021249  0006376865212578898  8376  12/06/22  15:43:18  PMT SA     5212578898     732201019175536              35,000             3,500                        TRX TO Bank BRI     
    T-MONEY  019646 / 028146  0006376865213294386  1396  12/06/22  15:45:21  PMT SA     5213294386     893085952418560             864,000             3,500                        TRX TO Bank Mandiri 
    T-MONEY  019651 / 030974  0006376865100444579  1555  12/06/22  16:01:40  PMT SA     5100444579       9000027671941             667,000             3,500                        TRX TO Bank Mandiri 
    T-MONEY  019655 / 031743  0006376865100444579  9773  12/06/22  16:06:26  PMT SA     5100444579    0402010000317490              10,000             3,500                        TRX TO Bank Sulselba
    T-MONEY  019668 / 001519  0006376865262927456  3497  12/06/22  16:20:38  PMT SA     5262927456       0700006208230             415,000             3,500                        TRX TO Bank Mandiri 
    T-MONEY  019679 / 003944  0006376865142429870  0571  12/06/22  16:46:55  PMT SA     5142429870     201601004281532           1,400,000             3,500                        TRX TO Bank BRI     
    T-MONEY  019689 / 007452  0006376865236288305  2147  12/06/22  16:53:33  PMT SA     5236288305       1630004734490             537,680             3,500                        TRX TO Bank Mandiri 
   --------  ---------------  -------------------  ----  --------  --------  ------  -------------  ------------------  --------------------  ----------------  ------------------  ------------------
                                                                                           48 TRANSACTIONS, PAGE TOTAL          50,703,930           168,000

PAGE:   7                                             PT. ALTO NETWORK                                   DATE: 13/06/22
REPORT ID: DNLDT04A                                   DAILY TRANSFER DESCRIPTION LISTING AS ACQUIRER             TIME: 04:35:52

SETTLEMENT DATE        : 12/06/22
ISSUER F.I. NO.        : (1092) TELKOM
BENEFICIARY F.I. NO.   : (1069) ArtaJasa

   TERMINAL  TRACE NUMBER     CARD ACCOUNT         RCPT  RCPT      RCPT      TRANS   FROM           TO                  AMOUNT                  INTERCHANGE       REFERENCE           NOTES
   NO.       ACQ / SWT        NUMBER               NBR   DATE      TIME      TYPE    ACCOUNT        ACCOUNT             TRANSFER                FEE DUE FR.       NUMBER
   --------  ---------------  -------------------  ----  --------  --------  ------  -------------  ------------------  --------------------  ----------------  ------------------  ------------------
    T-MONEY  019693 / 007668  0006376865101555874  0711  12/06/22  16:54:50  PMT SA     5101555874       1480016614128             145,000             3,500                        TRX TO Bank Mandiri 
    T-MONEY  019702 / 021839  0006376865100444579  2027  12/06/22  17:09:40  PMT SA     5100444579     302401038746530              57,000             3,500                        TRX TO Bank BRI     
    T-MONEY  019704 / 010439  0006376865277152983  5153  12/06/22  17:09:50  PMT SA     5277152983    2849082135335288             200,000             3,500                        TRX TO Bank CIMB NIA
    T-MONEY  019707 / 011327  0006376865285625891  1698  12/06/22  17:14:25  PMT SA     5285625891       1330013785274           2,195,000             3,500                        TRX TO Bank Mandiri 
    T-MONEY  019712 / 011773  0006376865102196779  6626  12/06/22  17:16:48  PMT SA     5102196779       9000007946487           4,000,000             3,500                        TRX TO Bank Mandiri 
    T-MONEY  019714 / 011865  0006376865271652883  4799  12/06/22  17:17:22  PMT SA     5271652883         90012827974           1,594,500             3,500                        TRX TO Bank BTP     
    T-MONEY  019726 / 013214  0006376865299501708  3909  12/06/22  17:24:29  PMT SA     5299501708       1540016300588              23,075             3,500                        TRX TO Bank Mandiri 
    T-MONEY  019732 / 015870  0006376865234455001  8555  12/06/22  17:38:07  PMT SA     5234455001       1480017688113             200,000             3,500                        TRX TO Bank Mandiri 
    T-MONEY  019734 / 016074  0006376865101965254  5021  12/06/22  17:39:32  PMT SA     5101965254       1030007231968             880,000             3,500                        TRX TO Bank Mandiri 
    T-MONEY  019746 / 017532  0006376865100011566  3532  12/06/22  17:46:35  PMT SA     5100011566       1650001233619           1,000,000             3,500                        TRX TO Bank Mandiri 
    T-MONEY  019761 / 021196  0006376865260274397  8495  12/06/22  18:05:50  PMT SA     5260274397       1520016232270             150,000             3,500                        TRX TO Bank Mandiri 
    T-MONEY  019767 / 014520  0006376865211756232  5739  12/06/22  18:17:38  PMT SA     5211756232     146401001396534             850,000             3,500                        TRX TO Bank BRI     
    T-MONEY  019777 / 026745  0006376865101074818  9411  12/06/22  18:32:21  PMT SA     5101074818       1310004566529           2,545,000             3,500                        TRX TO Bank Mandiri 
    T-MONEY  019779 / 030795  0006376865227909401  2941  12/06/22  18:34:35  PMT SA     5227909401     531501022856532             102,000             3,500                        TRX TO Bank BRI     
    T-MONEY  019795 / 030416  0006376865296099522  8619  12/06/22  18:49:41  PMT SA     5296099522    2849082119687059             100,000             3,500                        TRX TO Bank CIMB NIA
    T-MONEY  019797 / 030791  0006376865255489558  6534  12/06/22  18:51:33  PMT SA     5255489558       1480016967393             200,000             3,500                        TRX TO Bank Mandiri 
    T-MONEY  019813 / 000360  0006376865285883310  4593  12/06/22  19:02:11  PMT SA     5285883310       1560005736592           3,949,500             3,500                        TRX TO Bank Mandiri 
    T-MONEY  019816 / 000443  0006376865100444579  7710  12/06/22  19:02:28  PMT SA     5100444579       1410022116370           2,920,000             3,500                        TRX TO Bank Mandiri 
    T-MONEY  019822 / 001925  0006376865123840451  1689  12/06/22  19:09:11  PMT SA     5123840451       1360006244948           7,000,000             3,500                        TRX TO Bank Mandiri 
    T-MONEY  019828 / 013874  0006376865250711858  5441  12/06/22  19:25:36  PMT SA     5250711858     775201000687505           3,900,000             3,500                        TRX TO Bank BRI     
    T-MONEY  019830 / 006688  0006376865233076996  7640  12/06/22  19:31:26  PMT SA     5233076996       0310014005592             270,000             3,500                        TRX TO Bank Mandiri 
    T-MONEY  019835 / 008049  0006376865165411439  0890  12/06/22  19:38:01  PMT SA     5165411439       1550009142988           4,929,500             3,500                        TRX TO Bank Mandiri 
    T-MONEY  019837 / 008773  0006376865165411439  7012  12/06/22  19:41:28  PMT SA     5165411439       0700005982868           1,124,500             3,500                        TRX TO Bank Mandiri 
    T-MONEY  019843 / 009015  0006376865165411439  5206  12/06/22  19:42:36  PMT SA     5165411439       0700005982868           2,374,500             3,500                        TRX TO Bank Mandiri 
    T-MONEY  019846 / 009264  0006376865165411439  4049  12/06/22  19:43:47  PMT SA     5165411439       1030004073082           1,114,500             3,500                        TRX TO Bank Mandiri 
    T-MONEY  019848 / 030943  0006376865165411439  8702  12/06/22  19:44:57  PMT SA     5165411439     002901013796533           4,854,500             3,500                        TRX TO Bank BRI     
    T-MONEY  019865 / 012873  0006376865234925406  0880  12/06/22  20:02:03  PMT SA     5234925406       9000031960322             250,000             3,500                        TRX TO Bank Mandiri 
    T-MONEY  019878 / 015136  0006376865100444579  1071  12/06/22  20:13:23  PMT SA     5100444579          2007169291             180,000             3,500                        TRX TO Bank Jateng  
    T-MONEY  019880 / 016203  0006376865168361938  8588  12/06/22  20:18:09  PMT SA     5168361938       0700006867019           7,679,000             3,500                        TRX TO Bank Mandiri 
    T-MONEY  019882 / 026042  0006376865213029483  9436  12/06/22  20:18:26  PMT SA     5213029483     710301013702531             150,000             3,500                        TRX TO Bank BRI     
    T-MONEY  019885 / 017129  0006376865163607682  1732  12/06/22  20:22:40  PMT SA     5163607682         08111464700           1,150,001             3,500                        TRX TO TELKOMSEL (TC
    T-MONEY  019896 / 020435  0006376865257465951  8524  12/06/22  20:40:04  PMT SA     5257465951       1540016735882              89,000             3,500                        TRX TO Bank Mandiri 
    T-MONEY  019912 / 024756  0006376865100444579  3894  12/06/22  21:03:14  PMT SA     5100444579       1540013216969             490,000             3,500                        TRX TO Bank Mandiri 
    T-MONEY  019914 / 025946  0006376865257416114  1493  12/06/22  21:03:49  PMT SA     5257416114     338101044306530              47,500             3,500                        TRX TO Bank BRI     
    T-MONEY  019918 / 026870  0006376865243071152  4666  12/06/22  21:16:35  PMT SA     5243071152       1490013811171             520,000             3,500                        TRX TO Bank Mandiri 
    T-MONEY  019923 / 027381  0006376865219126528  9167  12/06/22  21:19:27  PMT SA     5219126528       4040201050991              75,000             3,500                        TRX TO Bank Papua   
    T-MONEY  019925 / 003532  0006376865225613647  4995  12/06/22  21:20:37  PMT SA     5225613647     106301037723509           5,000,000             3,500                        TRX TO Bank BRI     
    T-MONEY  019932 / 028359  0006376865102209745  4060  12/06/22  21:26:14  PMT SA     5102209745       0310014470200           4,990,000             3,500                        TRX TO Bank Mandiri 
    T-MONEY  019935 / 028970  0006376865251097483  3469  12/06/22  21:29:53  PMT SA     5251097483       1480016443502             207,000             3,500                        TRX TO Bank Mandiri 
    T-MONEY  019937 / 029044  0006376865214908428  4907  12/06/22  21:30:21  PMT SA     5214908428       1460012393836              50,000             3,500                        TRX TO Bank Mandiri 
    T-MONEY  019940 / 029112  0006376865101333218  6145  12/06/22  21:30:51  PMT SA     5101333218       1240006645312           1,374,500             3,500                        TRX TO Bank Mandiri 
    T-MONEY  019943 / 029966  0006376865100004096  4433  12/06/22  21:36:24  PMT SA     5100004096       9000008800717           8,210,000             3,500                        TRX TO Bank Mandiri 
    T-MONEY  019952 / 031319  0006376865251003076  2347  12/06/22  21:44:05  PMT SA     5251003076       1560018932410             629,000             3,500                        TRX TO Bank Mandiri 
    T-MONEY  019963 / 001114  0006376865101265644  5952  12/06/22  22:01:33  PMT SA     5101265644       1170006831317           8,224,500             3,500                        TRX TO Bank Mandiri 
    T-MONEY  019975 / 002724  0006376865255624209  2662  12/06/22  22:13:14  PMT SA     5255624209       1300018184898           1,245,000             3,500                        TRX TO Bank Mandiri 
    T-MONEY  019978 / 002872  0006376865139397359  2886  12/06/22  22:14:28  PMT SA     5139397359    2849085101784335             500,000             3,500                        TRX TO Bank CIMB NIA
    T-MONEY  019996 / 003804  0006376865148580908  1878  12/06/22  22:22:25  PMT SA     5148580908       1420005446637           6,156,500             3,500                        TRX TO Bank Mandiri 
    T-MONEY  020011 / 005229  0006376865235594228  2553  12/06/22  22:34:12  PMT SA     5235594228       1820007952591             120,000             3,500                        TRX TO Bank Mandiri 
   --------  ---------------  -------------------  ----  --------  --------  ------  -------------  ------------------  --------------------  ----------------  ------------------  ------------------
                                                                                           48 TRANSACTIONS, PAGE TOTAL          94,015,576           168,000

PAGE:   8                                             PT. ALTO NETWORK                                   DATE: 13/06/22
REPORT ID: DNLDT04A                                   DAILY TRANSFER DESCRIPTION LISTING AS ACQUIRER             TIME: 04:35:52

SETTLEMENT DATE        : 12/06/22
ISSUER F.I. NO.        : (1092) TELKOM
BENEFICIARY F.I. NO.   : (1069) ArtaJasa

   TERMINAL  TRACE NUMBER     CARD ACCOUNT         RCPT  RCPT      RCPT      TRANS   FROM           TO                  AMOUNT                  INTERCHANGE       REFERENCE           NOTES
   NO.       ACQ / SWT        NUMBER               NBR   DATE      TIME      TYPE    ACCOUNT        ACCOUNT             TRANSFER                FEE DUE FR.       NUMBER
   --------  ---------------  -------------------  ----  --------  --------  ------  -------------  ------------------  --------------------  ----------------  ------------------  ------------------
    T-MONEY  020029 / 007943  0006376865100444579  6603  12/06/22  22:56:49  PMT SA     5100444579         62920000347           2,903,000             3,500                        TRX TO Bank DKI     
    T-MONEY  020043 / 013599  0006376865278684823  9824  12/06/22  23:05:32  PMT SA     5278684823      23901033904505             160,000             3,500                        TRX TO Bank BRI     
    T-MONEY  020048 / 009501  0006376865192938698  9013  12/06/22  23:11:52  PMT SA     5192938698       0700005981571           5,440,000             3,500                        TRX TO Bank Mandiri 
   --------  ---------------  -------------------  ----  --------  --------  ------  -------------  ------------------  --------------------  ----------------  ------------------  ------------------
                                                                                            3 TRANSACTIONS, PAGE TOTAL           8,503,000            10,500
                                                                                          147 TRANSACTIONS, BANK TOTAL         214,942,006           514,500

PAGE:   9                                             PT. ALTO NETWORK                                   DATE: 13/06/22
REPORT ID: DNLDT04A                                   DAILY TRANSFER DESCRIPTION LISTING AS ACQUIRER             TIME: 04:35:52

SETTLEMENT DATE        : 12/06/22
ISSUER F.I. NO.        : (1092) TELKOM
BENEFICIARY F.I. NO.   : (1094) BCA

   TERMINAL  TRACE NUMBER     CARD ACCOUNT         RCPT  RCPT      RCPT      TRANS   FROM           TO                  AMOUNT                  INTERCHANGE       REFERENCE           NOTES
   NO.       ACQ / SWT        NUMBER               NBR   DATE      TIME      TYPE    ACCOUNT        ACCOUNT             TRANSFER                FEE DUE FR.       NUMBER
   --------  ---------------  -------------------  ----  --------  --------  ------  -------------  ------------------  --------------------  ----------------  ------------------  ------------------
    T-MONEY  019059 / 023937  0006376865100010802  8046  12/06/22  00:56:34  PMT SA     5100010802          0131344472             900,000             3,800                                            
    T-MONEY  019075 / 028847  0006376865292840445  9812  12/06/22  01:35:35  PMT SA     5292840445          4210417121              46,500             3,800                                            
    T-MONEY  019079 / 003770  0006376865233032011  9884  12/06/22  01:44:49  PMT SA     5233032011          4870687597             150,000             3,800                                            
    T-MONEY  019088 / 026235  0006376865100116341  2683  12/06/22  02:13:49  PMT SA     5100116341          8050479715             200,000             3,800                                            
    T-MONEY  019127 / 016284  0006376865295237016  7435  12/06/22  04:27:43  PMT SA     5295237016          1391857895              55,000             3,800                                            
    T-MONEY  019134 / 025276  0006376865199579046  1735  12/06/22  04:55:52  PMT SA     5199579046          4121523161             300,000             3,800                                            
    T-MONEY  019152 / 011366  0006376865100444579  8409  12/06/22  05:50:37  PMT SA     5100444579          8600819691             800,000             3,800                                            
    T-MONEY  019162 / 016573  0006376865179643127  5153  12/06/22  06:19:46  PMT SA     5179643127          3830160034           2,000,000             3,800                                            
    T-MONEY  019183 / 029086  0006376865100416196  8273  12/06/22  07:07:24  PMT SA     5100416196          8090124391              23,390             3,800                                            
    T-MONEY  019222 / 023451  0006376865219701353  7811  12/06/22  08:11:31  PMT SA     5219701353          8555083447             250,000             3,800                                            
    T-MONEY  019226 / 024148  0006376865100444579  7801  12/06/22  08:12:48  PMT SA     5100444579          2760067876             600,000             3,800                                            
    T-MONEY  019246 / 001956  0006376865100444579  5407  12/06/22  08:32:53  PMT SA     5100444579          4451789273           2,050,000             3,800                                            
    T-MONEY  019248 / 004915  0006376865273261775  5406  12/06/22  08:38:19  PMT SA     5273261775          8430377486             100,000             3,800                                            
    T-MONEY  019251 / 005636  0006376865249185714  0031  12/06/22  08:39:37  PMT SA     5249185714          0806049217              12,905             3,800                                            
    T-MONEY  019275 / 021610  0006376865100444579  1769  12/06/22  09:06:30  PMT SA     5100444579          1651997572             497,000             3,800                                            
    T-MONEY  019281 / 022897  0006376865101207925  1726  12/06/22  09:08:36  PMT SA     5101207925          8905908380             385,000             3,800                                            
    T-MONEY  019288 / 023778  0006376865299064349  7885  12/06/22  09:09:58  PMT SA     5299064349          1747010820             125,000             3,800                                            
    T-MONEY  019294 / 030137  0006376865278663322  2499  12/06/22  09:19:44  PMT SA     5278663322          2310405500              34,500             3,800                                            
    T-MONEY  019305 / 000456  0006376865101329772  6820  12/06/22  09:24:13  PMT SA     5101329772          8895162091              40,000             3,800                                            
    T-MONEY  019316 / 002404  0006376865100444579  9281  12/06/22  09:27:23  PMT SA     5100444579          6395331713             278,000             3,800                                            
    T-MONEY  019332 / 016275  0006376865263546729  1942  12/06/22  09:48:10  PMT SA     5263546729          7805278609              50,000             3,800                                            
    T-MONEY  019343 / 023853  0006376865243344014  1930  12/06/22  09:59:33  PMT SA     5243344014          1690336118              30,000             3,800                                            
    T-MONEY  019349 / 026570  0006376865155017243  6784  12/06/22  10:03:17  PMT SA     5155017243          1451354359           9,787,000             3,800                                            
    T-MONEY  019385 / 020285  0006376865100444579  6859  12/06/22  10:39:39  PMT SA     5100444579          4451789273             900,000             3,800                                            
    T-MONEY  019397 / 029355  0006376865295639611  8448  12/06/22  10:52:05  PMT SA     5295639611          7641355198             250,000             3,800                                            
    T-MONEY  019400 / 002859  0006376865292029278  5696  12/06/22  11:00:27  PMT SA     5292029278          7830061392             100,000             3,800                                            
    T-MONEY  019407 / 005215  0006376865100444579  1813  12/06/22  11:03:27  PMT SA     5100444579          3170606000             403,614             3,800                                            
    T-MONEY  019416 / 009867  0006376865100444579  5274  12/06/22  11:09:58  PMT SA     5100444579          3200856014           1,000,000             3,800                                            
    T-MONEY  019437 / 024996  0006376865292679580  8533  12/06/22  11:29:57  PMT SA     5292679580          6750648833             283,500             3,800                                            
    T-MONEY  019442 / 026291  0006376865282787302  5771  12/06/22  11:31:38  PMT SA     5282787302          6750648833             286,000             3,800                                            
    T-MONEY  019453 / 006256  0006376865100444579  2247  12/06/22  11:48:14  PMT SA     5100444579          0670114724             197,000             3,800                                            
    T-MONEY  019466 / 025268  0006376865278506617  4992  12/06/22  12:14:09  PMT SA     5278506617          1671759279              27,000             3,800                                            
    T-MONEY  019477 / 032142  0006376865225378607  8444  12/06/22  12:23:28  PMT SA     5225378607          8650396147              70,000             3,800                                            
    T-MONEY  019485 / 002969  0006376865118233524  5224  12/06/22  12:28:18  PMT SA     5118233524          4490024307           5,900,000             3,800                                            
    T-MONEY  019487 / 004966  0006376865218756613  6370  12/06/22  12:30:42  PMT SA     5218756613          2711135261              50,000             3,800                                            
    T-MONEY  019498 / 012652  0006376865269390716  8092  12/06/22  12:41:12  PMT SA     5269390716          1481338706              72,500             3,800                                            
    T-MONEY  019503 / 013711  0006376865228717603  4329  12/06/22  12:42:41  PMT SA     5228717603          3780406452             110,000             3,800                                            
    T-MONEY  019543 / 011072  0006376865250342450  1984  12/06/22  13:22:50  PMT SA     5250342450          6820523138             700,000             3,800                                            
    T-MONEY  019562 / 029537  0006376865299064349  8188  12/06/22  13:48:05  PMT SA     5299064349          4790511072              40,000             3,800                                            
    T-MONEY  019565 / 000364  0006376865299268328  5641  12/06/22  13:53:07  PMT SA     5299268328          3780382391             200,000             3,800                                            
    T-MONEY  019568 / 002226  0006376865100444579  9568  12/06/22  13:55:37  PMT SA     5100444579          7410854613           2,355,000             3,800                                            
    T-MONEY  019575 / 018678  0006376865252875322  0709  12/06/22  14:18:19  PMT SA     5252875322          6800350156             150,000             3,800                                            
    T-MONEY  019590 / 020760  0006376865100444579  1547  12/06/22  14:21:09  PMT SA     5100444579          6815149461              21,000             3,800                                            
    T-MONEY  019623 / 031895  0006376865178224544  6295  12/06/22  15:22:56  PMT SA     5178224544          7135121568           1,000,000             3,800                                            
    T-MONEY  019626 / 002719  0006376865100444579  5066  12/06/22  15:28:16  PMT SA     5100444579          6241275890             275,000             3,800                                            
    T-MONEY  019629 / 005146  0006376865291134411  3482  12/06/22  15:31:36  PMT SA     5291134411          2020358206              49,000             3,800                                            
    T-MONEY  019676 / 021931  0006376865235199247  1917  12/06/22  16:41:14  PMT SA     5235199247          4790416703              50,000             3,800                                            
    T-MONEY  019710 / 015271  0006376865241467085  0465  12/06/22  17:16:28  PMT SA     5241467085          7125547435             230,000             3,800                                            
   --------  ---------------  -------------------  ----  --------  --------  ------  -------------  ------------------  --------------------  ----------------  ------------------  ------------------
                                                                                           48 TRANSACTIONS, PAGE TOTAL          33,433,909           182,400

PAGE:  10                                             PT. ALTO NETWORK                                   DATE: 13/06/22
REPORT ID: DNLDT04A                                   DAILY TRANSFER DESCRIPTION LISTING AS ACQUIRER             TIME: 04:35:52

SETTLEMENT DATE        : 12/06/22
ISSUER F.I. NO.        : (1092) TELKOM
BENEFICIARY F.I. NO.   : (1094) BCA

   TERMINAL  TRACE NUMBER     CARD ACCOUNT         RCPT  RCPT      RCPT      TRANS   FROM           TO                  AMOUNT                  INTERCHANGE       REFERENCE           NOTES
   NO.       ACQ / SWT        NUMBER               NBR   DATE      TIME      TYPE    ACCOUNT        ACCOUNT             TRANSFER                FEE DUE FR.       NUMBER
   --------  ---------------  -------------------  ----  --------  --------  ------  -------------  ------------------  --------------------  ----------------  ------------------  ------------------
    T-MONEY  019717 / 017025  0006376865299064349  0681  12/06/22  17:18:49  PMT SA     5299064349          4120242542              10,000             3,800                                            
    T-MONEY  019720 / 019762  0006376865164131397  3179  12/06/22  17:22:27  PMT SA     5164131397          0221968262             635,000             3,800                                            
    T-MONEY  019729 / 024495  0006376865212106781  3690  12/06/22  17:29:03  PMT SA     5212106781          5190170758              30,000             3,800                                            
    T-MONEY  019755 / 009368  0006376865100444579  5273  12/06/22  17:53:10  PMT SA     5100444579          2721690719             100,000             3,800                                            
    T-MONEY  019771 / 004349  0006376865100444579  9465  12/06/22  18:28:27  PMT SA     5100444579          2280089799             550,000             3,800                                            
    T-MONEY  019782 / 011442  0006376865235957348  1772  12/06/22  18:36:47  PMT SA     5235957348          0710314454              39,200             3,800                                            
    T-MONEY  019801 / 025363  0006376865286681321  7802  12/06/22  18:53:04  PMT SA     5286681321          1652422998           4,749,720             3,800                                            
    T-MONEY  019804 / 030227  0006376865100444579  1774  12/06/22  18:58:50  PMT SA     5100444579          1092227337              51,000             3,800                                            
    T-MONEY  019820 / 005544  0006376865102378297  6997  12/06/22  19:08:13  PMT SA     5102378297          7901048219             154,550             3,800                                            
    T-MONEY  019825 / 012190  0006376865265062454  1432  12/06/22  19:16:20  PMT SA     5265062454          1831454291              20,000             3,800                                            
    T-MONEY  019840 / 001181  0006376865129269666  7576  12/06/22  19:42:31  PMT SA     5129269666          0860432196           1,100,000             3,800                                            
    T-MONEY  019862 / 016346  0006376865212122166  9827  12/06/22  20:01:31  PMT SA     5212122166          4460434322              19,062             3,800                                            
    T-MONEY  019867 / 018765  0006376865285311899  9009  12/06/22  20:04:38  PMT SA     5285311899          6281626831             885,000             3,800                                            
    T-MONEY  019872 / 021417  0006376865299064349  0742  12/06/22  20:07:54  PMT SA     5299064349          3480474332              30,000             3,800                                            
    T-MONEY  019888 / 001899  0006376865100444579  7640  12/06/22  20:25:00  PMT SA     5100444579          1650617076              50,000             3,800                                            
    T-MONEY  019890 / 002476  0006376865238883323  5338  12/06/22  20:25:46  PMT SA     5238883323          7295063041             120,000             3,800                                            
    T-MONEY  019905 / 023799  0006376865100444579  2181  12/06/22  20:55:44  PMT SA     5100444579          6241275890           1,134,000             3,800                                            
    T-MONEY  019920 / 018217  0006376865266500451  2729  12/06/22  21:16:56  PMT SA     5266500451          8815124151             129,000             3,800                                            
    T-MONEY  019949 / 021001  0006376865100444579  6794  12/06/22  21:42:16  PMT SA     5100444579          2460766799             276,467             3,800                                            
    T-MONEY  019967 / 022013  0006376865100444579  6031  12/06/22  22:10:14  PMT SA     5100444579          3190200808             305,000             3,800                                            
    T-MONEY  019972 / 024185  0006376865226987919  2715  12/06/22  22:12:04  PMT SA     5226987919          7005079209              50,000             3,800                                            
    T-MONEY  019989 / 029853  0006376865278055937  0906  12/06/22  22:17:03  PMT SA     5278055937          4930487088              15,000             3,800                                            
    T-MONEY  019998 / 005264  0006376865243203989  6256  12/06/22  22:24:11  PMT SA     5243203989          5680225232           1,000,000             3,800                                            
    T-MONEY  020002 / 006440  0006376865100444579  8261  12/06/22  22:25:14  PMT SA     5100444579          8075241328              94,000             3,800                                            
    T-MONEY  020039 / 010150  0006376865100444579  8365  12/06/22  23:02:10  PMT SA     5100444579          3370885736             290,000             3,800                                            
    T-MONEY  020050 / 030920  0006376865270548785  5906  12/06/22  23:19:17  PMT SA     5270548785          5421034100             102,000             3,800                                            
    T-MONEY  020056 / 005077  0006376865100444579  6329  12/06/22  23:24:58  PMT SA     5100444579          0700090647             350,000             3,800                                            
   --------  ---------------  -------------------  ----  --------  --------  ------  -------------  ------------------  --------------------  ----------------  ------------------  ------------------
                                                                                           27 TRANSACTIONS, PAGE TOTAL          12,288,999           102,600
                                                                                           75 TRANSACTIONS, BANK TOTAL          45,722,908           285,000

PAGE:  11                                             PT. ALTO NETWORK                                   DATE: 13/06/22
REPORT ID: DNLDT04A                                   DAILY TRANSFER DESCRIPTION LISTING AS ACQUIRER             TIME: 04:35:52

SETTLEMENT DATE        : 12/06/22
ISSUER F.I. NO.        : (1092) TELKOM
BENEFICIARY F.I. NO.   : (1101) Bank Jago

   TERMINAL  TRACE NUMBER     CARD ACCOUNT         RCPT  RCPT      RCPT      TRANS   FROM           TO                  AMOUNT                  INTERCHANGE       REFERENCE           NOTES
   NO.       ACQ / SWT        NUMBER               NBR   DATE      TIME      TYPE    ACCOUNT        ACCOUNT             TRANSFER                FEE DUE FR.       NUMBER
   --------  ---------------  -------------------  ----  --------  --------  ------  -------------  ------------------  --------------------  ----------------  ------------------  ------------------
    T-MONEY  019614 / 009834  0006376865244911526  9071  12/06/22  15:10:21  PMT SA     5244911526        107537834784             300,000             3,800                                            
    T-MONEY  019764 / 018131  0006376865273289793  4097  12/06/22  18:12:01  PMT SA     5273289793        505780779144             529,500             3,800                                            
   --------  ---------------  -------------------  ----  --------  --------  ------  -------------  ------------------  --------------------  ----------------  ------------------  ------------------
                                                                                            2 TRANSACTIONS, PAGE TOTAL             829,500             7,600
                                                                                            2 TRANSACTIONS, BANK TOTAL             829,500             7,600

PAGE:  12                                             PT. ALTO NETWORK                                   DATE: 13/06/22
REPORT ID: DNLDT04A                                   DAILY TRANSFER DESCRIPTION LISTING AS ACQUIRER             TIME: 04:35:52

SETTLEMENT DATE        : 12/06/22
ISSUER F.I. NO.        : (1092) TELKOM
BENEFICIARY F.I. NO.   : (1107) BNI

   TERMINAL  TRACE NUMBER     CARD ACCOUNT         RCPT  RCPT      RCPT      TRANS   FROM           TO                  AMOUNT                  INTERCHANGE       REFERENCE           NOTES
   NO.       ACQ / SWT        NUMBER               NBR   DATE      TIME      TYPE    ACCOUNT        ACCOUNT             TRANSFER                FEE DUE FR.       NUMBER
   --------  ---------------  -------------------  ----  --------  --------  ------  -------------  ------------------  --------------------  ----------------  ------------------  ------------------
    T-MONEY  019124 / 001116  0006376865100007538  2770  12/06/22  04:15:46  PMT SA     5100007538          0433046567           2,844,500             3,800                                            
    T-MONEY  019140 / 004602  0006376865280268245  9397  12/06/22  05:21:27  PMT SA     5280268245          1232845153              50,000             3,800                                            
    T-MONEY  019187 / 019045  0006376865241230397  2936  12/06/22  07:17:51  PMT SA     5241230397          1046882276             287,000             3,800                                            
    T-MONEY  019242 / 004658  0006376865256270176  7703  12/06/22  08:32:31  PMT SA     5256270176           889925627             298,000             3,800                                            
    T-MONEY  019262 / 012662  0006376865270317532  0555  12/06/22  08:56:58  PMT SA     5270317532          0786044307              90,000             3,800                                            
    T-MONEY  019341 / 001560  0006376865158767031  2251  12/06/22  09:54:58  PMT SA     5158767031            19404924           1,890,000             3,800                                            
    T-MONEY  019353 / 005872  0006376865247168140  7738  12/06/22  10:06:05  PMT SA     5247168140          0953897878             500,000             3,800                                            
    T-MONEY  019361 / 010332  0006376865252940261  1953  12/06/22  10:17:16  PMT SA     5252940261          1919559991           4,260,000             3,800                                            
    T-MONEY  019366 / 014015  0006376865270395565  0805  12/06/22  10:26:31  PMT SA     5270395565          0971694775             230,000             3,800                                            
    T-MONEY  019382 / 018061  0006376865100444579  3123  12/06/22  10:36:14  PMT SA     5100444579          0341844334              55,000             3,800                                            
    T-MONEY  019426 / 002151  0006376865165411439  8987  12/06/22  11:20:13  PMT SA     5165411439          0017207361           1,014,500             3,800                                            
    T-MONEY  019430 / 004234  0006376865188295733  7461  12/06/22  11:25:18  PMT SA     5188295733          0229275749           2,490,000             3,800                                            
    T-MONEY  019432 / 004547  0006376865236416759  6989  12/06/22  11:26:08  PMT SA     5236416759          0847612295             200,000             3,800                                            
    T-MONEY  019441 / 006603  0006376865290405274  0719  12/06/22  11:31:34  PMT SA     5290405274          0908138778             300,000             3,800                                            
    T-MONEY  019474 / 025787  0006376865286914344  5598  12/06/22  12:22:24  PMT SA     5286914344          0329738183             150,000             3,800                                            
    T-MONEY  019481 / 027301  0006376865264234113  2761  12/06/22  12:26:14  PMT SA     5264234113          0276758254              45,000             3,800                                            
    T-MONEY  019483 / 027957  0006376865279865078  3369  12/06/22  12:27:57  PMT SA     5279865078          0347148670             604,900             3,800                                            
    T-MONEY  019533 / 011715  0006376865100444579  5955  12/06/22  13:13:52  PMT SA     5100444579          1301131638             732,000             3,800                                            
    T-MONEY  019545 / 015615  0006376865100182853  9938  12/06/22  13:24:57  PMT SA     5100182853          0573931639           1,650,000             3,800                                            
    T-MONEY  019556 / 022802  0006376865100010912  3589  12/06/22  13:45:02  PMT SA     5100010912          0268215105           1,574,500             3,800                                            
    T-MONEY  019571 / 031240  0006376865198125305  0428  12/06/22  14:09:17  PMT SA     5198125305          0387007889             720,000             3,800                                            
    T-MONEY  019577 / 001707  0006376865256557959  1442  12/06/22  14:18:53  PMT SA     5256557959          1369505074             225,000             3,800                                            
    T-MONEY  019580 / 001921  0006376865100659672  3045  12/06/22  14:19:30  PMT SA     5100659672          0596917812              42,090             3,800                                            
    T-MONEY  019595 / 004519  0006376865100046897  7612  12/06/22  14:26:21  PMT SA     5100046897          0239859529           1,374,500             3,800                                            
    T-MONEY  019604 / 012941  0006376865235284091  0442  12/06/22  14:51:11  PMT SA     5235284091          0982478570             919,000             3,800                                            
    T-MONEY  019653 / 004448  0006376865259419538  2623  12/06/22  16:02:58  PMT SA     5259419538          0586351723              90,000             3,800                                            
    T-MONEY  019685 / 021705  0006376865113040881  5024  12/06/22  16:51:42  PMT SA     5113040881           065416254           6,200,000             3,800                                            
    T-MONEY  019699 / 026638  0006376865281225038  7062  12/06/22  17:05:32  PMT SA     5281225038          0863811020           1,000,000             3,800                                            
    T-MONEY  019708 / 030146  0006376865101370970  2857  12/06/22  17:14:57  PMT SA     5101370970          0838857383              91,000             3,800                                            
    T-MONEY  019774 / 024199  0006376865100444579  0677  12/06/22  18:29:41  PMT SA     5100444579          1239760203             727,000             3,800                                            
    T-MONEY  019808 / 003945  0006376865102212055  2902  12/06/22  19:00:18  PMT SA     5102212055          1110619961           4,739,500             3,800                                            
    T-MONEY  019850 / 021360  0006376865165411439  2119  12/06/22  19:46:06  PMT SA     5165411439          0241836835           6,499,500             3,800                                            
    T-MONEY  019856 / 025109  0006376865248032911  2344  12/06/22  19:56:17  PMT SA     5248032911          1232845277              82,000             3,800                                            
    T-MONEY  019869 / 028099  0006376865241497206  9229  12/06/22  20:04:58  PMT SA     5241497206          0865722240             900,000             3,800                                            
    T-MONEY  019875 / 030302  0006376865161352032  3082  12/06/22  20:12:01  PMT SA     5161352032          0242738225           5,100,000             3,800                                            
    T-MONEY  019893 / 005130  0006376865292457037  9673  12/06/22  20:35:34  PMT SA     5292457037          0573846619           2,254,500             3,800                                            
    T-MONEY  019899 / 007553  0006376865101481003  9503  12/06/22  20:43:54  PMT SA     5101481003          1178336882             127,000             3,800                                            
    T-MONEY  019930 / 018980  0006376865298802706  7043  12/06/22  21:24:29  PMT SA     5298802706           675803862              38,000             3,800                                            
    T-MONEY  019976 / 029632  0006376865241106316  4470  12/06/22  22:13:27  PMT SA     5241106316          0898481215              46,000             3,800                                            
    T-MONEY  019988 / 030287  0006376865218781494  9155  12/06/22  22:16:57  PMT SA     5218781494          1368252001             490,000             3,800                                            
    T-MONEY  019992 / 030507  0006376865102417723  6671  12/06/22  22:18:21  PMT SA     5102417723          0862712144           4,509,500             3,800                                            
    T-MONEY  020018 / 002255  0006376865280268245  4091  12/06/22  22:45:13  PMT SA     5280268245          1232845153              25,000             3,800                                            
    T-MONEY  020021 / 002956  0006376865100085951  9240  12/06/22  22:49:39  PMT SA     5100085951          0263033934              80,000             3,800                                            
    T-MONEY  020023 / 003029  0006376865291291065  2060  12/06/22  22:50:10  PMT SA     5291291065          1152353319           2,650,000             3,800                                            
   --------  ---------------  -------------------  ----  --------  --------  ------  -------------  ------------------  --------------------  ----------------  ------------------  ------------------
                                                                                           44 TRANSACTIONS, PAGE TOTAL          58,194,990           167,200
                                                                                           44 TRANSACTIONS, BANK TOTAL          58,194,990           167,200
                                                                                          292 TRANSACTIONS, GRAND TOTAL        335,919,404         1,059,500

NOTE: TRANSACTIONS MARKED WITH A '*' ARE COUNTED, BUT THEIR AMOUNTS ARE NOT ADDED TO THE PAGE, BANK OR GRAND TOTALS.


                  ** ** ** ** ** END OF DAILY TRANSFER TRANSACTION LISTING AS ACQUIRER REPORT FOR TELKOM ** ** ** ** ** 
